[2024-01-20 22:40:46,630][root][INFO] - 8333 DataSamples Per Clients
[2024-01-20 22:40:47,129][flwr][INFO] - Opened insecure gRPC connection (no certificates were passed)
[2024-01-20 22:40:47,143][flwr][DEBUG] - ChannelConnectivity.IDLE
[2024-01-20 22:40:47,147][flwr][DEBUG] - ChannelConnectivity.CONNECTING
[2024-01-20 22:40:47,150][flwr][DEBUG] - ChannelConnectivity.READY
[2024-01-20 22:40:55,195][flwr][INFO] - CLIENT 3 FIT ROUND 1
[2024-01-20 22:41:23,669][flwr][INFO] - CLIENT 3 END FIT ROUND 1
[2024-01-20 22:41:33,427][root][INFO] - Loss: 2.3022689478737965 | Accuracy: 0.11404561824729892
[2024-01-20 22:41:34,834][flwr][INFO] - CLIENT 3 FIT ROUND 2
[2024-01-20 22:41:54,976][flwr][INFO] - CLIENT 3 END FIT ROUND 2
[2024-01-20 22:42:13,139][root][INFO] - Loss: 2.302417346409389 | Accuracy: 0.07563025210084033
[2024-01-20 22:42:14,228][flwr][INFO] - CLIENT 3 FIT ROUND 3
[2024-01-20 22:42:33,367][flwr][INFO] - CLIENT 3 END FIT ROUND 3
[2024-01-20 22:42:42,789][root][INFO] - Loss: 2.295872892652239 | Accuracy: 0.1092436974789916
[2024-01-20 22:42:44,160][flwr][INFO] - CLIENT 3 FIT ROUND 4
[2024-01-20 22:43:03,101][flwr][INFO] - CLIENT 3 END FIT ROUND 4
[2024-01-20 22:43:12,172][root][INFO] - Loss: 1.9966279097965784 | Accuracy: 0.2184873949579832
[2024-01-20 22:43:14,035][flwr][INFO] - CLIENT 3 FIT ROUND 5
[2024-01-20 22:43:32,956][flwr][INFO] - CLIENT 3 END FIT ROUND 5
[2024-01-20 22:43:45,070][root][INFO] - Loss: 1.6944832461220878 | Accuracy: 0.3565426170468187
[2024-01-20 22:43:46,800][flwr][INFO] - CLIENT 3 FIT ROUND 6
[2024-01-20 22:44:05,930][flwr][INFO] - CLIENT 3 END FIT ROUND 6
[2024-01-20 22:44:15,757][root][INFO] - Loss: 1.608229092189244 | Accuracy: 0.39255702280912363
[2024-01-20 22:44:16,727][flwr][INFO] - CLIENT 3 FIT ROUND 7
[2024-01-20 22:44:35,696][flwr][INFO] - CLIENT 3 END FIT ROUND 7
[2024-01-20 22:44:44,974][root][INFO] - Loss: 1.5241783687046595 | Accuracy: 0.44057623049219685
[2024-01-20 22:44:45,977][flwr][INFO] - CLIENT 3 FIT ROUND 8
[2024-01-20 22:45:05,001][flwr][INFO] - CLIENT 3 END FIT ROUND 8
[2024-01-20 22:45:13,535][root][INFO] - Loss: 1.464323537690299 | Accuracy: 0.46338535414165666
[2024-01-20 22:45:14,919][flwr][INFO] - CLIENT 3 FIT ROUND 9
[2024-01-20 22:45:34,042][flwr][INFO] - CLIENT 3 END FIT ROUND 9
[2024-01-20 22:45:42,388][root][INFO] - Loss: 1.4092814241136824 | Accuracy: 0.4897959183673469
[2024-01-20 22:45:44,387][flwr][INFO] - CLIENT 3 FIT ROUND 10
[2024-01-20 22:46:03,600][flwr][INFO] - CLIENT 3 END FIT ROUND 10
[2024-01-20 22:46:12,929][root][INFO] - Loss: 1.3746106284005302 | Accuracy: 0.5126050420168067
[2024-01-20 22:46:14,480][flwr][INFO] - CLIENT 3 FIT ROUND 11
[2024-01-20 22:46:33,569][flwr][INFO] - CLIENT 3 END FIT ROUND 11
[2024-01-20 22:46:42,418][root][INFO] - Loss: 1.3408575057983398 | Accuracy: 0.5102040816326531
[2024-01-20 22:46:43,520][flwr][INFO] - CLIENT 3 FIT ROUND 12
[2024-01-20 22:47:02,514][flwr][INFO] - CLIENT 3 END FIT ROUND 12
[2024-01-20 22:47:11,387][root][INFO] - Loss: 1.3629695517676217 | Accuracy: 0.5126050420168067
[2024-01-20 22:47:12,519][flwr][INFO] - CLIENT 3 FIT ROUND 13
[2024-01-20 22:47:31,579][flwr][INFO] - CLIENT 3 END FIT ROUND 13
[2024-01-20 22:47:40,364][root][INFO] - Loss: 1.3447463171822684 | Accuracy: 0.524609843937575
[2024-01-20 22:47:41,523][flwr][INFO] - CLIENT 3 FIT ROUND 14
[2024-01-20 22:48:00,482][flwr][INFO] - CLIENT 3 END FIT ROUND 14
[2024-01-20 22:48:09,330][root][INFO] - Loss: 1.3123252051217216 | Accuracy: 0.5294117647058824
[2024-01-20 22:48:10,394][flwr][INFO] - CLIENT 3 FIT ROUND 15
[2024-01-20 22:48:29,248][flwr][INFO] - CLIENT 3 END FIT ROUND 15
[2024-01-20 22:48:38,248][root][INFO] - Loss: 1.3590846572603499 | Accuracy: 0.5270108043217286
[2024-01-20 22:48:39,307][flwr][INFO] - CLIENT 3 FIT ROUND 16
[2024-01-20 22:48:58,159][flwr][INFO] - CLIENT 3 END FIT ROUND 16
[2024-01-20 22:49:08,242][root][INFO] - Loss: 1.317366259438651 | Accuracy: 0.539015606242497
[2024-01-20 22:49:09,285][flwr][INFO] - CLIENT 3 FIT ROUND 17
[2024-01-20 22:49:28,543][flwr][INFO] - CLIENT 3 END FIT ROUND 17
[2024-01-20 22:49:37,292][root][INFO] - Loss: 1.3070894650050573 | Accuracy: 0.5282112845138055
[2024-01-20 22:49:38,830][flwr][INFO] - CLIENT 3 FIT ROUND 18
[2024-01-20 22:49:57,723][flwr][INFO] - CLIENT 3 END FIT ROUND 18
[2024-01-20 22:50:06,558][root][INFO] - Loss: 1.2925060817173548 | Accuracy: 0.5378151260504201
[2024-01-20 22:50:07,449][flwr][INFO] - CLIENT 3 FIT ROUND 19
[2024-01-20 22:50:26,315][flwr][INFO] - CLIENT 3 END FIT ROUND 19
[2024-01-20 22:50:35,417][root][INFO] - Loss: 1.2893184764044625 | Accuracy: 0.5462184873949579
[2024-01-20 22:50:37,328][flwr][INFO] - CLIENT 3 FIT ROUND 20
[2024-01-20 22:50:56,306][flwr][INFO] - CLIENT 3 END FIT ROUND 20
[2024-01-20 22:51:05,258][root][INFO] - Loss: 1.3123949255262102 | Accuracy: 0.5522208883553421
[2024-01-20 22:51:05,468][flwr][DEBUG] - gRPC channel closed
[2024-01-20 22:51:05,469][flwr][INFO] - Disconnect and shut down
