[2024-01-20 22:40:46,787][root][INFO] - 8333 DataSamples Per Clients
[2024-01-20 22:40:47,205][flwr][INFO] - Opened insecure gRPC connection (no certificates were passed)
[2024-01-20 22:40:47,233][flwr][DEBUG] - ChannelConnectivity.IDLE
[2024-01-20 22:40:47,238][flwr][DEBUG] - ChannelConnectivity.CONNECTING
[2024-01-20 22:40:47,240][flwr][DEBUG] - ChannelConnectivity.READY
[2024-01-20 22:40:55,190][flwr][INFO] - CLIENT 2 FIT ROUND 1
[2024-01-20 22:41:24,011][flwr][INFO] - CLIENT 2 END FIT ROUND 1
[2024-01-20 22:41:33,647][root][INFO] - Loss: 2.3028458867754256 | Accuracy: 0.09243697478991597
[2024-01-20 22:41:34,400][flwr][INFO] - CLIENT 2 FIT ROUND 2
[2024-01-20 22:41:58,591][flwr][INFO] - CLIENT 2 END FIT ROUND 2
[2024-01-20 22:42:12,408][root][INFO] - Loss: 2.3030599866594588 | Accuracy: 0.11044417767106843
[2024-01-20 22:42:14,526][flwr][INFO] - CLIENT 2 FIT ROUND 3
[2024-01-20 22:42:34,076][flwr][INFO] - CLIENT 2 END FIT ROUND 3
[2024-01-20 22:42:42,204][root][INFO] - Loss: 2.29692166192191 | Accuracy: 0.11044417767106843
[2024-01-20 22:42:44,160][flwr][INFO] - CLIENT 2 FIT ROUND 4
[2024-01-20 22:43:03,334][flwr][INFO] - CLIENT 2 END FIT ROUND 4
[2024-01-20 22:43:12,136][root][INFO] - Loss: 1.991294298853193 | Accuracy: 0.24729891956782712
[2024-01-20 22:43:14,042][flwr][INFO] - CLIENT 2 FIT ROUND 5
[2024-01-20 22:43:33,207][flwr][INFO] - CLIENT 2 END FIT ROUND 5
[2024-01-20 22:43:44,299][root][INFO] - Loss: 1.6723473582948958 | Accuracy: 0.3697478991596639
[2024-01-20 22:43:46,851][flwr][INFO] - CLIENT 2 FIT ROUND 6
[2024-01-20 22:44:06,007][flwr][INFO] - CLIENT 2 END FIT ROUND 6
[2024-01-20 22:44:14,896][root][INFO] - Loss: 1.5334936891283308 | Accuracy: 0.4057623049219688
[2024-01-20 22:44:16,870][flwr][INFO] - CLIENT 2 FIT ROUND 7
[2024-01-20 22:44:35,922][flwr][INFO] - CLIENT 2 END FIT ROUND 7
[2024-01-20 22:44:44,360][root][INFO] - Loss: 1.4840885741370065 | Accuracy: 0.43217286914765907
[2024-01-20 22:44:46,009][flwr][INFO] - CLIENT 2 FIT ROUND 8
[2024-01-20 22:45:04,971][flwr][INFO] - CLIENT 2 END FIT ROUND 8
[2024-01-20 22:45:13,933][root][INFO] - Loss: 1.4401637486049108 | Accuracy: 0.4489795918367347
[2024-01-20 22:45:14,945][flwr][INFO] - CLIENT 2 FIT ROUND 9
[2024-01-20 22:45:34,101][flwr][INFO] - CLIENT 2 END FIT ROUND 9
[2024-01-20 22:45:43,039][root][INFO] - Loss: 1.402410558291844 | Accuracy: 0.47539015606242496
[2024-01-20 22:45:44,410][flwr][INFO] - CLIENT 2 FIT ROUND 10
[2024-01-20 22:46:03,474][flwr][INFO] - CLIENT 2 END FIT ROUND 10
[2024-01-20 22:46:12,885][root][INFO] - Loss: 1.3897005830492293 | Accuracy: 0.46938775510204084
[2024-01-20 22:46:14,514][flwr][INFO] - CLIENT 2 FIT ROUND 11
[2024-01-20 22:46:33,505][flwr][INFO] - CLIENT 2 END FIT ROUND 11
[2024-01-20 22:46:42,534][root][INFO] - Loss: 1.3950165850775582 | Accuracy: 0.48619447779111646
[2024-01-20 22:46:43,557][flwr][INFO] - CLIENT 2 FIT ROUND 12
[2024-01-20 22:47:02,532][flwr][INFO] - CLIENT 2 END FIT ROUND 12
[2024-01-20 22:47:11,546][root][INFO] - Loss: 1.3589202506201608 | Accuracy: 0.4957983193277311
[2024-01-20 22:47:12,564][flwr][INFO] - CLIENT 2 FIT ROUND 13
[2024-01-20 22:47:31,664][flwr][INFO] - CLIENT 2 END FIT ROUND 13
[2024-01-20 22:47:40,443][root][INFO] - Loss: 1.3550851515361242 | Accuracy: 0.4849939975990396
[2024-01-20 22:47:41,445][flwr][INFO] - CLIENT 2 FIT ROUND 14
[2024-01-20 22:48:00,391][flwr][INFO] - CLIENT 2 END FIT ROUND 14
[2024-01-20 22:48:09,315][root][INFO] - Loss: 1.3626166241509574 | Accuracy: 0.4957983193277311
[2024-01-20 22:48:10,275][flwr][INFO] - CLIENT 2 FIT ROUND 15
[2024-01-20 22:48:29,215][flwr][INFO] - CLIENT 2 END FIT ROUND 15
[2024-01-20 22:48:38,204][root][INFO] - Loss: 1.4156424488340105 | Accuracy: 0.4849939975990396
[2024-01-20 22:48:39,323][flwr][INFO] - CLIENT 2 FIT ROUND 16
[2024-01-20 22:48:58,374][flwr][INFO] - CLIENT 2 END FIT ROUND 16
[2024-01-20 22:49:07,338][root][INFO] - Loss: 1.3833009685788835 | Accuracy: 0.49459783913565425
[2024-01-20 22:49:09,226][flwr][INFO] - CLIENT 2 FIT ROUND 17
[2024-01-20 22:49:28,122][flwr][INFO] - CLIENT 2 END FIT ROUND 17
[2024-01-20 22:49:36,961][root][INFO] - Loss: 1.3870999131883894 | Accuracy: 0.4969987995198079
[2024-01-20 22:49:38,640][flwr][INFO] - CLIENT 2 FIT ROUND 18
[2024-01-20 22:49:57,614][flwr][INFO] - CLIENT 2 END FIT ROUND 18
[2024-01-20 22:50:06,504][root][INFO] - Loss: 1.3815547568457467 | Accuracy: 0.4909963985594238
[2024-01-20 22:50:07,543][flwr][INFO] - CLIENT 2 FIT ROUND 19
[2024-01-20 22:50:26,835][flwr][INFO] - CLIENT 2 END FIT ROUND 19
[2024-01-20 22:50:35,660][root][INFO] - Loss: 1.400740316935948 | Accuracy: 0.4957983193277311
[2024-01-20 22:50:37,081][flwr][INFO] - CLIENT 2 FIT ROUND 20
[2024-01-20 22:50:56,109][flwr][INFO] - CLIENT 2 END FIT ROUND 20
[2024-01-20 22:51:05,446][root][INFO] - Loss: 1.4310329471315657 | Accuracy: 0.5042016806722689
[2024-01-20 22:51:05,473][flwr][DEBUG] - gRPC channel closed
[2024-01-20 22:51:05,474][flwr][INFO] - Disconnect and shut down
