[2024-01-20 22:05:00,547][root][INFO] - 8333 DataSamples Per Clients
[2024-01-20 22:05:00,723][flwr][INFO] - Opened insecure gRPC connection (no certificates were passed)
[2024-01-20 22:05:01,044][flwr][DEBUG] - ChannelConnectivity.IDLE
[2024-01-20 22:05:01,053][flwr][DEBUG] - ChannelConnectivity.CONNECTING
[2024-01-20 22:05:01,056][flwr][DEBUG] - ChannelConnectivity.READY
[2024-01-20 22:05:05,573][flwr][INFO] - CLIENT 0 FIT ROUND 1
[2024-01-20 22:05:43,367][flwr][INFO] - CLIENT 0 END FIT ROUND 1
[2024-01-20 22:05:53,147][root][INFO] - Loss: 2.3022837468555997 | Accuracy: 0.09843937575030012
[2024-01-20 22:05:54,056][flwr][INFO] - CLIENT 0 FIT ROUND 2
[2024-01-20 22:06:17,180][flwr][INFO] - CLIENT 0 END FIT ROUND 2
[2024-01-20 22:06:25,142][root][INFO] - Loss: 1.997251570224762 | Accuracy: 0.2112845138055222
[2024-01-20 22:06:26,237][flwr][INFO] - CLIENT 0 FIT ROUND 3
[2024-01-20 22:06:48,851][flwr][INFO] - CLIENT 0 END FIT ROUND 3
[2024-01-20 22:06:57,052][root][INFO] - Loss: 1.651877841779164 | Accuracy: 0.31932773109243695
[2024-01-20 22:06:57,741][flwr][INFO] - CLIENT 0 FIT ROUND 4
[2024-01-20 22:07:19,831][flwr][INFO] - CLIENT 0 END FIT ROUND 4
[2024-01-20 22:07:28,735][root][INFO] - Loss: 1.5913125446864538 | Accuracy: 0.3697478991596639
[2024-01-20 22:07:29,193][flwr][INFO] - CLIENT 0 FIT ROUND 5
[2024-01-20 22:07:50,938][flwr][INFO] - CLIENT 0 END FIT ROUND 5
[2024-01-20 22:07:58,810][root][INFO] - Loss: 1.7381172180175781 | Accuracy: 0.39735894357743096
[2024-01-20 22:07:59,190][flwr][INFO] - CLIENT 0 FIT ROUND 6
[2024-01-20 22:08:20,788][flwr][INFO] - CLIENT 0 END FIT ROUND 6
[2024-01-20 22:08:31,833][root][INFO] - Loss: 1.5266000713620866 | Accuracy: 0.4417767106842737
[2024-01-20 22:08:32,323][flwr][INFO] - CLIENT 0 FIT ROUND 7
[2024-01-20 22:08:53,737][flwr][INFO] - CLIENT 0 END FIT ROUND 7
[2024-01-20 22:09:04,148][root][INFO] - Loss: 1.5320516228675842 | Accuracy: 0.46218487394957986
[2024-01-20 22:09:04,625][flwr][INFO] - CLIENT 0 FIT ROUND 8
[2024-01-20 22:09:25,813][flwr][INFO] - CLIENT 0 END FIT ROUND 8
[2024-01-20 22:09:35,180][root][INFO] - Loss: 1.3770910373755865 | Accuracy: 0.4801920768307323
[2024-01-20 22:09:36,074][flwr][INFO] - CLIENT 0 FIT ROUND 9
[2024-01-20 22:09:57,236][flwr][INFO] - CLIENT 0 END FIT ROUND 9
[2024-01-20 22:10:07,086][root][INFO] - Loss: 1.435965291091374 | Accuracy: 0.47058823529411764
[2024-01-20 22:10:07,928][flwr][INFO] - CLIENT 0 FIT ROUND 10
[2024-01-20 22:10:28,854][flwr][INFO] - CLIENT 0 END FIT ROUND 10
[2024-01-20 22:10:37,215][root][INFO] - Loss: 1.4500964794840132 | Accuracy: 0.49459783913565425
[2024-01-20 22:10:37,696][flwr][INFO] - CLIENT 0 FIT ROUND 11
[2024-01-20 22:10:58,731][flwr][INFO] - CLIENT 0 END FIT ROUND 11
[2024-01-20 22:11:06,282][root][INFO] - Loss: 1.5097929068974085 | Accuracy: 0.5162064825930373
[2024-01-20 22:11:07,230][flwr][INFO] - CLIENT 0 FIT ROUND 12
[2024-01-20 22:11:28,099][flwr][INFO] - CLIENT 0 END FIT ROUND 12
[2024-01-20 22:11:36,499][root][INFO] - Loss: 1.278048506804875 | Accuracy: 0.5006002400960384
[2024-01-20 22:11:37,112][flwr][INFO] - CLIENT 0 FIT ROUND 13
[2024-01-20 22:11:58,147][flwr][INFO] - CLIENT 0 END FIT ROUND 13
[2024-01-20 22:12:07,387][root][INFO] - Loss: 1.42032367842538 | Accuracy: 0.5234093637454982
[2024-01-20 22:12:07,966][flwr][INFO] - CLIENT 0 FIT ROUND 14
[2024-01-20 22:12:29,184][flwr][INFO] - CLIENT 0 END FIT ROUND 14
[2024-01-20 22:12:38,753][root][INFO] - Loss: 1.3199905838285173 | Accuracy: 0.5162064825930373
[2024-01-20 22:12:39,289][flwr][INFO] - CLIENT 0 FIT ROUND 15
[2024-01-20 22:13:00,602][flwr][INFO] - CLIENT 0 END FIT ROUND 15
[2024-01-20 22:13:09,903][root][INFO] - Loss: 1.3464786495481218 | Accuracy: 0.5198079231692677
[2024-01-20 22:13:10,384][flwr][INFO] - CLIENT 0 FIT ROUND 16
[2024-01-20 22:13:31,098][flwr][INFO] - CLIENT 0 END FIT ROUND 16
[2024-01-20 22:13:41,383][root][INFO] - Loss: 1.2990085099424635 | Accuracy: 0.524609843937575
[2024-01-20 22:13:42,321][flwr][INFO] - CLIENT 0 FIT ROUND 17
[2024-01-20 22:14:03,524][flwr][INFO] - CLIENT 0 END FIT ROUND 17
[2024-01-20 22:14:12,406][root][INFO] - Loss: 1.2646250299045019 | Accuracy: 0.5090036014405762
[2024-01-20 22:14:13,302][flwr][INFO] - CLIENT 0 FIT ROUND 18
[2024-01-20 22:14:35,100][flwr][INFO] - CLIENT 0 END FIT ROUND 18
[2024-01-20 22:14:43,289][root][INFO] - Loss: 1.267697125673294 | Accuracy: 0.5330132052821128
[2024-01-20 22:14:43,796][flwr][INFO] - CLIENT 0 FIT ROUND 19
[2024-01-20 22:15:05,202][flwr][INFO] - CLIENT 0 END FIT ROUND 19
[2024-01-20 22:15:17,595][root][INFO] - Loss: 1.5334516848836626 | Accuracy: 0.5414165666266506
[2024-01-20 22:15:18,086][flwr][INFO] - CLIENT 0 FIT ROUND 20
[2024-01-20 22:15:38,851][flwr][INFO] - CLIENT 0 END FIT ROUND 20
[2024-01-20 22:15:47,732][root][INFO] - Loss: 1.4218301687921797 | Accuracy: 0.539015606242497
[2024-01-20 22:15:47,916][flwr][DEBUG] - gRPC channel closed
[2024-01-20 22:15:47,916][flwr][INFO] - Disconnect and shut down
