[2024-01-20 22:28:41,970][root][INFO] - 8333 DataSamples Per Clients
[2024-01-20 22:28:42,140][flwr][INFO] - Opened insecure gRPC connection (no certificates were passed)
[2024-01-20 22:28:42,449][flwr][DEBUG] - ChannelConnectivity.IDLE
[2024-01-20 22:28:42,456][flwr][DEBUG] - ChannelConnectivity.CONNECTING
[2024-01-20 22:28:42,458][flwr][DEBUG] - ChannelConnectivity.READY
[2024-01-20 22:28:50,989][flwr][INFO] - CLIENT 2 FIT ROUND 1
[2024-01-20 22:29:16,637][flwr][INFO] - CLIENT 2 END FIT ROUND 1
[2024-01-20 22:29:24,203][root][INFO] - Loss: 2.303171157836914 | Accuracy: 0.08883553421368548
[2024-01-20 22:29:24,776][flwr][INFO] - CLIENT 2 FIT ROUND 2
[2024-01-20 22:29:40,564][flwr][INFO] - CLIENT 2 END FIT ROUND 2
[2024-01-20 22:29:48,145][root][INFO] - Loss: 2.311016389301845 | Accuracy: 0.11044417767106843
[2024-01-20 22:29:48,803][flwr][INFO] - CLIENT 2 FIT ROUND 3
[2024-01-20 22:30:04,525][flwr][INFO] - CLIENT 2 END FIT ROUND 3
[2024-01-20 22:30:12,240][root][INFO] - Loss: 2.1734646388462613 | Accuracy: 0.1752701080432173
[2024-01-20 22:30:12,914][flwr][INFO] - CLIENT 2 FIT ROUND 4
[2024-01-20 22:30:28,432][flwr][INFO] - CLIENT 2 END FIT ROUND 4
[2024-01-20 22:30:35,313][root][INFO] - Loss: 1.458867873464312 | Accuracy: 0.47539015606242496
[2024-01-20 22:30:36,221][flwr][INFO] - CLIENT 2 FIT ROUND 5
[2024-01-20 22:30:51,665][flwr][INFO] - CLIENT 2 END FIT ROUND 5
[2024-01-20 22:30:59,343][root][INFO] - Loss: 1.39920859677451 | Accuracy: 0.5066026410564226
[2024-01-20 22:31:00,219][flwr][INFO] - CLIENT 2 FIT ROUND 6
[2024-01-20 22:31:15,696][flwr][INFO] - CLIENT 2 END FIT ROUND 6
[2024-01-20 22:31:23,950][root][INFO] - Loss: 1.4171583141599382 | Accuracy: 0.5102040816326531
[2024-01-20 22:31:24,471][flwr][INFO] - CLIENT 2 FIT ROUND 7
[2024-01-20 22:31:39,866][flwr][INFO] - CLIENT 2 END FIT ROUND 7
[2024-01-20 22:31:48,258][root][INFO] - Loss: 1.4352230514798845 | Accuracy: 0.5294117647058824
[2024-01-20 22:31:48,763][flwr][INFO] - CLIENT 2 FIT ROUND 8
[2024-01-20 22:32:04,120][flwr][INFO] - CLIENT 2 END FIT ROUND 8
[2024-01-20 22:32:11,239][root][INFO] - Loss: 1.404887625149318 | Accuracy: 0.5366146458583433
[2024-01-20 22:32:11,990][flwr][INFO] - CLIENT 2 FIT ROUND 9
[2024-01-20 22:32:27,293][flwr][INFO] - CLIENT 2 END FIT ROUND 9
[2024-01-20 22:32:35,273][root][INFO] - Loss: 1.4784247194017683 | Accuracy: 0.5294117647058824
[2024-01-20 22:32:36,126][flwr][INFO] - CLIENT 2 FIT ROUND 10
[2024-01-20 22:32:51,366][flwr][INFO] - CLIENT 2 END FIT ROUND 10
[2024-01-20 22:32:59,279][root][INFO] - Loss: 1.500113947050912 | Accuracy: 0.5426170468187275
[2024-01-20 22:33:00,045][flwr][INFO] - CLIENT 2 FIT ROUND 11
[2024-01-20 22:33:15,410][flwr][INFO] - CLIENT 2 END FIT ROUND 11
[2024-01-20 22:33:22,026][root][INFO] - Loss: 1.5505373988832747 | Accuracy: 0.5330132052821128
[2024-01-20 22:33:22,959][flwr][INFO] - CLIENT 2 FIT ROUND 12
[2024-01-20 22:33:38,230][flwr][INFO] - CLIENT 2 END FIT ROUND 12
[2024-01-20 22:33:44,679][root][INFO] - Loss: 1.5220937047685896 | Accuracy: 0.5438175270108043
[2024-01-20 22:33:45,679][flwr][INFO] - CLIENT 2 FIT ROUND 13
[2024-01-20 22:34:01,012][flwr][INFO] - CLIENT 2 END FIT ROUND 13
[2024-01-20 22:34:08,660][root][INFO] - Loss: 1.64030088697161 | Accuracy: 0.5258103241296519
[2024-01-20 22:34:09,111][flwr][INFO] - CLIENT 2 FIT ROUND 14
[2024-01-20 22:34:24,320][flwr][INFO] - CLIENT 2 END FIT ROUND 14
[2024-01-20 22:34:31,160][root][INFO] - Loss: 1.650546669960022 | Accuracy: 0.5414165666266506
[2024-01-20 22:34:31,917][flwr][INFO] - CLIENT 2 FIT ROUND 15
[2024-01-20 22:34:47,085][flwr][INFO] - CLIENT 2 END FIT ROUND 15
[2024-01-20 22:34:54,587][root][INFO] - Loss: 1.690034236226763 | Accuracy: 0.5366146458583433
[2024-01-20 22:34:55,006][flwr][INFO] - CLIENT 2 FIT ROUND 16
[2024-01-20 22:35:10,145][flwr][INFO] - CLIENT 2 END FIT ROUND 16
[2024-01-20 22:35:17,495][root][INFO] - Loss: 1.7974829503468104 | Accuracy: 0.5222088835534213
[2024-01-20 22:35:18,192][flwr][INFO] - CLIENT 2 FIT ROUND 17
[2024-01-20 22:35:33,357][flwr][INFO] - CLIENT 2 END FIT ROUND 17
[2024-01-20 22:35:40,869][root][INFO] - Loss: 1.892503091267177 | Accuracy: 0.5162064825930373
[2024-01-20 22:35:41,841][flwr][INFO] - CLIENT 2 FIT ROUND 18
[2024-01-20 22:35:57,012][flwr][INFO] - CLIENT 2 END FIT ROUND 18
[2024-01-20 22:36:04,471][root][INFO] - Loss: 1.8641301904405867 | Accuracy: 0.524609843937575
[2024-01-20 22:36:05,413][flwr][INFO] - CLIENT 2 FIT ROUND 19
[2024-01-20 22:36:20,615][flwr][INFO] - CLIENT 2 END FIT ROUND 19
[2024-01-20 22:36:28,643][root][INFO] - Loss: 1.9451168264661516 | Accuracy: 0.5282112845138055
[2024-01-20 22:36:29,484][flwr][INFO] - CLIENT 2 FIT ROUND 20
[2024-01-20 22:36:44,676][flwr][INFO] - CLIENT 2 END FIT ROUND 20
[2024-01-20 22:36:51,950][root][INFO] - Loss: 1.9517584357942854 | Accuracy: 0.517406962785114
[2024-01-20 22:36:52,412][flwr][DEBUG] - gRPC channel closed
[2024-01-20 22:36:52,413][flwr][INFO] - Disconnect and shut down
