[2024-01-20 22:55:30,224][root][INFO] - 8333 DataSamples Per Clients
[2024-01-20 22:55:30,691][flwr][INFO] - Opened insecure gRPC connection (no certificates were passed)
[2024-01-20 22:55:30,710][flwr][DEBUG] - ChannelConnectivity.IDLE
[2024-01-20 22:55:30,714][flwr][DEBUG] - ChannelConnectivity.READY
[2024-01-20 22:55:51,302][flwr][INFO] - CLIENT 3 FIT ROUND 1
[2024-01-20 22:56:21,439][flwr][INFO] - CLIENT 3 END FIT ROUND 1
[2024-01-20 22:56:33,550][root][INFO] - Loss: 2.0029523202351163 | Accuracy: 0.2617046818727491
[2024-01-20 22:56:36,988][flwr][INFO] - CLIENT 3 FIT ROUND 2
[2024-01-20 22:56:58,203][flwr][INFO] - CLIENT 3 END FIT ROUND 2
[2024-01-20 22:57:09,404][root][INFO] - Loss: 1.4397897209439958 | Accuracy: 0.47539015606242496
[2024-01-20 22:57:12,600][flwr][INFO] - CLIENT 3 FIT ROUND 3
[2024-01-20 22:57:34,400][flwr][INFO] - CLIENT 3 END FIT ROUND 3
[2024-01-20 22:57:43,852][root][INFO] - Loss: 1.2802117381777083 | Accuracy: 0.5330132052821128
[2024-01-20 22:57:47,615][flwr][INFO] - CLIENT 3 FIT ROUND 4
[2024-01-20 22:58:08,782][flwr][INFO] - CLIENT 3 END FIT ROUND 4
[2024-01-20 22:58:18,712][root][INFO] - Loss: 1.2186118023736137 | Accuracy: 0.5726290516206483
[2024-01-20 22:58:22,921][flwr][INFO] - CLIENT 3 FIT ROUND 5
[2024-01-20 22:58:44,235][flwr][INFO] - CLIENT 3 END FIT ROUND 5
[2024-01-20 22:58:55,701][root][INFO] - Loss: 1.2345130102975028 | Accuracy: 0.5834333733493398
[2024-01-20 22:58:57,525][flwr][INFO] - CLIENT 3 FIT ROUND 6
[2024-01-20 22:59:18,650][flwr][INFO] - CLIENT 3 END FIT ROUND 6
[2024-01-20 22:59:30,153][root][INFO] - Loss: 1.2290911163602556 | Accuracy: 0.5798319327731093
[2024-01-20 22:59:32,447][flwr][INFO] - CLIENT 3 FIT ROUND 7
[2024-01-20 22:59:54,243][flwr][INFO] - CLIENT 3 END FIT ROUND 7
[2024-01-20 23:00:05,671][root][INFO] - Loss: 1.2280887109892709 | Accuracy: 0.5942376950780313
[2024-01-20 23:00:08,718][flwr][INFO] - CLIENT 3 FIT ROUND 8
[2024-01-20 23:00:30,502][flwr][INFO] - CLIENT 3 END FIT ROUND 8
[2024-01-20 23:00:40,573][root][INFO] - Loss: 1.2949948140553065 | Accuracy: 0.5870348139255702
[2024-01-20 23:00:43,974][flwr][INFO] - CLIENT 3 FIT ROUND 9
[2024-01-20 23:01:05,137][flwr][INFO] - CLIENT 3 END FIT ROUND 9
[2024-01-20 23:01:15,487][root][INFO] - Loss: 1.3039768763950892 | Accuracy: 0.595438175270108
[2024-01-20 23:01:18,750][flwr][INFO] - CLIENT 3 FIT ROUND 10
[2024-01-20 23:01:39,807][flwr][INFO] - CLIENT 3 END FIT ROUND 10
[2024-01-20 23:01:50,333][root][INFO] - Loss: 1.3654736110142298 | Accuracy: 0.595438175270108
[2024-01-20 23:01:53,182][flwr][INFO] - CLIENT 3 FIT ROUND 11
[2024-01-20 23:02:14,382][flwr][INFO] - CLIENT 3 END FIT ROUND 11
[2024-01-20 23:02:24,745][root][INFO] - Loss: 1.3771590845925468 | Accuracy: 0.5966386554621849
[2024-01-20 23:02:27,999][flwr][INFO] - CLIENT 3 FIT ROUND 12
[2024-01-20 23:02:49,507][flwr][INFO] - CLIENT 3 END FIT ROUND 12
[2024-01-20 23:03:00,477][root][INFO] - Loss: 1.4122320243290492 | Accuracy: 0.5894357743097239
[2024-01-20 23:03:03,058][flwr][INFO] - CLIENT 3 FIT ROUND 13
[2024-01-20 23:03:24,411][flwr][INFO] - CLIENT 3 END FIT ROUND 13
[2024-01-20 23:03:34,948][root][INFO] - Loss: 1.4621800695146834 | Accuracy: 0.5858343337334934
[2024-01-20 23:03:38,062][flwr][INFO] - CLIENT 3 FIT ROUND 14
[2024-01-20 23:03:59,475][flwr][INFO] - CLIENT 3 END FIT ROUND 14
[2024-01-20 23:04:09,593][root][INFO] - Loss: 1.515721116747175 | Accuracy: 0.6002400960384153
[2024-01-20 23:04:13,087][flwr][INFO] - CLIENT 3 FIT ROUND 15
[2024-01-20 23:04:34,575][flwr][INFO] - CLIENT 3 END FIT ROUND 15
[2024-01-20 23:04:45,495][root][INFO] - Loss: 1.531692487852914 | Accuracy: 0.6086434573829532
[2024-01-20 23:04:48,947][flwr][INFO] - CLIENT 3 FIT ROUND 16
[2024-01-20 23:05:10,050][flwr][INFO] - CLIENT 3 END FIT ROUND 16
[2024-01-20 23:05:21,494][root][INFO] - Loss: 1.5636388574327742 | Accuracy: 0.5966386554621849
[2024-01-20 23:05:24,121][flwr][INFO] - CLIENT 3 FIT ROUND 17
[2024-01-20 23:05:45,462][flwr][INFO] - CLIENT 3 END FIT ROUND 17
[2024-01-20 23:05:55,803][root][INFO] - Loss: 1.5979969501495361 | Accuracy: 0.6134453781512605
[2024-01-20 23:05:59,141][flwr][INFO] - CLIENT 3 FIT ROUND 18
[2024-01-20 23:06:20,443][flwr][INFO] - CLIENT 3 END FIT ROUND 18
[2024-01-20 23:06:31,224][root][INFO] - Loss: 1.6533613886151994 | Accuracy: 0.6134453781512605
[2024-01-20 23:06:34,161][flwr][INFO] - CLIENT 3 FIT ROUND 19
[2024-01-20 23:06:55,621][flwr][INFO] - CLIENT 3 END FIT ROUND 19
[2024-01-20 23:07:05,882][root][INFO] - Loss: 1.6387790782111031 | Accuracy: 0.6050420168067226
[2024-01-20 23:07:08,448][flwr][INFO] - CLIENT 3 FIT ROUND 20
[2024-01-20 23:07:29,666][flwr][INFO] - CLIENT 3 END FIT ROUND 20
[2024-01-20 23:07:40,841][root][INFO] - Loss: 1.692445090838841 | Accuracy: 0.6062424969987995
[2024-01-20 23:07:41,431][flwr][DEBUG] - gRPC channel closed
[2024-01-20 23:07:41,432][flwr][INFO] - Disconnect and shut down
