[2024-01-20 22:05:00,618][root][INFO] - 8333 DataSamples Per Clients
[2024-01-20 22:05:00,782][flwr][INFO] - Opened insecure gRPC connection (no certificates were passed)
[2024-01-20 22:05:00,982][flwr][DEBUG] - ChannelConnectivity.IDLE
[2024-01-20 22:05:00,989][flwr][DEBUG] - ChannelConnectivity.READY
[2024-01-20 22:05:05,456][flwr][INFO] - CLIENT 4 FIT ROUND 1
[2024-01-20 22:05:43,387][flwr][INFO] - CLIENT 4 END FIT ROUND 1
[2024-01-20 22:05:53,592][root][INFO] - Loss: 2.3026507752282277 | Accuracy: 0.07923169267707082
[2024-01-20 22:05:53,909][flwr][INFO] - CLIENT 4 FIT ROUND 2
[2024-01-20 22:06:16,907][flwr][INFO] - CLIENT 4 END FIT ROUND 2
[2024-01-20 22:06:25,678][root][INFO] - Loss: 2.0181596960340227 | Accuracy: 0.24129651860744297
[2024-01-20 22:06:26,195][flwr][INFO] - CLIENT 4 FIT ROUND 3
[2024-01-20 22:06:48,169][flwr][INFO] - CLIENT 4 END FIT ROUND 3
[2024-01-20 22:06:57,385][root][INFO] - Loss: 1.6928770244121552 | Accuracy: 0.3157262905162065
[2024-01-20 22:06:57,824][flwr][INFO] - CLIENT 4 FIT ROUND 4
[2024-01-20 22:07:19,525][flwr][INFO] - CLIENT 4 END FIT ROUND 4
[2024-01-20 22:07:28,753][root][INFO] - Loss: 1.6276651876313346 | Accuracy: 0.38055222088835533
[2024-01-20 22:07:29,143][flwr][INFO] - CLIENT 4 FIT ROUND 5
[2024-01-20 22:07:50,957][flwr][INFO] - CLIENT 4 END FIT ROUND 5
[2024-01-20 22:07:58,739][root][INFO] - Loss: 1.5340727397373743 | Accuracy: 0.42737094837935174
[2024-01-20 22:07:59,271][flwr][INFO] - CLIENT 4 FIT ROUND 6
[2024-01-20 22:08:20,724][flwr][INFO] - CLIENT 4 END FIT ROUND 6
[2024-01-20 22:08:31,832][root][INFO] - Loss: 1.4463412974561964 | Accuracy: 0.4669867947178872
[2024-01-20 22:08:32,315][flwr][INFO] - CLIENT 4 FIT ROUND 7
[2024-01-20 22:08:53,902][flwr][INFO] - CLIENT 4 END FIT ROUND 7
[2024-01-20 22:09:03,797][root][INFO] - Loss: 1.3659853615931101 | Accuracy: 0.4885954381752701
[2024-01-20 22:09:04,598][flwr][INFO] - CLIENT 4 FIT ROUND 8
[2024-01-20 22:09:26,252][flwr][INFO] - CLIENT 4 END FIT ROUND 8
[2024-01-20 22:09:35,143][root][INFO] - Loss: 1.3908733214650835 | Accuracy: 0.4717887154861945
[2024-01-20 22:09:36,054][flwr][INFO] - CLIENT 4 FIT ROUND 9
[2024-01-20 22:09:57,067][flwr][INFO] - CLIENT 4 END FIT ROUND 9
[2024-01-20 22:10:07,158][root][INFO] - Loss: 1.3084368109703064 | Accuracy: 0.5042016806722689
[2024-01-20 22:10:07,920][flwr][INFO] - CLIENT 4 FIT ROUND 10
[2024-01-20 22:10:28,853][flwr][INFO] - CLIENT 4 END FIT ROUND 10
[2024-01-20 22:10:37,186][root][INFO] - Loss: 1.3019084653684072 | Accuracy: 0.5042016806722689
[2024-01-20 22:10:37,680][flwr][INFO] - CLIENT 4 FIT ROUND 11
[2024-01-20 22:10:58,454][flwr][INFO] - CLIENT 4 END FIT ROUND 11
[2024-01-20 22:11:06,759][root][INFO] - Loss: 1.2869218311139516 | Accuracy: 0.5198079231692677
[2024-01-20 22:11:07,234][flwr][INFO] - CLIENT 4 FIT ROUND 12
[2024-01-20 22:11:28,282][flwr][INFO] - CLIENT 4 END FIT ROUND 12
[2024-01-20 22:11:36,535][root][INFO] - Loss: 1.4625740051269531 | Accuracy: 0.5162064825930373
[2024-01-20 22:11:37,132][flwr][INFO] - CLIENT 4 FIT ROUND 13
[2024-01-20 22:11:58,193][flwr][INFO] - CLIENT 4 END FIT ROUND 13
[2024-01-20 22:12:07,511][root][INFO] - Loss: 1.308632493019104 | Accuracy: 0.5222088835534213
[2024-01-20 22:12:07,924][flwr][INFO] - CLIENT 4 FIT ROUND 14
[2024-01-20 22:12:28,887][flwr][INFO] - CLIENT 4 END FIT ROUND 14
[2024-01-20 22:12:38,795][root][INFO] - Loss: 1.2702620500432593 | Accuracy: 0.5426170468187275
[2024-01-20 22:12:39,222][flwr][INFO] - CLIENT 4 FIT ROUND 15
[2024-01-20 22:13:00,579][flwr][INFO] - CLIENT 4 END FIT ROUND 15
[2024-01-20 22:13:09,424][root][INFO] - Loss: 1.3544804538999284 | Accuracy: 0.5282112845138055
[2024-01-20 22:13:10,377][flwr][INFO] - CLIENT 4 FIT ROUND 16
[2024-01-20 22:13:31,837][flwr][INFO] - CLIENT 4 END FIT ROUND 16
[2024-01-20 22:13:41,389][root][INFO] - Loss: 1.3176171694483076 | Accuracy: 0.5282112845138055
[2024-01-20 22:13:42,301][flwr][INFO] - CLIENT 4 FIT ROUND 17
[2024-01-20 22:14:03,252][flwr][INFO] - CLIENT 4 END FIT ROUND 17
[2024-01-20 22:14:12,846][root][INFO] - Loss: 1.3071189991065435 | Accuracy: 0.5366146458583433
[2024-01-20 22:14:13,218][flwr][INFO] - CLIENT 4 FIT ROUND 18
[2024-01-20 22:14:34,500][flwr][INFO] - CLIENT 4 END FIT ROUND 18
[2024-01-20 22:14:43,109][root][INFO] - Loss: 1.3214102302278792 | Accuracy: 0.539015606242497
[2024-01-20 22:14:43,735][flwr][INFO] - CLIENT 4 FIT ROUND 19
[2024-01-20 22:15:05,466][flwr][INFO] - CLIENT 4 END FIT ROUND 19
[2024-01-20 22:15:17,287][root][INFO] - Loss: 1.2680766422667407 | Accuracy: 0.531812725090036
[2024-01-20 22:15:17,925][flwr][INFO] - CLIENT 4 FIT ROUND 20
[2024-01-20 22:15:38,866][flwr][INFO] - CLIENT 4 END FIT ROUND 20
[2024-01-20 22:15:47,668][root][INFO] - Loss: 1.4041423457009452 | Accuracy: 0.5198079231692677
[2024-01-20 22:15:47,917][flwr][DEBUG] - gRPC channel closed
[2024-01-20 22:15:47,917][flwr][INFO] - Disconnect and shut down
