[2024-01-06 16:01:05,924][flwr][INFO] - Opened insecure gRPC connection (no certificates were passed)
[2024-01-06 16:01:05,927][flwr][DEBUG] - ChannelConnectivity.IDLE
[2024-01-06 16:01:05,927][flwr][DEBUG] - ChannelConnectivity.CONNECTING
[2024-01-06 16:01:05,931][flwr][DEBUG] - ChannelConnectivity.READY
[2024-01-06 16:01:05,933][flwr][INFO] - Opened insecure gRPC connection (no certificates were passed)
[2024-01-06 16:01:05,934][flwr][DEBUG] - ChannelConnectivity.IDLE
[2024-01-06 16:01:05,935][flwr][DEBUG] - ChannelConnectivity.CONNECTING
[2024-01-06 16:01:05,938][flwr][DEBUG] - ChannelConnectivity.READY
[2024-01-06 16:02:52,830][root][INFO] - Loss: 0.018931198024749758 | Accuracy: 0.104
[2024-01-06 16:02:52,913][root][INFO] - Loss: 0.01896284704208374 | Accuracy: 0.086
[2024-01-06 16:04:33,882][root][INFO] - Loss: 0.015978879928588867 | Accuracy: 0.2584
[2024-01-06 16:04:34,052][root][INFO] - Loss: 0.01604584002494812 | Accuracy: 0.2556
[2024-01-06 16:06:15,305][root][INFO] - Loss: 0.007142140364646912 | Accuracy: 0.6836
[2024-01-06 16:06:15,792][root][INFO] - Loss: 0.006886580204963684 | Accuracy: 0.7012
[2024-01-06 16:07:56,846][root][INFO] - Loss: 0.005855313849449158 | Accuracy: 0.7488
[2024-01-06 16:07:57,013][root][INFO] - Loss: 0.005842703914642334 | Accuracy: 0.7628
[2024-01-06 16:09:36,571][root][INFO] - Loss: 0.006015568614006043 | Accuracy: 0.776
[2024-01-06 16:09:37,362][root][INFO] - Loss: 0.005807487177848816 | Accuracy: 0.778
[2024-01-06 16:11:18,768][root][INFO] - Loss: 0.007252476143836975 | Accuracy: 0.7796
[2024-01-06 16:11:19,567][root][INFO] - Loss: 0.006845601463317871 | Accuracy: 0.7912
[2024-01-06 16:13:00,746][root][INFO] - Loss: 0.008130353569984436 | Accuracy: 0.7968
[2024-01-06 16:13:01,573][root][INFO] - Loss: 0.007945553159713745 | Accuracy: 0.7968
[2024-01-06 16:14:40,524][root][INFO] - Loss: 0.008501962542533874 | Accuracy: 0.788
[2024-01-06 16:14:41,022][root][INFO] - Loss: 0.008105740833282471 | Accuracy: 0.7932
[2024-01-06 16:16:21,933][root][INFO] - Loss: 0.009015574431419373 | Accuracy: 0.79
[2024-01-06 16:16:22,016][root][INFO] - Loss: 0.008537762546539306 | Accuracy: 0.7868
[2024-01-06 16:18:02,297][root][INFO] - Loss: 0.008618290781974793 | Accuracy: 0.7844
[2024-01-06 16:18:03,146][root][INFO] - Loss: 0.00866229968070984 | Accuracy: 0.782
[2024-01-06 16:19:44,950][root][INFO] - Loss: 0.008612515926361084 | Accuracy: 0.8004
[2024-01-06 16:19:45,041][root][INFO] - Loss: 0.009323519682884217 | Accuracy: 0.7896
[2024-01-06 16:21:26,563][root][INFO] - Loss: 0.010043412470817565 | Accuracy: 0.7924
[2024-01-06 16:21:27,257][root][INFO] - Loss: 0.010076469039916993 | Accuracy: 0.7908
[2024-01-06 16:23:07,854][root][INFO] - Loss: 0.00952146623134613 | Accuracy: 0.7952
[2024-01-06 16:23:08,458][root][INFO] - Loss: 0.00931160180568695 | Accuracy: 0.796
[2024-01-06 16:24:50,427][root][INFO] - Loss: 0.009869785499572754 | Accuracy: 0.794
[2024-01-06 16:24:50,550][root][INFO] - Loss: 0.009929158687591554 | Accuracy: 0.7972
[2024-01-06 16:26:30,724][root][INFO] - Loss: 0.010049153447151184 | Accuracy: 0.7936
[2024-01-06 16:26:31,145][root][INFO] - Loss: 0.009792330813407898 | Accuracy: 0.7912
[2024-01-06 16:28:11,730][root][INFO] - Loss: 0.010951525354385375 | Accuracy: 0.796
[2024-01-06 16:28:12,252][root][INFO] - Loss: 0.009907735300064087 | Accuracy: 0.806
[2024-01-06 16:29:53,410][root][INFO] - Loss: 0.009999889826774596 | Accuracy: 0.8064
[2024-01-06 16:29:54,089][root][INFO] - Loss: 0.009371654033660888 | Accuracy: 0.8044
[2024-01-06 16:31:36,249][root][INFO] - Loss: 0.01048266658782959 | Accuracy: 0.7988
[2024-01-06 16:31:36,744][root][INFO] - Loss: 0.010694123363494873 | Accuracy: 0.7888
[2024-01-06 16:33:17,977][root][INFO] - Loss: 0.0114035005569458 | Accuracy: 0.7996
[2024-01-06 16:33:18,728][root][INFO] - Loss: 0.010592477989196778 | Accuracy: 0.8028
[2024-01-06 16:34:59,458][root][INFO] - Loss: 0.011278310847282409 | Accuracy: 0.8076
[2024-01-06 16:35:00,242][root][INFO] - Loss: 0.010744259333610534 | Accuracy: 0.8008
[2024-01-06 16:36:42,004][root][INFO] - Loss: 0.010837219452857972 | Accuracy: 0.8024
[2024-01-06 16:36:42,669][root][INFO] - Loss: 0.01015006763935089 | Accuracy: 0.8056
[2024-01-06 16:38:22,920][root][INFO] - Loss: 0.011567222714424133 | Accuracy: 0.7988
[2024-01-06 16:38:23,602][root][INFO] - Loss: 0.010947997999191285 | Accuracy: 0.8056
[2024-01-06 16:40:06,208][root][INFO] - Loss: 0.01186917576789856 | Accuracy: 0.802
[2024-01-06 16:40:06,835][root][INFO] - Loss: 0.010965696668624878 | Accuracy: 0.8092
[2024-01-06 16:41:48,637][root][INFO] - Loss: 0.011356268835067749 | Accuracy: 0.7932
[2024-01-06 16:41:49,283][root][INFO] - Loss: 0.011132534074783325 | Accuracy: 0.8016
[2024-01-06 16:43:29,807][root][INFO] - Loss: 0.011920649695396423 | Accuracy: 0.8016
[2024-01-06 16:43:30,327][root][INFO] - Loss: 0.011091014039516449 | Accuracy: 0.7996
[2024-01-06 16:45:12,732][root][INFO] - Loss: 0.012112644577026366 | Accuracy: 0.8056
[2024-01-06 16:45:13,149][root][INFO] - Loss: 0.012121400260925293 | Accuracy: 0.8024
[2024-01-06 16:46:51,288][root][INFO] - Loss: 0.011782658338546753 | Accuracy: 0.7996
[2024-01-06 16:46:52,023][root][INFO] - Loss: 0.010968068742752074 | Accuracy: 0.8064
[2024-01-06 16:48:34,448][root][INFO] - Loss: 0.01224587025642395 | Accuracy: 0.794
[2024-01-06 16:48:34,473][root][INFO] - Loss: 0.011983847665786742 | Accuracy: 0.8036
[2024-01-06 16:50:16,378][root][INFO] - Loss: 0.01318833396434784 | Accuracy: 0.8004
[2024-01-06 16:50:16,915][root][INFO] - Loss: 0.01270370135307312 | Accuracy: 0.796
[2024-01-06 16:51:57,171][root][INFO] - Loss: 0.013286846899986268 | Accuracy: 0.8036
[2024-01-06 16:51:57,884][root][INFO] - Loss: 0.01321032280921936 | Accuracy: 0.8024
[2024-01-06 16:53:38,944][root][INFO] - Loss: 0.013378810358047485 | Accuracy: 0.806
[2024-01-06 16:53:39,408][root][INFO] - Loss: 0.012794164609909058 | Accuracy: 0.7992
[2024-01-06 16:55:20,094][root][INFO] - Loss: 0.015172366380691528 | Accuracy: 0.7912
[2024-01-06 16:55:20,537][root][INFO] - Loss: 0.013964951705932618 | Accuracy: 0.7996
[2024-01-06 16:57:02,834][root][INFO] - Loss: 0.013290048456192017 | Accuracy: 0.7972
[2024-01-06 16:57:03,292][root][INFO] - Loss: 0.012593611979484559 | Accuracy: 0.8092
[2024-01-06 16:58:45,433][root][INFO] - Loss: 0.01410436406135559 | Accuracy: 0.794
[2024-01-06 16:58:45,978][root][INFO] - Loss: 0.013875445747375488 | Accuracy: 0.8004
[2024-01-06 17:00:28,415][root][INFO] - Loss: 0.014130826902389527 | Accuracy: 0.796
[2024-01-06 17:00:28,529][root][INFO] - Loss: 0.012773031377792359 | Accuracy: 0.8088
[2024-01-06 17:02:11,252][root][INFO] - Loss: 0.013301913213729859 | Accuracy: 0.8076
[2024-01-06 17:02:11,358][root][INFO] - Loss: 0.013066071414947509 | Accuracy: 0.8012
[2024-01-06 17:03:49,483][root][INFO] - Loss: 0.013656815838813782 | Accuracy: 0.8044
[2024-01-06 17:03:49,801][root][INFO] - Loss: 0.012458159947395325 | Accuracy: 0.806
[2024-01-06 17:05:30,424][root][INFO] - Loss: 0.015372081136703492 | Accuracy: 0.7952
[2024-01-06 17:05:31,163][root][INFO] - Loss: 0.014199874019622803 | Accuracy: 0.8052
[2024-01-06 17:07:11,248][root][INFO] - Loss: 0.015548545122146606 | Accuracy: 0.8044
[2024-01-06 17:07:11,553][root][INFO] - Loss: 0.015727141141891478 | Accuracy: 0.7992
[2024-01-06 17:08:52,876][root][INFO] - Loss: 0.014634829783439636 | Accuracy: 0.8028
[2024-01-06 17:08:53,313][root][INFO] - Loss: 0.014797621941566468 | Accuracy: 0.8012
[2024-01-06 17:10:33,464][root][INFO] - Loss: 0.015734883403778075 | Accuracy: 0.7972
[2024-01-06 17:10:34,137][root][INFO] - Loss: 0.015345958709716797 | Accuracy: 0.8056
[2024-01-06 17:12:15,158][root][INFO] - Loss: 0.014632591772079468 | Accuracy: 0.8012
[2024-01-06 17:12:15,661][root][INFO] - Loss: 0.013710494232177734 | Accuracy: 0.8064
[2024-01-06 17:13:56,513][root][INFO] - Loss: 0.015044025421142578 | Accuracy: 0.7996
[2024-01-06 17:13:56,852][root][INFO] - Loss: 0.014455412769317628 | Accuracy: 0.8012
[2024-01-06 17:15:37,482][root][INFO] - Loss: 0.014982900071144103 | Accuracy: 0.7952
[2024-01-06 17:15:37,987][root][INFO] - Loss: 0.014269494247436523 | Accuracy: 0.8132
[2024-01-06 17:17:17,008][root][INFO] - Loss: 0.016725013065338135 | Accuracy: 0.802
[2024-01-06 17:17:17,928][root][INFO] - Loss: 0.014871567583084106 | Accuracy: 0.804
[2024-01-06 17:18:58,908][root][INFO] - Loss: 0.016166085433959962 | Accuracy: 0.8032
[2024-01-06 17:18:59,467][root][INFO] - Loss: 0.01651459798812866 | Accuracy: 0.7988
[2024-01-06 17:20:41,363][root][INFO] - Loss: 0.01655527482032776 | Accuracy: 0.7864
[2024-01-06 17:20:41,895][root][INFO] - Loss: 0.015313886880874634 | Accuracy: 0.7996
[2024-01-06 17:22:22,368][root][INFO] - Loss: 0.015897021341323852 | Accuracy: 0.7976
[2024-01-06 17:22:22,891][root][INFO] - Loss: 0.014483297324180603 | Accuracy: 0.8048
[2024-01-06 17:24:04,608][root][INFO] - Loss: 0.016455934476852417 | Accuracy: 0.7928
[2024-01-06 17:24:05,380][root][INFO] - Loss: 0.015542779445648193 | Accuracy: 0.8008
[2024-01-06 17:25:41,796][root][INFO] - Loss: 0.01758754062652588 | Accuracy: 0.7932
[2024-01-06 17:25:42,348][root][INFO] - Loss: 0.016928036022186278 | Accuracy: 0.8036
[2024-01-06 17:25:42,360][flwr][DEBUG] - gRPC channel closed
[2024-01-06 17:25:42,360][flwr][INFO] - Disconnect and shut down
[2024-01-06 17:25:42,366][flwr][DEBUG] - gRPC channel closed
[2024-01-06 17:25:42,366][flwr][INFO] - Disconnect and shut down
