[2024-01-20 22:28:41,948][root][INFO] - 8333 DataSamples Per Clients
[2024-01-20 22:28:42,113][flwr][INFO] - Opened insecure gRPC connection (no certificates were passed)
[2024-01-20 22:28:42,273][flwr][DEBUG] - ChannelConnectivity.IDLE
[2024-01-20 22:28:42,275][flwr][DEBUG] - ChannelConnectivity.CONNECTING
[2024-01-20 22:28:42,277][flwr][DEBUG] - ChannelConnectivity.READY
[2024-01-20 22:28:50,889][flwr][INFO] - CLIENT 3 FIT ROUND 1
[2024-01-20 22:29:16,126][flwr][INFO] - CLIENT 3 END FIT ROUND 1
[2024-01-20 22:29:24,212][root][INFO] - Loss: 2.304215056555612 | Accuracy: 0.09723889555822329
[2024-01-20 22:29:24,767][flwr][INFO] - CLIENT 3 FIT ROUND 2
[2024-01-20 22:29:40,475][flwr][INFO] - CLIENT 3 END FIT ROUND 2
[2024-01-20 22:29:48,324][root][INFO] - Loss: 2.313685859952654 | Accuracy: 0.07563025210084033
[2024-01-20 22:29:48,818][flwr][INFO] - CLIENT 3 FIT ROUND 3
[2024-01-20 22:30:04,218][flwr][INFO] - CLIENT 3 END FIT ROUND 3
[2024-01-20 22:30:12,226][root][INFO] - Loss: 2.1646193776811873 | Accuracy: 0.19807923169267708
[2024-01-20 22:30:12,954][flwr][INFO] - CLIENT 3 FIT ROUND 4
[2024-01-20 22:30:28,441][flwr][INFO] - CLIENT 3 END FIT ROUND 4
[2024-01-20 22:30:35,760][root][INFO] - Loss: 1.3764087132045202 | Accuracy: 0.5186074429771909
[2024-01-20 22:30:36,134][flwr][INFO] - CLIENT 3 FIT ROUND 5
[2024-01-20 22:30:52,196][flwr][INFO] - CLIENT 3 END FIT ROUND 5
[2024-01-20 22:30:59,614][root][INFO] - Loss: 1.2755640745162964 | Accuracy: 0.5522208883553421
[2024-01-20 22:31:00,237][flwr][INFO] - CLIENT 3 FIT ROUND 6
[2024-01-20 22:31:17,234][flwr][INFO] - CLIENT 3 END FIT ROUND 6
[2024-01-20 22:31:23,768][root][INFO] - Loss: 1.3499705621174403 | Accuracy: 0.553421368547419
[2024-01-20 22:31:24,459][flwr][INFO] - CLIENT 3 FIT ROUND 7
[2024-01-20 22:31:40,002][flwr][INFO] - CLIENT 3 END FIT ROUND 7
[2024-01-20 22:31:48,093][root][INFO] - Loss: 1.330696974481855 | Accuracy: 0.5438175270108043
[2024-01-20 22:31:48,777][flwr][INFO] - CLIENT 3 FIT ROUND 8
[2024-01-20 22:32:04,117][flwr][INFO] - CLIENT 3 END FIT ROUND 8
[2024-01-20 22:32:11,454][root][INFO] - Loss: 1.3666133540017265 | Accuracy: 0.5582232893157263
[2024-01-20 22:32:12,006][flwr][INFO] - CLIENT 3 FIT ROUND 9
[2024-01-20 22:32:28,325][flwr][INFO] - CLIENT 3 END FIT ROUND 9
[2024-01-20 22:32:35,661][root][INFO] - Loss: 1.3947015489850725 | Accuracy: 0.5498199279711885
[2024-01-20 22:32:36,147][flwr][INFO] - CLIENT 3 FIT ROUND 10
[2024-01-20 22:32:51,417][flwr][INFO] - CLIENT 3 END FIT ROUND 10
[2024-01-20 22:32:59,205][root][INFO] - Loss: 1.4453797680991036 | Accuracy: 0.5690276110444178
[2024-01-20 22:33:00,057][flwr][INFO] - CLIENT 3 FIT ROUND 11
[2024-01-20 22:33:15,404][flwr][INFO] - CLIENT 3 END FIT ROUND 11
[2024-01-20 22:33:22,547][root][INFO] - Loss: 1.485075899532863 | Accuracy: 0.5666266506602641
[2024-01-20 22:33:23,040][flwr][INFO] - CLIENT 3 FIT ROUND 12
[2024-01-20 22:33:38,475][flwr][INFO] - CLIENT 3 END FIT ROUND 12
[2024-01-20 22:33:45,267][root][INFO] - Loss: 1.5528583186013358 | Accuracy: 0.5414165666266506
[2024-01-20 22:33:45,746][flwr][INFO] - CLIENT 3 FIT ROUND 13
[2024-01-20 22:34:01,013][flwr][INFO] - CLIENT 3 END FIT ROUND 13
[2024-01-20 22:34:08,385][root][INFO] - Loss: 1.5426465783800398 | Accuracy: 0.5474189675870348
[2024-01-20 22:34:09,036][flwr][INFO] - CLIENT 3 FIT ROUND 14
[2024-01-20 22:34:24,229][flwr][INFO] - CLIENT 3 END FIT ROUND 14
[2024-01-20 22:34:31,494][root][INFO] - Loss: 1.5875062431607927 | Accuracy: 0.5498199279711885
[2024-01-20 22:34:31,900][flwr][INFO] - CLIENT 3 FIT ROUND 15
[2024-01-20 22:34:47,300][flwr][INFO] - CLIENT 3 END FIT ROUND 15
[2024-01-20 22:34:54,342][root][INFO] - Loss: 1.6566791875021798 | Accuracy: 0.553421368547419
[2024-01-20 22:34:55,154][flwr][INFO] - CLIENT 3 FIT ROUND 16
[2024-01-20 22:35:10,421][flwr][INFO] - CLIENT 3 END FIT ROUND 16
[2024-01-20 22:35:17,464][root][INFO] - Loss: 1.784344962665013 | Accuracy: 0.5354141656662665
[2024-01-20 22:35:18,332][flwr][INFO] - CLIENT 3 FIT ROUND 17
[2024-01-20 22:35:33,596][flwr][INFO] - CLIENT 3 END FIT ROUND 17
[2024-01-20 22:35:41,404][root][INFO] - Loss: 1.7767085177557809 | Accuracy: 0.5474189675870348
[2024-01-20 22:35:41,764][flwr][INFO] - CLIENT 3 FIT ROUND 18
[2024-01-20 22:35:57,010][flwr][INFO] - CLIENT 3 END FIT ROUND 18
[2024-01-20 22:36:04,936][root][INFO] - Loss: 1.7449703557150704 | Accuracy: 0.5462184873949579
[2024-01-20 22:36:05,417][flwr][INFO] - CLIENT 3 FIT ROUND 19
[2024-01-20 22:36:20,808][flwr][INFO] - CLIENT 3 END FIT ROUND 19
[2024-01-20 22:36:28,925][root][INFO] - Loss: 1.8188374553407942 | Accuracy: 0.5462184873949579
[2024-01-20 22:36:29,561][flwr][INFO] - CLIENT 3 FIT ROUND 20
[2024-01-20 22:36:44,776][flwr][INFO] - CLIENT 3 END FIT ROUND 20
[2024-01-20 22:36:51,826][root][INFO] - Loss: 1.9192771400724138 | Accuracy: 0.5498199279711885
[2024-01-20 22:36:52,418][flwr][DEBUG] - gRPC channel closed
[2024-01-20 22:36:52,419][flwr][INFO] - Disconnect and shut down
