[2024-01-20 22:28:41,879][root][INFO] - 8333 DataSamples Per Clients
[2024-01-20 22:28:42,071][flwr][INFO] - Opened insecure gRPC connection (no certificates were passed)
[2024-01-20 22:28:42,222][flwr][DEBUG] - ChannelConnectivity.IDLE
[2024-01-20 22:28:42,224][flwr][DEBUG] - ChannelConnectivity.READY
[2024-01-20 22:28:50,975][flwr][INFO] - CLIENT 1 FIT ROUND 1
[2024-01-20 22:29:16,899][flwr][INFO] - CLIENT 1 END FIT ROUND 1
[2024-01-20 22:29:24,280][root][INFO] - Loss: 2.3034801483154297 | Accuracy: 0.1056422569027611
[2024-01-20 22:29:24,800][flwr][INFO] - CLIENT 1 FIT ROUND 2
[2024-01-20 22:29:40,800][flwr][INFO] - CLIENT 1 END FIT ROUND 2
[2024-01-20 22:29:48,105][root][INFO] - Loss: 2.3117129462105885 | Accuracy: 0.09243697478991597
[2024-01-20 22:29:48,679][flwr][INFO] - CLIENT 1 FIT ROUND 3
[2024-01-20 22:30:04,522][flwr][INFO] - CLIENT 1 END FIT ROUND 3
[2024-01-20 22:30:12,471][root][INFO] - Loss: 2.1786506857190813 | Accuracy: 0.16326530612244897
[2024-01-20 22:30:12,957][flwr][INFO] - CLIENT 1 FIT ROUND 4
[2024-01-20 22:30:28,719][flwr][INFO] - CLIENT 1 END FIT ROUND 4
[2024-01-20 22:30:35,344][root][INFO] - Loss: 1.4731540169034685 | Accuracy: 0.48739495798319327
[2024-01-20 22:30:36,240][flwr][INFO] - CLIENT 1 FIT ROUND 5
[2024-01-20 22:30:52,001][flwr][INFO] - CLIENT 1 END FIT ROUND 5
[2024-01-20 22:30:59,360][root][INFO] - Loss: 1.4194260665348597 | Accuracy: 0.5054021608643458
[2024-01-20 22:31:00,223][flwr][INFO] - CLIENT 1 FIT ROUND 6
[2024-01-20 22:31:15,942][flwr][INFO] - CLIENT 1 END FIT ROUND 6
[2024-01-20 22:31:23,984][root][INFO] - Loss: 1.433511461530413 | Accuracy: 0.5102040816326531
[2024-01-20 22:31:24,462][flwr][INFO] - CLIENT 1 FIT ROUND 7
[2024-01-20 22:31:40,359][flwr][INFO] - CLIENT 1 END FIT ROUND 7
[2024-01-20 22:31:48,294][root][INFO] - Loss: 1.4254650558744157 | Accuracy: 0.5222088835534213
[2024-01-20 22:31:48,772][flwr][INFO] - CLIENT 1 FIT ROUND 8
[2024-01-20 22:32:04,650][flwr][INFO] - CLIENT 1 END FIT ROUND 8
[2024-01-20 22:32:11,514][root][INFO] - Loss: 1.468383720942906 | Accuracy: 0.5258103241296519
[2024-01-20 22:32:11,992][flwr][INFO] - CLIENT 1 FIT ROUND 9
[2024-01-20 22:32:27,784][flwr][INFO] - CLIENT 1 END FIT ROUND 9
[2024-01-20 22:32:35,343][root][INFO] - Loss: 1.4928180490221297 | Accuracy: 0.5282112845138055
[2024-01-20 22:32:36,150][flwr][INFO] - CLIENT 1 FIT ROUND 10
[2024-01-20 22:32:51,811][flwr][INFO] - CLIENT 1 END FIT ROUND 10
[2024-01-20 22:32:59,308][root][INFO] - Loss: 1.5155617168971471 | Accuracy: 0.5366146458583433
[2024-01-20 22:32:59,956][flwr][INFO] - CLIENT 1 FIT ROUND 11
[2024-01-20 22:33:15,577][flwr][INFO] - CLIENT 1 END FIT ROUND 11
[2024-01-20 22:33:22,302][root][INFO] - Loss: 1.552677137511117 | Accuracy: 0.539015606242497
[2024-01-20 22:33:22,910][flwr][INFO] - CLIENT 1 FIT ROUND 12
[2024-01-20 22:33:38,563][flwr][INFO] - CLIENT 1 END FIT ROUND 12
[2024-01-20 22:33:45,040][root][INFO] - Loss: 1.5283225774765015 | Accuracy: 0.5294117647058824
[2024-01-20 22:33:45,730][flwr][INFO] - CLIENT 1 FIT ROUND 13
[2024-01-20 22:34:01,757][flwr][INFO] - CLIENT 1 END FIT ROUND 13
[2024-01-20 22:34:08,450][root][INFO] - Loss: 1.6382795912878854 | Accuracy: 0.5330132052821128
[2024-01-20 22:34:09,149][flwr][INFO] - CLIENT 1 FIT ROUND 14
[2024-01-20 22:34:24,960][flwr][INFO] - CLIENT 1 END FIT ROUND 14
[2024-01-20 22:34:31,390][root][INFO] - Loss: 1.6762161425181799 | Accuracy: 0.5258103241296519
[2024-01-20 22:34:31,975][flwr][INFO] - CLIENT 1 FIT ROUND 15
[2024-01-20 22:34:47,822][flwr][INFO] - CLIENT 1 END FIT ROUND 15
[2024-01-20 22:34:54,420][root][INFO] - Loss: 1.7452199799673898 | Accuracy: 0.5270108043217286
[2024-01-20 22:34:55,104][flwr][INFO] - CLIENT 1 FIT ROUND 16
[2024-01-20 22:35:10,943][flwr][INFO] - CLIENT 1 END FIT ROUND 16
[2024-01-20 22:35:17,493][root][INFO] - Loss: 1.8172706535884313 | Accuracy: 0.5138055222088835
[2024-01-20 22:35:18,344][flwr][INFO] - CLIENT 1 FIT ROUND 17
[2024-01-20 22:35:34,246][flwr][INFO] - CLIENT 1 END FIT ROUND 17
[2024-01-20 22:35:41,102][root][INFO] - Loss: 1.8624265704836165 | Accuracy: 0.5234093637454982
[2024-01-20 22:35:41,885][flwr][INFO] - CLIENT 1 FIT ROUND 18
[2024-01-20 22:35:57,919][flwr][INFO] - CLIENT 1 END FIT ROUND 18
[2024-01-20 22:36:04,960][root][INFO] - Loss: 1.8900011948176794 | Accuracy: 0.5234093637454982
[2024-01-20 22:36:05,340][flwr][INFO] - CLIENT 1 FIT ROUND 19
[2024-01-20 22:36:22,190][flwr][INFO] - CLIENT 1 END FIT ROUND 19
[2024-01-20 22:36:28,636][root][INFO] - Loss: 1.9696417365755354 | Accuracy: 0.5066026410564226
[2024-01-20 22:36:29,571][flwr][INFO] - CLIENT 1 FIT ROUND 20
[2024-01-20 22:36:45,210][flwr][INFO] - CLIENT 1 END FIT ROUND 20
[2024-01-20 22:36:51,643][root][INFO] - Loss: 1.9792879819869995 | Accuracy: 0.5126050420168067
[2024-01-20 22:36:52,417][flwr][DEBUG] - gRPC channel closed
[2024-01-20 22:36:52,418][flwr][INFO] - Disconnect and shut down
