[2024-01-20 23:35:34,738][root][INFO] - 8333 DataSamples Per Clients
[2024-01-20 23:35:34,875][flwr][INFO] - Opened insecure gRPC connection (no certificates were passed)
[2024-01-20 23:35:35,063][flwr][DEBUG] - ChannelConnectivity.IDLE
[2024-01-20 23:35:35,070][flwr][DEBUG] - ChannelConnectivity.READY
[2024-01-20 23:35:47,164][flwr][INFO] - CLIENT 3 FIT ROUND 1
[2024-01-20 23:36:11,540][flwr][INFO] - CLIENT 3 END FIT ROUND 1
[2024-01-20 23:36:19,300][root][INFO] - Loss: 2.3335801533290317 | Accuracy: 0.09723889555822329
[2024-01-20 23:36:19,947][flwr][INFO] - CLIENT 3 FIT ROUND 2
[2024-01-20 23:36:35,203][flwr][INFO] - CLIENT 3 END FIT ROUND 2
[2024-01-20 23:36:42,468][root][INFO] - Loss: 2.3235946723393033 | Accuracy: 0.09723889555822329
[2024-01-20 23:36:42,842][flwr][INFO] - CLIENT 3 FIT ROUND 3
[2024-01-20 23:36:58,013][flwr][INFO] - CLIENT 3 END FIT ROUND 3
[2024-01-20 23:37:05,360][root][INFO] - Loss: 1.4982334545680456 | Accuracy: 0.4885954381752701
[2024-01-20 23:37:06,321][flwr][INFO] - CLIENT 3 FIT ROUND 4
[2024-01-20 23:37:21,453][flwr][INFO] - CLIENT 3 END FIT ROUND 4
[2024-01-20 23:37:28,573][root][INFO] - Loss: 1.2563082660947527 | Accuracy: 0.5402160864345739
[2024-01-20 23:37:29,490][flwr][INFO] - CLIENT 3 FIT ROUND 5
[2024-01-20 23:37:44,562][flwr][INFO] - CLIENT 3 END FIT ROUND 5
[2024-01-20 23:37:52,367][root][INFO] - Loss: 1.1643518720354353 | Accuracy: 0.6062424969987995
[2024-01-20 23:37:53,111][flwr][INFO] - CLIENT 3 FIT ROUND 6
[2024-01-20 23:38:08,341][flwr][INFO] - CLIENT 3 END FIT ROUND 6
[2024-01-20 23:38:16,060][root][INFO] - Loss: 1.2174119097845895 | Accuracy: 0.5870348139255702
[2024-01-20 23:38:16,598][flwr][INFO] - CLIENT 3 FIT ROUND 7
[2024-01-20 23:38:31,951][flwr][INFO] - CLIENT 3 END FIT ROUND 7
[2024-01-20 23:38:38,899][root][INFO] - Loss: 1.0847195557185583 | Accuracy: 0.6338535414165666
[2024-01-20 23:38:39,588][flwr][INFO] - CLIENT 3 FIT ROUND 8
[2024-01-20 23:38:54,817][flwr][INFO] - CLIENT 3 END FIT ROUND 8
[2024-01-20 23:39:01,544][root][INFO] - Loss: 1.0785334195409502 | Accuracy: 0.6518607442977191
[2024-01-20 23:39:02,620][flwr][INFO] - CLIENT 3 FIT ROUND 9
[2024-01-20 23:39:17,682][flwr][INFO] - CLIENT 3 END FIT ROUND 9
[2024-01-20 23:39:25,460][root][INFO] - Loss: 1.0759108236857824 | Accuracy: 0.6614645858343338
[2024-01-20 23:39:25,986][flwr][INFO] - CLIENT 3 FIT ROUND 10
[2024-01-20 23:39:40,990][flwr][INFO] - CLIENT 3 END FIT ROUND 10
[2024-01-20 23:39:48,347][root][INFO] - Loss: 1.0438753451619829 | Accuracy: 0.6722689075630253
[2024-01-20 23:39:49,006][flwr][INFO] - CLIENT 3 FIT ROUND 11
[2024-01-20 23:40:04,000][flwr][INFO] - CLIENT 3 END FIT ROUND 11
[2024-01-20 23:40:11,526][root][INFO] - Loss: 1.0167279413768224 | Accuracy: 0.6842737094837935
[2024-01-20 23:40:12,010][flwr][INFO] - CLIENT 3 FIT ROUND 12
[2024-01-20 23:40:27,173][flwr][INFO] - CLIENT 3 END FIT ROUND 12
[2024-01-20 23:40:34,347][root][INFO] - Loss: 1.0889599919319153 | Accuracy: 0.6662665066026411
[2024-01-20 23:40:34,811][flwr][INFO] - CLIENT 3 FIT ROUND 13
[2024-01-20 23:40:49,860][flwr][INFO] - CLIENT 3 END FIT ROUND 13
[2024-01-20 23:40:57,234][root][INFO] - Loss: 1.0076292072023665 | Accuracy: 0.680672268907563
[2024-01-20 23:40:57,610][flwr][INFO] - CLIENT 3 FIT ROUND 14
[2024-01-20 23:41:12,977][flwr][INFO] - CLIENT 3 END FIT ROUND 14
[2024-01-20 23:41:19,678][root][INFO] - Loss: 0.9935530253819057 | Accuracy: 0.6698679471788715
[2024-01-20 23:41:20,631][flwr][INFO] - CLIENT 3 FIT ROUND 15
[2024-01-20 23:41:35,532][flwr][INFO] - CLIENT 3 END FIT ROUND 15
[2024-01-20 23:41:43,230][root][INFO] - Loss: 1.0548881718090601 | Accuracy: 0.6746698679471789
[2024-01-20 23:41:43,706][flwr][INFO] - CLIENT 3 FIT ROUND 16
[2024-01-20 23:41:58,803][flwr][INFO] - CLIENT 3 END FIT ROUND 16
[2024-01-20 23:42:05,655][root][INFO] - Loss: 1.1234351311411177 | Accuracy: 0.6830732292917167
[2024-01-20 23:42:06,557][flwr][INFO] - CLIENT 3 FIT ROUND 17
[2024-01-20 23:42:21,690][flwr][INFO] - CLIENT 3 END FIT ROUND 17
[2024-01-20 23:42:29,503][root][INFO] - Loss: 1.0608849780900138 | Accuracy: 0.6902761104441777
[2024-01-20 23:42:30,128][flwr][INFO] - CLIENT 3 FIT ROUND 18
[2024-01-20 23:42:45,345][flwr][INFO] - CLIENT 3 END FIT ROUND 18
[2024-01-20 23:42:52,222][root][INFO] - Loss: 1.0101974521364485 | Accuracy: 0.7034813925570228
[2024-01-20 23:42:52,822][flwr][INFO] - CLIENT 3 FIT ROUND 19
[2024-01-20 23:43:08,124][flwr][INFO] - CLIENT 3 END FIT ROUND 19
[2024-01-20 23:43:15,162][root][INFO] - Loss: 1.0832350850105286 | Accuracy: 0.7082833133253301
[2024-01-20 23:43:15,911][flwr][INFO] - CLIENT 3 FIT ROUND 20
[2024-01-20 23:43:30,961][flwr][INFO] - CLIENT 3 END FIT ROUND 20
[2024-01-20 23:43:40,546][root][INFO] - Loss: 1.0616999779428755 | Accuracy: 0.7190876350540216
[2024-01-20 23:43:41,028][flwr][INFO] - CLIENT 3 FIT ROUND 21
[2024-01-20 23:43:56,056][flwr][INFO] - CLIENT 3 END FIT ROUND 21
[2024-01-20 23:44:03,585][root][INFO] - Loss: 1.0421665055411202 | Accuracy: 0.7118847539015606
[2024-01-20 23:44:03,908][flwr][INFO] - CLIENT 3 FIT ROUND 22
[2024-01-20 23:44:18,958][flwr][INFO] - CLIENT 3 END FIT ROUND 22
[2024-01-20 23:44:26,331][root][INFO] - Loss: 1.0999699831008911 | Accuracy: 0.6998799519807923
[2024-01-20 23:44:26,733][flwr][INFO] - CLIENT 3 FIT ROUND 23
[2024-01-20 23:44:41,931][flwr][INFO] - CLIENT 3 END FIT ROUND 23
[2024-01-20 23:44:48,792][root][INFO] - Loss: 1.1393469486917769 | Accuracy: 0.7046818727490997
[2024-01-20 23:44:49,725][flwr][INFO] - CLIENT 3 FIT ROUND 24
[2024-01-20 23:45:04,622][flwr][INFO] - CLIENT 3 END FIT ROUND 24
[2024-01-20 23:45:11,641][root][INFO] - Loss: 1.3402904272079468 | Accuracy: 0.6410564225690276
[2024-01-20 23:45:12,462][flwr][INFO] - CLIENT 3 FIT ROUND 25
[2024-01-20 23:45:27,312][flwr][INFO] - CLIENT 3 END FIT ROUND 25
[2024-01-20 23:45:34,752][root][INFO] - Loss: 1.170490094593593 | Accuracy: 0.6818727490996399
[2024-01-20 23:45:35,550][flwr][INFO] - CLIENT 3 FIT ROUND 26
[2024-01-20 23:45:50,426][flwr][INFO] - CLIENT 3 END FIT ROUND 26
[2024-01-20 23:45:58,920][root][INFO] - Loss: 1.1470725621495927 | Accuracy: 0.723889555822329
[2024-01-20 23:45:59,461][flwr][INFO] - CLIENT 3 FIT ROUND 27
[2024-01-20 23:46:15,180][flwr][INFO] - CLIENT 3 END FIT ROUND 27
[2024-01-20 23:46:21,833][root][INFO] - Loss: 1.1843634247779846 | Accuracy: 0.7142857142857143
[2024-01-20 23:46:22,648][flwr][INFO] - CLIENT 3 FIT ROUND 28
[2024-01-20 23:46:37,619][flwr][INFO] - CLIENT 3 END FIT ROUND 28
[2024-01-20 23:46:44,638][root][INFO] - Loss: 1.2243006995746069 | Accuracy: 0.7022809123649459
[2024-01-20 23:46:45,295][flwr][INFO] - CLIENT 3 FIT ROUND 29
[2024-01-20 23:47:00,231][flwr][INFO] - CLIENT 3 END FIT ROUND 29
[2024-01-20 23:47:07,793][root][INFO] - Loss: 1.1659570932388306 | Accuracy: 0.7250900360144058
[2024-01-20 23:47:08,753][flwr][INFO] - CLIENT 3 FIT ROUND 30
[2024-01-20 23:47:23,756][flwr][INFO] - CLIENT 3 END FIT ROUND 30
[2024-01-20 23:47:31,491][root][INFO] - Loss: 1.1973996332713537 | Accuracy: 0.709483793517407
[2024-01-20 23:47:31,520][flwr][DEBUG] - gRPC channel closed
[2024-01-20 23:47:31,521][flwr][INFO] - Disconnect and shut down
