[2024-01-20 23:11:08,538][root][INFO] - 8333 DataSamples Per Clients
[2024-01-20 23:11:08,983][flwr][INFO] - Opened insecure gRPC connection (no certificates were passed)
[2024-01-20 23:11:09,006][flwr][DEBUG] - ChannelConnectivity.IDLE
[2024-01-20 23:11:09,015][flwr][DEBUG] - ChannelConnectivity.READY
[2024-01-20 23:11:14,200][flwr][INFO] - CLIENT 2 FIT ROUND 1
[2024-01-20 23:11:44,353][flwr][INFO] - CLIENT 2 END FIT ROUND 1
[2024-01-20 23:11:56,377][root][INFO] - Loss: 2.3063430104936873 | Accuracy: 0.08883553421368548
[2024-01-20 23:11:59,926][flwr][INFO] - CLIENT 2 FIT ROUND 2
[2024-01-20 23:12:21,324][flwr][INFO] - CLIENT 2 END FIT ROUND 2
[2024-01-20 23:12:32,713][root][INFO] - Loss: 1.8268964801515852 | Accuracy: 0.34213685474189676
[2024-01-20 23:12:35,613][flwr][INFO] - CLIENT 2 FIT ROUND 3
[2024-01-20 23:12:56,837][flwr][INFO] - CLIENT 2 END FIT ROUND 3
[2024-01-20 23:13:07,932][root][INFO] - Loss: 1.1421382938112532 | Accuracy: 0.5906362545018007
[2024-01-20 23:13:10,938][flwr][INFO] - CLIENT 2 FIT ROUND 4
[2024-01-20 23:13:32,242][flwr][INFO] - CLIENT 2 END FIT ROUND 4
[2024-01-20 23:13:42,914][root][INFO] - Loss: 0.9474505015781948 | Accuracy: 0.6554621848739496
[2024-01-20 23:13:46,169][flwr][INFO] - CLIENT 2 FIT ROUND 5
[2024-01-20 23:14:07,464][flwr][INFO] - CLIENT 2 END FIT ROUND 5
[2024-01-20 23:14:19,058][root][INFO] - Loss: 0.887700046811785 | Accuracy: 0.6782713085234093
[2024-01-20 23:14:21,340][flwr][INFO] - CLIENT 2 FIT ROUND 6
[2024-01-20 23:14:42,500][flwr][INFO] - CLIENT 2 END FIT ROUND 6
[2024-01-20 23:14:53,281][root][INFO] - Loss: 0.9130905781473432 | Accuracy: 0.7142857142857143
[2024-01-20 23:14:56,106][flwr][INFO] - CLIENT 2 FIT ROUND 7
[2024-01-20 23:15:17,367][flwr][INFO] - CLIENT 2 END FIT ROUND 7
[2024-01-20 23:15:28,516][root][INFO] - Loss: 0.9194304517337254 | Accuracy: 0.723889555822329
[2024-01-20 23:15:31,379][flwr][INFO] - CLIENT 2 FIT ROUND 8
[2024-01-20 23:15:53,665][flwr][INFO] - CLIENT 2 END FIT ROUND 8
[2024-01-20 23:16:04,949][root][INFO] - Loss: 0.9832004138401577 | Accuracy: 0.7358943577430972
[2024-01-20 23:16:07,994][flwr][INFO] - CLIENT 2 FIT ROUND 9
[2024-01-20 23:16:29,699][flwr][INFO] - CLIENT 2 END FIT ROUND 9
[2024-01-20 23:16:41,549][root][INFO] - Loss: 0.9419799021312169 | Accuracy: 0.7430972388955582
[2024-01-20 23:16:45,191][flwr][INFO] - CLIENT 2 FIT ROUND 10
[2024-01-20 23:17:06,397][flwr][INFO] - CLIENT 2 END FIT ROUND 10
[2024-01-20 23:17:16,989][root][INFO] - Loss: 0.9386399388313293 | Accuracy: 0.751500600240096
[2024-01-20 23:17:20,311][flwr][INFO] - CLIENT 2 FIT ROUND 11
[2024-01-20 23:17:41,738][flwr][INFO] - CLIENT 2 END FIT ROUND 11
[2024-01-20 23:17:52,053][root][INFO] - Loss: 0.9490435208593097 | Accuracy: 0.7539015606242497
[2024-01-20 23:17:55,587][flwr][INFO] - CLIENT 2 FIT ROUND 12
[2024-01-20 23:18:16,658][flwr][INFO] - CLIENT 2 END FIT ROUND 12
[2024-01-20 23:18:27,619][root][INFO] - Loss: 0.9723513892718724 | Accuracy: 0.7539015606242497
[2024-01-20 23:18:31,278][flwr][INFO] - CLIENT 2 FIT ROUND 13
[2024-01-20 23:18:52,684][flwr][INFO] - CLIENT 2 END FIT ROUND 13
[2024-01-20 23:19:03,713][root][INFO] - Loss: 0.9437072958265033 | Accuracy: 0.758703481392557
[2024-01-20 23:19:06,339][flwr][INFO] - CLIENT 2 FIT ROUND 14
[2024-01-20 23:19:27,636][flwr][INFO] - CLIENT 2 END FIT ROUND 14
[2024-01-20 23:19:38,216][root][INFO] - Loss: 0.9711987461362567 | Accuracy: 0.7719087635054022
[2024-01-20 23:19:41,370][flwr][INFO] - CLIENT 2 FIT ROUND 15
[2024-01-20 23:20:02,458][flwr][INFO] - CLIENT 2 END FIT ROUND 15
[2024-01-20 23:20:13,845][root][INFO] - Loss: 0.9890080520084926 | Accuracy: 0.7779111644657863
[2024-01-20 23:20:16,686][flwr][INFO] - CLIENT 2 FIT ROUND 16
[2024-01-20 23:20:37,696][flwr][INFO] - CLIENT 2 END FIT ROUND 16
[2024-01-20 23:20:48,955][root][INFO] - Loss: 0.9857319167682103 | Accuracy: 0.7635054021608644
[2024-01-20 23:20:52,319][flwr][INFO] - CLIENT 2 FIT ROUND 17
[2024-01-20 23:21:13,605][flwr][INFO] - CLIENT 2 END FIT ROUND 17
[2024-01-20 23:21:24,506][root][INFO] - Loss: 0.9589665532112122 | Accuracy: 0.7647058823529411
[2024-01-20 23:21:27,188][flwr][INFO] - CLIENT 2 FIT ROUND 18
[2024-01-20 23:21:48,368][flwr][INFO] - CLIENT 2 END FIT ROUND 18
[2024-01-20 23:21:59,035][root][INFO] - Loss: 1.0062495470046997 | Accuracy: 0.7719087635054022
[2024-01-20 23:22:01,598][flwr][INFO] - CLIENT 2 FIT ROUND 19
[2024-01-20 23:22:22,737][flwr][INFO] - CLIENT 2 END FIT ROUND 19
[2024-01-20 23:22:33,105][root][INFO] - Loss: 1.1605050989559718 | Accuracy: 0.7743097238895558
[2024-01-20 23:22:36,492][flwr][INFO] - CLIENT 2 FIT ROUND 20
[2024-01-20 23:22:57,581][flwr][INFO] - CLIENT 2 END FIT ROUND 20
[2024-01-20 23:23:09,382][root][INFO] - Loss: 1.0620034166744776 | Accuracy: 0.7683073229291717
[2024-01-20 23:23:12,588][flwr][INFO] - CLIENT 2 FIT ROUND 21
[2024-01-20 23:23:33,775][flwr][INFO] - CLIENT 2 END FIT ROUND 21
[2024-01-20 23:23:45,096][root][INFO] - Loss: 1.2551165563719613 | Accuracy: 0.7611044417767107
[2024-01-20 23:23:47,583][flwr][INFO] - CLIENT 2 FIT ROUND 22
[2024-01-20 23:24:08,847][flwr][INFO] - CLIENT 2 END FIT ROUND 22
[2024-01-20 23:24:19,196][root][INFO] - Loss: 1.1854966708592005 | Accuracy: 0.7707082833133253
[2024-01-20 23:24:22,497][flwr][INFO] - CLIENT 2 FIT ROUND 23
[2024-01-20 23:24:43,952][flwr][INFO] - CLIENT 2 END FIT ROUND 23
[2024-01-20 23:24:54,251][root][INFO] - Loss: 1.2112909981182642 | Accuracy: 0.773109243697479
[2024-01-20 23:24:58,473][flwr][INFO] - CLIENT 2 FIT ROUND 24
[2024-01-20 23:25:19,586][flwr][INFO] - CLIENT 2 END FIT ROUND 24
[2024-01-20 23:25:30,312][root][INFO] - Loss: 1.315873111997332 | Accuracy: 0.7635054021608644
[2024-01-20 23:25:33,533][flwr][INFO] - CLIENT 2 FIT ROUND 25
[2024-01-20 23:25:54,701][flwr][INFO] - CLIENT 2 END FIT ROUND 25
[2024-01-20 23:26:05,771][root][INFO] - Loss: 1.310731223651341 | Accuracy: 0.773109243697479
[2024-01-20 23:26:08,543][flwr][INFO] - CLIENT 2 FIT ROUND 26
[2024-01-20 23:26:30,355][flwr][INFO] - CLIENT 2 END FIT ROUND 26
[2024-01-20 23:26:41,203][root][INFO] - Loss: 1.2930526392800468 | Accuracy: 0.7695078031212484
[2024-01-20 23:26:44,526][flwr][INFO] - CLIENT 2 FIT ROUND 27
[2024-01-20 23:27:05,925][flwr][INFO] - CLIENT 2 END FIT ROUND 27
[2024-01-20 23:27:16,309][root][INFO] - Loss: 1.429130690438407 | Accuracy: 0.7767106842737095
[2024-01-20 23:27:19,544][flwr][INFO] - CLIENT 2 FIT ROUND 28
[2024-01-20 23:27:40,679][flwr][INFO] - CLIENT 2 END FIT ROUND 28
[2024-01-20 23:27:51,800][root][INFO] - Loss: 1.4847523144313268 | Accuracy: 0.773109243697479
[2024-01-20 23:27:54,810][flwr][INFO] - CLIENT 2 FIT ROUND 29
[2024-01-20 23:28:15,967][flwr][INFO] - CLIENT 2 END FIT ROUND 29
[2024-01-20 23:28:28,278][root][INFO] - Loss: 1.2764695031302316 | Accuracy: 0.773109243697479
[2024-01-20 23:28:30,882][flwr][INFO] - CLIENT 2 FIT ROUND 30
[2024-01-20 23:28:52,195][flwr][INFO] - CLIENT 2 END FIT ROUND 30
[2024-01-20 23:29:03,359][root][INFO] - Loss: 1.4001275300979614 | Accuracy: 0.7719087635054022
[2024-01-20 23:29:04,217][flwr][DEBUG] - gRPC channel closed
[2024-01-20 23:29:04,218][flwr][INFO] - Disconnect and shut down
