[2024-01-20 23:11:08,089][root][INFO] - 8333 DataSamples Per Clients
[2024-01-20 23:11:08,576][flwr][INFO] - Opened insecure gRPC connection (no certificates were passed)
[2024-01-20 23:11:08,585][flwr][DEBUG] - ChannelConnectivity.IDLE
[2024-01-20 23:11:08,616][flwr][DEBUG] - ChannelConnectivity.READY
[2024-01-20 23:11:13,058][flwr][INFO] - CLIENT 3 FIT ROUND 1
[2024-01-20 23:11:43,067][flwr][INFO] - CLIENT 3 END FIT ROUND 1
[2024-01-20 23:11:57,553][root][INFO] - Loss: 2.3084229060581754 | Accuracy: 0.09723889555822329
[2024-01-20 23:12:00,135][flwr][INFO] - CLIENT 3 FIT ROUND 2
[2024-01-20 23:12:21,325][flwr][INFO] - CLIENT 3 END FIT ROUND 2
[2024-01-20 23:12:32,590][root][INFO] - Loss: 1.7967827490397863 | Accuracy: 0.37334933973589435
[2024-01-20 23:12:36,031][flwr][INFO] - CLIENT 3 FIT ROUND 3
[2024-01-20 23:12:58,488][flwr][INFO] - CLIENT 3 END FIT ROUND 3
[2024-01-20 23:13:07,807][root][INFO] - Loss: 1.0951755046844482 | Accuracy: 0.6074429771908764
[2024-01-20 23:13:10,655][flwr][INFO] - CLIENT 3 FIT ROUND 4
[2024-01-20 23:13:31,876][flwr][INFO] - CLIENT 3 END FIT ROUND 4
[2024-01-20 23:13:43,176][root][INFO] - Loss: 0.8820391552788871 | Accuracy: 0.6794717887154862
[2024-01-20 23:13:46,216][flwr][INFO] - CLIENT 3 FIT ROUND 5
[2024-01-20 23:14:07,971][flwr][INFO] - CLIENT 3 END FIT ROUND 5
[2024-01-20 23:14:18,809][root][INFO] - Loss: 0.819470729146685 | Accuracy: 0.709483793517407
[2024-01-20 23:14:21,533][flwr][INFO] - CLIENT 3 FIT ROUND 6
[2024-01-20 23:14:42,793][flwr][INFO] - CLIENT 3 END FIT ROUND 6
[2024-01-20 23:14:52,888][root][INFO] - Loss: 0.8003509725843158 | Accuracy: 0.7430972388955582
[2024-01-20 23:14:56,253][flwr][INFO] - CLIENT 3 FIT ROUND 7
[2024-01-20 23:15:17,528][flwr][INFO] - CLIENT 3 END FIT ROUND 7
[2024-01-20 23:15:28,858][root][INFO] - Loss: 0.7715015837124416 | Accuracy: 0.7527010804321729
[2024-01-20 23:15:31,371][flwr][INFO] - CLIENT 3 FIT ROUND 8
[2024-01-20 23:15:52,615][flwr][INFO] - CLIENT 3 END FIT ROUND 8
[2024-01-20 23:16:04,901][root][INFO] - Loss: 0.8200685467038836 | Accuracy: 0.765906362545018
[2024-01-20 23:16:07,776][flwr][INFO] - CLIENT 3 FIT ROUND 9
[2024-01-20 23:16:29,139][flwr][INFO] - CLIENT 3 END FIT ROUND 9
[2024-01-20 23:16:42,451][root][INFO] - Loss: 0.7446889792169843 | Accuracy: 0.7887154861944778
[2024-01-20 23:16:44,614][flwr][INFO] - CLIENT 3 FIT ROUND 10
[2024-01-20 23:17:05,789][flwr][INFO] - CLIENT 3 END FIT ROUND 10
[2024-01-20 23:17:17,025][root][INFO] - Loss: 0.7709636517933437 | Accuracy: 0.7707082833133253
[2024-01-20 23:17:20,321][flwr][INFO] - CLIENT 3 FIT ROUND 11
[2024-01-20 23:17:41,834][flwr][INFO] - CLIENT 3 END FIT ROUND 11
[2024-01-20 23:17:51,991][root][INFO] - Loss: 0.8149849431855338 | Accuracy: 0.7947178871548619
[2024-01-20 23:17:55,593][flwr][INFO] - CLIENT 3 FIT ROUND 12
[2024-01-20 23:18:16,896][flwr][INFO] - CLIENT 3 END FIT ROUND 12
[2024-01-20 23:18:27,685][root][INFO] - Loss: 0.8521684237888881 | Accuracy: 0.7935174069627852
[2024-01-20 23:18:31,211][flwr][INFO] - CLIENT 3 FIT ROUND 13
[2024-01-20 23:18:52,253][flwr][INFO] - CLIENT 3 END FIT ROUND 13
[2024-01-20 23:19:03,132][root][INFO] - Loss: 0.8723682165145874 | Accuracy: 0.78031212484994
[2024-01-20 23:19:06,172][flwr][INFO] - CLIENT 3 FIT ROUND 14
[2024-01-20 23:19:27,418][flwr][INFO] - CLIENT 3 END FIT ROUND 14
[2024-01-20 23:19:38,170][root][INFO] - Loss: 0.8685455620288849 | Accuracy: 0.7887154861944778
[2024-01-20 23:19:41,355][flwr][INFO] - CLIENT 3 FIT ROUND 15
[2024-01-20 23:20:03,202][flwr][INFO] - CLIENT 3 END FIT ROUND 15
[2024-01-20 23:20:13,947][root][INFO] - Loss: 0.8132689680371966 | Accuracy: 0.7971188475390156
[2024-01-20 23:20:16,564][flwr][INFO] - CLIENT 3 FIT ROUND 16
[2024-01-20 23:20:37,852][flwr][INFO] - CLIENT 3 END FIT ROUND 16
[2024-01-20 23:20:49,020][root][INFO] - Loss: 0.8806262356894357 | Accuracy: 0.7863145258103241
[2024-01-20 23:20:52,344][flwr][INFO] - CLIENT 3 FIT ROUND 17
[2024-01-20 23:21:13,581][flwr][INFO] - CLIENT 3 END FIT ROUND 17
[2024-01-20 23:21:24,513][root][INFO] - Loss: 0.8739024911608014 | Accuracy: 0.7947178871548619
[2024-01-20 23:21:26,912][flwr][INFO] - CLIENT 3 FIT ROUND 18
[2024-01-20 23:21:48,456][flwr][INFO] - CLIENT 3 END FIT ROUND 18
[2024-01-20 23:21:57,905][root][INFO] - Loss: 0.9362451689583915 | Accuracy: 0.7923169267707083
[2024-01-20 23:22:01,525][flwr][INFO] - CLIENT 3 FIT ROUND 19
[2024-01-20 23:22:23,397][flwr][INFO] - CLIENT 3 END FIT ROUND 19
[2024-01-20 23:22:33,176][root][INFO] - Loss: 0.9182094165257045 | Accuracy: 0.7887154861944778
[2024-01-20 23:22:36,605][flwr][INFO] - CLIENT 3 FIT ROUND 20
[2024-01-20 23:22:57,845][flwr][INFO] - CLIENT 3 END FIT ROUND 20
[2024-01-20 23:23:10,018][root][INFO] - Loss: 0.9185882806777954 | Accuracy: 0.7923169267707083
[2024-01-20 23:23:12,622][flwr][INFO] - CLIENT 3 FIT ROUND 21
[2024-01-20 23:23:33,783][flwr][INFO] - CLIENT 3 END FIT ROUND 21
[2024-01-20 23:23:44,202][root][INFO] - Loss: 1.1020502958978926 | Accuracy: 0.7935174069627852
[2024-01-20 23:23:47,735][flwr][INFO] - CLIENT 3 FIT ROUND 22
[2024-01-20 23:24:09,383][flwr][INFO] - CLIENT 3 END FIT ROUND 22
[2024-01-20 23:24:19,919][root][INFO] - Loss: 1.039210660117013 | Accuracy: 0.787515006002401
[2024-01-20 23:24:22,492][flwr][INFO] - CLIENT 3 FIT ROUND 23
[2024-01-20 23:24:44,127][flwr][INFO] - CLIENT 3 END FIT ROUND 23
[2024-01-20 23:24:55,774][root][INFO] - Loss: 1.0209215538842338 | Accuracy: 0.787515006002401
[2024-01-20 23:24:57,998][flwr][INFO] - CLIENT 3 FIT ROUND 24
[2024-01-20 23:25:19,136][flwr][INFO] - CLIENT 3 END FIT ROUND 24
[2024-01-20 23:25:30,282][root][INFO] - Loss: 1.134246357849666 | Accuracy: 0.78031212484994
[2024-01-20 23:25:33,562][flwr][INFO] - CLIENT 3 FIT ROUND 25
[2024-01-20 23:25:54,693][flwr][INFO] - CLIENT 3 END FIT ROUND 25
[2024-01-20 23:26:05,184][root][INFO] - Loss: 1.1271664159638541 | Accuracy: 0.7911164465786314
[2024-01-20 23:26:08,595][flwr][INFO] - CLIENT 3 FIT ROUND 26
[2024-01-20 23:26:29,936][flwr][INFO] - CLIENT 3 END FIT ROUND 26
[2024-01-20 23:26:40,825][root][INFO] - Loss: 1.1912896462849207 | Accuracy: 0.7839135654261705
[2024-01-20 23:26:44,019][flwr][INFO] - CLIENT 3 FIT ROUND 27
[2024-01-20 23:27:05,516][flwr][INFO] - CLIENT 3 END FIT ROUND 27
[2024-01-20 23:27:16,961][root][INFO] - Loss: 1.2510645304407393 | Accuracy: 0.7815126050420168
[2024-01-20 23:27:19,614][flwr][INFO] - CLIENT 3 FIT ROUND 28
[2024-01-20 23:27:40,769][flwr][INFO] - CLIENT 3 END FIT ROUND 28
[2024-01-20 23:27:51,773][root][INFO] - Loss: 1.3405170610972814 | Accuracy: 0.7935174069627852
[2024-01-20 23:27:54,698][flwr][INFO] - CLIENT 3 FIT ROUND 29
[2024-01-20 23:28:15,952][flwr][INFO] - CLIENT 3 END FIT ROUND 29
[2024-01-20 23:28:28,262][root][INFO] - Loss: 1.1619627986635481 | Accuracy: 0.7827130852340937
[2024-01-20 23:28:30,775][flwr][INFO] - CLIENT 3 FIT ROUND 30
[2024-01-20 23:28:52,101][flwr][INFO] - CLIENT 3 END FIT ROUND 30
[2024-01-20 23:29:04,186][root][INFO] - Loss: 1.247724907738822 | Accuracy: 0.7899159663865546
[2024-01-20 23:29:04,219][flwr][DEBUG] - gRPC channel closed
[2024-01-20 23:29:04,219][flwr][INFO] - Disconnect and shut down
