[2024-01-20 23:35:34,549][root][INFO] - 8333 DataSamples Per Clients
[2024-01-20 23:35:34,681][flwr][INFO] - Opened insecure gRPC connection (no certificates were passed)
[2024-01-20 23:35:34,830][flwr][DEBUG] - ChannelConnectivity.IDLE
[2024-01-20 23:35:34,832][flwr][DEBUG] - ChannelConnectivity.CONNECTING
[2024-01-20 23:35:34,834][flwr][DEBUG] - ChannelConnectivity.READY
[2024-01-20 23:35:47,123][flwr][INFO] - CLIENT 4 FIT ROUND 1
[2024-01-20 23:36:12,308][flwr][INFO] - CLIENT 4 END FIT ROUND 1
[2024-01-20 23:36:19,603][root][INFO] - Loss: 2.3471339089529857 | Accuracy: 0.10324129651860744
[2024-01-20 23:36:20,139][flwr][INFO] - CLIENT 4 FIT ROUND 2
[2024-01-20 23:36:35,878][flwr][INFO] - CLIENT 4 END FIT ROUND 2
[2024-01-20 23:36:42,448][root][INFO] - Loss: 2.3331503868103027 | Accuracy: 0.10324129651860744
[2024-01-20 23:36:42,956][flwr][INFO] - CLIENT 4 FIT ROUND 3
[2024-01-20 23:36:58,662][flwr][INFO] - CLIENT 4 END FIT ROUND 3
[2024-01-20 23:37:05,842][root][INFO] - Loss: 1.5692235742296492 | Accuracy: 0.44057623049219685
[2024-01-20 23:37:06,333][flwr][INFO] - CLIENT 4 FIT ROUND 4
[2024-01-20 23:37:21,843][flwr][INFO] - CLIENT 4 END FIT ROUND 4
[2024-01-20 23:37:28,829][root][INFO] - Loss: 1.332565154348101 | Accuracy: 0.5210084033613446
[2024-01-20 23:37:29,543][flwr][INFO] - CLIENT 4 FIT ROUND 5
[2024-01-20 23:37:45,024][flwr][INFO] - CLIENT 4 END FIT ROUND 5
[2024-01-20 23:37:52,646][root][INFO] - Loss: 1.2885065419333321 | Accuracy: 0.5498199279711885
[2024-01-20 23:37:53,011][flwr][INFO] - CLIENT 4 FIT ROUND 6
[2024-01-20 23:38:08,835][flwr][INFO] - CLIENT 4 END FIT ROUND 6
[2024-01-20 23:38:16,114][root][INFO] - Loss: 1.335468053817749 | Accuracy: 0.5474189675870348
[2024-01-20 23:38:16,486][flwr][INFO] - CLIENT 4 FIT ROUND 7
[2024-01-20 23:38:31,943][flwr][INFO] - CLIENT 4 END FIT ROUND 7
[2024-01-20 23:38:38,604][root][INFO] - Loss: 1.287664268698011 | Accuracy: 0.5642256902761105
[2024-01-20 23:38:39,468][flwr][INFO] - CLIENT 4 FIT ROUND 8
[2024-01-20 23:38:54,709][flwr][INFO] - CLIENT 4 END FIT ROUND 8
[2024-01-20 23:39:02,140][root][INFO] - Loss: 1.2862495183944702 | Accuracy: 0.5666266506602641
[2024-01-20 23:39:02,523][flwr][INFO] - CLIENT 4 FIT ROUND 9
[2024-01-20 23:39:18,016][flwr][INFO] - CLIENT 4 END FIT ROUND 9
[2024-01-20 23:39:25,385][root][INFO] - Loss: 1.279255986213684 | Accuracy: 0.581032412965186
[2024-01-20 23:39:25,992][flwr][INFO] - CLIENT 4 FIT ROUND 10
[2024-01-20 23:39:41,549][flwr][INFO] - CLIENT 4 END FIT ROUND 10
[2024-01-20 23:39:48,088][root][INFO] - Loss: 1.2760132721492223 | Accuracy: 0.5894357743097239
[2024-01-20 23:39:48,892][flwr][INFO] - CLIENT 4 FIT ROUND 11
[2024-01-20 23:40:04,414][flwr][INFO] - CLIENT 4 END FIT ROUND 11
[2024-01-20 23:40:11,297][root][INFO] - Loss: 1.27116744858878 | Accuracy: 0.6086434573829532
[2024-01-20 23:40:12,004][flwr][INFO] - CLIENT 4 FIT ROUND 12
[2024-01-20 23:40:27,585][flwr][INFO] - CLIENT 4 END FIT ROUND 12
[2024-01-20 23:40:34,028][root][INFO] - Loss: 1.2596648250307356 | Accuracy: 0.6050420168067226
[2024-01-20 23:40:34,710][flwr][INFO] - CLIENT 4 FIT ROUND 13
[2024-01-20 23:40:50,031][flwr][INFO] - CLIENT 4 END FIT ROUND 13
[2024-01-20 23:40:57,109][root][INFO] - Loss: 1.3119328022003174 | Accuracy: 0.617046818727491
[2024-01-20 23:40:57,733][flwr][INFO] - CLIENT 4 FIT ROUND 14
[2024-01-20 23:41:13,040][flwr][INFO] - CLIENT 4 END FIT ROUND 14
[2024-01-20 23:41:20,205][root][INFO] - Loss: 1.2990479469299316 | Accuracy: 0.6266506602641057
[2024-01-20 23:41:20,587][flwr][INFO] - CLIENT 4 FIT ROUND 15
[2024-01-20 23:41:36,303][flwr][INFO] - CLIENT 4 END FIT ROUND 15
[2024-01-20 23:41:43,248][root][INFO] - Loss: 1.3370747906821114 | Accuracy: 0.6146458583433373
[2024-01-20 23:41:43,723][flwr][INFO] - CLIENT 4 FIT ROUND 16
[2024-01-20 23:41:59,158][flwr][INFO] - CLIENT 4 END FIT ROUND 16
[2024-01-20 23:42:06,124][root][INFO] - Loss: 1.327913522720337 | Accuracy: 0.6050420168067226
[2024-01-20 23:42:06,564][flwr][INFO] - CLIENT 4 FIT ROUND 17
[2024-01-20 23:42:22,870][flwr][INFO] - CLIENT 4 END FIT ROUND 17
[2024-01-20 23:42:29,576][root][INFO] - Loss: 1.3526153223855155 | Accuracy: 0.6194477791116446
[2024-01-20 23:42:30,255][flwr][INFO] - CLIENT 4 FIT ROUND 18
[2024-01-20 23:42:45,730][flwr][INFO] - CLIENT 4 END FIT ROUND 18
[2024-01-20 23:42:52,387][root][INFO] - Loss: 1.3348061527524675 | Accuracy: 0.6350540216086434
[2024-01-20 23:42:52,868][flwr][INFO] - CLIENT 4 FIT ROUND 19
[2024-01-20 23:43:08,227][flwr][INFO] - CLIENT 4 END FIT ROUND 19
[2024-01-20 23:43:15,132][root][INFO] - Loss: 1.3631649698529924 | Accuracy: 0.6194477791116446
[2024-01-20 23:43:16,013][flwr][INFO] - CLIENT 4 FIT ROUND 20
[2024-01-20 23:43:31,288][flwr][INFO] - CLIENT 4 END FIT ROUND 20
[2024-01-20 23:43:40,451][root][INFO] - Loss: 1.2956594399043493 | Accuracy: 0.6254501800720288
[2024-01-20 23:43:41,001][flwr][INFO] - CLIENT 4 FIT ROUND 21
[2024-01-20 23:43:56,278][flwr][INFO] - CLIENT 4 END FIT ROUND 21
[2024-01-20 23:44:03,583][root][INFO] - Loss: 1.3594815560749598 | Accuracy: 0.6278511404561825
[2024-01-20 23:44:04,052][flwr][INFO] - CLIENT 4 FIT ROUND 22
[2024-01-20 23:44:19,467][flwr][INFO] - CLIENT 4 END FIT ROUND 22
[2024-01-20 23:44:26,096][root][INFO] - Loss: 1.4460664306368147 | Accuracy: 0.6158463385354142
[2024-01-20 23:44:26,804][flwr][INFO] - CLIENT 4 FIT ROUND 23
[2024-01-20 23:44:42,063][flwr][INFO] - CLIENT 4 END FIT ROUND 23
[2024-01-20 23:44:48,772][root][INFO] - Loss: 1.3985775538853236 | Accuracy: 0.6194477791116446
[2024-01-20 23:44:49,664][flwr][INFO] - CLIENT 4 FIT ROUND 24
[2024-01-20 23:45:04,930][flwr][INFO] - CLIENT 4 END FIT ROUND 24
[2024-01-20 23:45:11,987][root][INFO] - Loss: 1.6005569185529436 | Accuracy: 0.581032412965186
[2024-01-20 23:45:12,517][flwr][INFO] - CLIENT 4 FIT ROUND 25
[2024-01-20 23:45:27,816][flwr][INFO] - CLIENT 4 END FIT ROUND 25
[2024-01-20 23:45:34,623][root][INFO] - Loss: 1.4354764563696725 | Accuracy: 0.602641056422569
[2024-01-20 23:45:35,533][flwr][INFO] - CLIENT 4 FIT ROUND 26
[2024-01-20 23:45:50,647][flwr][INFO] - CLIENT 4 END FIT ROUND 26
[2024-01-20 23:45:58,625][root][INFO] - Loss: 1.4051412854875838 | Accuracy: 0.6242496998799519
[2024-01-20 23:45:59,343][flwr][INFO] - CLIENT 4 FIT ROUND 27
[2024-01-20 23:46:14,443][flwr][INFO] - CLIENT 4 END FIT ROUND 27
[2024-01-20 23:46:21,860][root][INFO] - Loss: 1.502710257257734 | Accuracy: 0.617046818727491
[2024-01-20 23:46:22,644][flwr][INFO] - CLIENT 4 FIT ROUND 28
[2024-01-20 23:46:37,793][flwr][INFO] - CLIENT 4 END FIT ROUND 28
[2024-01-20 23:46:44,616][root][INFO] - Loss: 1.5244670765740531 | Accuracy: 0.6134453781512605
[2024-01-20 23:46:45,366][flwr][INFO] - CLIENT 4 FIT ROUND 29
[2024-01-20 23:47:00,424][flwr][INFO] - CLIENT 4 END FIT ROUND 29
[2024-01-20 23:47:07,822][root][INFO] - Loss: 1.4990479435239519 | Accuracy: 0.6254501800720288
[2024-01-20 23:47:08,736][flwr][INFO] - CLIENT 4 FIT ROUND 30
[2024-01-20 23:47:24,198][flwr][INFO] - CLIENT 4 END FIT ROUND 30
[2024-01-20 23:47:31,468][root][INFO] - Loss: 1.5222384929656982 | Accuracy: 0.617046818727491
[2024-01-20 23:47:31,518][flwr][DEBUG] - gRPC channel closed
[2024-01-20 23:47:31,519][flwr][INFO] - Disconnect and shut down
