[2024-01-20 22:40:46,765][root][INFO] - 8333 DataSamples Per Clients
[2024-01-20 22:40:47,236][flwr][INFO] - Opened insecure gRPC connection (no certificates were passed)
[2024-01-20 22:40:47,250][flwr][DEBUG] - ChannelConnectivity.IDLE
[2024-01-20 22:40:47,254][flwr][DEBUG] - ChannelConnectivity.CONNECTING
[2024-01-20 22:40:47,255][flwr][DEBUG] - ChannelConnectivity.READY
[2024-01-20 22:40:55,219][flwr][INFO] - CLIENT 5 FIT ROUND 1
[2024-01-20 22:41:23,352][flwr][INFO] - CLIENT 5 END FIT ROUND 1
[2024-01-20 22:41:33,118][root][INFO] - Loss: 2.3030142784118652 | Accuracy: 0.10204081632653061
[2024-01-20 22:41:34,686][flwr][INFO] - CLIENT 5 FIT ROUND 2
[2024-01-20 22:41:58,611][flwr][INFO] - CLIENT 5 END FIT ROUND 2
[2024-01-20 22:42:12,247][root][INFO] - Loss: 2.3037829058510915 | Accuracy: 0.08523409363745499
[2024-01-20 22:42:14,383][flwr][INFO] - CLIENT 5 FIT ROUND 3
[2024-01-20 22:42:33,625][flwr][INFO] - CLIENT 5 END FIT ROUND 3
[2024-01-20 22:42:42,316][root][INFO] - Loss: 2.2991548606327603 | Accuracy: 0.11764705882352941
[2024-01-20 22:42:44,022][flwr][INFO] - CLIENT 5 FIT ROUND 4
[2024-01-20 22:43:03,129][flwr][INFO] - CLIENT 5 END FIT ROUND 4
[2024-01-20 22:43:12,961][root][INFO] - Loss: 2.0088458572115218 | Accuracy: 0.23169267707082833
[2024-01-20 22:43:13,826][flwr][INFO] - CLIENT 5 FIT ROUND 5
[2024-01-20 22:43:33,067][flwr][INFO] - CLIENT 5 END FIT ROUND 5
[2024-01-20 22:43:44,728][root][INFO] - Loss: 1.6936256885528564 | Accuracy: 0.33613445378151263
[2024-01-20 22:43:46,721][flwr][INFO] - CLIENT 5 FIT ROUND 6
[2024-01-20 22:44:06,253][flwr][INFO] - CLIENT 5 END FIT ROUND 6
[2024-01-20 22:44:14,439][root][INFO] - Loss: 1.594910400254386 | Accuracy: 0.3997599039615846
[2024-01-20 22:44:16,768][flwr][INFO] - CLIENT 5 FIT ROUND 7
[2024-01-20 22:44:36,158][flwr][INFO] - CLIENT 5 END FIT ROUND 7
[2024-01-20 22:44:44,266][root][INFO] - Loss: 1.5460502420152937 | Accuracy: 0.42737094837935174
[2024-01-20 22:44:46,000][flwr][INFO] - CLIENT 5 FIT ROUND 8
[2024-01-20 22:45:05,139][flwr][INFO] - CLIENT 5 END FIT ROUND 8
[2024-01-20 22:45:13,632][root][INFO] - Loss: 1.501071265765599 | Accuracy: 0.4561824729891957
[2024-01-20 22:45:14,953][flwr][INFO] - CLIENT 5 FIT ROUND 9
[2024-01-20 22:45:34,078][flwr][INFO] - CLIENT 5 END FIT ROUND 9
[2024-01-20 22:45:43,312][root][INFO] - Loss: 1.4667246852602278 | Accuracy: 0.47418967587034816
[2024-01-20 22:45:44,378][flwr][INFO] - CLIENT 5 FIT ROUND 10
[2024-01-20 22:46:03,738][flwr][INFO] - CLIENT 5 END FIT ROUND 10
[2024-01-20 22:46:13,149][root][INFO] - Loss: 1.4374863079616003 | Accuracy: 0.4729891956782713
[2024-01-20 22:46:14,505][flwr][INFO] - CLIENT 5 FIT ROUND 11
[2024-01-20 22:46:33,580][flwr][INFO] - CLIENT 5 END FIT ROUND 11
[2024-01-20 22:46:42,421][root][INFO] - Loss: 1.4326507193701608 | Accuracy: 0.4789915966386555
[2024-01-20 22:46:43,437][flwr][INFO] - CLIENT 5 FIT ROUND 12
[2024-01-20 22:47:02,478][flwr][INFO] - CLIENT 5 END FIT ROUND 12
[2024-01-20 22:47:11,311][root][INFO] - Loss: 1.3952701602663313 | Accuracy: 0.49819927971188477
[2024-01-20 22:47:12,551][flwr][INFO] - CLIENT 5 FIT ROUND 13
[2024-01-20 22:47:31,542][flwr][INFO] - CLIENT 5 END FIT ROUND 13
[2024-01-20 22:47:40,438][root][INFO] - Loss: 1.4158976588930403 | Accuracy: 0.4897959183673469
[2024-01-20 22:47:41,496][flwr][INFO] - CLIENT 5 FIT ROUND 14
[2024-01-20 22:48:00,471][flwr][INFO] - CLIENT 5 END FIT ROUND 14
[2024-01-20 22:48:08,992][root][INFO] - Loss: 1.4024001359939575 | Accuracy: 0.5042016806722689
[2024-01-20 22:48:10,396][flwr][INFO] - CLIENT 5 FIT ROUND 15
[2024-01-20 22:48:29,343][flwr][INFO] - CLIENT 5 END FIT ROUND 15
[2024-01-20 22:48:37,917][root][INFO] - Loss: 1.4149920770100184 | Accuracy: 0.5150060024009604
[2024-01-20 22:48:39,183][flwr][INFO] - CLIENT 5 FIT ROUND 16
[2024-01-20 22:48:58,219][flwr][INFO] - CLIENT 5 END FIT ROUND 16
[2024-01-20 22:49:07,366][root][INFO] - Loss: 1.389893548829215 | Accuracy: 0.5222088835534213
[2024-01-20 22:49:09,116][flwr][INFO] - CLIENT 5 FIT ROUND 17
[2024-01-20 22:49:28,061][flwr][INFO] - CLIENT 5 END FIT ROUND 17
[2024-01-20 22:49:37,742][root][INFO] - Loss: 1.435746533530099 | Accuracy: 0.517406962785114
[2024-01-20 22:49:38,763][flwr][INFO] - CLIENT 5 FIT ROUND 18
[2024-01-20 22:49:57,799][flwr][INFO] - CLIENT 5 END FIT ROUND 18
[2024-01-20 22:50:06,416][root][INFO] - Loss: 1.419840829713004 | Accuracy: 0.5210084033613446
[2024-01-20 22:50:07,568][flwr][INFO] - CLIENT 5 FIT ROUND 19
[2024-01-20 22:50:26,676][flwr][INFO] - CLIENT 5 END FIT ROUND 19
[2024-01-20 22:50:35,648][root][INFO] - Loss: 1.4068121910095215 | Accuracy: 0.5162064825930373
[2024-01-20 22:50:37,298][flwr][INFO] - CLIENT 5 FIT ROUND 20
[2024-01-20 22:50:56,560][flwr][INFO] - CLIENT 5 END FIT ROUND 20
[2024-01-20 22:51:05,365][root][INFO] - Loss: 1.4643951484135218 | Accuracy: 0.531812725090036
[2024-01-20 22:51:05,470][flwr][DEBUG] - gRPC channel closed
[2024-01-20 22:51:05,470][flwr][INFO] - Disconnect and shut down
