[2024-01-20 23:11:07,974][root][INFO] - 8333 DataSamples Per Clients
[2024-01-20 23:11:08,392][flwr][INFO] - Opened insecure gRPC connection (no certificates were passed)
[2024-01-20 23:11:08,414][flwr][DEBUG] - ChannelConnectivity.IDLE
[2024-01-20 23:11:08,417][flwr][DEBUG] - ChannelConnectivity.READY
[2024-01-20 23:11:14,053][flwr][INFO] - CLIENT 4 FIT ROUND 1
[2024-01-20 23:11:44,098][flwr][INFO] - CLIENT 4 END FIT ROUND 1
[2024-01-20 23:11:57,194][root][INFO] - Loss: 2.30698105267116 | Accuracy: 0.10324129651860744
[2024-01-20 23:11:59,540][flwr][INFO] - CLIENT 4 FIT ROUND 2
[2024-01-20 23:12:20,938][flwr][INFO] - CLIENT 4 END FIT ROUND 2
[2024-01-20 23:12:32,332][root][INFO] - Loss: 1.8440262419836861 | Accuracy: 0.3385354141656663
[2024-01-20 23:12:35,513][flwr][INFO] - CLIENT 4 FIT ROUND 3
[2024-01-20 23:12:56,898][flwr][INFO] - CLIENT 4 END FIT ROUND 3
[2024-01-20 23:13:08,607][root][INFO] - Loss: 1.2204572643552507 | Accuracy: 0.5510204081632653
[2024-01-20 23:13:11,137][flwr][INFO] - CLIENT 4 FIT ROUND 4
[2024-01-20 23:13:32,787][flwr][INFO] - CLIENT 4 END FIT ROUND 4
[2024-01-20 23:13:43,822][root][INFO] - Loss: 1.0460626227515084 | Accuracy: 0.6254501800720288
[2024-01-20 23:13:45,914][flwr][INFO] - CLIENT 4 FIT ROUND 5
[2024-01-20 23:14:07,396][flwr][INFO] - CLIENT 4 END FIT ROUND 5
[2024-01-20 23:14:18,682][root][INFO] - Loss: 0.988196781703404 | Accuracy: 0.6410564225690276
[2024-01-20 23:14:21,449][flwr][INFO] - CLIENT 4 FIT ROUND 6
[2024-01-20 23:14:42,815][flwr][INFO] - CLIENT 4 END FIT ROUND 6
[2024-01-20 23:14:53,083][root][INFO] - Loss: 0.9578250220843724 | Accuracy: 0.6686674669867947
[2024-01-20 23:14:56,233][flwr][INFO] - CLIENT 4 FIT ROUND 7
[2024-01-20 23:15:17,648][flwr][INFO] - CLIENT 4 END FIT ROUND 7
[2024-01-20 23:15:28,794][root][INFO] - Loss: 0.9512594597680228 | Accuracy: 0.6938775510204082
[2024-01-20 23:15:31,440][flwr][INFO] - CLIENT 4 FIT ROUND 8
[2024-01-20 23:15:52,693][flwr][INFO] - CLIENT 4 END FIT ROUND 8
[2024-01-20 23:16:04,907][root][INFO] - Loss: 1.0280465909412928 | Accuracy: 0.7034813925570228
[2024-01-20 23:16:07,758][flwr][INFO] - CLIENT 4 FIT ROUND 9
[2024-01-20 23:16:29,044][flwr][INFO] - CLIENT 4 END FIT ROUND 9
[2024-01-20 23:16:41,796][root][INFO] - Loss: 1.0434706551688058 | Accuracy: 0.6998799519807923
[2024-01-20 23:16:45,118][flwr][INFO] - CLIENT 4 FIT ROUND 10
[2024-01-20 23:17:06,429][flwr][INFO] - CLIENT 4 END FIT ROUND 10
[2024-01-20 23:17:17,054][root][INFO] - Loss: 1.0758191091673714 | Accuracy: 0.7022809123649459
[2024-01-20 23:17:20,336][flwr][INFO] - CLIENT 4 FIT ROUND 11
[2024-01-20 23:17:41,871][flwr][INFO] - CLIENT 4 END FIT ROUND 11
[2024-01-20 23:17:53,100][root][INFO] - Loss: 1.1827075566564287 | Accuracy: 0.709483793517407
[2024-01-20 23:17:55,621][flwr][INFO] - CLIENT 4 FIT ROUND 12
[2024-01-20 23:18:16,830][flwr][INFO] - CLIENT 4 END FIT ROUND 12
[2024-01-20 23:18:27,994][root][INFO] - Loss: 1.1824846012251717 | Accuracy: 0.7010804321728692
[2024-01-20 23:18:31,262][flwr][INFO] - CLIENT 4 FIT ROUND 13
[2024-01-20 23:18:52,680][flwr][INFO] - CLIENT 4 END FIT ROUND 13
[2024-01-20 23:19:03,070][root][INFO] - Loss: 1.1607583590916224 | Accuracy: 0.7142857142857143
[2024-01-20 23:19:05,826][flwr][INFO] - CLIENT 4 FIT ROUND 14
[2024-01-20 23:19:27,076][flwr][INFO] - CLIENT 4 END FIT ROUND 14
[2024-01-20 23:19:38,333][root][INFO] - Loss: 1.1599594354629517 | Accuracy: 0.7166866746698679
[2024-01-20 23:19:41,360][flwr][INFO] - CLIENT 4 FIT ROUND 15
[2024-01-20 23:20:03,041][flwr][INFO] - CLIENT 4 END FIT ROUND 15
[2024-01-20 23:20:14,080][root][INFO] - Loss: 1.1994936636516027 | Accuracy: 0.7082833133253301
[2024-01-20 23:20:16,685][flwr][INFO] - CLIENT 4 FIT ROUND 16
[2024-01-20 23:20:38,143][flwr][INFO] - CLIENT 4 END FIT ROUND 16
[2024-01-20 23:20:49,674][root][INFO] - Loss: 1.192697354725429 | Accuracy: 0.7190876350540216
[2024-01-20 23:20:52,215][flwr][INFO] - CLIENT 4 FIT ROUND 17
[2024-01-20 23:21:13,881][flwr][INFO] - CLIENT 4 END FIT ROUND 17
[2024-01-20 23:21:24,349][root][INFO] - Loss: 1.2061881678445 | Accuracy: 0.7154861944777912
[2024-01-20 23:21:26,550][flwr][INFO] - CLIENT 4 FIT ROUND 18
[2024-01-20 23:21:47,854][flwr][INFO] - CLIENT 4 END FIT ROUND 18
[2024-01-20 23:21:59,091][root][INFO] - Loss: 1.2874393633433752 | Accuracy: 0.7142857142857143
[2024-01-20 23:22:01,489][flwr][INFO] - CLIENT 4 FIT ROUND 19
[2024-01-20 23:22:22,934][flwr][INFO] - CLIENT 4 END FIT ROUND 19
[2024-01-20 23:22:33,211][root][INFO] - Loss: 1.4311015095029558 | Accuracy: 0.7058823529411765
[2024-01-20 23:22:36,268][flwr][INFO] - CLIENT 4 FIT ROUND 20
[2024-01-20 23:22:57,610][flwr][INFO] - CLIENT 4 END FIT ROUND 20
[2024-01-20 23:23:10,107][root][INFO] - Loss: 1.3008751273155212 | Accuracy: 0.7154861944777912
[2024-01-20 23:23:12,655][flwr][INFO] - CLIENT 4 FIT ROUND 21
[2024-01-20 23:23:34,120][flwr][INFO] - CLIENT 4 END FIT ROUND 21
[2024-01-20 23:23:45,213][root][INFO] - Loss: 1.6542905909674508 | Accuracy: 0.7130852340936374
[2024-01-20 23:23:46,731][flwr][INFO] - CLIENT 4 FIT ROUND 22
[2024-01-20 23:24:07,998][flwr][INFO] - CLIENT 4 END FIT ROUND 22
[2024-01-20 23:24:19,244][root][INFO] - Loss: 1.4454898493630546 | Accuracy: 0.7274909963985594
[2024-01-20 23:24:22,441][flwr][INFO] - CLIENT 4 FIT ROUND 23
[2024-01-20 23:24:44,026][flwr][INFO] - CLIENT 4 END FIT ROUND 23
[2024-01-20 23:24:54,837][root][INFO] - Loss: 1.5415130002158028 | Accuracy: 0.7166866746698679
[2024-01-20 23:24:58,454][flwr][INFO] - CLIENT 4 FIT ROUND 24
[2024-01-20 23:25:19,987][flwr][INFO] - CLIENT 4 END FIT ROUND 24
[2024-01-20 23:25:30,215][root][INFO] - Loss: 1.5948174680982317 | Accuracy: 0.7142857142857143
[2024-01-20 23:25:33,544][flwr][INFO] - CLIENT 4 FIT ROUND 25
[2024-01-20 23:25:54,885][flwr][INFO] - CLIENT 4 END FIT ROUND 25
[2024-01-20 23:26:05,700][root][INFO] - Loss: 1.6889894689832414 | Accuracy: 0.7058823529411765
[2024-01-20 23:26:08,597][flwr][INFO] - CLIENT 4 FIT ROUND 26
[2024-01-20 23:26:29,999][flwr][INFO] - CLIENT 4 END FIT ROUND 26
[2024-01-20 23:26:41,221][root][INFO] - Loss: 1.6666238478251867 | Accuracy: 0.7130852340936374
[2024-01-20 23:26:44,542][flwr][INFO] - CLIENT 4 FIT ROUND 27
[2024-01-20 23:27:05,780][flwr][INFO] - CLIENT 4 END FIT ROUND 27
[2024-01-20 23:27:17,378][root][INFO] - Loss: 1.8523915154593331 | Accuracy: 0.7106842737094838
[2024-01-20 23:27:19,807][flwr][INFO] - CLIENT 4 FIT ROUND 28
[2024-01-20 23:27:41,153][flwr][INFO] - CLIENT 4 END FIT ROUND 28
[2024-01-20 23:27:52,268][root][INFO] - Loss: 1.8613348688398088 | Accuracy: 0.7226890756302521
[2024-01-20 23:27:54,606][flwr][INFO] - CLIENT 4 FIT ROUND 29
[2024-01-20 23:28:16,115][flwr][INFO] - CLIENT 4 END FIT ROUND 29
[2024-01-20 23:28:28,271][root][INFO] - Loss: 1.701875022479466 | Accuracy: 0.7106842737094838
[2024-01-20 23:28:30,689][flwr][INFO] - CLIENT 4 FIT ROUND 30
[2024-01-20 23:28:52,130][flwr][INFO] - CLIENT 4 END FIT ROUND 30
[2024-01-20 23:29:03,524][root][INFO] - Loss: 1.8472975151879447 | Accuracy: 0.7166866746698679
[2024-01-20 23:29:04,217][flwr][DEBUG] - gRPC channel closed
[2024-01-20 23:29:04,217][flwr][INFO] - Disconnect and shut down
