[2024-02-21 21:00:07,907][flwr][WARNING] - 
Setting `min_available_clients` lower than `min_fit_clients` or
`min_evaluate_clients` can cause the server to fail when there are too few clients
connected to the server. `min_available_clients` must be set to a value larger
than or equal to the values of `min_fit_clients` and `min_evaluate_clients`.

[2024-02-21 21:00:07,909][flwr][INFO] - Starting Flower simulation, config: ServerConfig(num_rounds=10, round_timeout=None)
[2024-02-21 21:00:10,578][flwr][INFO] - Flower VCE: Ray initialized with resources: {'memory': 7715759719.0, 'CPU': 8.0, 'object_store_memory': 2147483648.0, 'node:__internal_head__': 1.0, 'node:127.0.0.1': 1.0}
[2024-02-21 21:00:10,579][flwr][INFO] - Optimize your simulation with Flower VCE: https://flower.dev/docs/framework/how-to-run-simulations.html
[2024-02-21 21:00:10,579][flwr][INFO] - Flower VCE: Resources for each Virtual Client: {'num_cpus': 4, 'num_gpus': 0}
[2024-02-21 21:00:10,592][flwr][INFO] - Flower VCE: Creating VirtualClientEngineActorPool with 2 actors
[2024-02-21 21:00:10,593][flwr][INFO] - Initializing global parameters
[2024-02-21 21:00:10,593][flwr][INFO] - Using initial parameters provided by strategy
[2024-02-21 21:00:10,593][flwr][INFO] - Evaluating initial parameters
[2024-02-21 21:00:13,814][flwr][INFO] - initial parameters (loss, other metrics): 0.11527000136375427, {'accuracy': 0.1001}
[2024-02-21 21:00:13,814][flwr][INFO] - FL starting
[2024-02-21 21:00:13,814][flwr][DEBUG] - fit_round 1: strategy sampled 10 clients (out of 100)
[2024-02-21 21:00:35,506][flwr][DEBUG] - fit_round 1 received 10 results and 0 failures
[2024-02-21 21:00:35,513][flwr][WARNING] - No fit_metrics_aggregation_fn provided
[2024-02-21 21:00:38,281][flwr][INFO] - fit progress: (1, 0.11513077538013458, {'accuracy': 0.1092}, 24.468018416)
[2024-02-21 21:00:38,282][flwr][INFO] - evaluate_round 1: no clients selected, cancel
[2024-02-21 21:00:38,282][flwr][DEBUG] - fit_round 2: strategy sampled 10 clients (out of 100)
[2024-02-21 21:00:58,904][flwr][DEBUG] - fit_round 2 received 10 results and 0 failures
[2024-02-21 21:01:01,760][flwr][INFO] - fit progress: (2, 0.11261488997936249, {'accuracy': 0.1745}, 47.947430540999996)
[2024-02-21 21:01:01,760][flwr][INFO] - evaluate_round 2: no clients selected, cancel
[2024-02-21 21:01:01,761][flwr][DEBUG] - fit_round 3: strategy sampled 10 clients (out of 100)
[2024-02-21 21:01:22,358][flwr][DEBUG] - fit_round 3 received 10 results and 0 failures
[2024-02-21 21:01:25,599][flwr][INFO] - fit progress: (3, 0.11207992248535156, {'accuracy': 0.2215}, 71.78666820800001)
[2024-02-21 21:01:25,599][flwr][INFO] - evaluate_round 3: no clients selected, cancel
[2024-02-21 21:01:25,599][flwr][DEBUG] - fit_round 4: strategy sampled 10 clients (out of 100)
[2024-02-21 21:01:54,773][flwr][DEBUG] - fit_round 4 received 10 results and 0 failures
[2024-02-21 21:01:58,641][flwr][INFO] - fit progress: (4, 0.1302794853448868, {'accuracy': 0.2565}, 104.830195875)
[2024-02-21 21:01:58,642][flwr][INFO] - evaluate_round 4: no clients selected, cancel
[2024-02-21 21:01:58,642][flwr][DEBUG] - fit_round 5: strategy sampled 10 clients (out of 100)
