[2024-01-20 22:40:46,742][root][INFO] - 8333 DataSamples Per Clients
[2024-01-20 22:40:47,147][flwr][INFO] - Opened insecure gRPC connection (no certificates were passed)
[2024-01-20 22:40:47,160][flwr][DEBUG] - ChannelConnectivity.IDLE
[2024-01-20 22:40:47,164][flwr][DEBUG] - ChannelConnectivity.READY
[2024-01-20 22:40:54,852][flwr][INFO] - CLIENT 4 FIT ROUND 1
[2024-01-20 22:41:23,454][flwr][INFO] - CLIENT 4 END FIT ROUND 1
[2024-01-20 22:41:33,142][root][INFO] - Loss: 2.303412778036935 | Accuracy: 0.07923169267707082
[2024-01-20 22:41:34,791][flwr][INFO] - CLIENT 4 FIT ROUND 2
[2024-01-20 22:41:54,312][flwr][INFO] - CLIENT 4 END FIT ROUND 2
[2024-01-20 22:42:13,402][root][INFO] - Loss: 2.30492969921657 | Accuracy: 0.09483793517406963
[2024-01-20 22:42:14,488][flwr][INFO] - CLIENT 4 FIT ROUND 3
[2024-01-20 22:42:34,283][flwr][INFO] - CLIENT 4 END FIT ROUND 3
[2024-01-20 22:42:43,088][root][INFO] - Loss: 2.3072114331381663 | Accuracy: 0.12244897959183673
[2024-01-20 22:42:44,167][flwr][INFO] - CLIENT 4 FIT ROUND 4
[2024-01-20 22:43:03,694][flwr][INFO] - CLIENT 4 END FIT ROUND 4
[2024-01-20 22:43:12,088][root][INFO] - Loss: 2.01373028755188 | Accuracy: 0.24369747899159663
[2024-01-20 22:43:14,256][flwr][INFO] - CLIENT 4 FIT ROUND 5
[2024-01-20 22:43:33,925][flwr][INFO] - CLIENT 4 END FIT ROUND 5
[2024-01-20 22:43:44,519][root][INFO] - Loss: 1.6933717897960119 | Accuracy: 0.3577430972388956
[2024-01-20 22:43:46,580][flwr][INFO] - CLIENT 4 FIT ROUND 6
[2024-01-20 22:44:06,015][flwr][INFO] - CLIENT 4 END FIT ROUND 6
[2024-01-20 22:44:15,571][root][INFO] - Loss: 1.6251567602157593 | Accuracy: 0.37815126050420167
[2024-01-20 22:44:16,703][flwr][INFO] - CLIENT 4 FIT ROUND 7
[2024-01-20 22:44:36,132][flwr][INFO] - CLIENT 4 END FIT ROUND 7
[2024-01-20 22:44:44,170][root][INFO] - Loss: 1.549945592880249 | Accuracy: 0.4261704681872749
[2024-01-20 22:44:45,863][flwr][INFO] - CLIENT 4 FIT ROUND 8
[2024-01-20 22:45:05,245][flwr][INFO] - CLIENT 4 END FIT ROUND 8
[2024-01-20 22:45:13,622][root][INFO] - Loss: 1.5094738517488753 | Accuracy: 0.453781512605042
[2024-01-20 22:45:14,796][flwr][INFO] - CLIENT 4 FIT ROUND 9
[2024-01-20 22:45:34,251][flwr][INFO] - CLIENT 4 END FIT ROUND 9
[2024-01-20 22:45:42,450][root][INFO] - Loss: 1.470786350114005 | Accuracy: 0.47058823529411764
[2024-01-20 22:45:44,265][flwr][INFO] - CLIENT 4 FIT ROUND 10
[2024-01-20 22:46:03,562][flwr][INFO] - CLIENT 4 END FIT ROUND 10
[2024-01-20 22:46:13,282][root][INFO] - Loss: 1.467128872871399 | Accuracy: 0.48139255702280914
[2024-01-20 22:46:14,265][flwr][INFO] - CLIENT 4 FIT ROUND 11
[2024-01-20 22:46:33,488][flwr][INFO] - CLIENT 4 END FIT ROUND 11
[2024-01-20 22:46:42,400][root][INFO] - Loss: 1.4373130117143904 | Accuracy: 0.4885954381752701
[2024-01-20 22:46:43,616][flwr][INFO] - CLIENT 4 FIT ROUND 12
[2024-01-20 22:47:02,814][flwr][INFO] - CLIENT 4 END FIT ROUND 12
[2024-01-20 22:47:11,353][root][INFO] - Loss: 1.4391954115458898 | Accuracy: 0.48739495798319327
[2024-01-20 22:47:12,459][flwr][INFO] - CLIENT 4 FIT ROUND 13
[2024-01-20 22:47:31,867][flwr][INFO] - CLIENT 4 END FIT ROUND 13
[2024-01-20 22:47:40,314][root][INFO] - Loss: 1.4072323867252894 | Accuracy: 0.5102040816326531
[2024-01-20 22:47:41,531][flwr][INFO] - CLIENT 4 FIT ROUND 14
[2024-01-20 22:48:00,957][flwr][INFO] - CLIENT 4 END FIT ROUND 14
[2024-01-20 22:48:09,374][root][INFO] - Loss: 1.4402430057525635 | Accuracy: 0.5018007202881153
[2024-01-20 22:48:10,346][flwr][INFO] - CLIENT 4 FIT ROUND 15
[2024-01-20 22:48:29,833][flwr][INFO] - CLIENT 4 END FIT ROUND 15
[2024-01-20 22:48:37,936][root][INFO] - Loss: 1.4550298622676305 | Accuracy: 0.503001200480192
[2024-01-20 22:48:39,324][flwr][INFO] - CLIENT 4 FIT ROUND 16
[2024-01-20 22:48:58,669][flwr][INFO] - CLIENT 4 END FIT ROUND 16
[2024-01-20 22:49:08,197][root][INFO] - Loss: 1.455812999180385 | Accuracy: 0.5138055222088835
[2024-01-20 22:49:09,249][flwr][INFO] - CLIENT 4 FIT ROUND 17
[2024-01-20 22:49:28,697][flwr][INFO] - CLIENT 4 END FIT ROUND 17
[2024-01-20 22:49:36,871][root][INFO] - Loss: 1.4769243512834822 | Accuracy: 0.5054021608643458
[2024-01-20 22:49:38,755][flwr][INFO] - CLIENT 4 FIT ROUND 18
[2024-01-20 22:49:58,375][flwr][INFO] - CLIENT 4 END FIT ROUND 18
[2024-01-20 22:50:06,528][root][INFO] - Loss: 1.4294356788907732 | Accuracy: 0.5078031212484994
[2024-01-20 22:50:07,572][flwr][INFO] - CLIENT 4 FIT ROUND 19
[2024-01-20 22:50:26,875][flwr][INFO] - CLIENT 4 END FIT ROUND 19
[2024-01-20 22:50:35,867][root][INFO] - Loss: 1.4648043257849557 | Accuracy: 0.5114045618247299
[2024-01-20 22:50:37,321][flwr][INFO] - CLIENT 4 FIT ROUND 20
[2024-01-20 22:50:56,518][flwr][INFO] - CLIENT 4 END FIT ROUND 20
[2024-01-20 22:51:04,968][root][INFO] - Loss: 1.470695972442627 | Accuracy: 0.5210084033613446
[2024-01-20 22:51:05,474][flwr][DEBUG] - gRPC channel closed
[2024-01-20 22:51:05,474][flwr][INFO] - Disconnect and shut down
