[2024-01-20 22:40:40,230][root][INFO] - 8333 DataSamples Per Clients
[2024-01-20 22:40:40,600][flwr][INFO] - Starting Flower server, config: ServerConfig(num_rounds=20, round_timeout=None)
[2024-01-20 22:40:40,628][flwr][INFO] - Flower ECE: gRPC server running (20 rounds), SSL is disabled
[2024-01-20 22:40:40,630][flwr][INFO] - Initializing global parameters
[2024-01-20 22:40:40,631][flwr][INFO] - Using initial parameters provided by strategy
[2024-01-20 22:40:40,631][flwr][INFO] - Evaluating initial parameters
[2024-01-20 22:40:53,793][flwr][INFO] - initial parameters (loss, other metrics): 2.302584892586817, {'accuracy': 0.097}
[2024-01-20 22:40:53,795][flwr][INFO] - FL starting
[2024-01-20 22:40:53,798][flwr][DEBUG] - fit_round 1: strategy sampled 6 clients (out of 6)
[2024-01-20 22:41:24,750][flwr][DEBUG] - fit_round 1 received 6 results and 0 failures
[2024-01-20 22:41:26,203][flwr][WARNING] - No fit_metrics_aggregation_fn provided
[2024-01-20 22:41:31,678][flwr][INFO] - fit progress: (1, 2.302613599390923, {'accuracy': 0.1}, 37.882368253000095)
[2024-01-20 22:41:31,679][flwr][DEBUG] - evaluate_round 1: strategy sampled 6 clients (out of 6)
[2024-01-20 22:41:33,659][flwr][DEBUG] - evaluate_round 1 received 6 results and 0 failures
[2024-01-20 22:41:33,659][flwr][DEBUG] - fit_round 2: strategy sampled 6 clients (out of 6)
[2024-01-20 22:42:04,634][flwr][DEBUG] - fit_round 2 received 6 results and 0 failures
[2024-01-20 22:42:10,746][flwr][INFO] - fit progress: (2, 2.303055404107782, {'accuracy': 0.1}, 76.95056649199978)
[2024-01-20 22:42:10,747][flwr][DEBUG] - evaluate_round 2: strategy sampled 6 clients (out of 6)
[2024-01-20 22:42:13,412][flwr][DEBUG] - evaluate_round 2 received 6 results and 0 failures
[2024-01-20 22:42:13,413][flwr][DEBUG] - fit_round 3: strategy sampled 6 clients (out of 6)
[2024-01-20 22:42:34,637][flwr][DEBUG] - fit_round 3 received 6 results and 0 failures
[2024-01-20 22:42:40,829][flwr][INFO] - fit progress: (3, 2.296589537511898, {'accuracy': 0.1189}, 107.03271909800014)
[2024-01-20 22:42:40,829][flwr][DEBUG] - evaluate_round 3: strategy sampled 6 clients (out of 6)
[2024-01-20 22:42:43,098][flwr][DEBUG] - evaluate_round 3 received 6 results and 0 failures
[2024-01-20 22:42:43,098][flwr][DEBUG] - fit_round 4: strategy sampled 6 clients (out of 6)
[2024-01-20 22:43:04,099][flwr][DEBUG] - fit_round 4 received 6 results and 0 failures
[2024-01-20 22:43:10,278][flwr][INFO] - fit progress: (4, 2.0077306198168405, {'accuracy': 0.2364}, 136.48196913999982)
[2024-01-20 22:43:10,279][flwr][DEBUG] - evaluate_round 4: strategy sampled 6 clients (out of 6)
[2024-01-20 22:43:12,974][flwr][DEBUG] - evaluate_round 4 received 6 results and 0 failures
[2024-01-20 22:43:12,975][flwr][DEBUG] - fit_round 5: strategy sampled 6 clients (out of 6)
[2024-01-20 22:43:34,157][flwr][DEBUG] - fit_round 5 received 6 results and 0 failures
[2024-01-20 22:43:42,941][flwr][INFO] - fit progress: (5, 1.7141655562799187, {'accuracy': 0.3525}, 169.14553665599988)
[2024-01-20 22:43:42,942][flwr][DEBUG] - evaluate_round 5: strategy sampled 6 clients (out of 6)
[2024-01-20 22:43:45,753][flwr][DEBUG] - evaluate_round 5 received 6 results and 0 failures
[2024-01-20 22:43:45,754][flwr][DEBUG] - fit_round 6: strategy sampled 6 clients (out of 6)
[2024-01-20 22:44:06,944][flwr][DEBUG] - fit_round 6 received 6 results and 0 failures
[2024-01-20 22:44:12,962][flwr][INFO] - fit progress: (6, 1.615015300014351, {'accuracy': 0.3931}, 199.16652426500013)
[2024-01-20 22:44:12,963][flwr][DEBUG] - evaluate_round 6: strategy sampled 6 clients (out of 6)
[2024-01-20 22:44:15,764][flwr][DEBUG] - evaluate_round 6 received 6 results and 0 failures
[2024-01-20 22:44:15,765][flwr][DEBUG] - fit_round 7: strategy sampled 6 clients (out of 6)
[2024-01-20 22:44:36,720][flwr][DEBUG] - fit_round 7 received 6 results and 0 failures
[2024-01-20 22:44:42,755][flwr][INFO] - fit progress: (7, 1.557483668568768, {'accuracy': 0.42}, 228.9590174189998)
[2024-01-20 22:44:42,756][flwr][DEBUG] - evaluate_round 7: strategy sampled 6 clients (out of 6)
[2024-01-20 22:44:44,980][flwr][DEBUG] - evaluate_round 7 received 6 results and 0 failures
[2024-01-20 22:44:44,981][flwr][DEBUG] - fit_round 8: strategy sampled 6 clients (out of 6)
[2024-01-20 22:45:05,970][flwr][DEBUG] - fit_round 8 received 6 results and 0 failures
[2024-01-20 22:45:11,972][flwr][INFO] - fit progress: (8, 1.5175053831897205, {'accuracy': 0.4439}, 258.1766231490001)
[2024-01-20 22:45:11,973][flwr][DEBUG] - evaluate_round 8: strategy sampled 6 clients (out of 6)
[2024-01-20 22:45:13,943][flwr][DEBUG] - evaluate_round 8 received 6 results and 0 failures
[2024-01-20 22:45:13,944][flwr][DEBUG] - fit_round 9: strategy sampled 6 clients (out of 6)
[2024-01-20 22:45:34,996][flwr][DEBUG] - fit_round 9 received 6 results and 0 failures
[2024-01-20 22:45:40,864][flwr][INFO] - fit progress: (9, 1.4852447585214543, {'accuracy': 0.4605}, 287.0682704840001)
[2024-01-20 22:45:40,865][flwr][DEBUG] - evaluate_round 9: strategy sampled 6 clients (out of 6)
[2024-01-20 22:45:43,325][flwr][DEBUG] - evaluate_round 9 received 6 results and 0 failures
[2024-01-20 22:45:43,326][flwr][DEBUG] - fit_round 10: strategy sampled 6 clients (out of 6)
[2024-01-20 22:46:04,399][flwr][DEBUG] - fit_round 10 received 6 results and 0 failures
[2024-01-20 22:46:11,200][flwr][INFO] - fit progress: (10, 1.469119352630422, {'accuracy': 0.4759}, 317.4036733459998)
[2024-01-20 22:46:11,200][flwr][DEBUG] - evaluate_round 10: strategy sampled 6 clients (out of 6)
[2024-01-20 22:46:13,494][flwr][DEBUG] - evaluate_round 10 received 6 results and 0 failures
[2024-01-20 22:46:13,495][flwr][DEBUG] - fit_round 11: strategy sampled 6 clients (out of 6)
[2024-01-20 22:46:34,504][flwr][DEBUG] - fit_round 11 received 6 results and 0 failures
[2024-01-20 22:46:40,882][flwr][INFO] - fit progress: (11, 1.4565376963796495, {'accuracy': 0.4823}, 347.086206509)
[2024-01-20 22:46:40,883][flwr][DEBUG] - evaluate_round 11: strategy sampled 6 clients (out of 6)
[2024-01-20 22:46:42,544][flwr][DEBUG] - evaluate_round 11 received 6 results and 0 failures
[2024-01-20 22:46:42,545][flwr][DEBUG] - fit_round 12: strategy sampled 6 clients (out of 6)
[2024-01-20 22:47:03,456][flwr][DEBUG] - fit_round 12 received 6 results and 0 failures
[2024-01-20 22:47:09,803][flwr][INFO] - fit progress: (12, 1.4436132062839557, {'accuracy': 0.4856}, 376.007388171)
[2024-01-20 22:47:09,804][flwr][DEBUG] - evaluate_round 12: strategy sampled 6 clients (out of 6)
[2024-01-20 22:47:11,555][flwr][DEBUG] - evaluate_round 12 received 6 results and 0 failures
[2024-01-20 22:47:11,556][flwr][DEBUG] - fit_round 13: strategy sampled 6 clients (out of 6)
[2024-01-20 22:47:32,519][flwr][DEBUG] - fit_round 13 received 6 results and 0 failures
[2024-01-20 22:47:38,860][flwr][INFO] - fit progress: (13, 1.4432208311708667, {'accuracy': 0.4932}, 405.0638790339999)
[2024-01-20 22:47:38,860][flwr][DEBUG] - evaluate_round 13: strategy sampled 6 clients (out of 6)
[2024-01-20 22:47:40,452][flwr][DEBUG] - evaluate_round 13 received 6 results and 0 failures
[2024-01-20 22:47:40,453][flwr][DEBUG] - fit_round 14: strategy sampled 6 clients (out of 6)
[2024-01-20 22:48:01,383][flwr][DEBUG] - fit_round 14 received 6 results and 0 failures
[2024-01-20 22:48:07,507][flwr][INFO] - fit progress: (14, 1.4325863741621185, {'accuracy': 0.4984}, 433.711586591)
[2024-01-20 22:48:07,508][flwr][DEBUG] - evaluate_round 14: strategy sampled 6 clients (out of 6)
[2024-01-20 22:48:09,384][flwr][DEBUG] - evaluate_round 14 received 6 results and 0 failures
[2024-01-20 22:48:09,384][flwr][DEBUG] - fit_round 15: strategy sampled 6 clients (out of 6)
[2024-01-20 22:48:30,223][flwr][DEBUG] - fit_round 15 received 6 results and 0 failures
[2024-01-20 22:48:36,125][flwr][INFO] - fit progress: (15, 1.4388504330115983, {'accuracy': 0.4966}, 462.3286730579998)
[2024-01-20 22:48:36,125][flwr][DEBUG] - evaluate_round 15: strategy sampled 6 clients (out of 6)
[2024-01-20 22:48:38,253][flwr][DEBUG] - evaluate_round 15 received 6 results and 0 failures
[2024-01-20 22:48:38,254][flwr][DEBUG] - fit_round 16: strategy sampled 6 clients (out of 6)
[2024-01-20 22:48:59,171][flwr][DEBUG] - fit_round 16 received 6 results and 0 failures
[2024-01-20 22:49:05,736][flwr][INFO] - fit progress: (16, 1.4315275602702853, {'accuracy': 0.5033}, 491.940062874)
[2024-01-20 22:49:05,737][flwr][DEBUG] - evaluate_round 16: strategy sampled 6 clients (out of 6)
[2024-01-20 22:49:08,248][flwr][DEBUG] - evaluate_round 16 received 6 results and 0 failures
[2024-01-20 22:49:08,249][flwr][DEBUG] - fit_round 17: strategy sampled 6 clients (out of 6)
[2024-01-20 22:49:29,176][flwr][DEBUG] - fit_round 17 received 6 results and 0 failures
[2024-01-20 22:49:35,175][flwr][INFO] - fit progress: (17, 1.4389545057393327, {'accuracy': 0.5074}, 521.3792152149999)
[2024-01-20 22:49:35,176][flwr][DEBUG] - evaluate_round 17: strategy sampled 6 clients (out of 6)
[2024-01-20 22:49:37,757][flwr][DEBUG] - evaluate_round 17 received 6 results and 0 failures
[2024-01-20 22:49:37,758][flwr][DEBUG] - fit_round 18: strategy sampled 6 clients (out of 6)
[2024-01-20 22:49:58,609][flwr][DEBUG] - fit_round 18 received 6 results and 0 failures
[2024-01-20 22:50:04,908][flwr][INFO] - fit progress: (18, 1.4180112367943873, {'accuracy': 0.5125}, 551.1121009039998)
[2024-01-20 22:50:04,909][flwr][DEBUG] - evaluate_round 18: strategy sampled 6 clients (out of 6)
[2024-01-20 22:50:06,563][flwr][DEBUG] - evaluate_round 18 received 6 results and 0 failures
[2024-01-20 22:50:06,564][flwr][DEBUG] - fit_round 19: strategy sampled 6 clients (out of 6)
[2024-01-20 22:50:27,509][flwr][DEBUG] - fit_round 19 received 6 results and 0 failures
[2024-01-20 22:50:34,056][flwr][INFO] - fit progress: (19, 1.4309253496459768, {'accuracy': 0.5161}, 580.2604065320002)
[2024-01-20 22:50:34,057][flwr][DEBUG] - evaluate_round 19: strategy sampled 6 clients (out of 6)
[2024-01-20 22:50:36,301][flwr][DEBUG] - evaluate_round 19 received 6 results and 0 failures
[2024-01-20 22:50:36,302][flwr][DEBUG] - fit_round 20: strategy sampled 6 clients (out of 6)
[2024-01-20 22:50:57,131][flwr][DEBUG] - fit_round 20 received 6 results and 0 failures
[2024-01-20 22:51:03,134][flwr][INFO] - fit progress: (20, 1.439830534065826, {'accuracy': 0.518}, 609.3377264629999)
[2024-01-20 22:51:03,134][flwr][DEBUG] - evaluate_round 20: strategy sampled 6 clients (out of 6)
[2024-01-20 22:51:05,455][flwr][DEBUG] - evaluate_round 20 received 6 results and 0 failures
[2024-01-20 22:51:05,456][flwr][INFO] - FL finished in 611.65997346
[2024-01-20 22:51:05,457][flwr][INFO] - app_fit: losses_distributed [(1, 2.30275559425354), (2, 2.303170919418335), (3, 2.2980377276738486), (4, 2.005094071229299), (5, 1.6981212695439656), (6, 1.6026504238446553), (7, 1.5389093955357869), (8, 1.4962838490804036), (9, 1.4561354716618855), (10, 1.4340775807698567), (11, 1.4190587798754375), (12, 1.4083193341890972), (13, 1.4045014182726543), (14, 1.3960994482040405), (15, 1.419058879216512), (16, 1.4034061034520466), (17, 1.4137935439745586), (18, 1.3980458577473958), (19, 1.4021856188774109), (20, 1.4330491820971172)]
[2024-01-20 22:51:05,458][flwr][INFO] - app_fit: metrics_distributed_fit {}
[2024-01-20 22:51:05,458][flwr][INFO] - app_fit: metrics_distributed {'accuracy': [(1, 0.09703881552621048), (2, 0.09263705482192877), (3, 0.11564625850340136), (4, 0.24069627851140457), (5, 0.3565426170468187), (6, 0.39395758303321327), (7, 0.42817126850740295), (8, 0.45398159263705484), (9, 0.46718687474989995), (10, 0.4827931172468988), (11, 0.48779511804721887), (12, 0.492797118847539), (13, 0.4943977591036415), (14, 0.5038015206082433), (15, 0.5008003201280512), (16, 0.5110044017607043), (17, 0.5070028011204482), (18, 0.5108043217286915), (19, 0.5150060024009604), (20, 0.5186074429771909)]}
[2024-01-20 22:51:05,458][flwr][INFO] - app_fit: losses_centralized [(0, 2.302584892586817), (1, 2.302613599390923), (2, 2.303055404107782), (3, 2.296589537511898), (4, 2.0077306198168405), (5, 1.7141655562799187), (6, 1.615015300014351), (7, 1.557483668568768), (8, 1.5175053831897205), (9, 1.4852447585214543), (10, 1.469119352630422), (11, 1.4565376963796495), (12, 1.4436132062839557), (13, 1.4432208311708667), (14, 1.4325863741621185), (15, 1.4388504330115983), (16, 1.4315275602702853), (17, 1.4389545057393327), (18, 1.4180112367943873), (19, 1.4309253496459768), (20, 1.439830534065826)]
[2024-01-20 22:51:05,459][flwr][INFO] - app_fit: metrics_centralized {'accuracy': [(0, 0.097), (1, 0.1), (2, 0.1), (3, 0.1189), (4, 0.2364), (5, 0.3525), (6, 0.3931), (7, 0.42), (8, 0.4439), (9, 0.4605), (10, 0.4759), (11, 0.4823), (12, 0.4856), (13, 0.4932), (14, 0.4984), (15, 0.4966), (16, 0.5033), (17, 0.5074), (18, 0.5125), (19, 0.5161), (20, 0.518)]}
