[2024-01-20 22:40:46,839][root][INFO] - 8333 DataSamples Per Clients
[2024-01-20 22:40:47,200][flwr][INFO] - Opened insecure gRPC connection (no certificates were passed)
[2024-01-20 22:40:47,246][flwr][DEBUG] - ChannelConnectivity.IDLE
[2024-01-20 22:40:47,250][flwr][DEBUG] - ChannelConnectivity.CONNECTING
[2024-01-20 22:40:47,252][flwr][DEBUG] - ChannelConnectivity.READY
[2024-01-20 22:40:54,515][flwr][INFO] - CLIENT 1 FIT ROUND 1
[2024-01-20 22:41:23,666][flwr][INFO] - CLIENT 1 END FIT ROUND 1
[2024-01-20 22:41:33,647][root][INFO] - Loss: 2.3024323327200755 | Accuracy: 0.09603841536614646
[2024-01-20 22:41:34,810][flwr][INFO] - CLIENT 1 FIT ROUND 2
[2024-01-20 22:42:04,367][flwr][INFO] - CLIENT 1 END FIT ROUND 2
[2024-01-20 22:42:12,338][root][INFO] - Loss: 2.30228134563991 | Accuracy: 0.09243697478991597
[2024-01-20 22:42:14,530][flwr][INFO] - CLIENT 1 FIT ROUND 3
[2024-01-20 22:42:34,217][flwr][INFO] - CLIENT 1 END FIT ROUND 3
[2024-01-20 22:42:42,354][root][INFO] - Loss: 2.2957028661455428 | Accuracy: 0.11644657863145258
[2024-01-20 22:42:43,920][flwr][INFO] - CLIENT 1 FIT ROUND 4
[2024-01-20 22:43:03,346][flwr][INFO] - CLIENT 1 END FIT ROUND 4
[2024-01-20 22:43:12,898][root][INFO] - Loss: 2.029168895312718 | Accuracy: 0.2545018007202881
[2024-01-20 22:43:14,056][flwr][INFO] - CLIENT 1 FIT ROUND 5
[2024-01-20 22:43:33,405][flwr][INFO] - CLIENT 1 END FIT ROUND 5
[2024-01-20 22:43:44,683][root][INFO] - Loss: 1.7281978300639562 | Accuracy: 0.37695078031212487
[2024-01-20 22:43:46,865][flwr][INFO] - CLIENT 1 FIT ROUND 6
[2024-01-20 22:44:06,272][flwr][INFO] - CLIENT 1 END FIT ROUND 6
[2024-01-20 22:44:14,257][root][INFO] - Loss: 1.6450330018997192 | Accuracy: 0.4057623049219688
[2024-01-20 22:44:16,878][flwr][INFO] - CLIENT 1 FIT ROUND 7
[2024-01-20 22:44:36,261][flwr][INFO] - CLIENT 1 END FIT ROUND 7
[2024-01-20 22:44:44,325][root][INFO] - Loss: 1.583651406424386 | Accuracy: 0.4189675870348139
[2024-01-20 22:44:46,062][flwr][INFO] - CLIENT 1 FIT ROUND 8
[2024-01-20 22:45:05,413][flwr][INFO] - CLIENT 1 END FIT ROUND 8
[2024-01-20 22:45:13,486][root][INFO] - Loss: 1.5554139103208269 | Accuracy: 0.45138055222088835
[2024-01-20 22:45:15,023][flwr][INFO] - CLIENT 1 FIT ROUND 9
[2024-01-20 22:45:34,141][flwr][INFO] - CLIENT 1 END FIT ROUND 9
[2024-01-20 22:45:42,376][root][INFO] - Loss: 1.518457395689828 | Accuracy: 0.4477791116446579
[2024-01-20 22:45:44,345][flwr][INFO] - CLIENT 1 FIT ROUND 10
[2024-01-20 22:46:03,520][flwr][INFO] - CLIENT 1 END FIT ROUND 10
[2024-01-20 22:46:13,488][root][INFO] - Loss: 1.4765148673738753 | Accuracy: 0.4837935174069628
[2024-01-20 22:46:14,569][flwr][INFO] - CLIENT 1 FIT ROUND 11
[2024-01-20 22:46:33,809][flwr][INFO] - CLIENT 1 END FIT ROUND 11
[2024-01-20 22:46:42,384][root][INFO] - Loss: 1.4647768224988664 | Accuracy: 0.48139255702280914
[2024-01-20 22:46:43,552][flwr][INFO] - CLIENT 1 FIT ROUND 12
[2024-01-20 22:47:02,818][flwr][INFO] - CLIENT 1 END FIT ROUND 12
[2024-01-20 22:47:11,437][root][INFO] - Loss: 1.4619534185954504 | Accuracy: 0.4789915966386555
[2024-01-20 22:47:12,568][flwr][INFO] - CLIENT 1 FIT ROUND 13
[2024-01-20 22:47:31,829][flwr][INFO] - CLIENT 1 END FIT ROUND 13
[2024-01-20 22:47:40,436][root][INFO] - Loss: 1.4544411046164376 | Accuracy: 0.4909963985594238
[2024-01-20 22:47:41,492][flwr][INFO] - CLIENT 1 FIT ROUND 14
[2024-01-20 22:48:00,919][flwr][INFO] - CLIENT 1 END FIT ROUND 14
[2024-01-20 22:48:09,376][root][INFO] - Loss: 1.4310787234987532 | Accuracy: 0.5018007202881153
[2024-01-20 22:48:10,390][flwr][INFO] - CLIENT 1 FIT ROUND 15
[2024-01-20 22:48:29,840][flwr][INFO] - CLIENT 1 END FIT ROUND 15
[2024-01-20 22:48:37,660][root][INFO] - Loss: 1.4571521793093 | Accuracy: 0.4909963985594238
[2024-01-20 22:48:39,295][flwr][INFO] - CLIENT 1 FIT ROUND 16
[2024-01-20 22:48:58,487][flwr][INFO] - CLIENT 1 END FIT ROUND 16
[2024-01-20 22:49:07,372][root][INFO] - Loss: 1.445844122341701 | Accuracy: 0.5114045618247299
[2024-01-20 22:49:09,270][flwr][INFO] - CLIENT 1 FIT ROUND 17
[2024-01-20 22:49:28,650][flwr][INFO] - CLIENT 1 END FIT ROUND 17
[2024-01-20 22:49:36,837][root][INFO] - Loss: 1.4595879997525896 | Accuracy: 0.5126050420168067
[2024-01-20 22:49:38,727][flwr][INFO] - CLIENT 1 FIT ROUND 18
[2024-01-20 22:49:58,142][flwr][INFO] - CLIENT 1 END FIT ROUND 18
[2024-01-20 22:50:06,339][root][INFO] - Loss: 1.4554907764707292 | Accuracy: 0.5126050420168067
[2024-01-20 22:50:07,573][flwr][INFO] - CLIENT 1 FIT ROUND 19
[2024-01-20 22:50:27,033][flwr][INFO] - CLIENT 1 END FIT ROUND 19
[2024-01-20 22:50:35,596][root][INFO] - Loss: 1.4277146203177316 | Accuracy: 0.5102040816326531
[2024-01-20 22:50:37,376][flwr][INFO] - CLIENT 1 FIT ROUND 20
[2024-01-20 22:50:56,698][flwr][INFO] - CLIENT 1 END FIT ROUND 20
[2024-01-20 22:51:04,784][root][INFO] - Loss: 1.4649619374956404 | Accuracy: 0.5078031212484994
[2024-01-20 22:51:05,475][flwr][DEBUG] - gRPC channel closed
[2024-01-20 22:51:05,476][flwr][INFO] - Disconnect and shut down
