[2023-12-18 17:37:19,048][flwr][WARNING] - 
Setting `min_available_clients` lower than `min_fit_clients` or
`min_evaluate_clients` can cause the server to fail when there are too few clients
connected to the server. `min_available_clients` must be set to a value larger
than or equal to the values of `min_fit_clients` and `min_evaluate_clients`.

[2023-12-18 17:37:19,048][flwr][INFO] - Starting Flower simulation, config: ServerConfig(num_rounds=50, round_timeout=None)
[2023-12-18 17:37:22,894][flwr][INFO] - Flower VCE: Ray initialized with resources: {'memory': 129838613914.0, 'accelerator_type:V100': 1.0, 'CPU': 48.0, 'object_store_memory': 59930834534.0, 'node:172.16.36.8': 1.0, 'GPU': 2.0, 'node:__internal_head__': 1.0}
[2023-12-18 17:37:22,895][flwr][INFO] - Optimize your simulation with Flower VCE: https://flower.dev/docs/framework/how-to-run-simulations.html
[2023-12-18 17:37:22,895][flwr][INFO] - Flower VCE: Resources for each Virtual Client: {'num_cpus': 2, 'num_gpus': 0.25}
[2023-12-18 17:37:22,907][flwr][INFO] - Flower VCE: Creating VirtualClientEngineActorPool with 8 actors
[2023-12-18 17:37:22,907][flwr][INFO] - Initializing global parameters
[2023-12-18 17:37:22,907][flwr][INFO] - Requesting initial parameters from one random client
[2023-12-18 17:37:26,798][flwr][INFO] - Received initial parameters from one random client
[2023-12-18 17:37:26,798][flwr][INFO] - Evaluating initial parameters
[2023-12-18 17:37:30,172][flwr][INFO] - initial parameters (loss, other metrics): 0.11520329518318176, {'accuracy': 0.1}
[2023-12-18 17:37:30,173][flwr][INFO] - FL starting
[2023-12-18 17:37:30,174][flwr][DEBUG] - fit_round 1: strategy sampled 10 clients (out of 100)
[2023-12-18 17:37:52,545][flwr][DEBUG] - fit_round 1 received 10 results and 0 failures
[2023-12-18 17:37:52,564][flwr][WARNING] - No fit_metrics_aggregation_fn provided
[2023-12-18 17:37:55,316][flwr][INFO] - fit progress: (1, 0.11510616540908813, {'accuracy': 0.1085}, 25.142465251999965)
[2023-12-18 17:37:55,316][flwr][DEBUG] - evaluate_round 1: strategy sampled 25 clients (out of 100)
[2023-12-18 17:38:24,653][flwr][DEBUG] - evaluate_round 1 received 25 results and 0 failures
[2023-12-18 17:38:24,654][flwr][WARNING] - No evaluate_metrics_aggregation_fn provided
[2023-12-18 17:38:24,654][flwr][DEBUG] - fit_round 2: strategy sampled 10 clients (out of 100)
[2023-12-18 17:38:37,767][flwr][DEBUG] - fit_round 2 received 10 results and 0 failures
[2023-12-18 17:38:41,077][flwr][INFO] - fit progress: (2, 0.11497662909030915, {'accuracy': 0.1373}, 70.90407621099985)
[2023-12-18 17:38:41,078][flwr][DEBUG] - evaluate_round 2: strategy sampled 25 clients (out of 100)
[2023-12-18 17:39:10,420][flwr][DEBUG] - evaluate_round 2 received 25 results and 0 failures
[2023-12-18 17:39:10,421][flwr][DEBUG] - fit_round 3: strategy sampled 10 clients (out of 100)
[2023-12-18 17:39:23,424][flwr][DEBUG] - fit_round 3 received 10 results and 0 failures
[2023-12-18 17:39:26,189][flwr][INFO] - fit progress: (3, 0.11473385677337647, {'accuracy': 0.1693}, 116.01650200399945)
[2023-12-18 17:39:26,190][flwr][DEBUG] - evaluate_round 3: strategy sampled 25 clients (out of 100)
[2023-12-18 17:39:55,837][flwr][DEBUG] - evaluate_round 3 received 25 results and 0 failures
[2023-12-18 17:39:55,838][flwr][DEBUG] - fit_round 4: strategy sampled 10 clients (out of 100)
[2023-12-18 17:40:09,239][flwr][DEBUG] - fit_round 4 received 10 results and 0 failures
[2023-12-18 17:40:12,000][flwr][INFO] - fit progress: (4, 0.11400109717845917, {'accuracy': 0.1666}, 161.82728714699988)
[2023-12-18 17:40:12,001][flwr][DEBUG] - evaluate_round 4: strategy sampled 25 clients (out of 100)
[2023-12-18 17:40:41,511][flwr][DEBUG] - evaluate_round 4 received 25 results and 0 failures
[2023-12-18 17:40:41,512][flwr][DEBUG] - fit_round 5: strategy sampled 10 clients (out of 100)
[2023-12-18 17:40:54,408][flwr][DEBUG] - fit_round 5 received 10 results and 0 failures
[2023-12-18 17:40:57,749][flwr][INFO] - fit progress: (5, 0.1100460547208786, {'accuracy': 0.208}, 207.5761703469998)
[2023-12-18 17:40:57,750][flwr][DEBUG] - evaluate_round 5: strategy sampled 25 clients (out of 100)
[2023-12-18 17:41:27,276][flwr][DEBUG] - evaluate_round 5 received 25 results and 0 failures
[2023-12-18 17:41:27,277][flwr][DEBUG] - fit_round 6: strategy sampled 10 clients (out of 100)
[2023-12-18 17:41:40,316][flwr][DEBUG] - fit_round 6 received 10 results and 0 failures
[2023-12-18 17:41:43,026][flwr][INFO] - fit progress: (6, 0.10483516670465469, {'accuracy': 0.2551}, 252.85271037099938)
[2023-12-18 17:41:43,026][flwr][DEBUG] - evaluate_round 6: strategy sampled 25 clients (out of 100)
[2023-12-18 17:42:12,578][flwr][DEBUG] - evaluate_round 6 received 25 results and 0 failures
[2023-12-18 17:42:12,579][flwr][DEBUG] - fit_round 7: strategy sampled 10 clients (out of 100)
[2023-12-18 17:42:25,993][flwr][DEBUG] - fit_round 7 received 10 results and 0 failures
[2023-12-18 17:42:28,700][flwr][INFO] - fit progress: (7, 0.10066977174282074, {'accuracy': 0.2891}, 298.5265833549993)
[2023-12-18 17:42:28,700][flwr][DEBUG] - evaluate_round 7: strategy sampled 25 clients (out of 100)
[2023-12-18 17:42:58,042][flwr][DEBUG] - evaluate_round 7 received 25 results and 0 failures
[2023-12-18 17:42:58,043][flwr][DEBUG] - fit_round 8: strategy sampled 10 clients (out of 100)
[2023-12-18 17:43:11,086][flwr][DEBUG] - fit_round 8 received 10 results and 0 failures
[2023-12-18 17:43:14,406][flwr][INFO] - fit progress: (8, 0.09640085709095002, {'accuracy': 0.3095}, 344.23298346699994)
[2023-12-18 17:43:14,407][flwr][DEBUG] - evaluate_round 8: strategy sampled 25 clients (out of 100)
[2023-12-18 17:43:43,517][flwr][DEBUG] - evaluate_round 8 received 25 results and 0 failures
[2023-12-18 17:43:43,518][flwr][DEBUG] - fit_round 9: strategy sampled 10 clients (out of 100)
[2023-12-18 17:43:56,338][flwr][DEBUG] - fit_round 9 received 10 results and 0 failures
[2023-12-18 17:43:59,040][flwr][INFO] - fit progress: (9, 0.0934403116106987, {'accuracy': 0.3291}, 388.86674830599986)
[2023-12-18 17:43:59,040][flwr][DEBUG] - evaluate_round 9: strategy sampled 25 clients (out of 100)
[2023-12-18 17:44:28,419][flwr][DEBUG] - evaluate_round 9 received 25 results and 0 failures
[2023-12-18 17:44:28,420][flwr][DEBUG] - fit_round 10: strategy sampled 10 clients (out of 100)
[2023-12-18 17:44:41,924][flwr][DEBUG] - fit_round 10 received 10 results and 0 failures
[2023-12-18 17:44:44,654][flwr][INFO] - fit progress: (10, 0.09062515714168548, {'accuracy': 0.3458}, 434.48094849099925)
[2023-12-18 17:44:44,654][flwr][DEBUG] - evaluate_round 10: strategy sampled 25 clients (out of 100)
[2023-12-18 17:45:13,773][flwr][DEBUG] - evaluate_round 10 received 25 results and 0 failures
[2023-12-18 17:45:13,773][flwr][DEBUG] - fit_round 11: strategy sampled 10 clients (out of 100)
[2023-12-18 17:45:26,938][flwr][DEBUG] - fit_round 11 received 10 results and 0 failures
[2023-12-18 17:45:29,662][flwr][INFO] - fit progress: (11, 0.08766867393255234, {'accuracy': 0.3649}, 479.4887753989997)
[2023-12-18 17:45:29,662][flwr][DEBUG] - evaluate_round 11: strategy sampled 25 clients (out of 100)
[2023-12-18 17:45:59,327][flwr][DEBUG] - evaluate_round 11 received 25 results and 0 failures
[2023-12-18 17:45:59,328][flwr][DEBUG] - fit_round 12: strategy sampled 10 clients (out of 100)
[2023-12-18 17:46:12,162][flwr][DEBUG] - fit_round 12 received 10 results and 0 failures
[2023-12-18 17:46:14,864][flwr][INFO] - fit progress: (12, 0.08530669581890106, {'accuracy': 0.3821}, 524.6913373469997)
[2023-12-18 17:46:14,865][flwr][DEBUG] - evaluate_round 12: strategy sampled 25 clients (out of 100)
[2023-12-18 17:46:44,344][flwr][DEBUG] - evaluate_round 12 received 25 results and 0 failures
[2023-12-18 17:46:44,345][flwr][DEBUG] - fit_round 13: strategy sampled 10 clients (out of 100)
[2023-12-18 17:46:57,629][flwr][DEBUG] - fit_round 13 received 10 results and 0 failures
[2023-12-18 17:47:00,354][flwr][INFO] - fit progress: (13, 0.08374804846048355, {'accuracy': 0.3913}, 570.1813234189995)
[2023-12-18 17:47:00,355][flwr][DEBUG] - evaluate_round 13: strategy sampled 25 clients (out of 100)
[2023-12-18 17:47:30,033][flwr][DEBUG] - evaluate_round 13 received 25 results and 0 failures
[2023-12-18 17:47:30,034][flwr][DEBUG] - fit_round 14: strategy sampled 10 clients (out of 100)
[2023-12-18 17:47:42,918][flwr][DEBUG] - fit_round 14 received 10 results and 0 failures
[2023-12-18 17:47:45,643][flwr][INFO] - fit progress: (14, 0.08218644771575928, {'accuracy': 0.402}, 615.4703470429995)
[2023-12-18 17:47:45,644][flwr][DEBUG] - evaluate_round 14: strategy sampled 25 clients (out of 100)
[2023-12-18 17:48:15,184][flwr][DEBUG] - evaluate_round 14 received 25 results and 0 failures
[2023-12-18 17:48:15,185][flwr][DEBUG] - fit_round 15: strategy sampled 10 clients (out of 100)
[2023-12-18 17:48:28,609][flwr][DEBUG] - fit_round 15 received 10 results and 0 failures
[2023-12-18 17:48:31,327][flwr][INFO] - fit progress: (15, 0.0808888686299324, {'accuracy': 0.4125}, 661.153674614)
[2023-12-18 17:48:31,327][flwr][DEBUG] - evaluate_round 15: strategy sampled 25 clients (out of 100)
[2023-12-18 17:49:00,552][flwr][DEBUG] - evaluate_round 15 received 25 results and 0 failures
[2023-12-18 17:49:00,553][flwr][DEBUG] - fit_round 16: strategy sampled 10 clients (out of 100)
[2023-12-18 17:49:14,037][flwr][DEBUG] - fit_round 16 received 10 results and 0 failures
[2023-12-18 17:49:16,756][flwr][INFO] - fit progress: (16, 0.07990240749120713, {'accuracy': 0.4235}, 706.5831446729999)
[2023-12-18 17:49:16,757][flwr][DEBUG] - evaluate_round 16: strategy sampled 25 clients (out of 100)
[2023-12-18 17:49:46,473][flwr][DEBUG] - evaluate_round 16 received 25 results and 0 failures
[2023-12-18 17:49:46,474][flwr][DEBUG] - fit_round 17: strategy sampled 10 clients (out of 100)
[2023-12-18 17:49:59,972][flwr][DEBUG] - fit_round 17 received 10 results and 0 failures
[2023-12-18 17:50:02,696][flwr][INFO] - fit progress: (17, 0.07890558753609657, {'accuracy': 0.4313}, 752.5225797100002)
[2023-12-18 17:50:02,696][flwr][DEBUG] - evaluate_round 17: strategy sampled 25 clients (out of 100)
[2023-12-18 17:50:32,213][flwr][DEBUG] - evaluate_round 17 received 25 results and 0 failures
[2023-12-18 17:50:32,214][flwr][DEBUG] - fit_round 18: strategy sampled 10 clients (out of 100)
[2023-12-18 17:50:45,632][flwr][DEBUG] - fit_round 18 received 10 results and 0 failures
[2023-12-18 17:50:48,353][flwr][INFO] - fit progress: (18, 0.07747774109244347, {'accuracy': 0.4406}, 798.1804024349995)
[2023-12-18 17:50:48,354][flwr][DEBUG] - evaluate_round 18: strategy sampled 25 clients (out of 100)
[2023-12-18 17:51:17,968][flwr][DEBUG] - evaluate_round 18 received 25 results and 0 failures
[2023-12-18 17:51:17,968][flwr][DEBUG] - fit_round 19: strategy sampled 10 clients (out of 100)
[2023-12-18 17:51:31,362][flwr][DEBUG] - fit_round 19 received 10 results and 0 failures
[2023-12-18 17:51:34,085][flwr][INFO] - fit progress: (19, 0.07707552235126496, {'accuracy': 0.4474}, 843.9116421879999)
[2023-12-18 17:51:34,085][flwr][DEBUG] - evaluate_round 19: strategy sampled 25 clients (out of 100)
[2023-12-18 17:52:03,408][flwr][DEBUG] - evaluate_round 19 received 25 results and 0 failures
[2023-12-18 17:52:03,408][flwr][DEBUG] - fit_round 20: strategy sampled 10 clients (out of 100)
[2023-12-18 17:52:16,537][flwr][DEBUG] - fit_round 20 received 10 results and 0 failures
[2023-12-18 17:52:19,251][flwr][INFO] - fit progress: (20, 0.07779656084775925, {'accuracy': 0.4492}, 889.0780241009988)
[2023-12-18 17:52:19,251][flwr][DEBUG] - evaluate_round 20: strategy sampled 25 clients (out of 100)
[2023-12-18 17:52:48,629][flwr][DEBUG] - evaluate_round 20 received 25 results and 0 failures
[2023-12-18 17:52:48,630][flwr][DEBUG] - fit_round 21: strategy sampled 10 clients (out of 100)
[2023-12-18 17:53:01,959][flwr][DEBUG] - fit_round 21 received 10 results and 0 failures
[2023-12-18 17:53:04,694][flwr][INFO] - fit progress: (21, 0.0766637200653553, {'accuracy': 0.4616}, 934.5208817599987)
[2023-12-18 17:53:04,694][flwr][DEBUG] - evaluate_round 21: strategy sampled 25 clients (out of 100)
[2023-12-18 17:53:34,122][flwr][DEBUG] - evaluate_round 21 received 25 results and 0 failures
[2023-12-18 17:53:34,122][flwr][DEBUG] - fit_round 22: strategy sampled 10 clients (out of 100)
[2023-12-18 17:53:47,512][flwr][DEBUG] - fit_round 22 received 10 results and 0 failures
[2023-12-18 17:53:50,218][flwr][INFO] - fit progress: (22, 0.0767465389251709, {'accuracy': 0.4621}, 980.0447375089998)
[2023-12-18 17:53:50,218][flwr][DEBUG] - evaluate_round 22: strategy sampled 25 clients (out of 100)
[2023-12-18 17:54:19,766][flwr][DEBUG] - evaluate_round 22 received 25 results and 0 failures
[2023-12-18 17:54:19,766][flwr][DEBUG] - fit_round 23: strategy sampled 10 clients (out of 100)
[2023-12-18 17:54:32,524][flwr][DEBUG] - fit_round 23 received 10 results and 0 failures
[2023-12-18 17:54:35,231][flwr][INFO] - fit progress: (23, 0.07780133740901947, {'accuracy': 0.4696}, 1025.058462938)
[2023-12-18 17:54:35,232][flwr][DEBUG] - evaluate_round 23: strategy sampled 25 clients (out of 100)
[2023-12-18 17:55:04,599][flwr][DEBUG] - evaluate_round 23 received 25 results and 0 failures
[2023-12-18 17:55:04,600][flwr][DEBUG] - fit_round 24: strategy sampled 10 clients (out of 100)
[2023-12-18 17:55:17,612][flwr][DEBUG] - fit_round 24 received 10 results and 0 failures
[2023-12-18 17:55:20,275][flwr][INFO] - fit progress: (24, 0.0781266894698143, {'accuracy': 0.4717}, 1070.1018650340002)
[2023-12-18 17:55:20,275][flwr][DEBUG] - evaluate_round 24: strategy sampled 25 clients (out of 100)
[2023-12-18 17:55:49,321][flwr][DEBUG] - evaluate_round 24 received 25 results and 0 failures
[2023-12-18 17:55:49,322][flwr][DEBUG] - fit_round 25: strategy sampled 10 clients (out of 100)
[2023-12-18 17:56:02,143][flwr][DEBUG] - fit_round 25 received 10 results and 0 failures
[2023-12-18 17:56:04,835][flwr][INFO] - fit progress: (25, 0.0788476354777813, {'accuracy': 0.4743}, 1114.661899706999)
[2023-12-18 17:56:04,835][flwr][DEBUG] - evaluate_round 25: strategy sampled 25 clients (out of 100)
[2023-12-18 17:56:33,996][flwr][DEBUG] - evaluate_round 25 received 25 results and 0 failures
[2023-12-18 17:56:33,996][flwr][DEBUG] - fit_round 26: strategy sampled 10 clients (out of 100)
[2023-12-18 17:56:46,902][flwr][DEBUG] - fit_round 26 received 10 results and 0 failures
[2023-12-18 17:56:49,606][flwr][INFO] - fit progress: (26, 0.08051036179661751, {'accuracy': 0.4757}, 1159.4333851599995)
[2023-12-18 17:56:49,607][flwr][DEBUG] - evaluate_round 26: strategy sampled 25 clients (out of 100)
[2023-12-18 17:57:19,106][flwr][DEBUG] - evaluate_round 26 received 25 results and 0 failures
[2023-12-18 17:57:19,106][flwr][DEBUG] - fit_round 27: strategy sampled 10 clients (out of 100)
[2023-12-18 17:57:32,607][flwr][DEBUG] - fit_round 27 received 10 results and 0 failures
[2023-12-18 17:57:35,962][flwr][INFO] - fit progress: (27, 0.08220000737905503, {'accuracy': 0.475}, 1205.7888570389996)
[2023-12-18 17:57:35,962][flwr][DEBUG] - evaluate_round 27: strategy sampled 25 clients (out of 100)
[2023-12-18 17:58:04,876][flwr][DEBUG] - evaluate_round 27 received 25 results and 0 failures
[2023-12-18 17:58:04,876][flwr][DEBUG] - fit_round 28: strategy sampled 10 clients (out of 100)
[2023-12-18 17:58:17,752][flwr][DEBUG] - fit_round 28 received 10 results and 0 failures
[2023-12-18 17:58:20,455][flwr][INFO] - fit progress: (28, 0.08365498525500298, {'accuracy': 0.4768}, 1250.2822740269994)
[2023-12-18 17:58:20,456][flwr][DEBUG] - evaluate_round 28: strategy sampled 25 clients (out of 100)
[2023-12-18 17:58:49,621][flwr][DEBUG] - evaluate_round 28 received 25 results and 0 failures
[2023-12-18 17:58:49,622][flwr][DEBUG] - fit_round 29: strategy sampled 10 clients (out of 100)
[2023-12-18 17:59:02,549][flwr][DEBUG] - fit_round 29 received 10 results and 0 failures
[2023-12-18 17:59:05,250][flwr][INFO] - fit progress: (29, 0.08605026745200157, {'accuracy': 0.4807}, 1295.0772097149993)
[2023-12-18 17:59:05,251][flwr][DEBUG] - evaluate_round 29: strategy sampled 25 clients (out of 100)
[2023-12-18 17:59:34,209][flwr][DEBUG] - evaluate_round 29 received 25 results and 0 failures
[2023-12-18 17:59:34,209][flwr][DEBUG] - fit_round 30: strategy sampled 10 clients (out of 100)
[2023-12-18 17:59:47,190][flwr][DEBUG] - fit_round 30 received 10 results and 0 failures
[2023-12-18 17:59:49,908][flwr][INFO] - fit progress: (30, 0.08629836000800133, {'accuracy': 0.4736}, 1339.7351236410004)
[2023-12-18 17:59:49,908][flwr][DEBUG] - evaluate_round 30: strategy sampled 25 clients (out of 100)
[2023-12-18 18:00:19,058][flwr][DEBUG] - evaluate_round 30 received 25 results and 0 failures
[2023-12-18 18:00:19,058][flwr][DEBUG] - fit_round 31: strategy sampled 10 clients (out of 100)
[2023-12-18 18:00:32,041][flwr][DEBUG] - fit_round 31 received 10 results and 0 failures
[2023-12-18 18:00:35,325][flwr][INFO] - fit progress: (31, 0.08743825352191925, {'accuracy': 0.4843}, 1385.151597474999)
[2023-12-18 18:00:35,325][flwr][DEBUG] - evaluate_round 31: strategy sampled 25 clients (out of 100)
[2023-12-18 18:01:04,845][flwr][DEBUG] - evaluate_round 31 received 25 results and 0 failures
[2023-12-18 18:01:04,846][flwr][DEBUG] - fit_round 32: strategy sampled 10 clients (out of 100)
[2023-12-18 18:01:17,591][flwr][DEBUG] - fit_round 32 received 10 results and 0 failures
[2023-12-18 18:01:20,297][flwr][INFO] - fit progress: (32, 0.08941101591587067, {'accuracy': 0.4867}, 1430.124178608)
[2023-12-18 18:01:20,298][flwr][DEBUG] - evaluate_round 32: strategy sampled 25 clients (out of 100)
[2023-12-18 18:01:49,621][flwr][DEBUG] - evaluate_round 32 received 25 results and 0 failures
[2023-12-18 18:01:49,622][flwr][DEBUG] - fit_round 33: strategy sampled 10 clients (out of 100)
[2023-12-18 18:02:02,822][flwr][DEBUG] - fit_round 33 received 10 results and 0 failures
[2023-12-18 18:02:05,573][flwr][INFO] - fit progress: (33, 0.08975448606610298, {'accuracy': 0.4792}, 1475.399597617)
[2023-12-18 18:02:05,573][flwr][DEBUG] - evaluate_round 33: strategy sampled 25 clients (out of 100)
[2023-12-18 18:02:35,109][flwr][DEBUG] - evaluate_round 33 received 25 results and 0 failures
[2023-12-18 18:02:35,109][flwr][DEBUG] - fit_round 34: strategy sampled 10 clients (out of 100)
[2023-12-18 18:02:48,148][flwr][DEBUG] - fit_round 34 received 10 results and 0 failures
[2023-12-18 18:02:50,852][flwr][INFO] - fit progress: (34, 0.09172052167057991, {'accuracy': 0.482}, 1520.6790234649989)
[2023-12-18 18:02:50,852][flwr][DEBUG] - evaluate_round 34: strategy sampled 25 clients (out of 100)
[2023-12-18 18:03:20,118][flwr][DEBUG] - evaluate_round 34 received 25 results and 0 failures
[2023-12-18 18:03:20,119][flwr][DEBUG] - fit_round 35: strategy sampled 10 clients (out of 100)
[2023-12-18 18:03:33,317][flwr][DEBUG] - fit_round 35 received 10 results and 0 failures
[2023-12-18 18:03:36,096][flwr][INFO] - fit progress: (35, 0.09474428254365921, {'accuracy': 0.4831}, 1565.9225852709997)
[2023-12-18 18:03:36,096][flwr][DEBUG] - evaluate_round 35: strategy sampled 25 clients (out of 100)
[2023-12-18 18:04:05,359][flwr][DEBUG] - evaluate_round 35 received 25 results and 0 failures
[2023-12-18 18:04:05,360][flwr][DEBUG] - fit_round 36: strategy sampled 10 clients (out of 100)
[2023-12-18 18:04:18,089][flwr][DEBUG] - fit_round 36 received 10 results and 0 failures
[2023-12-18 18:04:20,811][flwr][INFO] - fit progress: (36, 0.09265067926645279, {'accuracy': 0.4785}, 1610.6376631129997)
[2023-12-18 18:04:20,811][flwr][DEBUG] - evaluate_round 36: strategy sampled 25 clients (out of 100)
[2023-12-18 18:04:49,988][flwr][DEBUG] - evaluate_round 36 received 25 results and 0 failures
[2023-12-18 18:04:49,989][flwr][DEBUG] - fit_round 37: strategy sampled 10 clients (out of 100)
[2023-12-18 18:05:03,317][flwr][DEBUG] - fit_round 37 received 10 results and 0 failures
[2023-12-18 18:05:06,040][flwr][INFO] - fit progress: (37, 0.09235209249854087, {'accuracy': 0.4801}, 1655.8667466809993)
[2023-12-18 18:05:06,040][flwr][DEBUG] - evaluate_round 37: strategy sampled 25 clients (out of 100)
[2023-12-18 18:05:35,295][flwr][DEBUG] - evaluate_round 37 received 25 results and 0 failures
[2023-12-18 18:05:35,295][flwr][DEBUG] - fit_round 38: strategy sampled 10 clients (out of 100)
[2023-12-18 18:05:48,102][flwr][DEBUG] - fit_round 38 received 10 results and 0 failures
[2023-12-18 18:05:50,783][flwr][INFO] - fit progress: (38, 0.09522562480568886, {'accuracy': 0.4821}, 1700.6099637839989)
[2023-12-18 18:05:50,783][flwr][DEBUG] - evaluate_round 38: strategy sampled 25 clients (out of 100)
[2023-12-18 18:06:20,108][flwr][DEBUG] - evaluate_round 38 received 25 results and 0 failures
[2023-12-18 18:06:20,108][flwr][DEBUG] - fit_round 39: strategy sampled 10 clients (out of 100)
[2023-12-18 18:06:33,658][flwr][DEBUG] - fit_round 39 received 10 results and 0 failures
[2023-12-18 18:06:36,386][flwr][INFO] - fit progress: (39, 0.09532799643278123, {'accuracy': 0.4853}, 1746.2127072649992)
[2023-12-18 18:06:36,386][flwr][DEBUG] - evaluate_round 39: strategy sampled 25 clients (out of 100)
[2023-12-18 18:07:05,495][flwr][DEBUG] - evaluate_round 39 received 25 results and 0 failures
[2023-12-18 18:07:05,496][flwr][DEBUG] - fit_round 40: strategy sampled 10 clients (out of 100)
[2023-12-18 18:07:18,262][flwr][DEBUG] - fit_round 40 received 10 results and 0 failures
[2023-12-18 18:07:20,938][flwr][INFO] - fit progress: (40, 0.09555270704627038, {'accuracy': 0.4863}, 1790.7649405909988)
[2023-12-18 18:07:20,938][flwr][DEBUG] - evaluate_round 40: strategy sampled 25 clients (out of 100)
[2023-12-18 18:07:50,410][flwr][DEBUG] - evaluate_round 40 received 25 results and 0 failures
[2023-12-18 18:07:50,411][flwr][DEBUG] - fit_round 41: strategy sampled 10 clients (out of 100)
[2023-12-18 18:08:03,310][flwr][DEBUG] - fit_round 41 received 10 results and 0 failures
[2023-12-18 18:08:06,011][flwr][INFO] - fit progress: (41, 0.09455299155116081, {'accuracy': 0.4871}, 1835.8378993659999)
[2023-12-18 18:08:06,011][flwr][DEBUG] - evaluate_round 41: strategy sampled 25 clients (out of 100)
[2023-12-18 18:08:35,669][flwr][DEBUG] - evaluate_round 41 received 25 results and 0 failures
[2023-12-18 18:08:35,670][flwr][DEBUG] - fit_round 42: strategy sampled 10 clients (out of 100)
[2023-12-18 18:08:48,557][flwr][DEBUG] - fit_round 42 received 10 results and 0 failures
[2023-12-18 18:08:51,254][flwr][INFO] - fit progress: (42, 0.09636882992982865, {'accuracy': 0.488}, 1881.0808403339988)
[2023-12-18 18:08:51,254][flwr][DEBUG] - evaluate_round 42: strategy sampled 25 clients (out of 100)
[2023-12-18 18:09:20,501][flwr][DEBUG] - evaluate_round 42 received 25 results and 0 failures
[2023-12-18 18:09:20,501][flwr][DEBUG] - fit_round 43: strategy sampled 10 clients (out of 100)
[2023-12-18 18:09:33,352][flwr][DEBUG] - fit_round 43 received 10 results and 0 failures
[2023-12-18 18:09:36,059][flwr][INFO] - fit progress: (43, 0.09492715283632279, {'accuracy': 0.4915}, 1925.8859799449992)
[2023-12-18 18:09:36,059][flwr][DEBUG] - evaluate_round 43: strategy sampled 25 clients (out of 100)
[2023-12-18 18:10:05,473][flwr][DEBUG] - evaluate_round 43 received 25 results and 0 failures
[2023-12-18 18:10:05,474][flwr][DEBUG] - fit_round 44: strategy sampled 10 clients (out of 100)
[2023-12-18 18:10:18,431][flwr][DEBUG] - fit_round 44 received 10 results and 0 failures
[2023-12-18 18:10:21,129][flwr][INFO] - fit progress: (44, 0.09718961392641068, {'accuracy': 0.4896}, 1970.956300507999)
[2023-12-18 18:10:21,130][flwr][DEBUG] - evaluate_round 44: strategy sampled 25 clients (out of 100)
[2023-12-18 18:10:50,846][flwr][DEBUG] - evaluate_round 44 received 25 results and 0 failures
[2023-12-18 18:10:50,846][flwr][DEBUG] - fit_round 45: strategy sampled 10 clients (out of 100)
[2023-12-18 18:11:03,785][flwr][DEBUG] - fit_round 45 received 10 results and 0 failures
[2023-12-18 18:11:06,490][flwr][INFO] - fit progress: (45, 0.0980706295967102, {'accuracy': 0.4902}, 2016.316745432)
[2023-12-18 18:11:06,490][flwr][DEBUG] - evaluate_round 45: strategy sampled 25 clients (out of 100)
[2023-12-18 18:11:36,073][flwr][DEBUG] - evaluate_round 45 received 25 results and 0 failures
[2023-12-18 18:11:36,074][flwr][DEBUG] - fit_round 46: strategy sampled 10 clients (out of 100)
[2023-12-18 18:11:48,974][flwr][DEBUG] - fit_round 46 received 10 results and 0 failures
[2023-12-18 18:11:51,673][flwr][INFO] - fit progress: (46, 0.09799400556087494, {'accuracy': 0.4863}, 2061.5001685439993)
[2023-12-18 18:11:51,674][flwr][DEBUG] - evaluate_round 46: strategy sampled 25 clients (out of 100)
[2023-12-18 18:12:20,989][flwr][DEBUG] - evaluate_round 46 received 25 results and 0 failures
[2023-12-18 18:12:20,990][flwr][DEBUG] - fit_round 47: strategy sampled 10 clients (out of 100)
[2023-12-18 18:12:34,157][flwr][DEBUG] - fit_round 47 received 10 results and 0 failures
[2023-12-18 18:12:36,866][flwr][INFO] - fit progress: (47, 0.09761400542855263, {'accuracy': 0.4886}, 2106.692773845999)
[2023-12-18 18:12:36,866][flwr][DEBUG] - evaluate_round 47: strategy sampled 25 clients (out of 100)
[2023-12-18 18:13:06,433][flwr][DEBUG] - evaluate_round 47 received 25 results and 0 failures
[2023-12-18 18:13:06,433][flwr][DEBUG] - fit_round 48: strategy sampled 10 clients (out of 100)
[2023-12-18 18:13:19,664][flwr][DEBUG] - fit_round 48 received 10 results and 0 failures
[2023-12-18 18:13:22,368][flwr][INFO] - fit progress: (48, 0.0989389363348484, {'accuracy': 0.4902}, 2152.1954246239993)
[2023-12-18 18:13:22,369][flwr][DEBUG] - evaluate_round 48: strategy sampled 25 clients (out of 100)
[2023-12-18 18:13:51,698][flwr][DEBUG] - evaluate_round 48 received 25 results and 0 failures
[2023-12-18 18:13:51,699][flwr][DEBUG] - fit_round 49: strategy sampled 10 clients (out of 100)
[2023-12-18 18:14:04,427][flwr][DEBUG] - fit_round 49 received 10 results and 0 failures
[2023-12-18 18:14:07,129][flwr][INFO] - fit progress: (49, 0.09859004454016686, {'accuracy': 0.4893}, 2196.9561029669994)
[2023-12-18 18:14:07,130][flwr][DEBUG] - evaluate_round 49: strategy sampled 25 clients (out of 100)
[2023-12-18 18:14:36,559][flwr][DEBUG] - evaluate_round 49 received 25 results and 0 failures
[2023-12-18 18:14:36,560][flwr][DEBUG] - fit_round 50: strategy sampled 10 clients (out of 100)
[2023-12-18 18:14:49,607][flwr][DEBUG] - fit_round 50 received 10 results and 0 failures
[2023-12-18 18:14:52,348][flwr][INFO] - fit progress: (50, 0.10090255778431892, {'accuracy': 0.4864}, 2242.175163113)
[2023-12-18 18:14:52,349][flwr][DEBUG] - evaluate_round 50: strategy sampled 25 clients (out of 100)
[2023-12-18 18:15:21,586][flwr][DEBUG] - evaluate_round 50 received 25 results and 0 failures
[2023-12-18 18:15:21,587][flwr][INFO] - FL finished in 2271.413717884
[2023-12-18 18:15:21,587][flwr][INFO] - app_fit: losses_distributed [(1, 0.13811344928741454), (2, 0.13787892169952395), (3, 0.1376976728439331), (4, 0.1371517391204834), (5, 0.1323570722579956), (6, 0.12577125024795535), (7, 0.1216107538223267), (8, 0.11649116659164427), (9, 0.11134313678741455), (10, 0.11066265964508058), (11, 0.10884702587127684), (12, 0.10628235425949101), (13, 0.10208182420730592), (14, 0.10107435417175295), (15, 0.10010282673835756), (16, 0.09697439203262331), (17, 0.09915653591156007), (18, 0.09665826082229613), (19, 0.09500982131958007), (20, 0.09552401666641233), (21, 0.09435619330406189), (22, 0.09420560336112978), (23, 0.09467798380851747), (24, 0.10129214906692503), (25, 0.09734062280654907), (26, 0.10140073080062868), (27, 0.09992724137306212), (28, 0.10686490526199341), (29, 0.10870945072174071), (30, 0.10453796448707578), (31, 0.11063222441673277), (32, 0.11207247409820557), (33, 0.11535415987968446), (34, 0.107841938495636), (35, 0.11248260841369626), (36, 0.10881526679992677), (37, 0.11097910752296446), (38, 0.11843364639282226), (39, 0.11825525703430176), (40, 0.10882974915504455), (41, 0.11576906719207763), (42, 0.11864313712120056), (43, 0.12267352700233462), (44, 0.11425915412902829), (45, 0.12256917295455932), (46, 0.1222724725723267), (47, 0.12012143936157228), (48, 0.12426920890808107), (49, 0.1257369692325592), (50, 0.12154912462234496)]
[2023-12-18 18:15:21,587][flwr][INFO] - app_fit: metrics_distributed_fit {}
[2023-12-18 18:15:21,587][flwr][INFO] - app_fit: metrics_distributed {}
[2023-12-18 18:15:21,587][flwr][INFO] - app_fit: losses_centralized [(0, 0.11520329518318176), (1, 0.11510616540908813), (2, 0.11497662909030915), (3, 0.11473385677337647), (4, 0.11400109717845917), (5, 0.1100460547208786), (6, 0.10483516670465469), (7, 0.10066977174282074), (8, 0.09640085709095002), (9, 0.0934403116106987), (10, 0.09062515714168548), (11, 0.08766867393255234), (12, 0.08530669581890106), (13, 0.08374804846048355), (14, 0.08218644771575928), (15, 0.0808888686299324), (16, 0.07990240749120713), (17, 0.07890558753609657), (18, 0.07747774109244347), (19, 0.07707552235126496), (20, 0.07779656084775925), (21, 0.0766637200653553), (22, 0.0767465389251709), (23, 0.07780133740901947), (24, 0.0781266894698143), (25, 0.0788476354777813), (26, 0.08051036179661751), (27, 0.08220000737905503), (28, 0.08365498525500298), (29, 0.08605026745200157), (30, 0.08629836000800133), (31, 0.08743825352191925), (32, 0.08941101591587067), (33, 0.08975448606610298), (34, 0.09172052167057991), (35, 0.09474428254365921), (36, 0.09265067926645279), (37, 0.09235209249854087), (38, 0.09522562480568886), (39, 0.09532799643278123), (40, 0.09555270704627038), (41, 0.09455299155116081), (42, 0.09636882992982865), (43, 0.09492715283632279), (44, 0.09718961392641068), (45, 0.0980706295967102), (46, 0.09799400556087494), (47, 0.09761400542855263), (48, 0.0989389363348484), (49, 0.09859004454016686), (50, 0.10090255778431892)]
[2023-12-18 18:15:21,588][flwr][INFO] - app_fit: metrics_centralized {'accuracy': [(0, 0.1), (1, 0.1085), (2, 0.1373), (3, 0.1693), (4, 0.1666), (5, 0.208), (6, 0.2551), (7, 0.2891), (8, 0.3095), (9, 0.3291), (10, 0.3458), (11, 0.3649), (12, 0.3821), (13, 0.3913), (14, 0.402), (15, 0.4125), (16, 0.4235), (17, 0.4313), (18, 0.4406), (19, 0.4474), (20, 0.4492), (21, 0.4616), (22, 0.4621), (23, 0.4696), (24, 0.4717), (25, 0.4743), (26, 0.4757), (27, 0.475), (28, 0.4768), (29, 0.4807), (30, 0.4736), (31, 0.4843), (32, 0.4867), (33, 0.4792), (34, 0.482), (35, 0.4831), (36, 0.4785), (37, 0.4801), (38, 0.4821), (39, 0.4853), (40, 0.4863), (41, 0.4871), (42, 0.488), (43, 0.4915), (44, 0.4896), (45, 0.4902), (46, 0.4863), (47, 0.4886), (48, 0.4902), (49, 0.4893), (50, 0.4864)]}
