[2024-01-20 22:28:41,975][root][INFO] - 8333 DataSamples Per Clients
[2024-01-20 22:28:42,185][flwr][INFO] - Opened insecure gRPC connection (no certificates were passed)
[2024-01-20 22:28:42,337][flwr][DEBUG] - ChannelConnectivity.IDLE
[2024-01-20 22:28:42,351][flwr][DEBUG] - ChannelConnectivity.CONNECTING
[2024-01-20 22:28:42,353][flwr][DEBUG] - ChannelConnectivity.READY
[2024-01-20 22:28:50,788][flwr][INFO] - CLIENT 4 FIT ROUND 1
[2024-01-20 22:29:16,391][flwr][INFO] - CLIENT 4 END FIT ROUND 1
[2024-01-20 22:29:24,233][root][INFO] - Loss: 2.30666937146868 | Accuracy: 0.10324129651860744
[2024-01-20 22:29:24,736][flwr][INFO] - CLIENT 4 FIT ROUND 2
[2024-01-20 22:29:40,408][flwr][INFO] - CLIENT 4 END FIT ROUND 2
[2024-01-20 22:29:47,725][root][INFO] - Loss: 2.322031157357352 | Accuracy: 0.09483793517406963
[2024-01-20 22:29:48,751][flwr][INFO] - CLIENT 4 FIT ROUND 3
[2024-01-20 22:30:04,283][flwr][INFO] - CLIENT 4 END FIT ROUND 3
[2024-01-20 22:30:12,190][root][INFO] - Loss: 2.188921179090227 | Accuracy: 0.16326530612244897
[2024-01-20 22:30:12,777][flwr][INFO] - CLIENT 4 FIT ROUND 4
[2024-01-20 22:30:28,207][flwr][INFO] - CLIENT 4 END FIT ROUND 4
[2024-01-20 22:30:35,329][root][INFO] - Loss: 1.4411378417696272 | Accuracy: 0.5066026410564226
[2024-01-20 22:30:36,174][flwr][INFO] - CLIENT 4 FIT ROUND 5
[2024-01-20 22:30:51,711][flwr][INFO] - CLIENT 4 END FIT ROUND 5
[2024-01-20 22:30:59,269][root][INFO] - Loss: 1.3518477507999964 | Accuracy: 0.5210084033613446
[2024-01-20 22:31:00,171][flwr][INFO] - CLIENT 4 FIT ROUND 6
[2024-01-20 22:31:15,667][flwr][INFO] - CLIENT 4 END FIT ROUND 6
[2024-01-20 22:31:23,437][root][INFO] - Loss: 1.3940268073763167 | Accuracy: 0.5270108043217286
[2024-01-20 22:31:24,418][flwr][INFO] - CLIENT 4 FIT ROUND 7
[2024-01-20 22:31:39,924][flwr][INFO] - CLIENT 4 END FIT ROUND 7
[2024-01-20 22:31:48,221][root][INFO] - Loss: 1.4105948039463587 | Accuracy: 0.5294117647058824
[2024-01-20 22:31:48,707][flwr][INFO] - CLIENT 4 FIT ROUND 8
[2024-01-20 22:32:04,228][flwr][INFO] - CLIENT 4 END FIT ROUND 8
[2024-01-20 22:32:10,983][root][INFO] - Loss: 1.4411303315843855 | Accuracy: 0.5570228091236494
[2024-01-20 22:32:11,949][flwr][INFO] - CLIENT 4 FIT ROUND 9
[2024-01-20 22:32:27,570][flwr][INFO] - CLIENT 4 END FIT ROUND 9
[2024-01-20 22:32:35,311][root][INFO] - Loss: 1.472176534788949 | Accuracy: 0.5294117647058824
[2024-01-20 22:32:36,015][flwr][INFO] - CLIENT 4 FIT ROUND 10
[2024-01-20 22:32:51,524][flwr][INFO] - CLIENT 4 END FIT ROUND 10
[2024-01-20 22:32:59,268][root][INFO] - Loss: 1.4770982606070382 | Accuracy: 0.5522208883553421
[2024-01-20 22:33:00,039][flwr][INFO] - CLIENT 4 FIT ROUND 11
[2024-01-20 22:33:15,405][flwr][INFO] - CLIENT 4 END FIT ROUND 11
[2024-01-20 22:33:21,975][root][INFO] - Loss: 1.5360069615500314 | Accuracy: 0.5414165666266506
[2024-01-20 22:33:23,002][flwr][INFO] - CLIENT 4 FIT ROUND 12
[2024-01-20 22:33:38,634][flwr][INFO] - CLIENT 4 END FIT ROUND 12
[2024-01-20 22:33:45,252][root][INFO] - Loss: 1.5141979115349906 | Accuracy: 0.5474189675870348
[2024-01-20 22:33:45,682][flwr][INFO] - CLIENT 4 FIT ROUND 13
[2024-01-20 22:34:01,001][flwr][INFO] - CLIENT 4 END FIT ROUND 13
[2024-01-20 22:34:08,359][root][INFO] - Loss: 1.592767902782985 | Accuracy: 0.5474189675870348
[2024-01-20 22:34:09,075][flwr][INFO] - CLIENT 4 FIT ROUND 14
[2024-01-20 22:34:24,361][flwr][INFO] - CLIENT 4 END FIT ROUND 14
[2024-01-20 22:34:31,224][root][INFO] - Loss: 1.6513738972800118 | Accuracy: 0.5642256902761105
[2024-01-20 22:34:31,935][flwr][INFO] - CLIENT 4 FIT ROUND 15
[2024-01-20 22:34:47,170][flwr][INFO] - CLIENT 4 END FIT ROUND 15
[2024-01-20 22:34:54,395][root][INFO] - Loss: 1.6648166520254952 | Accuracy: 0.553421368547419
[2024-01-20 22:34:55,115][flwr][INFO] - CLIENT 4 FIT ROUND 16
[2024-01-20 22:35:10,357][flwr][INFO] - CLIENT 4 END FIT ROUND 16
[2024-01-20 22:35:17,871][root][INFO] - Loss: 1.6570844650268555 | Accuracy: 0.553421368547419
[2024-01-20 22:35:18,357][flwr][INFO] - CLIENT 4 FIT ROUND 17
[2024-01-20 22:35:33,763][flwr][INFO] - CLIENT 4 END FIT ROUND 17
[2024-01-20 22:35:41,386][root][INFO] - Loss: 1.8100481033325195 | Accuracy: 0.5510204081632653
[2024-01-20 22:35:41,836][flwr][INFO] - CLIENT 4 FIT ROUND 18
[2024-01-20 22:35:57,202][flwr][INFO] - CLIENT 4 END FIT ROUND 18
[2024-01-20 22:36:04,870][root][INFO] - Loss: 1.7796193020684379 | Accuracy: 0.5402160864345739
[2024-01-20 22:36:05,439][flwr][INFO] - CLIENT 4 FIT ROUND 19
[2024-01-20 22:36:21,518][flwr][INFO] - CLIENT 4 END FIT ROUND 19
[2024-01-20 22:36:28,619][root][INFO] - Loss: 1.824338640485491 | Accuracy: 0.539015606242497
[2024-01-20 22:36:29,604][flwr][INFO] - CLIENT 4 FIT ROUND 20
[2024-01-20 22:36:44,819][flwr][INFO] - CLIENT 4 END FIT ROUND 20
[2024-01-20 22:36:52,296][root][INFO] - Loss: 1.8338230678013392 | Accuracy: 0.5330132052821128
[2024-01-20 22:36:52,415][flwr][DEBUG] - gRPC channel closed
[2024-01-20 22:36:52,416][flwr][INFO] - Disconnect and shut down
