[2024-01-20 22:40:46,812][root][INFO] - 8333 DataSamples Per Clients
[2024-01-20 22:40:47,220][flwr][INFO] - Opened insecure gRPC connection (no certificates were passed)
[2024-01-20 22:40:47,263][flwr][DEBUG] - ChannelConnectivity.IDLE
[2024-01-20 22:40:47,268][flwr][DEBUG] - ChannelConnectivity.CONNECTING
[2024-01-20 22:40:47,269][flwr][DEBUG] - ChannelConnectivity.READY
[2024-01-20 22:40:55,254][flwr][INFO] - CLIENT 0 FIT ROUND 1
[2024-01-20 22:41:24,358][flwr][INFO] - CLIENT 0 END FIT ROUND 1
[2024-01-20 22:41:33,268][root][INFO] - Loss: 2.3025594438825334 | Accuracy: 0.09843937575030012
[2024-01-20 22:41:34,693][flwr][INFO] - CLIENT 0 FIT ROUND 2
[2024-01-20 22:41:58,893][flwr][INFO] - CLIENT 0 END FIT ROUND 2
[2024-01-20 22:42:12,137][root][INFO] - Loss: 2.3025542327335904 | Accuracy: 0.09723889555822329
[2024-01-20 22:42:14,398][flwr][INFO] - CLIENT 0 FIT ROUND 3
[2024-01-20 22:42:33,573][flwr][INFO] - CLIENT 0 END FIT ROUND 3
[2024-01-20 22:42:42,263][root][INFO] - Loss: 2.2933625834328786 | Accuracy: 0.11764705882352941
[2024-01-20 22:42:43,996][flwr][INFO] - CLIENT 0 FIT ROUND 4
[2024-01-20 22:43:03,166][flwr][INFO] - CLIENT 0 END FIT ROUND 4
[2024-01-20 22:43:12,157][root][INFO] - Loss: 1.9908973319189889 | Accuracy: 0.24849939975990396
[2024-01-20 22:43:13,909][flwr][INFO] - CLIENT 0 FIT ROUND 5
[2024-01-20 22:43:33,186][flwr][INFO] - CLIENT 0 END FIT ROUND 5
[2024-01-20 22:43:45,745][root][INFO] - Loss: 1.7067018066133772 | Accuracy: 0.34213685474189676
[2024-01-20 22:43:46,709][flwr][INFO] - CLIENT 0 FIT ROUND 6
[2024-01-20 22:44:06,219][flwr][INFO] - CLIENT 0 END FIT ROUND 6
[2024-01-20 22:44:14,443][root][INFO] - Loss: 1.6090797015598841 | Accuracy: 0.3817527010804322
[2024-01-20 22:44:16,621][flwr][INFO] - CLIENT 0 FIT ROUND 7
[2024-01-20 22:44:35,746][flwr][INFO] - CLIENT 0 END FIT ROUND 7
[2024-01-20 22:44:44,280][root][INFO] - Loss: 1.5455422912325179 | Accuracy: 0.4237695078031212
[2024-01-20 22:44:46,000][flwr][INFO] - CLIENT 0 FIT ROUND 8
[2024-01-20 22:45:05,013][flwr][INFO] - CLIENT 0 END FIT ROUND 8
[2024-01-20 22:45:13,763][root][INFO] - Loss: 1.5072568484715052 | Accuracy: 0.45018007202881155
[2024-01-20 22:45:14,955][flwr][INFO] - CLIENT 0 FIT ROUND 9
[2024-01-20 22:45:33,954][flwr][INFO] - CLIENT 0 END FIT ROUND 9
[2024-01-20 22:45:42,487][root][INFO] - Loss: 1.4691525186811174 | Accuracy: 0.44537815126050423
[2024-01-20 22:45:44,386][flwr][INFO] - CLIENT 0 FIT ROUND 10
[2024-01-20 22:46:03,379][flwr][INFO] - CLIENT 0 END FIT ROUND 10
[2024-01-20 22:46:12,894][root][INFO] - Loss: 1.4590243101119995 | Accuracy: 0.4765906362545018
[2024-01-20 22:46:14,528][flwr][INFO] - CLIENT 0 FIT ROUND 11
[2024-01-20 22:46:33,556][flwr][INFO] - CLIENT 0 END FIT ROUND 11
[2024-01-20 22:46:42,409][root][INFO] - Loss: 1.4437381029129028 | Accuracy: 0.48139255702280914
[2024-01-20 22:46:43,545][flwr][INFO] - CLIENT 0 FIT ROUND 12
[2024-01-20 22:47:02,507][flwr][INFO] - CLIENT 0 END FIT ROUND 12
[2024-01-20 22:47:11,383][root][INFO] - Loss: 1.431607382638114 | Accuracy: 0.4837935174069628
[2024-01-20 22:47:12,641][flwr][INFO] - CLIENT 0 FIT ROUND 13
[2024-01-20 22:47:31,731][flwr][INFO] - CLIENT 0 END FIT ROUND 13
[2024-01-20 22:47:40,215][root][INFO] - Loss: 1.449605941772461 | Accuracy: 0.4657863145258103
[2024-01-20 22:47:41,525][flwr][INFO] - CLIENT 0 FIT ROUND 14
[2024-01-20 22:48:00,783][flwr][INFO] - CLIENT 0 END FIT ROUND 14
[2024-01-20 22:48:09,143][root][INFO] - Loss: 1.4279330117361886 | Accuracy: 0.4897959183673469
[2024-01-20 22:48:10,458][flwr][INFO] - CLIENT 0 FIT ROUND 15
[2024-01-20 22:48:29,685][flwr][INFO] - CLIENT 0 END FIT ROUND 15
[2024-01-20 22:48:37,812][root][INFO] - Loss: 1.4124521017074585 | Accuracy: 0.4837935174069628
[2024-01-20 22:48:39,318][flwr][INFO] - CLIENT 0 FIT ROUND 16
[2024-01-20 22:48:58,578][flwr][INFO] - CLIENT 0 END FIT ROUND 16
[2024-01-20 22:49:07,379][root][INFO] - Loss: 1.4282186542238509 | Accuracy: 0.4849939975990396
[2024-01-20 22:49:09,323][flwr][INFO] - CLIENT 0 FIT ROUND 17
[2024-01-20 22:49:28,503][flwr][INFO] - CLIENT 0 END FIT ROUND 17
[2024-01-20 22:49:36,856][root][INFO] - Loss: 1.4163131032671248 | Accuracy: 0.48139255702280914
[2024-01-20 22:49:38,770][flwr][INFO] - CLIENT 0 FIT ROUND 18
[2024-01-20 22:49:58,058][flwr][INFO] - CLIENT 0 END FIT ROUND 18
[2024-01-20 22:50:06,493][root][INFO] - Loss: 1.4094470058168684 | Accuracy: 0.49459783913565425
[2024-01-20 22:50:07,633][flwr][INFO] - CLIENT 0 FIT ROUND 19
[2024-01-20 22:50:26,789][flwr][INFO] - CLIENT 0 END FIT ROUND 19
[2024-01-20 22:50:36,294][root][INFO] - Loss: 1.423723884991237 | Accuracy: 0.5102040816326531
[2024-01-20 22:50:37,333][flwr][INFO] - CLIENT 0 FIT ROUND 20
[2024-01-20 22:50:56,378][flwr][INFO] - CLIENT 0 END FIT ROUND 20
[2024-01-20 22:51:05,342][root][INFO] - Loss: 1.4548142467226302 | Accuracy: 0.49459783913565425
[2024-01-20 22:51:05,476][flwr][DEBUG] - gRPC channel closed
[2024-01-20 22:51:05,476][flwr][INFO] - Disconnect and shut down
