[2024-01-20 23:35:34,814][root][INFO] - 8333 DataSamples Per Clients
[2024-01-20 23:35:34,945][flwr][INFO] - Opened insecure gRPC connection (no certificates were passed)
[2024-01-20 23:35:35,152][flwr][DEBUG] - ChannelConnectivity.IDLE
[2024-01-20 23:35:35,157][flwr][DEBUG] - ChannelConnectivity.READY
[2024-01-20 23:35:47,016][flwr][INFO] - CLIENT 1 FIT ROUND 1
[2024-01-20 23:36:11,957][flwr][INFO] - CLIENT 1 END FIT ROUND 1
[2024-01-20 23:36:19,286][root][INFO] - Loss: 2.328517811638968 | Accuracy: 0.1056422569027611
[2024-01-20 23:36:20,077][flwr][INFO] - CLIENT 1 FIT ROUND 2
[2024-01-20 23:36:35,698][flwr][INFO] - CLIENT 1 END FIT ROUND 2
[2024-01-20 23:36:42,373][root][INFO] - Loss: 2.317960466657366 | Accuracy: 0.1056422569027611
[2024-01-20 23:36:42,883][flwr][INFO] - CLIENT 1 FIT ROUND 3
[2024-01-20 23:36:58,443][flwr][INFO] - CLIENT 1 END FIT ROUND 3
[2024-01-20 23:37:05,407][root][INFO] - Loss: 1.5969086374555315 | Accuracy: 0.4597839135654262
[2024-01-20 23:37:06,190][flwr][INFO] - CLIENT 1 FIT ROUND 4
[2024-01-20 23:37:21,741][flwr][INFO] - CLIENT 1 END FIT ROUND 4
[2024-01-20 23:37:29,045][root][INFO] - Loss: 1.439427307673863 | Accuracy: 0.5078031212484994
[2024-01-20 23:37:29,508][flwr][INFO] - CLIENT 1 FIT ROUND 5
[2024-01-20 23:37:45,708][flwr][INFO] - CLIENT 1 END FIT ROUND 5
[2024-01-20 23:37:52,422][root][INFO] - Loss: 1.3738901444843836 | Accuracy: 0.539015606242497
[2024-01-20 23:37:53,090][flwr][INFO] - CLIENT 1 FIT ROUND 6
[2024-01-20 23:38:08,553][flwr][INFO] - CLIENT 1 END FIT ROUND 6
[2024-01-20 23:38:15,832][root][INFO] - Loss: 1.329983881541661 | Accuracy: 0.5462184873949579
[2024-01-20 23:38:16,552][flwr][INFO] - CLIENT 1 FIT ROUND 7
[2024-01-20 23:38:31,964][flwr][INFO] - CLIENT 1 END FIT ROUND 7
[2024-01-20 23:38:39,071][root][INFO] - Loss: 1.2714591707502092 | Accuracy: 0.5762304921968787
[2024-01-20 23:38:39,556][flwr][INFO] - CLIENT 1 FIT ROUND 8
[2024-01-20 23:38:55,068][flwr][INFO] - CLIENT 1 END FIT ROUND 8
[2024-01-20 23:39:01,594][root][INFO] - Loss: 1.249022194317409 | Accuracy: 0.595438175270108
[2024-01-20 23:39:02,581][flwr][INFO] - CLIENT 1 FIT ROUND 9
[2024-01-20 23:39:18,011][flwr][INFO] - CLIENT 1 END FIT ROUND 9
[2024-01-20 23:39:25,403][root][INFO] - Loss: 1.278608271053859 | Accuracy: 0.6086434573829532
[2024-01-20 23:39:25,883][flwr][INFO] - CLIENT 1 FIT ROUND 10
[2024-01-20 23:39:41,318][flwr][INFO] - CLIENT 1 END FIT ROUND 10
[2024-01-20 23:39:48,305][root][INFO] - Loss: 1.2308843646730696 | Accuracy: 0.617046818727491
[2024-01-20 23:39:48,994][flwr][INFO] - CLIENT 1 FIT ROUND 11
[2024-01-20 23:40:04,441][flwr][INFO] - CLIENT 1 END FIT ROUND 11
[2024-01-20 23:40:11,446][root][INFO] - Loss: 1.24183988571167 | Accuracy: 0.6146458583433373
[2024-01-20 23:40:11,990][flwr][INFO] - CLIENT 1 FIT ROUND 12
[2024-01-20 23:40:27,362][flwr][INFO] - CLIENT 1 END FIT ROUND 12
[2024-01-20 23:40:33,890][root][INFO] - Loss: 1.2536088398524694 | Accuracy: 0.6182472989195679
[2024-01-20 23:40:34,805][flwr][INFO] - CLIENT 1 FIT ROUND 13
[2024-01-20 23:40:50,284][flwr][INFO] - CLIENT 1 END FIT ROUND 13
[2024-01-20 23:40:56,978][root][INFO] - Loss: 1.249013066291809 | Accuracy: 0.6218487394957983
[2024-01-20 23:40:57,670][flwr][INFO] - CLIENT 1 FIT ROUND 14
[2024-01-20 23:41:13,142][flwr][INFO] - CLIENT 1 END FIT ROUND 14
[2024-01-20 23:41:20,170][root][INFO] - Loss: 1.201592939240592 | Accuracy: 0.6230492196878752
[2024-01-20 23:41:20,675][flwr][INFO] - CLIENT 1 FIT ROUND 15
[2024-01-20 23:41:36,156][flwr][INFO] - CLIENT 1 END FIT ROUND 15
[2024-01-20 23:41:42,650][root][INFO] - Loss: 1.3490966047559465 | Accuracy: 0.6218487394957983
[2024-01-20 23:41:43,708][flwr][INFO] - CLIENT 1 FIT ROUND 16
[2024-01-20 23:41:59,132][flwr][INFO] - CLIENT 1 END FIT ROUND 16
[2024-01-20 23:42:05,669][root][INFO] - Loss: 1.3503174100603377 | Accuracy: 0.6326530612244898
[2024-01-20 23:42:06,601][flwr][INFO] - CLIENT 1 FIT ROUND 17
[2024-01-20 23:42:21,997][flwr][INFO] - CLIENT 1 END FIT ROUND 17
[2024-01-20 23:42:29,773][root][INFO] - Loss: 1.3350739308765955 | Accuracy: 0.6266506602641057
[2024-01-20 23:42:30,240][flwr][INFO] - CLIENT 1 FIT ROUND 18
[2024-01-20 23:42:45,596][flwr][INFO] - CLIENT 1 END FIT ROUND 18
[2024-01-20 23:42:52,216][root][INFO] - Loss: 1.330237695149013 | Accuracy: 0.6362545018007203
[2024-01-20 23:42:52,834][flwr][INFO] - CLIENT 1 FIT ROUND 19
[2024-01-20 23:43:08,772][flwr][INFO] - CLIENT 1 END FIT ROUND 19
[2024-01-20 23:43:15,429][root][INFO] - Loss: 1.349094033241272 | Accuracy: 0.6482593037214885
[2024-01-20 23:43:16,042][flwr][INFO] - CLIENT 1 FIT ROUND 20
[2024-01-20 23:43:31,487][flwr][INFO] - CLIENT 1 END FIT ROUND 20
[2024-01-20 23:43:40,208][root][INFO] - Loss: 1.3474303994859969 | Accuracy: 0.6470588235294118
[2024-01-20 23:43:40,998][flwr][INFO] - CLIENT 1 FIT ROUND 21
[2024-01-20 23:43:56,462][flwr][INFO] - CLIENT 1 END FIT ROUND 21
[2024-01-20 23:44:02,846][root][INFO] - Loss: 1.36465208871024 | Accuracy: 0.6470588235294118
[2024-01-20 23:44:04,063][flwr][INFO] - CLIENT 1 FIT ROUND 22
[2024-01-20 23:44:19,447][flwr][INFO] - CLIENT 1 END FIT ROUND 22
[2024-01-20 23:44:25,795][root][INFO] - Loss: 1.4084820747375488 | Accuracy: 0.6518607442977191
[2024-01-20 23:44:26,804][flwr][INFO] - CLIENT 1 FIT ROUND 23
[2024-01-20 23:44:42,174][flwr][INFO] - CLIENT 1 END FIT ROUND 23
[2024-01-20 23:44:49,254][root][INFO] - Loss: 1.3951893704278129 | Accuracy: 0.6614645858343338
[2024-01-20 23:44:49,713][flwr][INFO] - CLIENT 1 FIT ROUND 24
[2024-01-20 23:45:05,201][flwr][INFO] - CLIENT 1 END FIT ROUND 24
[2024-01-20 23:45:11,761][root][INFO] - Loss: 1.5945427928652083 | Accuracy: 0.5942376950780313
[2024-01-20 23:45:12,519][flwr][INFO] - CLIENT 1 FIT ROUND 25
[2024-01-20 23:45:27,957][flwr][INFO] - CLIENT 1 END FIT ROUND 25
[2024-01-20 23:45:35,063][root][INFO] - Loss: 1.4062903353146143 | Accuracy: 0.6302521008403361
[2024-01-20 23:45:35,545][flwr][INFO] - CLIENT 1 FIT ROUND 26
[2024-01-20 23:45:51,034][flwr][INFO] - CLIENT 1 END FIT ROUND 26
[2024-01-20 23:45:58,963][root][INFO] - Loss: 1.3842960936682565 | Accuracy: 0.6602641056422569
[2024-01-20 23:45:59,431][flwr][INFO] - CLIENT 1 FIT ROUND 27
[2024-01-20 23:46:14,972][flwr][INFO] - CLIENT 1 END FIT ROUND 27
[2024-01-20 23:46:22,171][root][INFO] - Loss: 1.3711083957127161 | Accuracy: 0.6554621848739496
[2024-01-20 23:46:22,643][flwr][INFO] - CLIENT 1 FIT ROUND 28
[2024-01-20 23:46:37,851][flwr][INFO] - CLIENT 1 END FIT ROUND 28
[2024-01-20 23:46:44,614][root][INFO] - Loss: 1.411923612867083 | Accuracy: 0.6506602641056423
[2024-01-20 23:46:45,333][flwr][INFO] - CLIENT 1 FIT ROUND 29
[2024-01-20 23:47:00,816][flwr][INFO] - CLIENT 1 END FIT ROUND 29
[2024-01-20 23:47:08,286][root][INFO] - Loss: 1.4390157461166382 | Accuracy: 0.6494597839135654
[2024-01-20 23:47:08,777][flwr][INFO] - CLIENT 1 FIT ROUND 30
[2024-01-20 23:47:24,726][flwr][INFO] - CLIENT 1 END FIT ROUND 30
[2024-01-20 23:47:31,462][root][INFO] - Loss: 1.5951463494982039 | Accuracy: 0.6482593037214885
[2024-01-20 23:47:31,516][flwr][DEBUG] - gRPC channel closed
[2024-01-20 23:47:31,517][flwr][INFO] - Disconnect and shut down
