[2024-01-20 23:11:07,801][root][INFO] - 8333 DataSamples Per Clients
[2024-01-20 23:11:08,257][flwr][INFO] - Opened insecure gRPC connection (no certificates were passed)
[2024-01-20 23:11:08,279][flwr][DEBUG] - ChannelConnectivity.IDLE
[2024-01-20 23:11:08,282][flwr][DEBUG] - ChannelConnectivity.READY
[2024-01-20 23:11:14,142][flwr][INFO] - CLIENT 0 FIT ROUND 1
[2024-01-20 23:11:44,396][flwr][INFO] - CLIENT 0 END FIT ROUND 1
[2024-01-20 23:11:56,778][root][INFO] - Loss: 2.3029841014317105 | Accuracy: 0.12725090036014405
[2024-01-20 23:12:00,064][flwr][INFO] - CLIENT 0 FIT ROUND 2
[2024-01-20 23:12:21,765][flwr][INFO] - CLIENT 0 END FIT ROUND 2
[2024-01-20 23:12:32,659][root][INFO] - Loss: 1.8294837985719954 | Accuracy: 0.3505402160864346
[2024-01-20 23:12:35,276][flwr][INFO] - CLIENT 0 FIT ROUND 3
[2024-01-20 23:12:56,925][flwr][INFO] - CLIENT 0 END FIT ROUND 3
[2024-01-20 23:13:07,917][root][INFO] - Loss: 1.220338157245091 | Accuracy: 0.5522208883553421
[2024-01-20 23:13:11,132][flwr][INFO] - CLIENT 0 FIT ROUND 4
[2024-01-20 23:13:32,620][flwr][INFO] - CLIENT 0 END FIT ROUND 4
[2024-01-20 23:13:42,912][root][INFO] - Loss: 0.9957664268357413 | Accuracy: 0.6374549819927972
[2024-01-20 23:13:46,277][flwr][INFO] - CLIENT 0 FIT ROUND 5
[2024-01-20 23:14:07,893][flwr][INFO] - CLIENT 0 END FIT ROUND 5
[2024-01-20 23:14:18,795][root][INFO] - Loss: 0.9319602421351841 | Accuracy: 0.6842737094837935
[2024-01-20 23:14:21,487][flwr][INFO] - CLIENT 0 FIT ROUND 6
[2024-01-20 23:14:42,790][flwr][INFO] - CLIENT 0 END FIT ROUND 6
[2024-01-20 23:14:53,829][root][INFO] - Loss: 0.8894963434764317 | Accuracy: 0.7010804321728692
[2024-01-20 23:14:56,199][flwr][INFO] - CLIENT 0 FIT ROUND 7
[2024-01-20 23:15:17,614][flwr][INFO] - CLIENT 0 END FIT ROUND 7
[2024-01-20 23:15:28,756][root][INFO] - Loss: 0.8810258422579084 | Accuracy: 0.7022809123649459
[2024-01-20 23:15:31,278][flwr][INFO] - CLIENT 0 FIT ROUND 8
[2024-01-20 23:15:52,755][flwr][INFO] - CLIENT 0 END FIT ROUND 8
[2024-01-20 23:16:04,912][root][INFO] - Loss: 0.9923721551895142 | Accuracy: 0.7154861944777912
[2024-01-20 23:16:07,168][flwr][INFO] - CLIENT 0 FIT ROUND 9
[2024-01-20 23:16:28,337][flwr][INFO] - CLIENT 0 END FIT ROUND 9
[2024-01-20 23:16:41,519][root][INFO] - Loss: 0.9452103206089565 | Accuracy: 0.7346938775510204
[2024-01-20 23:16:45,219][flwr][INFO] - CLIENT 0 FIT ROUND 10
[2024-01-20 23:17:07,354][flwr][INFO] - CLIENT 0 END FIT ROUND 10
[2024-01-20 23:17:17,806][root][INFO] - Loss: 0.9523412925856454 | Accuracy: 0.7430972388955582
[2024-01-20 23:17:20,167][flwr][INFO] - CLIENT 0 FIT ROUND 11
[2024-01-20 23:17:41,446][flwr][INFO] - CLIENT 0 END FIT ROUND 11
[2024-01-20 23:17:51,871][root][INFO] - Loss: 1.0403786046164376 | Accuracy: 0.7382953181272509
[2024-01-20 23:17:55,519][flwr][INFO] - CLIENT 0 FIT ROUND 12
[2024-01-20 23:18:16,850][flwr][INFO] - CLIENT 0 END FIT ROUND 12
[2024-01-20 23:18:28,532][root][INFO] - Loss: 1.0968902281352453 | Accuracy: 0.7454981992797118
[2024-01-20 23:18:31,058][flwr][INFO] - CLIENT 0 FIT ROUND 13
[2024-01-20 23:18:52,872][flwr][INFO] - CLIENT 0 END FIT ROUND 13
[2024-01-20 23:19:02,848][root][INFO] - Loss: 1.043454110622406 | Accuracy: 0.7478991596638656
[2024-01-20 23:19:06,325][flwr][INFO] - CLIENT 0 FIT ROUND 14
[2024-01-20 23:19:27,655][flwr][INFO] - CLIENT 0 END FIT ROUND 14
[2024-01-20 23:19:38,530][root][INFO] - Loss: 1.0112032720020838 | Accuracy: 0.7490996398559424
[2024-01-20 23:19:41,350][flwr][INFO] - CLIENT 0 FIT ROUND 15
[2024-01-20 23:20:02,875][flwr][INFO] - CLIENT 0 END FIT ROUND 15
[2024-01-20 23:20:14,167][root][INFO] - Loss: 1.0148905515670776 | Accuracy: 0.7466986794717887
[2024-01-20 23:20:16,664][flwr][INFO] - CLIENT 0 FIT ROUND 16
[2024-01-20 23:20:37,952][flwr][INFO] - CLIENT 0 END FIT ROUND 16
[2024-01-20 23:20:49,471][root][INFO] - Loss: 1.0677954639707292 | Accuracy: 0.7442977190876351
[2024-01-20 23:20:52,225][flwr][INFO] - CLIENT 0 FIT ROUND 17
[2024-01-20 23:21:13,543][flwr][INFO] - CLIENT 0 END FIT ROUND 17
[2024-01-20 23:21:24,122][root][INFO] - Loss: 1.0259880380971091 | Accuracy: 0.7551020408163265
[2024-01-20 23:21:27,158][flwr][INFO] - CLIENT 0 FIT ROUND 18
[2024-01-20 23:21:49,001][flwr][INFO] - CLIENT 0 END FIT ROUND 18
[2024-01-20 23:21:59,195][root][INFO] - Loss: 1.0601070012365068 | Accuracy: 0.7527010804321729
[2024-01-20 23:22:00,787][flwr][INFO] - CLIENT 0 FIT ROUND 19
[2024-01-20 23:22:22,087][flwr][INFO] - CLIENT 0 END FIT ROUND 19
[2024-01-20 23:22:33,000][root][INFO] - Loss: 1.1712863189833504 | Accuracy: 0.7611044417767107
[2024-01-20 23:22:36,442][flwr][INFO] - CLIENT 0 FIT ROUND 20
[2024-01-20 23:22:58,100][flwr][INFO] - CLIENT 0 END FIT ROUND 20
[2024-01-20 23:23:09,121][root][INFO] - Loss: 1.1379030857767378 | Accuracy: 0.7430972388955582
[2024-01-20 23:23:12,541][flwr][INFO] - CLIENT 0 FIT ROUND 21
[2024-01-20 23:23:33,952][flwr][INFO] - CLIENT 0 END FIT ROUND 21
[2024-01-20 23:23:44,592][root][INFO] - Loss: 1.3431607484817505 | Accuracy: 0.7563025210084033
[2024-01-20 23:23:47,694][flwr][INFO] - CLIENT 0 FIT ROUND 22
[2024-01-20 23:24:09,115][flwr][INFO] - CLIENT 0 END FIT ROUND 22
[2024-01-20 23:24:19,228][root][INFO] - Loss: 1.2194224170276098 | Accuracy: 0.7575030012004802
[2024-01-20 23:24:22,494][flwr][INFO] - CLIENT 0 FIT ROUND 23
[2024-01-20 23:24:43,994][flwr][INFO] - CLIENT 0 END FIT ROUND 23
[2024-01-20 23:24:54,843][root][INFO] - Loss: 1.3040494748524256 | Accuracy: 0.7599039615846338
[2024-01-20 23:24:58,503][flwr][INFO] - CLIENT 0 FIT ROUND 24
[2024-01-20 23:25:20,164][flwr][INFO] - CLIENT 0 END FIT ROUND 24
[2024-01-20 23:25:31,029][root][INFO] - Loss: 1.463886754853385 | Accuracy: 0.7527010804321729
[2024-01-20 23:25:33,558][flwr][INFO] - CLIENT 0 FIT ROUND 25
[2024-01-20 23:25:55,122][flwr][INFO] - CLIENT 0 END FIT ROUND 25
[2024-01-20 23:26:06,075][root][INFO] - Loss: 1.4541719555854797 | Accuracy: 0.7683073229291717
[2024-01-20 23:26:08,583][flwr][INFO] - CLIENT 0 FIT ROUND 26
[2024-01-20 23:26:30,790][flwr][INFO] - CLIENT 0 END FIT ROUND 26
[2024-01-20 23:26:40,402][root][INFO] - Loss: 1.4806538820266724 | Accuracy: 0.7563025210084033
[2024-01-20 23:26:44,560][flwr][INFO] - CLIENT 0 FIT ROUND 27
[2024-01-20 23:27:06,268][flwr][INFO] - CLIENT 0 END FIT ROUND 27
[2024-01-20 23:27:15,546][root][INFO] - Loss: 1.5431230238505773 | Accuracy: 0.7683073229291717
[2024-01-20 23:27:19,695][flwr][INFO] - CLIENT 0 FIT ROUND 28
[2024-01-20 23:27:41,297][flwr][INFO] - CLIENT 0 END FIT ROUND 28
[2024-01-20 23:27:52,358][root][INFO] - Loss: 1.6062344482966833 | Accuracy: 0.7611044417767107
[2024-01-20 23:27:54,882][flwr][INFO] - CLIENT 0 FIT ROUND 29
[2024-01-20 23:28:16,282][flwr][INFO] - CLIENT 0 END FIT ROUND 29
[2024-01-20 23:28:27,828][root][INFO] - Loss: 1.4848561457225256 | Accuracy: 0.7671068427370948
[2024-01-20 23:28:30,770][flwr][INFO] - CLIENT 0 FIT ROUND 30
[2024-01-20 23:28:52,220][flwr][INFO] - CLIENT 0 END FIT ROUND 30
[2024-01-20 23:29:03,470][root][INFO] - Loss: 1.5689045190811157 | Accuracy: 0.7539015606242497
[2024-01-20 23:29:04,217][flwr][DEBUG] - gRPC channel closed
[2024-01-20 23:29:04,218][flwr][INFO] - Disconnect and shut down
