[2024-01-20 22:55:30,147][root][INFO] - 8333 DataSamples Per Clients
[2024-01-20 22:55:30,553][flwr][INFO] - Opened insecure gRPC connection (no certificates were passed)
[2024-01-20 22:55:30,578][flwr][DEBUG] - ChannelConnectivity.IDLE
[2024-01-20 22:55:30,581][flwr][DEBUG] - ChannelConnectivity.READY
[2024-01-20 22:55:50,146][flwr][INFO] - CLIENT 1 FIT ROUND 1
[2024-01-20 22:56:20,878][flwr][INFO] - CLIENT 1 END FIT ROUND 1
[2024-01-20 22:56:34,297][root][INFO] - Loss: 2.0718623229435513 | Accuracy: 0.2460984393757503
[2024-01-20 22:56:37,382][flwr][INFO] - CLIENT 1 FIT ROUND 2
[2024-01-20 22:56:59,019][flwr][INFO] - CLIENT 1 END FIT ROUND 2
[2024-01-20 22:57:09,557][root][INFO] - Loss: 1.4978909662791662 | Accuracy: 0.46938775510204084
[2024-01-20 22:57:12,511][flwr][INFO] - CLIENT 1 FIT ROUND 3
[2024-01-20 22:57:34,690][flwr][INFO] - CLIENT 1 END FIT ROUND 3
[2024-01-20 22:57:44,649][root][INFO] - Loss: 1.3955226455415999 | Accuracy: 0.517406962785114
[2024-01-20 22:57:47,863][flwr][INFO] - CLIENT 1 FIT ROUND 4
[2024-01-20 22:58:09,788][flwr][INFO] - CLIENT 1 END FIT ROUND 4
[2024-01-20 22:58:19,358][root][INFO] - Loss: 1.3304722479411535 | Accuracy: 0.531812725090036
[2024-01-20 22:58:22,915][flwr][INFO] - CLIENT 1 FIT ROUND 5
[2024-01-20 22:58:44,507][flwr][INFO] - CLIENT 1 END FIT ROUND 5
[2024-01-20 22:58:55,631][root][INFO] - Loss: 1.3555692774908883 | Accuracy: 0.553421368547419
[2024-01-20 22:58:57,863][flwr][INFO] - CLIENT 1 FIT ROUND 6
[2024-01-20 22:59:19,153][flwr][INFO] - CLIENT 1 END FIT ROUND 6
[2024-01-20 22:59:30,341][root][INFO] - Loss: 1.3727901833398002 | Accuracy: 0.5522208883553421
[2024-01-20 22:59:32,761][flwr][INFO] - CLIENT 1 FIT ROUND 7
[2024-01-20 22:59:54,031][flwr][INFO] - CLIENT 1 END FIT ROUND 7
[2024-01-20 23:00:06,231][root][INFO] - Loss: 1.3970693009240287 | Accuracy: 0.5630252100840336
[2024-01-20 23:00:08,503][flwr][INFO] - CLIENT 1 FIT ROUND 8
[2024-01-20 23:00:29,984][flwr][INFO] - CLIENT 1 END FIT ROUND 8
[2024-01-20 23:00:41,255][root][INFO] - Loss: 1.4536299024309431 | Accuracy: 0.5738295318127251
[2024-01-20 23:00:43,080][flwr][INFO] - CLIENT 1 FIT ROUND 9
[2024-01-20 23:01:04,682][flwr][INFO] - CLIENT 1 END FIT ROUND 9
[2024-01-20 23:01:16,442][root][INFO] - Loss: 1.4573825257165092 | Accuracy: 0.581032412965186
[2024-01-20 23:01:18,462][flwr][INFO] - CLIENT 1 FIT ROUND 10
[2024-01-20 23:01:39,743][flwr][INFO] - CLIENT 1 END FIT ROUND 10
[2024-01-20 23:01:50,827][root][INFO] - Loss: 1.5257833685193742 | Accuracy: 0.5714285714285714
[2024-01-20 23:01:52,206][flwr][INFO] - CLIENT 1 FIT ROUND 11
[2024-01-20 23:02:13,357][flwr][INFO] - CLIENT 1 END FIT ROUND 11
[2024-01-20 23:02:25,432][root][INFO] - Loss: 1.5576711211885725 | Accuracy: 0.5906362545018007
[2024-01-20 23:02:28,040][flwr][INFO] - CLIENT 1 FIT ROUND 12
[2024-01-20 23:02:49,286][flwr][INFO] - CLIENT 1 END FIT ROUND 12
[2024-01-20 23:02:59,839][root][INFO] - Loss: 1.5612009423119682 | Accuracy: 0.5894357743097239
[2024-01-20 23:03:02,377][flwr][INFO] - CLIENT 1 FIT ROUND 13
[2024-01-20 23:03:23,663][flwr][INFO] - CLIENT 1 END FIT ROUND 13
[2024-01-20 23:03:34,423][root][INFO] - Loss: 1.6182863371712821 | Accuracy: 0.5882352941176471
[2024-01-20 23:03:38,070][flwr][INFO] - CLIENT 1 FIT ROUND 14
[2024-01-20 23:03:59,510][flwr][INFO] - CLIENT 1 END FIT ROUND 14
[2024-01-20 23:04:09,772][root][INFO] - Loss: 1.6635348285947527 | Accuracy: 0.595438175270108
[2024-01-20 23:04:12,508][flwr][INFO] - CLIENT 1 FIT ROUND 15
[2024-01-20 23:04:33,851][flwr][INFO] - CLIENT 1 END FIT ROUND 15
[2024-01-20 23:04:45,811][root][INFO] - Loss: 1.7340354408536638 | Accuracy: 0.5918367346938775
[2024-01-20 23:04:48,953][flwr][INFO] - CLIENT 1 FIT ROUND 16
[2024-01-20 23:05:10,250][flwr][INFO] - CLIENT 1 END FIT ROUND 16
[2024-01-20 23:05:20,532][root][INFO] - Loss: 1.7255966322762626 | Accuracy: 0.5906362545018007
[2024-01-20 23:05:24,122][flwr][INFO] - CLIENT 1 FIT ROUND 17
[2024-01-20 23:05:45,665][flwr][INFO] - CLIENT 1 END FIT ROUND 17
[2024-01-20 23:05:55,764][root][INFO] - Loss: 1.780674695968628 | Accuracy: 0.5942376950780313
[2024-01-20 23:05:59,141][flwr][INFO] - CLIENT 1 FIT ROUND 18
[2024-01-20 23:06:20,859][flwr][INFO] - CLIENT 1 END FIT ROUND 18
[2024-01-20 23:06:31,164][root][INFO] - Loss: 1.803146277155195 | Accuracy: 0.595438175270108
[2024-01-20 23:06:34,248][flwr][INFO] - CLIENT 1 FIT ROUND 19
[2024-01-20 23:06:55,563][flwr][INFO] - CLIENT 1 END FIT ROUND 19
[2024-01-20 23:07:05,790][root][INFO] - Loss: 1.8469354936054774 | Accuracy: 0.5858343337334934
[2024-01-20 23:07:08,484][flwr][INFO] - CLIENT 1 FIT ROUND 20
[2024-01-20 23:07:29,888][flwr][INFO] - CLIENT 1 END FIT ROUND 20
[2024-01-20 23:07:40,866][root][INFO] - Loss: 1.883285505431039 | Accuracy: 0.5918367346938775
[2024-01-20 23:07:41,423][flwr][DEBUG] - gRPC channel closed
[2024-01-20 23:07:41,423][flwr][INFO] - Disconnect and shut down
