[2024-01-20 22:55:30,138][root][INFO] - 8333 DataSamples Per Clients
[2024-01-20 22:55:30,638][flwr][INFO] - Opened insecure gRPC connection (no certificates were passed)
[2024-01-20 22:55:30,657][flwr][DEBUG] - ChannelConnectivity.IDLE
[2024-01-20 22:55:30,658][flwr][DEBUG] - ChannelConnectivity.CONNECTING
[2024-01-20 22:55:30,662][flwr][DEBUG] - ChannelConnectivity.READY
[2024-01-20 22:55:51,084][flwr][INFO] - CLIENT 0 FIT ROUND 1
[2024-01-20 22:56:21,705][flwr][INFO] - CLIENT 0 END FIT ROUND 1
[2024-01-20 22:56:34,806][root][INFO] - Loss: 2.026735714503697 | Accuracy: 0.25570228091236497
[2024-01-20 22:56:36,606][flwr][INFO] - CLIENT 0 FIT ROUND 2
[2024-01-20 22:56:57,957][flwr][INFO] - CLIENT 0 END FIT ROUND 2
[2024-01-20 22:57:09,915][root][INFO] - Loss: 1.561048882348197 | Accuracy: 0.44537815126050423
[2024-01-20 22:57:11,946][flwr][INFO] - CLIENT 0 FIT ROUND 3
[2024-01-20 22:57:33,535][flwr][INFO] - CLIENT 0 END FIT ROUND 3
[2024-01-20 22:57:43,645][root][INFO] - Loss: 1.4103045122964042 | Accuracy: 0.4969987995198079
[2024-01-20 22:57:47,667][flwr][INFO] - CLIENT 0 FIT ROUND 4
[2024-01-20 22:58:08,999][flwr][INFO] - CLIENT 0 END FIT ROUND 4
[2024-01-20 22:58:19,546][root][INFO] - Loss: 1.3295490060533797 | Accuracy: 0.5294117647058824
[2024-01-20 22:58:22,260][flwr][INFO] - CLIENT 0 FIT ROUND 5
[2024-01-20 22:58:43,617][flwr][INFO] - CLIENT 0 END FIT ROUND 5
[2024-01-20 22:58:54,675][root][INFO] - Loss: 1.3543482337679182 | Accuracy: 0.5618247298919568
[2024-01-20 22:58:57,925][flwr][INFO] - CLIENT 0 FIT ROUND 6
[2024-01-20 22:59:19,665][flwr][INFO] - CLIENT 0 END FIT ROUND 6
[2024-01-20 22:59:29,655][root][INFO] - Loss: 1.343254668372018 | Accuracy: 0.5594237695078031
[2024-01-20 22:59:32,938][flwr][INFO] - CLIENT 0 FIT ROUND 7
[2024-01-20 22:59:54,413][flwr][INFO] - CLIENT 0 END FIT ROUND 7
[2024-01-20 23:00:05,769][root][INFO] - Loss: 1.3885458707809448 | Accuracy: 0.5522208883553421
[2024-01-20 23:00:08,903][flwr][INFO] - CLIENT 0 FIT ROUND 8
[2024-01-20 23:00:30,376][flwr][INFO] - CLIENT 0 END FIT ROUND 8
[2024-01-20 23:00:40,622][root][INFO] - Loss: 1.436599612236023 | Accuracy: 0.5654261704681873
[2024-01-20 23:00:43,732][flwr][INFO] - CLIENT 0 FIT ROUND 9
[2024-01-20 23:01:05,146][flwr][INFO] - CLIENT 0 END FIT ROUND 9
[2024-01-20 23:01:15,376][root][INFO] - Loss: 1.459371907370431 | Accuracy: 0.5702280912364946
[2024-01-20 23:01:19,003][flwr][INFO] - CLIENT 0 FIT ROUND 10
[2024-01-20 23:01:40,468][flwr][INFO] - CLIENT 0 END FIT ROUND 10
[2024-01-20 23:01:50,661][root][INFO] - Loss: 1.493634751864842 | Accuracy: 0.5738295318127251
[2024-01-20 23:01:53,341][flwr][INFO] - CLIENT 0 FIT ROUND 11
[2024-01-20 23:02:14,613][flwr][INFO] - CLIENT 0 END FIT ROUND 11
[2024-01-20 23:02:24,863][root][INFO] - Loss: 1.5620927980967931 | Accuracy: 0.5666266506602641
[2024-01-20 23:02:28,030][flwr][INFO] - CLIENT 0 FIT ROUND 12
[2024-01-20 23:02:49,354][flwr][INFO] - CLIENT 0 END FIT ROUND 12
[2024-01-20 23:03:00,505][root][INFO] - Loss: 1.6411099604197912 | Accuracy: 0.5786314525810324
[2024-01-20 23:03:02,837][flwr][INFO] - CLIENT 0 FIT ROUND 13
[2024-01-20 23:03:24,369][flwr][INFO] - CLIENT 0 END FIT ROUND 13
[2024-01-20 23:03:35,159][root][INFO] - Loss: 1.6789028474262782 | Accuracy: 0.5726290516206483
[2024-01-20 23:03:37,910][flwr][INFO] - CLIENT 0 FIT ROUND 14
[2024-01-20 23:03:59,231][flwr][INFO] - CLIENT 0 END FIT ROUND 14
[2024-01-20 23:04:09,794][root][INFO] - Loss: 1.7160125119345528 | Accuracy: 0.5738295318127251
[2024-01-20 23:04:12,934][flwr][INFO] - CLIENT 0 FIT ROUND 15
[2024-01-20 23:04:34,269][flwr][INFO] - CLIENT 0 END FIT ROUND 15
[2024-01-20 23:04:45,691][root][INFO] - Loss: 1.7635404893330164 | Accuracy: 0.5714285714285714
[2024-01-20 23:04:49,107][flwr][INFO] - CLIENT 0 FIT ROUND 16
[2024-01-20 23:05:10,772][flwr][INFO] - CLIENT 0 END FIT ROUND 16
[2024-01-20 23:05:21,550][root][INFO] - Loss: 1.8434902770178658 | Accuracy: 0.5642256902761105
[2024-01-20 23:05:24,063][flwr][INFO] - CLIENT 0 FIT ROUND 17
[2024-01-20 23:05:45,656][flwr][INFO] - CLIENT 0 END FIT ROUND 17
[2024-01-20 23:05:56,641][root][INFO] - Loss: 1.8697223322732108 | Accuracy: 0.5702280912364946
[2024-01-20 23:05:59,148][flwr][INFO] - CLIENT 0 FIT ROUND 18
[2024-01-20 23:06:20,468][flwr][INFO] - CLIENT 0 END FIT ROUND 18
[2024-01-20 23:06:31,660][root][INFO] - Loss: 1.9766227858407157 | Accuracy: 0.56062424969988
[2024-01-20 23:06:33,760][flwr][INFO] - CLIENT 0 FIT ROUND 19
[2024-01-20 23:06:55,029][flwr][INFO] - CLIENT 0 END FIT ROUND 19
[2024-01-20 23:07:05,955][root][INFO] - Loss: 2.0106548070907593 | Accuracy: 0.5630252100840336
[2024-01-20 23:07:08,215][flwr][INFO] - CLIENT 0 FIT ROUND 20
[2024-01-20 23:07:29,519][flwr][INFO] - CLIENT 0 END FIT ROUND 20
[2024-01-20 23:07:40,887][root][INFO] - Loss: 2.028405257633754 | Accuracy: 0.5678271308523409
[2024-01-20 23:07:41,424][flwr][DEBUG] - gRPC channel closed
[2024-01-20 23:07:41,424][flwr][INFO] - Disconnect and shut down
