[2024-01-20 23:35:35,198][root][INFO] - 8333 DataSamples Per Clients
[2024-01-20 23:35:35,329][flwr][INFO] - Opened insecure gRPC connection (no certificates were passed)
[2024-01-20 23:35:35,484][flwr][DEBUG] - ChannelConnectivity.IDLE
[2024-01-20 23:35:35,486][flwr][DEBUG] - ChannelConnectivity.READY
[2024-01-20 23:35:47,302][flwr][INFO] - CLIENT 2 FIT ROUND 1
[2024-01-20 23:36:11,714][flwr][INFO] - CLIENT 2 END FIT ROUND 1
[2024-01-20 23:36:19,124][root][INFO] - Loss: 2.3276991162981306 | Accuracy: 0.08883553421368548
[2024-01-20 23:36:20,073][flwr][INFO] - CLIENT 2 FIT ROUND 2
[2024-01-20 23:36:35,341][flwr][INFO] - CLIENT 2 END FIT ROUND 2
[2024-01-20 23:36:42,357][root][INFO] - Loss: 2.313441514968872 | Accuracy: 0.08883553421368548
[2024-01-20 23:36:42,959][flwr][INFO] - CLIENT 2 FIT ROUND 3
[2024-01-20 23:36:58,169][flwr][INFO] - CLIENT 2 END FIT ROUND 3
[2024-01-20 23:37:05,448][root][INFO] - Loss: 1.5248648950031825 | Accuracy: 0.45018007202881155
[2024-01-20 23:37:06,247][flwr][INFO] - CLIENT 2 FIT ROUND 4
[2024-01-20 23:37:21,395][flwr][INFO] - CLIENT 2 END FIT ROUND 4
[2024-01-20 23:37:29,045][root][INFO] - Loss: 1.263991458075387 | Accuracy: 0.5438175270108043
[2024-01-20 23:37:29,537][flwr][INFO] - CLIENT 2 FIT ROUND 5
[2024-01-20 23:37:45,503][flwr][INFO] - CLIENT 2 END FIT ROUND 5
[2024-01-20 23:37:52,626][root][INFO] - Loss: 1.2399772916521346 | Accuracy: 0.5642256902761105
[2024-01-20 23:37:53,103][flwr][INFO] - CLIENT 2 FIT ROUND 6
[2024-01-20 23:38:09,387][flwr][INFO] - CLIENT 2 END FIT ROUND 6
[2024-01-20 23:38:16,100][root][INFO] - Loss: 1.2443774087088448 | Accuracy: 0.5714285714285714
[2024-01-20 23:38:16,599][flwr][INFO] - CLIENT 2 FIT ROUND 7
[2024-01-20 23:38:32,070][flwr][INFO] - CLIENT 2 END FIT ROUND 7
[2024-01-20 23:38:38,514][root][INFO] - Loss: 1.2005681991577148 | Accuracy: 0.6086434573829532
[2024-01-20 23:38:39,583][flwr][INFO] - CLIENT 2 FIT ROUND 8
[2024-01-20 23:38:54,934][flwr][INFO] - CLIENT 2 END FIT ROUND 8
[2024-01-20 23:39:01,662][root][INFO] - Loss: 1.1731649807521276 | Accuracy: 0.6194477791116446
[2024-01-20 23:39:02,623][flwr][INFO] - CLIENT 2 FIT ROUND 9
[2024-01-20 23:39:17,865][flwr][INFO] - CLIENT 2 END FIT ROUND 9
[2024-01-20 23:39:25,426][root][INFO] - Loss: 1.1731847013745988 | Accuracy: 0.6230492196878752
[2024-01-20 23:39:25,972][flwr][INFO] - CLIENT 2 FIT ROUND 10
[2024-01-20 23:39:41,230][flwr][INFO] - CLIENT 2 END FIT ROUND 10
[2024-01-20 23:39:48,045][root][INFO] - Loss: 1.156299012047904 | Accuracy: 0.6446578631452581
[2024-01-20 23:39:48,947][flwr][INFO] - CLIENT 2 FIT ROUND 11
[2024-01-20 23:40:04,201][flwr][INFO] - CLIENT 2 END FIT ROUND 11
[2024-01-20 23:40:11,369][root][INFO] - Loss: 1.1351269142968314 | Accuracy: 0.6398559423769508
[2024-01-20 23:40:11,935][flwr][INFO] - CLIENT 2 FIT ROUND 12
[2024-01-20 23:40:27,069][flwr][INFO] - CLIENT 2 END FIT ROUND 12
[2024-01-20 23:40:34,069][root][INFO] - Loss: 1.1139889104025704 | Accuracy: 0.6398559423769508
[2024-01-20 23:40:34,820][flwr][INFO] - CLIENT 2 FIT ROUND 13
[2024-01-20 23:40:49,958][flwr][INFO] - CLIENT 2 END FIT ROUND 13
[2024-01-20 23:40:57,019][root][INFO] - Loss: 1.1815055097852434 | Accuracy: 0.6410564225690276
[2024-01-20 23:40:57,712][flwr][INFO] - CLIENT 2 FIT ROUND 14
[2024-01-20 23:41:12,924][flwr][INFO] - CLIENT 2 END FIT ROUND 14
[2024-01-20 23:41:20,196][root][INFO] - Loss: 1.1410636135510035 | Accuracy: 0.6494597839135654
[2024-01-20 23:41:20,700][flwr][INFO] - CLIENT 2 FIT ROUND 15
[2024-01-20 23:41:36,137][flwr][INFO] - CLIENT 2 END FIT ROUND 15
[2024-01-20 23:41:42,760][root][INFO] - Loss: 1.2121721506118774 | Accuracy: 0.631452581032413
[2024-01-20 23:41:43,677][flwr][INFO] - CLIENT 2 FIT ROUND 16
[2024-01-20 23:41:58,751][flwr][INFO] - CLIENT 2 END FIT ROUND 16
[2024-01-20 23:42:05,660][root][INFO] - Loss: 1.2070870229176112 | Accuracy: 0.6326530612244898
[2024-01-20 23:42:06,556][flwr][INFO] - CLIENT 2 FIT ROUND 17
[2024-01-20 23:42:21,731][flwr][INFO] - CLIENT 2 END FIT ROUND 17
[2024-01-20 23:42:29,460][root][INFO] - Loss: 1.2880195038659232 | Accuracy: 0.6362545018007203
[2024-01-20 23:42:30,211][flwr][INFO] - CLIENT 2 FIT ROUND 18
[2024-01-20 23:42:45,569][flwr][INFO] - CLIENT 2 END FIT ROUND 18
[2024-01-20 23:42:52,304][root][INFO] - Loss: 1.2355200222560339 | Accuracy: 0.6470588235294118
[2024-01-20 23:42:52,851][flwr][INFO] - CLIENT 2 FIT ROUND 19
[2024-01-20 23:43:08,182][flwr][INFO] - CLIENT 2 END FIT ROUND 19
[2024-01-20 23:43:15,173][root][INFO] - Loss: 1.2221244062696184 | Accuracy: 0.6482593037214885
[2024-01-20 23:43:16,023][flwr][INFO] - CLIENT 2 FIT ROUND 20
[2024-01-20 23:43:31,198][flwr][INFO] - CLIENT 2 END FIT ROUND 20
[2024-01-20 23:43:40,518][root][INFO] - Loss: 1.2480737822396415 | Accuracy: 0.6578631452581032
[2024-01-20 23:43:40,995][flwr][INFO] - CLIENT 2 FIT ROUND 21
[2024-01-20 23:43:56,229][flwr][INFO] - CLIENT 2 END FIT ROUND 21
[2024-01-20 23:44:03,235][root][INFO] - Loss: 1.2956947769437517 | Accuracy: 0.6470588235294118
[2024-01-20 23:44:04,040][flwr][INFO] - CLIENT 2 FIT ROUND 22
[2024-01-20 23:44:19,284][flwr][INFO] - CLIENT 2 END FIT ROUND 22
[2024-01-20 23:44:26,130][root][INFO] - Loss: 1.3292686087744576 | Accuracy: 0.6398559423769508
[2024-01-20 23:44:26,831][flwr][INFO] - CLIENT 2 FIT ROUND 23
[2024-01-20 23:44:42,004][flwr][INFO] - CLIENT 2 END FIT ROUND 23
[2024-01-20 23:44:48,864][root][INFO] - Loss: 1.2888192108699255 | Accuracy: 0.6662665066026411
[2024-01-20 23:44:49,748][flwr][INFO] - CLIENT 2 FIT ROUND 24
[2024-01-20 23:45:04,855][flwr][INFO] - CLIENT 2 END FIT ROUND 24
[2024-01-20 23:45:12,036][root][INFO] - Loss: 1.630383116858346 | Accuracy: 0.5990396158463386
[2024-01-20 23:45:12,503][flwr][INFO] - CLIENT 2 FIT ROUND 25
[2024-01-20 23:45:27,425][flwr][INFO] - CLIENT 2 END FIT ROUND 25
[2024-01-20 23:45:34,686][root][INFO] - Loss: 1.3845843757901872 | Accuracy: 0.6446578631452581
[2024-01-20 23:45:35,468][flwr][INFO] - CLIENT 2 FIT ROUND 26
[2024-01-20 23:45:50,426][flwr][INFO] - CLIENT 2 END FIT ROUND 26
[2024-01-20 23:45:58,699][root][INFO] - Loss: 1.3488709926605225 | Accuracy: 0.6494597839135654
[2024-01-20 23:45:59,441][flwr][INFO] - CLIENT 2 FIT ROUND 27
[2024-01-20 23:46:14,336][flwr][INFO] - CLIENT 2 END FIT ROUND 27
[2024-01-20 23:46:21,800][root][INFO] - Loss: 1.3547417947224207 | Accuracy: 0.6650660264105642
[2024-01-20 23:46:22,572][flwr][INFO] - CLIENT 2 FIT ROUND 28
[2024-01-20 23:46:37,542][flwr][INFO] - CLIENT 2 END FIT ROUND 28
[2024-01-20 23:46:44,893][root][INFO] - Loss: 1.4220126356397356 | Accuracy: 0.6470588235294118
[2024-01-20 23:46:45,378][flwr][INFO] - CLIENT 2 FIT ROUND 29
[2024-01-20 23:47:01,258][flwr][INFO] - CLIENT 2 END FIT ROUND 29
[2024-01-20 23:47:07,800][root][INFO] - Loss: 1.3957424334117345 | Accuracy: 0.6482593037214885
[2024-01-20 23:47:08,761][flwr][INFO] - CLIENT 2 FIT ROUND 30
[2024-01-20 23:47:23,795][flwr][INFO] - CLIENT 2 END FIT ROUND 30
[2024-01-20 23:47:31,308][root][INFO] - Loss: 1.4655781473432268 | Accuracy: 0.6410564225690276
[2024-01-20 23:47:31,515][flwr][DEBUG] - gRPC channel closed
[2024-01-20 23:47:31,516][flwr][INFO] - Disconnect and shut down
