[2024-01-20 22:04:50,046][root][INFO] - 8333 DataSamples Per Clients
[2024-01-20 22:04:50,380][flwr][INFO] - Starting Flower server, config: ServerConfig(num_rounds=20, round_timeout=None)
[2024-01-20 22:04:50,407][flwr][INFO] - Flower ECE: gRPC server running (20 rounds), SSL is disabled
[2024-01-20 22:04:50,408][flwr][INFO] - Initializing global parameters
[2024-01-20 22:04:50,408][flwr][INFO] - Using initial parameters provided by strategy
[2024-01-20 22:04:50,408][flwr][INFO] - Evaluating initial parameters
[2024-01-20 22:05:04,891][flwr][INFO] - initial parameters (loss, other metrics): 2.3025848895880827, {'accuracy': 0.0906}
[2024-01-20 22:05:04,893][flwr][INFO] - FL starting
[2024-01-20 22:05:04,895][flwr][DEBUG] - fit_round 1: strategy sampled 6 clients (out of 6)
[2024-01-20 22:05:43,709][flwr][DEBUG] - fit_round 1 received 6 results and 0 failures
[2024-01-20 22:05:44,662][flwr][WARNING] - No fit_metrics_aggregation_fn provided
[2024-01-20 22:05:51,965][flwr][INFO] - fit progress: (1, 2.3032607029957375, {'accuracy': 0.1}, 47.07130530699999)
[2024-01-20 22:05:51,966][flwr][DEBUG] - evaluate_round 1: strategy sampled 6 clients (out of 6)
[2024-01-20 22:05:53,601][flwr][DEBUG] - evaluate_round 1 received 6 results and 0 failures
[2024-01-20 22:05:53,602][flwr][DEBUG] - fit_round 2: strategy sampled 6 clients (out of 6)
[2024-01-20 22:06:17,294][flwr][DEBUG] - fit_round 2 received 6 results and 0 failures
[2024-01-20 22:06:24,241][flwr][INFO] - fit progress: (2, 2.038756527718465, {'accuracy': 0.2331}, 79.34769240900005)
[2024-01-20 22:06:24,242][flwr][DEBUG] - evaluate_round 2: strategy sampled 6 clients (out of 6)
[2024-01-20 22:06:25,781][flwr][DEBUG] - evaluate_round 2 received 6 results and 0 failures
[2024-01-20 22:06:25,782][flwr][DEBUG] - fit_round 3: strategy sampled 6 clients (out of 6)
[2024-01-20 22:06:49,028][flwr][DEBUG] - fit_round 3 received 6 results and 0 failures
[2024-01-20 22:06:55,854][flwr][INFO] - fit progress: (3, 1.7351350419840235, {'accuracy': 0.3309}, 110.96080695800003)
[2024-01-20 22:06:55,855][flwr][DEBUG] - evaluate_round 3: strategy sampled 6 clients (out of 6)
[2024-01-20 22:06:57,393][flwr][DEBUG] - evaluate_round 3 received 6 results and 0 failures
[2024-01-20 22:06:57,394][flwr][DEBUG] - fit_round 4: strategy sampled 6 clients (out of 6)
[2024-01-20 22:07:20,493][flwr][DEBUG] - fit_round 4 received 6 results and 0 failures
[2024-01-20 22:07:27,256][flwr][INFO] - fit progress: (4, 1.6280271050277029, {'accuracy': 0.3886}, 142.36297233200003)
[2024-01-20 22:07:27,257][flwr][DEBUG] - evaluate_round 4: strategy sampled 6 clients (out of 6)
[2024-01-20 22:07:28,785][flwr][DEBUG] - evaluate_round 4 received 6 results and 0 failures
[2024-01-20 22:07:28,786][flwr][DEBUG] - fit_round 5: strategy sampled 6 clients (out of 6)
[2024-01-20 22:07:51,158][flwr][DEBUG] - fit_round 5 received 6 results and 0 failures
[2024-01-20 22:07:57,348][flwr][INFO] - fit progress: (5, 1.5486793176383729, {'accuracy': 0.421}, 172.45471070100007)
[2024-01-20 22:07:57,349][flwr][DEBUG] - evaluate_round 5: strategy sampled 6 clients (out of 6)
[2024-01-20 22:07:58,836][flwr][DEBUG] - evaluate_round 5 received 6 results and 0 failures
[2024-01-20 22:07:58,837][flwr][DEBUG] - fit_round 6: strategy sampled 6 clients (out of 6)
[2024-01-20 22:08:22,145][flwr][DEBUG] - fit_round 6 received 6 results and 0 failures
[2024-01-20 22:08:30,355][flwr][INFO] - fit progress: (6, 1.4892889268838676, {'accuracy': 0.4424}, 205.46151134000002)
[2024-01-20 22:08:30,356][flwr][DEBUG] - evaluate_round 6: strategy sampled 6 clients (out of 6)
[2024-01-20 22:08:31,887][flwr][DEBUG] - evaluate_round 6 received 6 results and 0 failures
[2024-01-20 22:08:31,888][flwr][DEBUG] - fit_round 7: strategy sampled 6 clients (out of 6)
[2024-01-20 22:08:54,014][flwr][DEBUG] - fit_round 7 received 6 results and 0 failures
[2024-01-20 22:09:02,609][flwr][INFO] - fit progress: (7, 1.4425074560627056, {'accuracy': 0.4638}, 237.71581684600005)
[2024-01-20 22:09:02,610][flwr][DEBUG] - evaluate_round 7: strategy sampled 6 clients (out of 6)
[2024-01-20 22:09:04,158][flwr][DEBUG] - evaluate_round 7 received 6 results and 0 failures
[2024-01-20 22:09:04,159][flwr][DEBUG] - fit_round 8: strategy sampled 6 clients (out of 6)
[2024-01-20 22:09:26,362][flwr][DEBUG] - fit_round 8 received 6 results and 0 failures
[2024-01-20 22:09:34,074][flwr][INFO] - fit progress: (8, 1.4117988940257176, {'accuracy': 0.4815}, 269.180873626)
[2024-01-20 22:09:34,075][flwr][DEBUG] - evaluate_round 8: strategy sampled 6 clients (out of 6)
[2024-01-20 22:09:35,615][flwr][DEBUG] - evaluate_round 8 received 6 results and 0 failures
[2024-01-20 22:09:35,616][flwr][DEBUG] - fit_round 9: strategy sampled 6 clients (out of 6)
[2024-01-20 22:09:58,172][flwr][DEBUG] - fit_round 9 received 6 results and 0 failures
[2024-01-20 22:10:05,853][flwr][INFO] - fit progress: (9, 1.396860840214286, {'accuracy': 0.488}, 300.95998239900007)
[2024-01-20 22:10:05,854][flwr][DEBUG] - evaluate_round 9: strategy sampled 6 clients (out of 6)
[2024-01-20 22:10:07,474][flwr][DEBUG] - evaluate_round 9 received 6 results and 0 failures
[2024-01-20 22:10:07,475][flwr][DEBUG] - fit_round 10: strategy sampled 6 clients (out of 6)
[2024-01-20 22:10:29,877][flwr][DEBUG] - fit_round 10 received 6 results and 0 failures
[2024-01-20 22:10:36,147][flwr][INFO] - fit progress: (10, 1.3802821704536488, {'accuracy': 0.4946}, 331.25384811900005)
[2024-01-20 22:10:36,148][flwr][DEBUG] - evaluate_round 10: strategy sampled 6 clients (out of 6)
[2024-01-20 22:10:37,246][flwr][DEBUG] - evaluate_round 10 received 6 results and 0 failures
[2024-01-20 22:10:37,247][flwr][DEBUG] - fit_round 11: strategy sampled 6 clients (out of 6)
[2024-01-20 22:10:58,841][flwr][DEBUG] - fit_round 11 received 6 results and 0 failures
[2024-01-20 22:11:05,276][flwr][INFO] - fit progress: (11, 1.3721863813461013, {'accuracy': 0.4985}, 360.38219261899997)
[2024-01-20 22:11:05,277][flwr][DEBUG] - evaluate_round 11: strategy sampled 6 clients (out of 6)
[2024-01-20 22:11:06,785][flwr][DEBUG] - evaluate_round 11 received 6 results and 0 failures
[2024-01-20 22:11:06,786][flwr][DEBUG] - fit_round 12: strategy sampled 6 clients (out of 6)
[2024-01-20 22:11:28,969][flwr][DEBUG] - fit_round 12 received 6 results and 0 failures
[2024-01-20 22:11:35,126][flwr][INFO] - fit progress: (12, 1.3583190334830315, {'accuracy': 0.5045}, 390.232597049)
[2024-01-20 22:11:35,127][flwr][DEBUG] - evaluate_round 12: strategy sampled 6 clients (out of 6)
[2024-01-20 22:11:36,677][flwr][DEBUG] - evaluate_round 12 received 6 results and 0 failures
[2024-01-20 22:11:36,678][flwr][DEBUG] - fit_round 13: strategy sampled 6 clients (out of 6)
[2024-01-20 22:11:59,364][flwr][DEBUG] - fit_round 13 received 6 results and 0 failures
[2024-01-20 22:12:05,820][flwr][INFO] - fit progress: (13, 1.3380821556042715, {'accuracy': 0.5112}, 420.926647529)
[2024-01-20 22:12:05,821][flwr][DEBUG] - evaluate_round 13: strategy sampled 6 clients (out of 6)
[2024-01-20 22:12:07,520][flwr][DEBUG] - evaluate_round 13 received 6 results and 0 failures
[2024-01-20 22:12:07,521][flwr][DEBUG] - fit_round 14: strategy sampled 6 clients (out of 6)
[2024-01-20 22:12:29,663][flwr][DEBUG] - fit_round 14 received 6 results and 0 failures
[2024-01-20 22:12:37,265][flwr][INFO] - fit progress: (14, 1.3371598113114667, {'accuracy': 0.5119}, 452.37194183300005)
[2024-01-20 22:12:37,266][flwr][DEBUG] - evaluate_round 14: strategy sampled 6 clients (out of 6)
[2024-01-20 22:12:38,802][flwr][DEBUG] - evaluate_round 14 received 6 results and 0 failures
[2024-01-20 22:12:38,803][flwr][DEBUG] - fit_round 15: strategy sampled 6 clients (out of 6)
[2024-01-20 22:13:01,027][flwr][DEBUG] - fit_round 15 received 6 results and 0 failures
[2024-01-20 22:13:08,402][flwr][INFO] - fit progress: (15, 1.3385999692473443, {'accuracy': 0.5163}, 483.508322107)
[2024-01-20 22:13:08,403][flwr][DEBUG] - evaluate_round 15: strategy sampled 6 clients (out of 6)
[2024-01-20 22:13:09,914][flwr][DEBUG] - evaluate_round 15 received 6 results and 0 failures
[2024-01-20 22:13:09,914][flwr][DEBUG] - fit_round 16: strategy sampled 6 clients (out of 6)
[2024-01-20 22:13:32,246][flwr][DEBUG] - fit_round 16 received 6 results and 0 failures
[2024-01-20 22:13:40,384][flwr][INFO] - fit progress: (16, 1.3321557363886742, {'accuracy': 0.5184}, 515.49063511)
[2024-01-20 22:13:40,385][flwr][DEBUG] - evaluate_round 16: strategy sampled 6 clients (out of 6)
[2024-01-20 22:13:41,878][flwr][DEBUG] - evaluate_round 16 received 6 results and 0 failures
[2024-01-20 22:13:41,879][flwr][DEBUG] - fit_round 17: strategy sampled 6 clients (out of 6)
[2024-01-20 22:14:03,917][flwr][DEBUG] - fit_round 17 received 6 results and 0 failures
[2024-01-20 22:14:11,344][flwr][INFO] - fit progress: (17, 1.3264540346564762, {'accuracy': 0.521}, 546.450995608)
[2024-01-20 22:14:11,346][flwr][DEBUG] - evaluate_round 17: strategy sampled 6 clients (out of 6)
[2024-01-20 22:14:12,857][flwr][DEBUG] - evaluate_round 17 received 6 results and 0 failures
[2024-01-20 22:14:12,858][flwr][DEBUG] - fit_round 18: strategy sampled 6 clients (out of 6)
[2024-01-20 22:14:35,210][flwr][DEBUG] - fit_round 18 received 6 results and 0 failures
[2024-01-20 22:14:41,642][flwr][INFO] - fit progress: (18, 1.3242936601304705, {'accuracy': 0.5239}, 576.748705309)
[2024-01-20 22:14:41,643][flwr][DEBUG] - evaluate_round 18: strategy sampled 6 clients (out of 6)
[2024-01-20 22:14:43,314][flwr][DEBUG] - evaluate_round 18 received 6 results and 0 failures
[2024-01-20 22:14:43,316][flwr][DEBUG] - fit_round 19: strategy sampled 6 clients (out of 6)
[2024-01-20 22:15:05,761][flwr][DEBUG] - fit_round 19 received 6 results and 0 failures
[2024-01-20 22:15:15,889][flwr][INFO] - fit progress: (19, 1.3265507619851713, {'accuracy': 0.5251}, 610.9951837940001)
[2024-01-20 22:15:15,890][flwr][DEBUG] - evaluate_round 19: strategy sampled 6 clients (out of 6)
[2024-01-20 22:15:17,605][flwr][DEBUG] - evaluate_round 19 received 6 results and 0 failures
[2024-01-20 22:15:17,606][flwr][DEBUG] - fit_round 20: strategy sampled 6 clients (out of 6)
[2024-01-20 22:15:40,124][flwr][DEBUG] - fit_round 20 received 6 results and 0 failures
[2024-01-20 22:15:46,397][flwr][INFO] - fit progress: (20, 1.3329926083801658, {'accuracy': 0.525}, 641.5032388430001)
[2024-01-20 22:15:46,398][flwr][DEBUG] - evaluate_round 20: strategy sampled 6 clients (out of 6)
[2024-01-20 22:15:47,891][flwr][DEBUG] - evaluate_round 20 received 6 results and 0 failures
[2024-01-20 22:15:47,892][flwr][INFO] - FL finished in 642.998580698
[2024-01-20 22:15:47,893][flwr][INFO] - app_fit: losses_distributed [(1, 2.301489988962809), (2, 2.024033506711324), (3, 1.6897960305213928), (4, 1.6303528348604839), (5, 1.5573931733767192), (6, 1.4957008361816406), (7, 1.4304537971814473), (8, 1.387158711751302), (9, 1.398736794789632), (10, 1.336480180422465), (11, 1.3469279408454895), (12, 1.3596058090527852), (13, 1.3745301564534504), (14, 1.2830405433972676), (15, 1.3230494658152263), (16, 1.3054581085840862), (17, 1.320436696211497), (18, 1.3301075299580891), (19, 1.3946087956428528), (20, 1.3690056800842285)]
[2024-01-20 22:15:47,894][flwr][INFO] - app_fit: metrics_distributed_fit {}
[2024-01-20 22:15:47,894][flwr][INFO] - app_fit: metrics_distributed {'accuracy': [(1, 0.09703881552621048), (2, 0.234093637454982), (3, 0.32372949179671867), (4, 0.3799519807923169), (5, 0.43177270908363347), (6, 0.4533813525410164), (7, 0.477390956382553), (8, 0.49119647859143656), (9, 0.49339735894357745), (10, 0.5048019207683073), (11, 0.51640656262505), (12, 0.5152060824329732), (13, 0.5254101640656262), (14, 0.5304121648659463), (15, 0.5304121648659463), (16, 0.5328131252501), (17, 0.5336134453781513), (18, 0.533813525410164), (19, 0.5388155262104842), (20, 0.5356142456982793)]}
[2024-01-20 22:15:47,895][flwr][INFO] - app_fit: losses_centralized [(0, 2.3025848895880827), (1, 2.3032607029957375), (2, 2.038756527718465), (3, 1.7351350419840235), (4, 1.6280271050277029), (5, 1.5486793176383729), (6, 1.4892889268838676), (7, 1.4425074560627056), (8, 1.4117988940257176), (9, 1.396860840214286), (10, 1.3802821704536488), (11, 1.3721863813461013), (12, 1.3583190334830315), (13, 1.3380821556042715), (14, 1.3371598113114667), (15, 1.3385999692473443), (16, 1.3321557363886742), (17, 1.3264540346564762), (18, 1.3242936601304705), (19, 1.3265507619851713), (20, 1.3329926083801658)]
[2024-01-20 22:15:47,895][flwr][INFO] - app_fit: metrics_centralized {'accuracy': [(0, 0.0906), (1, 0.1), (2, 0.2331), (3, 0.3309), (4, 0.3886), (5, 0.421), (6, 0.4424), (7, 0.4638), (8, 0.4815), (9, 0.488), (10, 0.4946), (11, 0.4985), (12, 0.5045), (13, 0.5112), (14, 0.5119), (15, 0.5163), (16, 0.5184), (17, 0.521), (18, 0.5239), (19, 0.5251), (20, 0.525)]}
