[2024-01-20 22:55:28,526][root][INFO] - 8333 DataSamples Per Clients
[2024-01-20 22:55:28,777][flwr][INFO] - Starting Flower server, config: ServerConfig(num_rounds=20, round_timeout=None)
[2024-01-20 22:55:28,808][flwr][INFO] - Flower ECE: gRPC server running (20 rounds), SSL is disabled
[2024-01-20 22:55:28,809][flwr][INFO] - Initializing global parameters
[2024-01-20 22:55:28,810][flwr][INFO] - Using initial parameters provided by strategy
[2024-01-20 22:55:28,811][flwr][INFO] - Evaluating initial parameters
[2024-01-20 22:55:48,196][flwr][INFO] - initial parameters (loss, other metrics): 2.3080882935584346, {'accuracy': 0.0955}
[2024-01-20 22:55:48,199][flwr][INFO] - FL starting
[2024-01-20 22:55:48,200][flwr][DEBUG] - fit_round 1: strategy sampled 6 clients (out of 6)
[2024-01-20 22:56:24,011][flwr][DEBUG] - fit_round 1 received 6 results and 0 failures
[2024-01-20 22:56:25,396][flwr][WARNING] - No fit_metrics_aggregation_fn provided
[2024-01-20 22:56:30,653][flwr][INFO] - fit progress: (1, 2.0676961669439002, {'accuracy': 0.2498}, 42.453695845999846)
[2024-01-20 22:56:30,654][flwr][DEBUG] - evaluate_round 1: strategy sampled 6 clients (out of 6)
[2024-01-20 22:56:34,816][flwr][DEBUG] - evaluate_round 1 received 6 results and 0 failures
[2024-01-20 22:56:34,817][flwr][DEBUG] - fit_round 2: strategy sampled 6 clients (out of 6)
[2024-01-20 22:57:00,818][flwr][DEBUG] - fit_round 2 received 6 results and 0 failures
[2024-01-20 22:57:06,299][flwr][INFO] - fit progress: (2, 1.5397374207460428, {'accuracy': 0.4372}, 78.09973637999974)
[2024-01-20 22:57:06,299][flwr][DEBUG] - evaluate_round 2: strategy sampled 6 clients (out of 6)
[2024-01-20 22:57:09,924][flwr][DEBUG] - evaluate_round 2 received 6 results and 0 failures
[2024-01-20 22:57:09,925][flwr][DEBUG] - fit_round 3: strategy sampled 6 clients (out of 6)
[2024-01-20 22:57:35,808][flwr][DEBUG] - fit_round 3 received 6 results and 0 failures
[2024-01-20 22:57:41,253][flwr][INFO] - fit progress: (3, 1.4037650597246387, {'accuracy': 0.4969}, 113.053888809)
[2024-01-20 22:57:41,254][flwr][DEBUG] - evaluate_round 3: strategy sampled 6 clients (out of 6)
[2024-01-20 22:57:45,372][flwr][DEBUG] - evaluate_round 3 received 6 results and 0 failures
[2024-01-20 22:57:45,373][flwr][DEBUG] - fit_round 4: strategy sampled 6 clients (out of 6)
[2024-01-20 22:58:11,224][flwr][DEBUG] - fit_round 4 received 6 results and 0 failures
[2024-01-20 22:58:16,339][flwr][INFO] - fit progress: (4, 1.3439934110339684, {'accuracy': 0.5264}, 148.1404707659999)
[2024-01-20 22:58:16,340][flwr][DEBUG] - evaluate_round 4: strategy sampled 6 clients (out of 6)
[2024-01-20 22:58:20,403][flwr][DEBUG] - evaluate_round 4 received 6 results and 0 failures
[2024-01-20 22:58:20,404][flwr][DEBUG] - fit_round 5: strategy sampled 6 clients (out of 6)
[2024-01-20 22:58:46,314][flwr][DEBUG] - fit_round 5 received 6 results and 0 failures
[2024-01-20 22:58:52,178][flwr][INFO] - fit progress: (5, 1.33792767192744, {'accuracy': 0.5465}, 183.97936448599967)
[2024-01-20 22:58:52,179][flwr][DEBUG] - evaluate_round 5: strategy sampled 6 clients (out of 6)
[2024-01-20 22:58:55,706][flwr][DEBUG] - evaluate_round 5 received 6 results and 0 failures
[2024-01-20 22:58:55,707][flwr][DEBUG] - fit_round 6: strategy sampled 6 clients (out of 6)
[2024-01-20 22:59:21,495][flwr][DEBUG] - fit_round 6 received 6 results and 0 failures
[2024-01-20 22:59:26,671][flwr][INFO] - fit progress: (6, 1.3615413564669936, {'accuracy': 0.5532}, 218.4719268089998)
[2024-01-20 22:59:26,672][flwr][DEBUG] - evaluate_round 6: strategy sampled 6 clients (out of 6)
[2024-01-20 22:59:30,434][flwr][DEBUG] - evaluate_round 6 received 6 results and 0 failures
[2024-01-20 22:59:30,435][flwr][DEBUG] - fit_round 7: strategy sampled 6 clients (out of 6)
[2024-01-20 22:59:56,662][flwr][DEBUG] - fit_round 7 received 6 results and 0 failures
[2024-01-20 23:00:02,740][flwr][INFO] - fit progress: (7, 1.3816859556149832, {'accuracy': 0.5625}, 254.541315425)
[2024-01-20 23:00:02,741][flwr][DEBUG] - evaluate_round 7: strategy sampled 6 clients (out of 6)
[2024-01-20 23:00:06,241][flwr][DEBUG] - evaluate_round 7 received 6 results and 0 failures
[2024-01-20 23:00:06,242][flwr][DEBUG] - fit_round 8: strategy sampled 6 clients (out of 6)
[2024-01-20 23:00:32,116][flwr][DEBUG] - fit_round 8 received 6 results and 0 failures
[2024-01-20 23:00:37,236][flwr][INFO] - fit progress: (8, 1.438470626179176, {'accuracy': 0.5675}, 289.03690445799975)
[2024-01-20 23:00:37,237][flwr][DEBUG] - evaluate_round 8: strategy sampled 6 clients (out of 6)
[2024-01-20 23:00:41,272][flwr][DEBUG] - evaluate_round 8 received 6 results and 0 failures
[2024-01-20 23:00:41,273][flwr][DEBUG] - fit_round 9: strategy sampled 6 clients (out of 6)
[2024-01-20 23:01:07,371][flwr][DEBUG] - fit_round 9 received 6 results and 0 failures
[2024-01-20 23:01:12,477][flwr][INFO] - fit progress: (9, 1.4806047391287889, {'accuracy': 0.5699}, 324.2775754559998)
[2024-01-20 23:01:12,477][flwr][DEBUG] - evaluate_round 9: strategy sampled 6 clients (out of 6)
[2024-01-20 23:01:16,451][flwr][DEBUG] - evaluate_round 9 received 6 results and 0 failures
[2024-01-20 23:01:16,452][flwr][DEBUG] - fit_round 10: strategy sampled 6 clients (out of 6)
[2024-01-20 23:01:42,213][flwr][DEBUG] - fit_round 10 received 6 results and 0 failures
[2024-01-20 23:01:47,399][flwr][INFO] - fit progress: (10, 1.525940837739389, {'accuracy': 0.5772}, 359.20054210399985)
[2024-01-20 23:01:47,400][flwr][DEBUG] - evaluate_round 10: strategy sampled 6 clients (out of 6)
[2024-01-20 23:01:50,836][flwr][DEBUG] - evaluate_round 10 received 6 results and 0 failures
[2024-01-20 23:01:50,837][flwr][DEBUG] - fit_round 11: strategy sampled 6 clients (out of 6)
[2024-01-20 23:02:16,492][flwr][DEBUG] - fit_round 11 received 6 results and 0 failures
[2024-01-20 23:02:21,936][flwr][INFO] - fit progress: (11, 1.5688248435153236, {'accuracy': 0.5809}, 393.73658203800005)
[2024-01-20 23:02:21,936][flwr][DEBUG] - evaluate_round 11: strategy sampled 6 clients (out of 6)
[2024-01-20 23:02:25,441][flwr][DEBUG] - evaluate_round 11 received 6 results and 0 failures
[2024-01-20 23:02:25,442][flwr][DEBUG] - fit_round 12: strategy sampled 6 clients (out of 6)
[2024-01-20 23:02:51,309][flwr][DEBUG] - fit_round 12 received 6 results and 0 failures
[2024-01-20 23:02:56,575][flwr][INFO] - fit progress: (12, 1.6212070244777053, {'accuracy': 0.5813}, 428.3763785269998)
[2024-01-20 23:02:56,576][flwr][DEBUG] - evaluate_round 12: strategy sampled 6 clients (out of 6)
[2024-01-20 23:03:00,541][flwr][DEBUG] - evaluate_round 12 received 6 results and 0 failures
[2024-01-20 23:03:00,542][flwr][DEBUG] - fit_round 13: strategy sampled 6 clients (out of 6)
[2024-01-20 23:03:26,374][flwr][DEBUG] - fit_round 13 received 6 results and 0 failures
[2024-01-20 23:03:31,548][flwr][INFO] - fit progress: (13, 1.6677868471869939, {'accuracy': 0.5788}, 463.3491290029997)
[2024-01-20 23:03:31,549][flwr][DEBUG] - evaluate_round 13: strategy sampled 6 clients (out of 6)
[2024-01-20 23:03:35,481][flwr][DEBUG] - evaluate_round 13 received 6 results and 0 failures
[2024-01-20 23:03:35,482][flwr][DEBUG] - fit_round 14: strategy sampled 6 clients (out of 6)
[2024-01-20 23:04:01,640][flwr][DEBUG] - fit_round 14 received 6 results and 0 failures
[2024-01-20 23:04:06,738][flwr][INFO] - fit progress: (14, 1.718485921244078, {'accuracy': 0.5822}, 498.53907180999977)
[2024-01-20 23:04:06,739][flwr][DEBUG] - evaluate_round 14: strategy sampled 6 clients (out of 6)
[2024-01-20 23:04:10,582][flwr][DEBUG] - evaluate_round 14 received 6 results and 0 failures
[2024-01-20 23:04:10,583][flwr][DEBUG] - fit_round 15: strategy sampled 6 clients (out of 6)
[2024-01-20 23:04:36,560][flwr][DEBUG] - fit_round 15 received 6 results and 0 failures
[2024-01-20 23:04:42,356][flwr][INFO] - fit progress: (15, 1.750225522850133, {'accuracy': 0.5825}, 534.157447302)
[2024-01-20 23:04:42,357][flwr][DEBUG] - evaluate_round 15: strategy sampled 6 clients (out of 6)
[2024-01-20 23:04:46,453][flwr][DEBUG] - evaluate_round 15 received 6 results and 0 failures
[2024-01-20 23:04:46,453][flwr][DEBUG] - fit_round 16: strategy sampled 6 clients (out of 6)
[2024-01-20 23:05:12,198][flwr][DEBUG] - fit_round 16 received 6 results and 0 failures
[2024-01-20 23:05:17,519][flwr][INFO] - fit progress: (16, 1.8078990767273722, {'accuracy': 0.5803}, 569.3203477389998)
[2024-01-20 23:05:17,520][flwr][DEBUG] - evaluate_round 16: strategy sampled 6 clients (out of 6)
[2024-01-20 23:05:21,565][flwr][DEBUG] - evaluate_round 16 received 6 results and 0 failures
[2024-01-20 23:05:21,566][flwr][DEBUG] - fit_round 17: strategy sampled 6 clients (out of 6)
[2024-01-20 23:05:47,557][flwr][DEBUG] - fit_round 17 received 6 results and 0 failures
[2024-01-20 23:05:52,743][flwr][INFO] - fit progress: (17, 1.8497710258145876, {'accuracy': 0.5814}, 604.5443254440002)
[2024-01-20 23:05:52,744][flwr][DEBUG] - evaluate_round 17: strategy sampled 6 clients (out of 6)
[2024-01-20 23:05:56,661][flwr][DEBUG] - evaluate_round 17 received 6 results and 0 failures
[2024-01-20 23:05:56,662][flwr][DEBUG] - fit_round 18: strategy sampled 6 clients (out of 6)
[2024-01-20 23:06:22,700][flwr][DEBUG] - fit_round 18 received 6 results and 0 failures
[2024-01-20 23:06:28,153][flwr][INFO] - fit progress: (18, 1.8984244533731967, {'accuracy': 0.5795}, 639.9537925330001)
[2024-01-20 23:06:28,154][flwr][DEBUG] - evaluate_round 18: strategy sampled 6 clients (out of 6)
[2024-01-20 23:06:31,696][flwr][DEBUG] - evaluate_round 18 received 6 results and 0 failures
[2024-01-20 23:06:31,697][flwr][DEBUG] - fit_round 19: strategy sampled 6 clients (out of 6)
[2024-01-20 23:06:57,498][flwr][DEBUG] - fit_round 19 received 6 results and 0 failures
[2024-01-20 23:07:02,969][flwr][INFO] - fit progress: (19, 1.9455862422532673, {'accuracy': 0.5825}, 674.7702606369999)
[2024-01-20 23:07:02,970][flwr][DEBUG] - evaluate_round 19: strategy sampled 6 clients (out of 6)
[2024-01-20 23:07:05,964][flwr][DEBUG] - evaluate_round 19 received 6 results and 0 failures
[2024-01-20 23:07:05,965][flwr][DEBUG] - fit_round 20: strategy sampled 6 clients (out of 6)
[2024-01-20 23:07:32,166][flwr][DEBUG] - fit_round 20 received 6 results and 0 failures
[2024-01-20 23:07:37,576][flwr][INFO] - fit progress: (20, 1.981234268297123, {'accuracy': 0.5835}, 709.3768732459998)
[2024-01-20 23:07:37,576][flwr][DEBUG] - evaluate_round 20: strategy sampled 6 clients (out of 6)
[2024-01-20 23:07:41,408][flwr][DEBUG] - evaluate_round 20 received 6 results and 0 failures
[2024-01-20 23:07:41,409][flwr][INFO] - FL finished in 713.2099133950001
[2024-01-20 23:07:41,410][flwr][INFO] - app_fit: losses_distributed [(1, 2.065723498662313), (2, 1.533221920331319), (3, 1.3794638911883037), (4, 1.3131710290908813), (5, 1.3188778360684712), (6, 1.3251304825146992), (7, 1.3489259680112202), (8, 1.3991948366165161), (9, 1.4266583919525146), (10, 1.464744786421458), (11, 1.499729573726654), (12, 1.5463924010594685), (13, 1.594213604927063), (14, 1.634488622347514), (15, 1.6700530648231506), (16, 1.7060233155886333), (17, 1.7609695196151733), (18, 1.8027156591415405), (19, 1.8485226432482402), (20, 1.8803330461184184)]
[2024-01-20 23:07:41,410][flwr][INFO] - app_fit: metrics_distributed_fit {}
[2024-01-20 23:07:41,411][flwr][INFO] - app_fit: metrics_distributed {'accuracy': [(1, 0.25250100040016005), (2, 0.4511804721888755), (3, 0.505202080832333), (4, 0.5374149659863946), (5, 0.5542216886754702), (6, 0.5546218487394958), (7, 0.5656262505002001), (8, 0.5678271308523409), (9, 0.5744297719087635), (10, 0.5748299319727891), (11, 0.578031212484994), (12, 0.5840336134453782), (13, 0.5808323329331733), (14, 0.5876350540216086), (15, 0.5882352941176471), (16, 0.5834333733493398), (17, 0.5896358543417367), (18, 0.5860344137655062), (19, 0.583233293317327), (20, 0.586234493797519)]}
[2024-01-20 23:07:41,411][flwr][INFO] - app_fit: losses_centralized [(0, 2.3080882935584346), (1, 2.0676961669439002), (2, 1.5397374207460428), (3, 1.4037650597246387), (4, 1.3439934110339684), (5, 1.33792767192744), (6, 1.3615413564669936), (7, 1.3816859556149832), (8, 1.438470626179176), (9, 1.4806047391287889), (10, 1.525940837739389), (11, 1.5688248435153236), (12, 1.6212070244777053), (13, 1.6677868471869939), (14, 1.718485921244078), (15, 1.750225522850133), (16, 1.8078990767273722), (17, 1.8497710258145876), (18, 1.8984244533731967), (19, 1.9455862422532673), (20, 1.981234268297123)]
[2024-01-20 23:07:41,411][flwr][INFO] - app_fit: metrics_centralized {'accuracy': [(0, 0.0955), (1, 0.2498), (2, 0.4372), (3, 0.4969), (4, 0.5264), (5, 0.5465), (6, 0.5532), (7, 0.5625), (8, 0.5675), (9, 0.5699), (10, 0.5772), (11, 0.5809), (12, 0.5813), (13, 0.5788), (14, 0.5822), (15, 0.5825), (16, 0.5803), (17, 0.5814), (18, 0.5795), (19, 0.5825), (20, 0.5835)]}
