[2024-01-20 23:35:35,015][root][INFO] - 8333 DataSamples Per Clients
[2024-01-20 23:35:35,162][flwr][INFO] - Opened insecure gRPC connection (no certificates were passed)
[2024-01-20 23:35:35,353][flwr][DEBUG] - ChannelConnectivity.IDLE
[2024-01-20 23:35:35,356][flwr][DEBUG] - ChannelConnectivity.CONNECTING
[2024-01-20 23:35:35,358][flwr][DEBUG] - ChannelConnectivity.READY
[2024-01-20 23:35:47,284][flwr][INFO] - CLIENT 5 FIT ROUND 1
[2024-01-20 23:36:11,871][flwr][INFO] - CLIENT 5 END FIT ROUND 1
[2024-01-20 23:36:19,240][root][INFO] - Loss: 2.331634283065796 | Accuracy: 0.09723889555822329
[2024-01-20 23:36:20,034][flwr][INFO] - CLIENT 5 FIT ROUND 2
[2024-01-20 23:36:35,553][flwr][INFO] - CLIENT 5 END FIT ROUND 2
[2024-01-20 23:36:42,465][root][INFO] - Loss: 2.32010132925851 | Accuracy: 0.09723889555822329
[2024-01-20 23:36:42,938][flwr][INFO] - CLIENT 5 FIT ROUND 3
[2024-01-20 23:36:58,464][flwr][INFO] - CLIENT 5 END FIT ROUND 3
[2024-01-20 23:37:05,788][root][INFO] - Loss: 1.5201410906655448 | Accuracy: 0.4477791116446579
[2024-01-20 23:37:06,269][flwr][INFO] - CLIENT 5 FIT ROUND 4
[2024-01-20 23:37:22,002][flwr][INFO] - CLIENT 5 END FIT ROUND 4
[2024-01-20 23:37:29,020][root][INFO] - Loss: 1.3012728180204118 | Accuracy: 0.5210084033613446
[2024-01-20 23:37:29,439][flwr][INFO] - CLIENT 5 FIT ROUND 5
[2024-01-20 23:37:45,335][flwr][INFO] - CLIENT 5 END FIT ROUND 5
[2024-01-20 23:37:52,340][root][INFO] - Loss: 1.2122002669743128 | Accuracy: 0.5870348139255702
[2024-01-20 23:37:53,081][flwr][INFO] - CLIENT 5 FIT ROUND 6
[2024-01-20 23:38:08,550][flwr][INFO] - CLIENT 5 END FIT ROUND 6
[2024-01-20 23:38:16,010][root][INFO] - Loss: 1.2250253302710397 | Accuracy: 0.5786314525810324
[2024-01-20 23:38:16,561][flwr][INFO] - CLIENT 5 FIT ROUND 7
[2024-01-20 23:38:32,085][flwr][INFO] - CLIENT 5 END FIT ROUND 7
[2024-01-20 23:38:38,578][root][INFO] - Loss: 1.151027832712446 | Accuracy: 0.6050420168067226
[2024-01-20 23:38:39,534][flwr][INFO] - CLIENT 5 FIT ROUND 8
[2024-01-20 23:38:54,943][flwr][INFO] - CLIENT 5 END FIT ROUND 8
[2024-01-20 23:39:01,889][root][INFO] - Loss: 1.1303483077457972 | Accuracy: 0.617046818727491
[2024-01-20 23:39:02,578][flwr][INFO] - CLIENT 5 FIT ROUND 9
[2024-01-20 23:39:18,030][flwr][INFO] - CLIENT 5 END FIT ROUND 9
[2024-01-20 23:39:25,393][root][INFO] - Loss: 1.1484372190066747 | Accuracy: 0.6398559423769508
[2024-01-20 23:39:25,933][flwr][INFO] - CLIENT 5 FIT ROUND 10
[2024-01-20 23:39:41,324][flwr][INFO] - CLIENT 5 END FIT ROUND 10
[2024-01-20 23:39:48,236][root][INFO] - Loss: 1.1175869958741325 | Accuracy: 0.6326530612244898
[2024-01-20 23:39:48,973][flwr][INFO] - CLIENT 5 FIT ROUND 11
[2024-01-20 23:40:04,616][flwr][INFO] - CLIENT 5 END FIT ROUND 11
[2024-01-20 23:40:11,048][root][INFO] - Loss: 1.081632775919778 | Accuracy: 0.6494597839135654
[2024-01-20 23:40:11,931][flwr][INFO] - CLIENT 5 FIT ROUND 12
[2024-01-20 23:40:27,334][flwr][INFO] - CLIENT 5 END FIT ROUND 12
[2024-01-20 23:40:33,667][root][INFO] - Loss: 1.100288016455514 | Accuracy: 0.6302521008403361
[2024-01-20 23:40:34,766][flwr][INFO] - CLIENT 5 FIT ROUND 13
[2024-01-20 23:40:50,405][flwr][INFO] - CLIENT 5 END FIT ROUND 13
[2024-01-20 23:40:57,206][root][INFO] - Loss: 1.1209500432014465 | Accuracy: 0.6542617046818727
[2024-01-20 23:40:57,677][flwr][INFO] - CLIENT 5 FIT ROUND 14
[2024-01-20 23:41:13,107][flwr][INFO] - CLIENT 5 END FIT ROUND 14
[2024-01-20 23:41:19,623][root][INFO] - Loss: 1.058083278792245 | Accuracy: 0.6470588235294118
[2024-01-20 23:41:20,644][flwr][INFO] - CLIENT 5 FIT ROUND 15
[2024-01-20 23:41:35,950][flwr][INFO] - CLIENT 5 END FIT ROUND 15
[2024-01-20 23:41:43,186][root][INFO] - Loss: 1.1112745915140425 | Accuracy: 0.6434573829531812
[2024-01-20 23:41:43,613][flwr][INFO] - CLIENT 5 FIT ROUND 16
[2024-01-20 23:41:59,360][flwr][INFO] - CLIENT 5 END FIT ROUND 16
[2024-01-20 23:42:05,581][root][INFO] - Loss: 1.1494438988821847 | Accuracy: 0.6674669867947179
[2024-01-20 23:42:06,476][flwr][INFO] - CLIENT 5 FIT ROUND 17
[2024-01-20 23:42:21,684][flwr][INFO] - CLIENT 5 END FIT ROUND 17
[2024-01-20 23:42:29,341][root][INFO] - Loss: 1.1295477492468697 | Accuracy: 0.65906362545018
[2024-01-20 23:42:30,245][flwr][INFO] - CLIENT 5 FIT ROUND 18
[2024-01-20 23:42:45,378][flwr][INFO] - CLIENT 5 END FIT ROUND 18
[2024-01-20 23:42:52,278][root][INFO] - Loss: 1.168933936527797 | Accuracy: 0.6638655462184874
[2024-01-20 23:42:52,838][flwr][INFO] - CLIENT 5 FIT ROUND 19
[2024-01-20 23:43:08,438][flwr][INFO] - CLIENT 5 END FIT ROUND 19
[2024-01-20 23:43:15,446][root][INFO] - Loss: 1.168330158506121 | Accuracy: 0.6710684273709484
[2024-01-20 23:43:16,000][flwr][INFO] - CLIENT 5 FIT ROUND 20
[2024-01-20 23:43:31,366][flwr][INFO] - CLIENT 5 END FIT ROUND 20
[2024-01-20 23:43:40,483][root][INFO] - Loss: 1.1080759593418665 | Accuracy: 0.6866746698679472
[2024-01-20 23:43:40,978][flwr][INFO] - CLIENT 5 FIT ROUND 21
[2024-01-20 23:43:56,349][flwr][INFO] - CLIENT 5 END FIT ROUND 21
[2024-01-20 23:44:03,565][root][INFO] - Loss: 1.0628565890448434 | Accuracy: 0.6722689075630253
[2024-01-20 23:44:04,044][flwr][INFO] - CLIENT 5 FIT ROUND 22
[2024-01-20 23:44:19,719][flwr][INFO] - CLIENT 5 END FIT ROUND 22
[2024-01-20 23:44:25,877][root][INFO] - Loss: 1.1880605050495692 | Accuracy: 0.6758703481392557
[2024-01-20 23:44:26,809][flwr][INFO] - CLIENT 5 FIT ROUND 23
[2024-01-20 23:44:42,126][flwr][INFO] - CLIENT 5 END FIT ROUND 23
[2024-01-20 23:44:48,787][root][INFO] - Loss: 1.152722784451076 | Accuracy: 0.680672268907563
[2024-01-20 23:44:49,715][flwr][INFO] - CLIENT 5 FIT ROUND 24
[2024-01-20 23:45:05,127][flwr][INFO] - CLIENT 5 END FIT ROUND 24
[2024-01-20 23:45:11,740][root][INFO] - Loss: 1.4285801478794642 | Accuracy: 0.631452581032413
[2024-01-20 23:45:12,495][flwr][INFO] - CLIENT 5 FIT ROUND 25
[2024-01-20 23:45:27,930][flwr][INFO] - CLIENT 5 END FIT ROUND 25
[2024-01-20 23:45:34,701][root][INFO] - Loss: 1.2904444251741682 | Accuracy: 0.6482593037214885
[2024-01-20 23:45:35,541][flwr][INFO] - CLIENT 5 FIT ROUND 26
[2024-01-20 23:45:50,943][flwr][INFO] - CLIENT 5 END FIT ROUND 26
[2024-01-20 23:45:58,921][root][INFO] - Loss: 1.2194790754999434 | Accuracy: 0.6746698679471789
[2024-01-20 23:45:59,439][flwr][INFO] - CLIENT 5 FIT ROUND 27
[2024-01-20 23:46:14,704][flwr][INFO] - CLIENT 5 END FIT ROUND 27
[2024-01-20 23:46:21,836][root][INFO] - Loss: 1.2023287841251917 | Accuracy: 0.6710684273709484
[2024-01-20 23:46:22,638][flwr][INFO] - CLIENT 5 FIT ROUND 28
[2024-01-20 23:46:37,748][flwr][INFO] - CLIENT 5 END FIT ROUND 28
[2024-01-20 23:46:44,671][root][INFO] - Loss: 1.2951608300209045 | Accuracy: 0.6686674669867947
[2024-01-20 23:46:45,362][flwr][INFO] - CLIENT 5 FIT ROUND 29
[2024-01-20 23:47:00,438][flwr][INFO] - CLIENT 5 END FIT ROUND 29
[2024-01-20 23:47:07,800][root][INFO] - Loss: 1.310342252254486 | Accuracy: 0.6650660264105642
[2024-01-20 23:47:08,684][flwr][INFO] - CLIENT 5 FIT ROUND 30
[2024-01-20 23:47:23,743][flwr][INFO] - CLIENT 5 END FIT ROUND 30
[2024-01-20 23:47:31,426][root][INFO] - Loss: 1.3573374663080489 | Accuracy: 0.6470588235294118
[2024-01-20 23:47:31,514][flwr][DEBUG] - gRPC channel closed
[2024-01-20 23:47:31,515][flwr][INFO] - Disconnect and shut down
