[2024-01-17 11:48:31,880][root][INFO] - 10000 DataSamples Per Clients
[2024-01-17 11:48:31,963][root][INFO] - 10000 DataSamples Per Clients
[2024-01-17 11:48:31,989][flwr][INFO] - Opened insecure gRPC connection (no certificates were passed)
[2024-01-17 11:48:31,996][flwr][DEBUG] - ChannelConnectivity.IDLE
[2024-01-17 11:48:32,002][flwr][DEBUG] - ChannelConnectivity.READY
[2024-01-17 11:48:32,005][root][INFO] - 10000 DataSamples Per Clients
[2024-01-17 11:48:32,006][root][INFO] - 10000 DataSamples Per Clients
[2024-01-17 11:48:32,083][flwr][INFO] - Opened insecure gRPC connection (no certificates were passed)
[2024-01-17 11:48:32,091][root][INFO] - 10000 DataSamples Per Clients
[2024-01-17 11:48:32,103][flwr][DEBUG] - ChannelConnectivity.IDLE
[2024-01-17 11:48:32,139][flwr][DEBUG] - ChannelConnectivity.CONNECTING
[2024-01-17 11:48:32,141][flwr][DEBUG] - ChannelConnectivity.READY
[2024-01-17 11:48:32,198][flwr][INFO] - Opened insecure gRPC connection (no certificates were passed)
[2024-01-17 11:48:32,206][flwr][INFO] - Opened insecure gRPC connection (no certificates were passed)
[2024-01-17 11:48:32,212][flwr][DEBUG] - ChannelConnectivity.IDLE
[2024-01-17 11:48:32,218][flwr][DEBUG] - ChannelConnectivity.CONNECTING
[2024-01-17 11:48:32,218][flwr][DEBUG] - ChannelConnectivity.READY
[2024-01-17 11:48:32,218][flwr][DEBUG] - ChannelConnectivity.IDLE
[2024-01-17 11:48:32,223][flwr][DEBUG] - ChannelConnectivity.CONNECTING
[2024-01-17 11:48:32,227][flwr][DEBUG] - ChannelConnectivity.READY
[2024-01-17 11:48:32,315][flwr][INFO] - Opened insecure gRPC connection (no certificates were passed)
[2024-01-17 11:48:32,317][flwr][DEBUG] - ChannelConnectivity.IDLE
[2024-01-17 11:48:32,319][flwr][DEBUG] - ChannelConnectivity.CONNECTING
[2024-01-17 11:48:32,319][flwr][DEBUG] - ChannelConnectivity.READY
[2024-01-17 13:26:41,296][root][INFO] - Loss: 0.03705166983604431 | Accuracy: 0.101
[2024-01-17 13:26:41,366][root][INFO] - Loss: 0.03703972625732422 | Accuracy: 0.1
[2024-01-17 13:26:41,418][root][INFO] - Loss: 0.03710154557228088 | Accuracy: 0.092
[2024-01-17 13:26:41,434][root][INFO] - Loss: 0.037030743837356564 | Accuracy: 0.102
[2024-01-17 13:26:41,463][root][INFO] - Loss: 0.03707761287689209 | Accuracy: 0.104
