[2024-01-20 22:05:00,692][root][INFO] - 8333 DataSamples Per Clients
[2024-01-20 22:05:00,869][flwr][INFO] - Opened insecure gRPC connection (no certificates were passed)
[2024-01-20 22:05:01,068][flwr][DEBUG] - ChannelConnectivity.IDLE
[2024-01-20 22:05:01,072][flwr][DEBUG] - ChannelConnectivity.READY
[2024-01-20 22:05:05,557][flwr][INFO] - CLIENT 2 FIT ROUND 1
[2024-01-20 22:05:43,512][flwr][INFO] - CLIENT 2 END FIT ROUND 1
[2024-01-20 22:05:52,975][root][INFO] - Loss: 2.3005904299872264 | Accuracy: 0.09243697478991597
[2024-01-20 22:05:54,038][flwr][INFO] - CLIENT 2 FIT ROUND 2
[2024-01-20 22:06:16,744][flwr][INFO] - CLIENT 2 END FIT ROUND 2
[2024-01-20 22:06:25,575][root][INFO] - Loss: 2.049034357070923 | Accuracy: 0.2460984393757503
[2024-01-20 22:06:26,234][flwr][INFO] - CLIENT 2 FIT ROUND 3
[2024-01-20 22:06:48,907][flwr][INFO] - CLIENT 2 END FIT ROUND 3
[2024-01-20 22:06:56,845][root][INFO] - Loss: 1.6182142283235277 | Accuracy: 0.3505402160864346
[2024-01-20 22:06:57,814][flwr][INFO] - CLIENT 2 FIT ROUND 4
[2024-01-20 22:07:19,769][flwr][INFO] - CLIENT 2 END FIT ROUND 4
[2024-01-20 22:07:28,245][root][INFO] - Loss: 1.6155255947794234 | Accuracy: 0.3997599039615846
[2024-01-20 22:07:29,163][flwr][INFO] - CLIENT 2 FIT ROUND 5
[2024-01-20 22:07:50,468][flwr][INFO] - CLIENT 2 END FIT ROUND 5
[2024-01-20 22:07:58,526][root][INFO] - Loss: 1.5604121770177568 | Accuracy: 0.46338535414165666
[2024-01-20 22:07:59,246][flwr][INFO] - CLIENT 2 FIT ROUND 6
[2024-01-20 22:08:20,479][flwr][INFO] - CLIENT 2 END FIT ROUND 6
[2024-01-20 22:08:31,280][root][INFO] - Loss: 1.4174251896994454 | Accuracy: 0.45138055222088835
[2024-01-20 22:08:32,318][flwr][INFO] - CLIENT 2 FIT ROUND 7
[2024-01-20 22:08:53,813][flwr][INFO] - CLIENT 2 END FIT ROUND 7
[2024-01-20 22:09:03,984][root][INFO] - Loss: 1.450070321559906 | Accuracy: 0.47418967587034816
[2024-01-20 22:09:04,584][flwr][INFO] - CLIENT 2 FIT ROUND 8
[2024-01-20 22:09:25,966][flwr][INFO] - CLIENT 2 END FIT ROUND 8
[2024-01-20 22:09:35,393][root][INFO] - Loss: 1.34294969694955 | Accuracy: 0.5102040816326531
[2024-01-20 22:09:36,062][flwr][INFO] - CLIENT 2 FIT ROUND 9
[2024-01-20 22:09:58,072][flwr][INFO] - CLIENT 2 END FIT ROUND 9
[2024-01-20 22:10:07,227][root][INFO] - Loss: 1.487710109778813 | Accuracy: 0.49819927971188477
[2024-01-20 22:10:07,908][flwr][INFO] - CLIENT 2 FIT ROUND 10
[2024-01-20 22:10:28,905][flwr][INFO] - CLIENT 2 END FIT ROUND 10
[2024-01-20 22:10:37,196][root][INFO] - Loss: 1.3077911830374174 | Accuracy: 0.5138055222088835
[2024-01-20 22:10:37,661][flwr][INFO] - CLIENT 2 FIT ROUND 11
[2024-01-20 22:10:58,398][flwr][INFO] - CLIENT 2 END FIT ROUND 11
[2024-01-20 22:11:06,278][root][INFO] - Loss: 1.3604194819927216 | Accuracy: 0.5078031212484994
[2024-01-20 22:11:07,131][flwr][INFO] - CLIENT 2 FIT ROUND 12
[2024-01-20 22:11:27,860][flwr][INFO] - CLIENT 2 END FIT ROUND 12
[2024-01-20 22:11:36,526][root][INFO] - Loss: 1.3127504800047194 | Accuracy: 0.5150060024009604
[2024-01-20 22:11:37,114][flwr][INFO] - CLIENT 2 FIT ROUND 13
[2024-01-20 22:11:59,269][flwr][INFO] - CLIENT 2 END FIT ROUND 13
[2024-01-20 22:12:07,473][root][INFO] - Loss: 1.4811059321675981 | Accuracy: 0.5114045618247299
[2024-01-20 22:12:07,969][flwr][INFO] - CLIENT 2 FIT ROUND 14
[2024-01-20 22:12:29,482][flwr][INFO] - CLIENT 2 END FIT ROUND 14
[2024-01-20 22:12:38,297][root][INFO] - Loss: 1.31690685238157 | Accuracy: 0.5126050420168067
[2024-01-20 22:12:39,239][flwr][INFO] - CLIENT 2 FIT ROUND 15
[2024-01-20 22:13:00,624][flwr][INFO] - CLIENT 2 END FIT ROUND 15
[2024-01-20 22:13:09,667][root][INFO] - Loss: 1.3292233007294791 | Accuracy: 0.5186074429771909
[2024-01-20 22:13:10,339][flwr][INFO] - CLIENT 2 FIT ROUND 16
[2024-01-20 22:13:32,150][flwr][INFO] - CLIENT 2 END FIT ROUND 16
[2024-01-20 22:13:41,321][root][INFO] - Loss: 1.4108160393578666 | Accuracy: 0.517406962785114
[2024-01-20 22:13:42,244][flwr][INFO] - CLIENT 2 FIT ROUND 17
[2024-01-20 22:14:03,415][flwr][INFO] - CLIENT 2 END FIT ROUND 17
[2024-01-20 22:14:12,837][root][INFO] - Loss: 1.4215780411447798 | Accuracy: 0.5186074429771909
[2024-01-20 22:14:13,324][flwr][INFO] - CLIENT 2 FIT ROUND 18
[2024-01-20 22:14:34,746][flwr][INFO] - CLIENT 2 END FIT ROUND 18
[2024-01-20 22:14:43,283][root][INFO] - Loss: 1.5077330384935652 | Accuracy: 0.5066026410564226
[2024-01-20 22:14:43,770][flwr][INFO] - CLIENT 2 FIT ROUND 19
[2024-01-20 22:15:04,918][flwr][INFO] - CLIENT 2 END FIT ROUND 19
[2024-01-20 22:15:17,249][root][INFO] - Loss: 1.428985357284546 | Accuracy: 0.5078031212484994
[2024-01-20 22:15:18,051][flwr][INFO] - CLIENT 2 FIT ROUND 20
[2024-01-20 22:15:39,066][flwr][INFO] - CLIENT 2 END FIT ROUND 20
[2024-01-20 22:15:47,383][root][INFO] - Loss: 1.387171847479684 | Accuracy: 0.5210084033613446
[2024-01-20 22:15:47,930][flwr][DEBUG] - gRPC channel closed
[2024-01-20 22:15:47,931][flwr][INFO] - Disconnect and shut down
