[2024-01-05 18:06:46,692][flwr][INFO] - Opened insecure gRPC connection (no certificates were passed)
[2024-01-05 18:06:46,692][flwr][INFO] - Opened insecure gRPC connection (no certificates were passed)
[2024-01-05 18:06:46,693][flwr][DEBUG] - ChannelConnectivity.IDLE
[2024-01-05 18:06:46,694][flwr][DEBUG] - ChannelConnectivity.IDLE
[2024-01-05 18:06:46,694][flwr][DEBUG] - ChannelConnectivity.CONNECTING
[2024-01-05 18:06:46,694][flwr][DEBUG] - ChannelConnectivity.CONNECTING
[2024-01-05 18:06:46,697][flwr][DEBUG] - ChannelConnectivity.READY
[2024-01-05 18:06:46,697][flwr][DEBUG] - ChannelConnectivity.READY
[2024-01-05 18:08:05,193][root][INFO] - Loss: 0.018533981704711915 | Accuracy: 0.1024
[2024-01-05 18:08:05,561][root][INFO] - Loss: 0.018530845069885254 | Accuracy: 0.0844
[2024-01-05 18:09:16,607][root][INFO] - Loss: 0.015012145185470581 | Accuracy: 0.3632
[2024-01-05 18:09:17,282][root][INFO] - Loss: 0.01513582034111023 | Accuracy: 0.3456
[2024-01-05 18:10:26,688][root][INFO] - Loss: 0.00716765251159668 | Accuracy: 0.6792
[2024-01-05 18:10:27,230][root][INFO] - Loss: 0.007384356236457825 | Accuracy: 0.6784
[2024-01-05 18:11:36,159][root][INFO] - Loss: 0.005457588195800781 | Accuracy: 0.7632
[2024-01-05 18:11:36,361][root][INFO] - Loss: 0.00555846962928772 | Accuracy: 0.7632
[2024-01-05 18:12:45,504][root][INFO] - Loss: 0.00573590487241745 | Accuracy: 0.786
[2024-01-05 18:12:45,799][root][INFO] - Loss: 0.0057548811793327334 | Accuracy: 0.788
[2024-01-05 18:13:54,862][root][INFO] - Loss: 0.006429601442813873 | Accuracy: 0.7972
[2024-01-05 18:13:54,970][root][INFO] - Loss: 0.00656828145980835 | Accuracy: 0.8004
[2024-01-05 18:15:05,113][root][INFO] - Loss: 0.006880165243148804 | Accuracy: 0.8132
[2024-01-05 18:15:05,469][root][INFO] - Loss: 0.007052138876914978 | Accuracy: 0.8068
[2024-01-05 18:16:19,305][root][INFO] - Loss: 0.00760838394165039 | Accuracy: 0.8032
[2024-01-05 18:16:19,392][root][INFO] - Loss: 0.0074016162395477295 | Accuracy: 0.8088
[2024-01-05 18:17:28,788][root][INFO] - Loss: 0.007592465281486511 | Accuracy: 0.8104
[2024-01-05 18:17:28,878][root][INFO] - Loss: 0.007674235391616821 | Accuracy: 0.8144
[2024-01-05 18:18:40,321][root][INFO] - Loss: 0.0087518536567688 | Accuracy: 0.8
[2024-01-05 18:18:40,583][root][INFO] - Loss: 0.008606156420707703 | Accuracy: 0.8028
[2024-01-05 18:19:49,744][root][INFO] - Loss: 0.008321479845046997 | Accuracy: 0.8028
[2024-01-05 18:19:49,891][root][INFO] - Loss: 0.008066809105873108 | Accuracy: 0.814
[2024-01-05 18:20:59,518][root][INFO] - Loss: 0.007863233852386475 | Accuracy: 0.8136
[2024-01-05 18:20:59,913][root][INFO] - Loss: 0.00790646460056305 | Accuracy: 0.8064
[2024-01-05 18:22:09,245][root][INFO] - Loss: 0.00875498583316803 | Accuracy: 0.8124
[2024-01-05 18:22:09,334][root][INFO] - Loss: 0.008897540092468261 | Accuracy: 0.8104
[2024-01-05 18:23:22,779][root][INFO] - Loss: 0.008356279110908508 | Accuracy: 0.8108
[2024-01-05 18:23:23,048][root][INFO] - Loss: 0.008302182817459106 | Accuracy: 0.81
[2024-01-05 18:24:36,251][root][INFO] - Loss: 0.009493196964263916 | Accuracy: 0.8044
[2024-01-05 18:24:36,364][root][INFO] - Loss: 0.009644239711761475 | Accuracy: 0.8068
[2024-01-05 18:25:44,860][root][INFO] - Loss: 0.010204373908042907 | Accuracy: 0.8124
[2024-01-05 18:25:45,182][root][INFO] - Loss: 0.009413881731033325 | Accuracy: 0.8164
[2024-01-05 18:26:54,362][root][INFO] - Loss: 0.009923955941200257 | Accuracy: 0.8088
[2024-01-05 18:26:54,634][root][INFO] - Loss: 0.010513246774673461 | Accuracy: 0.8076
[2024-01-05 18:28:03,976][root][INFO] - Loss: 0.01007454400062561 | Accuracy: 0.8068
[2024-01-05 18:28:04,140][root][INFO] - Loss: 0.009406217265129089 | Accuracy: 0.8188
[2024-01-05 18:29:13,424][root][INFO] - Loss: 0.009762159276008606 | Accuracy: 0.822
[2024-01-05 18:29:13,958][root][INFO] - Loss: 0.010072231006622315 | Accuracy: 0.8188
[2024-01-05 18:30:23,895][root][INFO] - Loss: 0.009815040493011474 | Accuracy: 0.8124
[2024-01-05 18:30:23,960][root][INFO] - Loss: 0.009067515301704406 | Accuracy: 0.826
[2024-01-05 18:31:32,977][root][INFO] - Loss: 0.009348224711418152 | Accuracy: 0.8172
[2024-01-05 18:31:33,034][root][INFO] - Loss: 0.010291586875915528 | Accuracy: 0.8096
[2024-01-05 18:32:42,445][root][INFO] - Loss: 0.009738721525669097 | Accuracy: 0.816
[2024-01-05 18:32:42,611][root][INFO] - Loss: 0.009506370925903321 | Accuracy: 0.8184
[2024-01-05 18:33:52,853][root][INFO] - Loss: 0.010197527432441712 | Accuracy: 0.8144
[2024-01-05 18:33:53,629][root][INFO] - Loss: 0.010137716722488404 | Accuracy: 0.8168
[2024-01-05 18:35:02,980][root][INFO] - Loss: 0.010405273914337158 | Accuracy: 0.812
[2024-01-05 18:35:03,003][root][INFO] - Loss: 0.011458002662658692 | Accuracy: 0.808
[2024-01-05 18:36:11,987][root][INFO] - Loss: 0.01057360999584198 | Accuracy: 0.82
[2024-01-05 18:36:12,016][root][INFO] - Loss: 0.010485745596885681 | Accuracy: 0.8176
[2024-01-05 18:37:20,932][root][INFO] - Loss: 0.010599821734428406 | Accuracy: 0.8128
[2024-01-05 18:37:21,128][root][INFO] - Loss: 0.010342754459381103 | Accuracy: 0.8128
[2024-01-05 18:38:30,409][root][INFO] - Loss: 0.01203808217048645 | Accuracy: 0.8204
[2024-01-05 18:38:30,717][root][INFO] - Loss: 0.011699831390380859 | Accuracy: 0.8176
[2024-01-05 18:39:39,545][root][INFO] - Loss: 0.010085191917419434 | Accuracy: 0.826
[2024-01-05 18:39:39,578][root][INFO] - Loss: 0.010991636681556703 | Accuracy: 0.8164
[2024-01-05 18:40:51,367][root][INFO] - Loss: 0.011247090721130372 | Accuracy: 0.822
[2024-01-05 18:40:51,852][root][INFO] - Loss: 0.011232803821563721 | Accuracy: 0.8168
[2024-01-05 18:42:01,493][root][INFO] - Loss: 0.012325549721717835 | Accuracy: 0.8144
[2024-01-05 18:42:01,733][root][INFO] - Loss: 0.012155388140678406 | Accuracy: 0.8176
[2024-01-05 18:42:01,750][flwr][DEBUG] - gRPC channel closed
[2024-01-05 18:42:01,750][flwr][INFO] - Disconnect and shut down
[2024-01-05 18:42:01,751][flwr][DEBUG] - gRPC channel closed
[2024-01-05 18:42:01,751][flwr][INFO] - Disconnect and shut down
