[2024-01-20 22:05:00,571][root][INFO] - 8333 DataSamples Per Clients
[2024-01-20 22:05:00,714][flwr][INFO] - Opened insecure gRPC connection (no certificates were passed)
[2024-01-20 22:05:00,890][flwr][DEBUG] - ChannelConnectivity.IDLE
[2024-01-20 22:05:00,892][flwr][DEBUG] - ChannelConnectivity.CONNECTING
[2024-01-20 22:05:00,896][flwr][DEBUG] - ChannelConnectivity.READY
[2024-01-20 22:05:05,571][flwr][INFO] - CLIENT 5 FIT ROUND 1
[2024-01-20 22:05:42,019][flwr][INFO] - CLIENT 5 END FIT ROUND 1
[2024-01-20 22:05:53,158][root][INFO] - Loss: 2.3013366631099155 | Accuracy: 0.10204081632653061
[2024-01-20 22:05:54,063][flwr][INFO] - CLIENT 5 FIT ROUND 2
[2024-01-20 22:06:15,788][flwr][INFO] - CLIENT 5 END FIT ROUND 2
[2024-01-20 22:06:25,265][root][INFO] - Loss: 2.0176176003047397 | Accuracy: 0.2533013205282113
[2024-01-20 22:06:26,100][flwr][INFO] - CLIENT 5 FIT ROUND 3
[2024-01-20 22:06:47,443][flwr][INFO] - CLIENT 5 END FIT ROUND 3
[2024-01-20 22:06:57,066][root][INFO] - Loss: 1.7058110748018538 | Accuracy: 0.34093637454981995
[2024-01-20 22:06:57,865][flwr][INFO] - CLIENT 5 FIT ROUND 4
[2024-01-20 22:07:18,963][flwr][INFO] - CLIENT 5 END FIT ROUND 4
[2024-01-20 22:07:28,306][root][INFO] - Loss: 1.5833104678562708 | Accuracy: 0.3877551020408163
[2024-01-20 22:07:29,254][flwr][INFO] - CLIENT 5 FIT ROUND 5
[2024-01-20 22:07:51,040][flwr][INFO] - CLIENT 5 END FIT ROUND 5
[2024-01-20 22:07:58,667][root][INFO] - Loss: 1.3939615025052003 | Accuracy: 0.44657863145258103
[2024-01-20 22:07:59,303][flwr][INFO] - CLIENT 5 FIT ROUND 6
[2024-01-20 22:08:21,003][flwr][INFO] - CLIENT 5 END FIT ROUND 6
[2024-01-20 22:08:31,374][root][INFO] - Loss: 1.5245730451175146 | Accuracy: 0.4669867947178872
[2024-01-20 22:08:32,362][flwr][INFO] - CLIENT 5 FIT ROUND 7
[2024-01-20 22:08:53,270][flwr][INFO] - CLIENT 5 END FIT ROUND 7
[2024-01-20 22:09:04,069][root][INFO] - Loss: 1.294201938169343 | Accuracy: 0.4909963985594238
[2024-01-20 22:09:04,615][flwr][INFO] - CLIENT 5 FIT ROUND 8
[2024-01-20 22:09:25,758][flwr][INFO] - CLIENT 5 END FIT ROUND 8
[2024-01-20 22:09:35,586][root][INFO] - Loss: 1.3541354622159685 | Accuracy: 0.49339735894357745
[2024-01-20 22:09:35,985][flwr][INFO] - CLIENT 5 FIT ROUND 9
[2024-01-20 22:09:56,636][flwr][INFO] - CLIENT 5 END FIT ROUND 9
[2024-01-20 22:10:07,464][root][INFO] - Loss: 1.350358017853328 | Accuracy: 0.49939975990396157
[2024-01-20 22:10:07,958][flwr][INFO] - CLIENT 5 FIT ROUND 10
[2024-01-20 22:10:28,677][flwr][INFO] - CLIENT 5 END FIT ROUND 10
[2024-01-20 22:10:37,231][root][INFO] - Loss: 1.3045076642717635 | Accuracy: 0.5186074429771909
[2024-01-20 22:10:37,697][flwr][INFO] - CLIENT 5 FIT ROUND 11
[2024-01-20 22:10:58,553][flwr][INFO] - CLIENT 5 END FIT ROUND 11
[2024-01-20 22:11:06,777][root][INFO] - Loss: 1.3661383475576128 | Accuracy: 0.5342136854741897
[2024-01-20 22:11:07,192][flwr][INFO] - CLIENT 5 FIT ROUND 12
[2024-01-20 22:11:28,051][flwr][INFO] - CLIENT 5 END FIT ROUND 12
[2024-01-20 22:11:36,487][root][INFO] - Loss: 1.4174439821924483 | Accuracy: 0.5414165666266506
[2024-01-20 22:11:37,144][flwr][INFO] - CLIENT 5 FIT ROUND 13
[2024-01-20 22:11:58,512][flwr][INFO] - CLIENT 5 END FIT ROUND 13
[2024-01-20 22:12:07,176][root][INFO] - Loss: 1.268563142844609 | Accuracy: 0.5354141656662665
[2024-01-20 22:12:07,994][flwr][INFO] - CLIENT 5 FIT ROUND 14
[2024-01-20 22:12:28,981][flwr][INFO] - CLIENT 5 END FIT ROUND 14
[2024-01-20 22:12:38,636][root][INFO] - Loss: 1.1998139188757964 | Accuracy: 0.5438175270108043
[2024-01-20 22:12:39,232][flwr][INFO] - CLIENT 5 FIT ROUND 15
[2024-01-20 22:13:00,465][flwr][INFO] - CLIENT 5 END FIT ROUND 15
[2024-01-20 22:13:09,879][root][INFO] - Loss: 1.3403328827449255 | Accuracy: 0.5582232893157263
[2024-01-20 22:13:10,395][flwr][INFO] - CLIENT 5 FIT ROUND 16
[2024-01-20 22:13:31,112][flwr][INFO] - CLIENT 5 END FIT ROUND 16
[2024-01-20 22:13:41,379][root][INFO] - Loss: 1.2006335237196513 | Accuracy: 0.5654261704681873
[2024-01-20 22:13:42,333][flwr][INFO] - CLIENT 5 FIT ROUND 17
[2024-01-20 22:14:03,807][flwr][INFO] - CLIENT 5 END FIT ROUND 17
[2024-01-20 22:14:12,375][root][INFO] - Loss: 1.2627030951636178 | Accuracy: 0.5522208883553421
[2024-01-20 22:14:13,320][flwr][INFO] - CLIENT 5 FIT ROUND 18
[2024-01-20 22:14:33,854][flwr][INFO] - CLIENT 5 END FIT ROUND 18
[2024-01-20 22:14:43,102][root][INFO] - Loss: 1.2626373342105321 | Accuracy: 0.5498199279711885
[2024-01-20 22:14:43,600][flwr][INFO] - CLIENT 5 FIT ROUND 19
[2024-01-20 22:15:04,691][flwr][INFO] - CLIENT 5 END FIT ROUND 19
[2024-01-20 22:15:17,190][root][INFO] - Loss: 1.2404416373797826 | Accuracy: 0.5570228091236494
[2024-01-20 22:15:18,040][flwr][INFO] - CLIENT 5 FIT ROUND 20
[2024-01-20 22:15:38,644][flwr][INFO] - CLIENT 5 END FIT ROUND 20
[2024-01-20 22:15:47,748][root][INFO] - Loss: 1.328346107687269 | Accuracy: 0.5498199279711885
[2024-01-20 22:15:47,914][flwr][DEBUG] - gRPC channel closed
[2024-01-20 22:15:47,914][flwr][INFO] - Disconnect and shut down
