[2024-02-21 21:25:26,978][flwr][WARNING] - 
Setting `min_available_clients` lower than `min_fit_clients` or
`min_evaluate_clients` can cause the server to fail when there are too few clients
connected to the server. `min_available_clients` must be set to a value larger
than or equal to the values of `min_fit_clients` and `min_evaluate_clients`.

[2024-02-21 21:25:26,979][flwr][INFO] - Starting Flower simulation, config: ServerConfig(num_rounds=10, round_timeout=None)
[2024-02-21 21:25:29,773][flwr][INFO] - Flower VCE: Ray initialized with resources: {'memory': 7193691751.0, 'CPU': 8.0, 'object_store_memory': 2147483648.0, 'node:__internal_head__': 1.0, 'node:127.0.0.1': 1.0}
[2024-02-21 21:25:29,773][flwr][INFO] - Optimize your simulation with Flower VCE: https://flower.dev/docs/framework/how-to-run-simulations.html
[2024-02-21 21:25:29,773][flwr][INFO] - Flower VCE: Resources for each Virtual Client: {'num_cpus': 4, 'num_gpus': 0}
[2024-02-21 21:25:29,782][flwr][INFO] - Flower VCE: Creating VirtualClientEngineActorPool with 2 actors
[2024-02-21 21:25:29,783][flwr][INFO] - Initializing global parameters
[2024-02-21 21:25:29,783][flwr][INFO] - Using initial parameters provided by strategy
[2024-02-21 21:25:29,783][flwr][INFO] - Evaluating initial parameters
[2024-02-21 21:25:32,920][flwr][INFO] - initial parameters (loss, other metrics): 0.11526836845874787, {'accuracy': 0.1}
[2024-02-21 21:25:32,920][flwr][INFO] - FL starting
[2024-02-21 21:25:32,920][flwr][DEBUG] - fit_round 1: strategy sampled 10 clients (out of 100)
[2024-02-21 21:25:56,233][flwr][DEBUG] - fit_round 1 received 10 results and 0 failures
[2024-02-21 21:25:56,240][flwr][WARNING] - No fit_metrics_aggregation_fn provided
[2024-02-21 21:25:58,827][flwr][INFO] - fit progress: (1, 0.11503780508041382, {'accuracy': 0.1006}, 25.907667041999996)
[2024-02-21 21:25:58,827][flwr][DEBUG] - evaluate_round 1: strategy sampled 20 clients (out of 100)
[2024-02-21 21:26:19,201][flwr][DEBUG] - evaluate_round 1 received 20 results and 0 failures
[2024-02-21 21:26:19,201][flwr][DEBUG] - fit_round 2: strategy sampled 10 clients (out of 100)
[2024-02-21 21:26:39,769][flwr][DEBUG] - fit_round 2 received 10 results and 0 failures
[2024-02-21 21:26:42,450][flwr][INFO] - fit progress: (2, 0.11445795023441314, {'accuracy': 0.1527}, 69.531578458)
[2024-02-21 21:26:42,450][flwr][DEBUG] - evaluate_round 2: strategy sampled 20 clients (out of 100)
[2024-02-21 21:27:04,327][flwr][DEBUG] - evaluate_round 2 received 20 results and 0 failures
[2024-02-21 21:27:04,330][flwr][DEBUG] - fit_round 3: strategy sampled 10 clients (out of 100)
[2024-02-21 21:27:25,234][flwr][DEBUG] - fit_round 3 received 10 results and 0 failures
[2024-02-21 21:27:29,243][flwr][INFO] - fit progress: (3, 0.11262415750026702, {'accuracy': 0.1796}, 116.326158167)
[2024-02-21 21:27:29,244][flwr][DEBUG] - evaluate_round 3: strategy sampled 20 clients (out of 100)
[2024-02-21 21:27:50,217][flwr][DEBUG] - evaluate_round 3 received 20 results and 0 failures
[2024-02-21 21:27:50,218][flwr][DEBUG] - fit_round 4: strategy sampled 10 clients (out of 100)
[2024-02-21 21:28:18,185][flwr][DEBUG] - fit_round 4 received 10 results and 0 failures
[2024-02-21 21:28:21,524][flwr][INFO] - fit progress: (4, 0.10770613535642624, {'accuracy': 0.2036}, 168.60855675)
[2024-02-21 21:28:21,525][flwr][DEBUG] - evaluate_round 4: strategy sampled 20 clients (out of 100)
[2024-02-21 21:28:41,676][flwr][DEBUG] - evaluate_round 4 received 20 results and 0 failures
[2024-02-21 21:28:41,676][flwr][DEBUG] - fit_round 5: strategy sampled 10 clients (out of 100)
[2024-02-21 21:29:04,906][flwr][DEBUG] - fit_round 5 received 10 results and 0 failures
[2024-02-21 21:29:07,640][flwr][INFO] - fit progress: (5, 0.10886476718187332, {'accuracy': 0.2168}, 214.72530175)
[2024-02-21 21:29:07,640][flwr][DEBUG] - evaluate_round 5: strategy sampled 20 clients (out of 100)
[2024-02-21 21:29:27,909][flwr][DEBUG] - evaluate_round 5 received 20 results and 0 failures
[2024-02-21 21:29:27,909][flwr][DEBUG] - fit_round 6: strategy sampled 10 clients (out of 100)
[2024-02-21 21:29:51,729][flwr][DEBUG] - fit_round 6 received 10 results and 0 failures
[2024-02-21 21:29:54,917][flwr][INFO] - fit progress: (6, 0.1190714067697525, {'accuracy': 0.2483}, 262.003814833)
[2024-02-21 21:29:54,917][flwr][DEBUG] - evaluate_round 6: strategy sampled 20 clients (out of 100)
[2024-02-21 21:30:15,069][flwr][DEBUG] - evaluate_round 6 received 20 results and 0 failures
[2024-02-21 21:30:15,069][flwr][DEBUG] - fit_round 7: strategy sampled 10 clients (out of 100)
[2024-02-21 21:30:38,629][flwr][DEBUG] - fit_round 7 received 10 results and 0 failures
[2024-02-21 21:30:41,714][flwr][INFO] - fit progress: (7, 0.12158868198394776, {'accuracy': 0.2859}, 308.802164542)
[2024-02-21 21:30:41,714][flwr][DEBUG] - evaluate_round 7: strategy sampled 20 clients (out of 100)
[2024-02-21 21:31:02,069][flwr][DEBUG] - evaluate_round 7 received 20 results and 0 failures
[2024-02-21 21:31:02,070][flwr][DEBUG] - fit_round 8: strategy sampled 10 clients (out of 100)
[2024-02-21 21:31:26,030][flwr][DEBUG] - fit_round 8 received 10 results and 0 failures
[2024-02-21 21:31:28,831][flwr][INFO] - fit progress: (8, 0.11555129039287568, {'accuracy': 0.2943}, 355.9205625)
[2024-02-21 21:31:28,831][flwr][DEBUG] - evaluate_round 8: strategy sampled 20 clients (out of 100)
[2024-02-21 21:31:49,004][flwr][DEBUG] - evaluate_round 8 received 20 results and 0 failures
[2024-02-21 21:31:49,004][flwr][DEBUG] - fit_round 9: strategy sampled 10 clients (out of 100)
[2024-02-21 21:32:12,128][flwr][DEBUG] - fit_round 9 received 10 results and 0 failures
[2024-02-21 21:32:15,477][flwr][INFO] - fit progress: (9, 0.11005586329698562, {'accuracy': 0.3012}, 402.568260625)
[2024-02-21 21:32:15,478][flwr][DEBUG] - evaluate_round 9: strategy sampled 20 clients (out of 100)
[2024-02-21 21:32:35,584][flwr][DEBUG] - evaluate_round 9 received 20 results and 0 failures
[2024-02-21 21:32:35,585][flwr][DEBUG] - fit_round 10: strategy sampled 10 clients (out of 100)
[2024-02-21 21:32:58,558][flwr][DEBUG] - fit_round 10 received 10 results and 0 failures
[2024-02-21 21:33:01,476][flwr][INFO] - fit progress: (10, 0.10644528552293778, {'accuracy': 0.3002}, 448.567829792)
[2024-02-21 21:33:01,476][flwr][DEBUG] - evaluate_round 10: strategy sampled 20 clients (out of 100)
[2024-02-21 21:33:21,618][flwr][DEBUG] - evaluate_round 10 received 20 results and 0 failures
[2024-02-21 21:33:21,618][flwr][INFO] - FL finished in 468.712926333
[2024-02-21 21:33:21,619][flwr][INFO] - app_fit: losses_distributed [(1, 0.13798391819000244), (2, 0.1371307315826416), (3, 0.13481687116622926), (4, 0.1303387987613678), (5, 0.13066944146156306), (6, 0.14379996848106383), (7, 0.14596256268024443), (8, 0.1424098094701767), (9, 0.14092337274551392), (10, 0.1332217892408371)]
[2024-02-21 21:33:21,619][flwr][INFO] - app_fit: metrics_distributed_fit {}
[2024-02-21 21:33:21,619][flwr][INFO] - app_fit: metrics_distributed {'accuracy': [(1, 0.107), (2, 0.16900000000000004), (3, 0.186), (4, 0.19499999999999998), (5, 0.21), (6, 0.22800000000000004), (7, 0.279), (8, 0.284), (9, 0.27799999999999997), (10, 0.26599999999999996)]}
[2024-02-21 21:33:21,619][flwr][INFO] - app_fit: losses_centralized [(0, 0.11526836845874787), (1, 0.11503780508041382), (2, 0.11445795023441314), (3, 0.11262415750026702), (4, 0.10770613535642624), (5, 0.10886476718187332), (6, 0.1190714067697525), (7, 0.12158868198394776), (8, 0.11555129039287568), (9, 0.11005586329698562), (10, 0.10644528552293778)]
[2024-02-21 21:33:21,619][flwr][INFO] - app_fit: metrics_centralized {'accuracy': [(0, 0.1), (1, 0.1006), (2, 0.1527), (3, 0.1796), (4, 0.2036), (5, 0.2168), (6, 0.2483), (7, 0.2859), (8, 0.2943), (9, 0.3012), (10, 0.3002)]}
