[2023-12-18 16:36:01,358][flwr][WARNING] - 
Setting `min_available_clients` lower than `min_fit_clients` or
`min_evaluate_clients` can cause the server to fail when there are too few clients
connected to the server. `min_available_clients` must be set to a value larger
than or equal to the values of `min_fit_clients` and `min_evaluate_clients`.

[2023-12-18 16:36:01,358][flwr][INFO] - Starting Flower simulation, config: ServerConfig(num_rounds=50, round_timeout=None)
[2023-12-18 16:36:05,015][flwr][INFO] - Flower VCE: Ray initialized with resources: {'node:172.16.36.6': 1.0, 'memory': 122484005069.0, 'CPU': 48.0, 'GPU': 2.0, 'node:__internal_head__': 1.0, 'accelerator_type:P100': 1.0, 'object_store_memory': 56778859315.0}
[2023-12-18 16:36:05,016][flwr][INFO] - Optimize your simulation with Flower VCE: https://flower.dev/docs/framework/how-to-run-simulations.html
[2023-12-18 16:36:05,016][flwr][INFO] - No `client_resources` specified. Using minimal resources for clients.
[2023-12-18 16:36:05,016][flwr][INFO] - Flower VCE: Resources for each Virtual Client: {'num_cpus': 1, 'num_gpus': 0.0}
[2023-12-18 16:36:05,042][flwr][INFO] - Flower VCE: Creating VirtualClientEngineActorPool with 48 actors
[2023-12-18 16:36:05,043][flwr][INFO] - Initializing global parameters
[2023-12-18 16:36:05,043][flwr][INFO] - Requesting initial parameters from one random client
[2023-12-18 16:36:09,910][flwr][INFO] - Received initial parameters from one random client
[2023-12-18 16:36:09,910][flwr][INFO] - Evaluating initial parameters
[2023-12-18 16:36:11,278][flwr][ERROR] - test() missing 1 required positional argument: 'device'
[2023-12-18 16:36:11,281][flwr][ERROR] - Traceback (most recent call last):
  File "/home/tunguyen/.conda/envs/flower-simulation/lib/python3.11/site-packages/flwr/simulation/app.py", line 308, in start_simulation
    hist = run_fl(
           ^^^^^^^
  File "/home/tunguyen/.conda/envs/flower-simulation/lib/python3.11/site-packages/flwr/server/app.py", line 225, in run_fl
    hist = server.fit(num_rounds=config.num_rounds, timeout=config.round_timeout)
           ^^^^^^^^^^^^^^^^^^^^^^^^^^^^^^^^^^^^^^^^^^^^^^^^^^^^^^^^^^^^^^^^^^^^^^
  File "/home/tunguyen/.conda/envs/flower-simulation/lib/python3.11/site-packages/flwr/server/server.py", line 92, in fit
    res = self.strategy.evaluate(0, parameters=self.parameters)
          ^^^^^^^^^^^^^^^^^^^^^^^^^^^^^^^^^^^^^^^^^^^^^^^^^^^^^
  File "/home/tunguyen/.conda/envs/flower-simulation/lib/python3.11/site-packages/flwr/server/strategy/fedavg.py", line 163, in evaluate
    eval_res = self.evaluate_fn(server_round, parameters_ndarrays, {})
               ^^^^^^^^^^^^^^^^^^^^^^^^^^^^^^^^^^^^^^^^^^^^^^^^^^^^^^^
  File "/home/tunguyen/federated-learning/project3/server.py", line 21, in evaluate_fn
    loss, accuracy = test(model, testloader, verbose=False) # testloader is global
                     ^^^^^^^^^^^^^^^^^^^^^^^^^^^^^^^^^^^^^^
TypeError: test() missing 1 required positional argument: 'device'

[2023-12-18 16:36:11,281][flwr][ERROR] - Your simulation crashed :(. This could be because of several reasons.The most common are: 
	 > Your system couldn't fit a single VirtualClient: try lowering `client_resources`.
	 > All the actors in your pool crashed. This could be because: 
		 - You clients hit an out-of-memory (OOM) error and actors couldn't recover from it. Try launching your simulation with more generous `client_resources` setting (i.e. it seems {'num_cpus': 1, 'num_gpus': 0.0} is not enough for your workload). Use fewer concurrent actors. 
		 - You were running a multi-node simulation and all worker nodes disconnected. The head node might still be alive but cannot accommodate any actor with resources: {'num_cpus': 1, 'num_gpus': 0.0}.
