[2024-01-20 22:28:41,928][root][INFO] - 8333 DataSamples Per Clients
[2024-01-20 22:28:42,075][flwr][INFO] - Opened insecure gRPC connection (no certificates were passed)
[2024-01-20 22:28:42,230][flwr][DEBUG] - ChannelConnectivity.IDLE
[2024-01-20 22:28:42,233][flwr][DEBUG] - ChannelConnectivity.CONNECTING
[2024-01-20 22:28:42,234][flwr][DEBUG] - ChannelConnectivity.READY
[2024-01-20 22:28:50,895][flwr][INFO] - CLIENT 0 FIT ROUND 1
[2024-01-20 22:29:16,497][flwr][INFO] - CLIENT 0 END FIT ROUND 1
[2024-01-20 22:29:24,146][root][INFO] - Loss: 2.301864113126482 | Accuracy: 0.12725090036014405
[2024-01-20 22:29:24,760][flwr][INFO] - CLIENT 0 FIT ROUND 2
[2024-01-20 22:29:40,221][flwr][INFO] - CLIENT 0 END FIT ROUND 2
[2024-01-20 22:29:48,112][root][INFO] - Loss: 2.3051136561802457 | Accuracy: 0.09723889555822329
[2024-01-20 22:29:48,758][flwr][INFO] - CLIENT 0 FIT ROUND 3
[2024-01-20 22:30:04,453][flwr][INFO] - CLIENT 0 END FIT ROUND 3
[2024-01-20 22:30:12,178][root][INFO] - Loss: 2.157649517059326 | Accuracy: 0.19567827130852342
[2024-01-20 22:30:12,915][flwr][INFO] - CLIENT 0 FIT ROUND 4
[2024-01-20 22:30:28,665][flwr][INFO] - CLIENT 0 END FIT ROUND 4
[2024-01-20 22:30:35,264][root][INFO] - Loss: 1.4387617451804025 | Accuracy: 0.4765906362545018
[2024-01-20 22:30:36,199][flwr][INFO] - CLIENT 0 FIT ROUND 5
[2024-01-20 22:30:51,817][flwr][INFO] - CLIENT 0 END FIT ROUND 5
[2024-01-20 22:30:59,671][root][INFO] - Loss: 1.3974921703338623 | Accuracy: 0.5018007202881153
[2024-01-20 22:31:00,155][flwr][INFO] - CLIENT 0 FIT ROUND 6
[2024-01-20 22:31:16,003][flwr][INFO] - CLIENT 0 END FIT ROUND 6
[2024-01-20 22:31:23,803][root][INFO] - Loss: 1.4356502294540405 | Accuracy: 0.49819927971188477
[2024-01-20 22:31:24,384][flwr][INFO] - CLIENT 0 FIT ROUND 7
[2024-01-20 22:31:40,030][flwr][INFO] - CLIENT 0 END FIT ROUND 7
[2024-01-20 22:31:48,223][root][INFO] - Loss: 1.4549181801932198 | Accuracy: 0.517406962785114
[2024-01-20 22:31:48,635][flwr][INFO] - CLIENT 0 FIT ROUND 8
[2024-01-20 22:32:04,218][flwr][INFO] - CLIENT 0 END FIT ROUND 8
[2024-01-20 22:32:11,460][root][INFO] - Loss: 1.4471609933035714 | Accuracy: 0.5234093637454982
[2024-01-20 22:32:11,868][flwr][INFO] - CLIENT 0 FIT ROUND 9
[2024-01-20 22:32:27,673][flwr][INFO] - CLIENT 0 END FIT ROUND 9
[2024-01-20 22:32:35,320][root][INFO] - Loss: 1.494101779801505 | Accuracy: 0.5342136854741897
[2024-01-20 22:32:36,051][flwr][INFO] - CLIENT 0 FIT ROUND 10
[2024-01-20 22:32:51,633][flwr][INFO] - CLIENT 0 END FIT ROUND 10
[2024-01-20 22:32:59,109][root][INFO] - Loss: 1.5365750789642334 | Accuracy: 0.5378151260504201
[2024-01-20 22:32:59,967][flwr][INFO] - CLIENT 0 FIT ROUND 11
[2024-01-20 22:33:15,571][flwr][INFO] - CLIENT 0 END FIT ROUND 11
[2024-01-20 22:33:21,906][root][INFO] - Loss: 1.541927354676383 | Accuracy: 0.5354141656662665
[2024-01-20 22:33:23,000][flwr][INFO] - CLIENT 0 FIT ROUND 12
[2024-01-20 22:33:38,536][flwr][INFO] - CLIENT 0 END FIT ROUND 12
[2024-01-20 22:33:44,917][root][INFO] - Loss: 1.5319131101880754 | Accuracy: 0.5426170468187275
[2024-01-20 22:33:45,624][flwr][INFO] - CLIENT 0 FIT ROUND 13
[2024-01-20 22:34:01,122][flwr][INFO] - CLIENT 0 END FIT ROUND 13
[2024-01-20 22:34:08,359][root][INFO] - Loss: 1.6134568452835083 | Accuracy: 0.531812725090036
[2024-01-20 22:34:09,117][flwr][INFO] - CLIENT 0 FIT ROUND 14
[2024-01-20 22:34:24,521][flwr][INFO] - CLIENT 0 END FIT ROUND 14
[2024-01-20 22:34:31,348][root][INFO] - Loss: 1.6733811412538802 | Accuracy: 0.5306122448979592
[2024-01-20 22:34:31,853][flwr][INFO] - CLIENT 0 FIT ROUND 15
[2024-01-20 22:34:47,393][flwr][INFO] - CLIENT 0 END FIT ROUND 15
[2024-01-20 22:34:54,319][root][INFO] - Loss: 1.7728796345846993 | Accuracy: 0.5270108043217286
[2024-01-20 22:34:55,111][flwr][INFO] - CLIENT 0 FIT ROUND 16
[2024-01-20 22:35:10,762][flwr][INFO] - CLIENT 0 END FIT ROUND 16
[2024-01-20 22:35:17,450][root][INFO] - Loss: 1.843400001525879 | Accuracy: 0.5306122448979592
[2024-01-20 22:35:18,306][flwr][INFO] - CLIENT 0 FIT ROUND 17
[2024-01-20 22:35:33,822][flwr][INFO] - CLIENT 0 END FIT ROUND 17
[2024-01-20 22:35:41,030][root][INFO] - Loss: 1.8353261947631836 | Accuracy: 0.5282112845138055
[2024-01-20 22:35:41,840][flwr][INFO] - CLIENT 0 FIT ROUND 18
[2024-01-20 22:35:57,343][flwr][INFO] - CLIENT 0 END FIT ROUND 18
[2024-01-20 22:36:04,497][root][INFO] - Loss: 1.9010447093418665 | Accuracy: 0.5210084033613446
[2024-01-20 22:36:05,434][flwr][INFO] - CLIENT 0 FIT ROUND 19
[2024-01-20 22:36:20,778][flwr][INFO] - CLIENT 0 END FIT ROUND 19
[2024-01-20 22:36:28,829][root][INFO] - Loss: 1.9410408735275269 | Accuracy: 0.5282112845138055
[2024-01-20 22:36:29,558][flwr][INFO] - CLIENT 0 FIT ROUND 20
[2024-01-20 22:36:44,863][flwr][INFO] - CLIENT 0 END FIT ROUND 20
[2024-01-20 22:36:52,391][root][INFO] - Loss: 1.9926251343318395 | Accuracy: 0.5078031212484994
[2024-01-20 22:36:52,418][flwr][DEBUG] - gRPC channel closed
[2024-01-20 22:36:52,419][flwr][INFO] - Disconnect and shut down
