[2024-01-20 23:35:34,365][root][INFO] - 8333 DataSamples Per Clients
[2024-01-20 23:35:34,501][flwr][INFO] - Opened insecure gRPC connection (no certificates were passed)
[2024-01-20 23:35:34,662][flwr][DEBUG] - ChannelConnectivity.IDLE
[2024-01-20 23:35:34,671][flwr][DEBUG] - ChannelConnectivity.READY
[2024-01-20 23:35:47,216][flwr][INFO] - CLIENT 0 FIT ROUND 1
[2024-01-20 23:36:11,806][flwr][INFO] - CLIENT 0 END FIT ROUND 1
[2024-01-20 23:36:19,359][root][INFO] - Loss: 2.3208020074026927 | Accuracy: 0.12725090036014405
[2024-01-20 23:36:20,116][flwr][INFO] - CLIENT 0 FIT ROUND 2
[2024-01-20 23:36:35,506][flwr][INFO] - CLIENT 0 END FIT ROUND 2
[2024-01-20 23:36:42,478][root][INFO] - Loss: 2.299146754401071 | Accuracy: 0.12725090036014405
[2024-01-20 23:36:42,952][flwr][INFO] - CLIENT 0 FIT ROUND 3
[2024-01-20 23:36:58,246][flwr][INFO] - CLIENT 0 END FIT ROUND 3
[2024-01-20 23:37:05,457][root][INFO] - Loss: 1.581918818610055 | Accuracy: 0.42857142857142855
[2024-01-20 23:37:06,326][flwr][INFO] - CLIENT 0 FIT ROUND 4
[2024-01-20 23:37:21,687][flwr][INFO] - CLIENT 0 END FIT ROUND 4
[2024-01-20 23:37:29,072][root][INFO] - Loss: 1.3397392204829626 | Accuracy: 0.49939975990396157
[2024-01-20 23:37:29,564][flwr][INFO] - CLIENT 0 FIT ROUND 5
[2024-01-20 23:37:44,976][flwr][INFO] - CLIENT 0 END FIT ROUND 5
[2024-01-20 23:37:52,621][root][INFO] - Loss: 1.3014565706253052 | Accuracy: 0.5426170468187275
[2024-01-20 23:37:53,138][flwr][INFO] - CLIENT 0 FIT ROUND 6
[2024-01-20 23:38:09,383][flwr][INFO] - CLIENT 0 END FIT ROUND 6
[2024-01-20 23:38:15,768][root][INFO] - Loss: 1.28862578528268 | Accuracy: 0.5546218487394958
[2024-01-20 23:38:16,597][flwr][INFO] - CLIENT 0 FIT ROUND 7
[2024-01-20 23:38:32,219][flwr][INFO] - CLIENT 0 END FIT ROUND 7
[2024-01-20 23:38:39,105][root][INFO] - Loss: 1.2222693136760168 | Accuracy: 0.5918367346938775
[2024-01-20 23:38:39,597][flwr][INFO] - CLIENT 0 FIT ROUND 8
[2024-01-20 23:38:54,999][flwr][INFO] - CLIENT 0 END FIT ROUND 8
[2024-01-20 23:39:02,151][root][INFO] - Loss: 1.185153501374381 | Accuracy: 0.60984393757503
[2024-01-20 23:39:02,642][flwr][INFO] - CLIENT 0 FIT ROUND 9
[2024-01-20 23:39:18,666][flwr][INFO] - CLIENT 0 END FIT ROUND 9
[2024-01-20 23:39:25,520][root][INFO] - Loss: 1.228163821356637 | Accuracy: 0.6134453781512605
[2024-01-20 23:39:26,004][flwr][INFO] - CLIENT 0 FIT ROUND 10
[2024-01-20 23:39:41,566][flwr][INFO] - CLIENT 0 END FIT ROUND 10
[2024-01-20 23:39:48,529][root][INFO] - Loss: 1.1945166417530604 | Accuracy: 0.6386554621848739
[2024-01-20 23:39:49,019][flwr][INFO] - CLIENT 0 FIT ROUND 11
[2024-01-20 23:40:04,653][flwr][INFO] - CLIENT 0 END FIT ROUND 11
[2024-01-20 23:40:11,313][root][INFO] - Loss: 1.1850210087639945 | Accuracy: 0.6218487394957983
[2024-01-20 23:40:11,913][flwr][INFO] - CLIENT 0 FIT ROUND 12
[2024-01-20 23:40:27,284][flwr][INFO] - CLIENT 0 END FIT ROUND 12
[2024-01-20 23:40:34,100][root][INFO] - Loss: 1.1547311544418335 | Accuracy: 0.6266506602641057
[2024-01-20 23:40:34,830][flwr][INFO] - CLIENT 0 FIT ROUND 13
[2024-01-20 23:40:50,467][flwr][INFO] - CLIENT 0 END FIT ROUND 13
[2024-01-20 23:40:57,255][root][INFO] - Loss: 1.1960049867630005 | Accuracy: 0.6386554621848739
[2024-01-20 23:40:57,744][flwr][INFO] - CLIENT 0 FIT ROUND 14
[2024-01-20 23:41:13,453][flwr][INFO] - CLIENT 0 END FIT ROUND 14
[2024-01-20 23:41:20,220][root][INFO] - Loss: 1.1145813294819422 | Accuracy: 0.6554621848739496
[2024-01-20 23:41:20,708][flwr][INFO] - CLIENT 0 FIT ROUND 15
[2024-01-20 23:41:36,588][flwr][INFO] - CLIENT 0 END FIT ROUND 15
[2024-01-20 23:41:43,238][root][INFO] - Loss: 1.2278667177472795 | Accuracy: 0.6470588235294118
[2024-01-20 23:41:43,741][flwr][INFO] - CLIENT 0 FIT ROUND 16
[2024-01-20 23:41:59,463][flwr][INFO] - CLIENT 0 END FIT ROUND 16
[2024-01-20 23:42:05,647][root][INFO] - Loss: 1.2382190227508545 | Accuracy: 0.6650660264105642
[2024-01-20 23:42:06,596][flwr][INFO] - CLIENT 0 FIT ROUND 17
[2024-01-20 23:42:22,051][flwr][INFO] - CLIENT 0 END FIT ROUND 17
[2024-01-20 23:42:29,549][root][INFO] - Loss: 1.2032693028450012 | Accuracy: 0.6554621848739496
[2024-01-20 23:42:30,217][flwr][INFO] - CLIENT 0 FIT ROUND 18
[2024-01-20 23:42:45,549][flwr][INFO] - CLIENT 0 END FIT ROUND 18
[2024-01-20 23:42:52,293][root][INFO] - Loss: 1.2675257240022932 | Accuracy: 0.6698679471788715
[2024-01-20 23:42:52,738][flwr][INFO] - CLIENT 0 FIT ROUND 19
[2024-01-20 23:43:07,932][flwr][INFO] - CLIENT 0 END FIT ROUND 19
[2024-01-20 23:43:15,568][root][INFO] - Loss: 1.20920729637146 | Accuracy: 0.6698679471788715
[2024-01-20 23:43:16,033][flwr][INFO] - CLIENT 0 FIT ROUND 20
[2024-01-20 23:43:31,438][flwr][INFO] - CLIENT 0 END FIT ROUND 20
[2024-01-20 23:43:40,319][root][INFO] - Loss: 1.1821398394448417 | Accuracy: 0.6722689075630253
[2024-01-20 23:43:40,934][flwr][INFO] - CLIENT 0 FIT ROUND 21
[2024-01-20 23:43:56,761][flwr][INFO] - CLIENT 0 END FIT ROUND 21
[2024-01-20 23:44:03,228][root][INFO] - Loss: 1.2061147689819336 | Accuracy: 0.6686674669867947
[2024-01-20 23:44:04,051][flwr][INFO] - CLIENT 0 FIT ROUND 22
[2024-01-20 23:44:19,346][flwr][INFO] - CLIENT 0 END FIT ROUND 22
[2024-01-20 23:44:26,357][root][INFO] - Loss: 1.2162897075925554 | Accuracy: 0.6794717887154862
[2024-01-20 23:44:26,830][flwr][INFO] - CLIENT 0 FIT ROUND 23
[2024-01-20 23:44:42,163][flwr][INFO] - CLIENT 0 END FIT ROUND 23
[2024-01-20 23:44:49,275][root][INFO] - Loss: 1.2918214968272619 | Accuracy: 0.6674669867947179
[2024-01-20 23:44:49,741][flwr][INFO] - CLIENT 0 FIT ROUND 24
[2024-01-20 23:45:05,176][flwr][INFO] - CLIENT 0 END FIT ROUND 24
[2024-01-20 23:45:11,722][root][INFO] - Loss: 1.375987104007176 | Accuracy: 0.6386554621848739
[2024-01-20 23:45:12,513][flwr][INFO] - CLIENT 0 FIT ROUND 25
[2024-01-20 23:45:27,776][flwr][INFO] - CLIENT 0 END FIT ROUND 25
[2024-01-20 23:45:34,926][root][INFO] - Loss: 1.312821592603411 | Accuracy: 0.6686674669867947
[2024-01-20 23:45:35,538][flwr][INFO] - CLIENT 0 FIT ROUND 26
[2024-01-20 23:45:50,806][flwr][INFO] - CLIENT 0 END FIT ROUND 26
[2024-01-20 23:45:58,665][root][INFO] - Loss: 1.3085221648216248 | Accuracy: 0.6758703481392557
[2024-01-20 23:45:59,449][flwr][INFO] - CLIENT 0 FIT ROUND 27
[2024-01-20 23:46:14,756][flwr][INFO] - CLIENT 0 END FIT ROUND 27
[2024-01-20 23:46:21,760][root][INFO] - Loss: 1.3400068027632577 | Accuracy: 0.6686674669867947
[2024-01-20 23:46:22,650][flwr][INFO] - CLIENT 0 FIT ROUND 28
[2024-01-20 23:46:37,805][flwr][INFO] - CLIENT 0 END FIT ROUND 28
[2024-01-20 23:46:44,611][root][INFO] - Loss: 1.3448292527879988 | Accuracy: 0.6830732292917167
[2024-01-20 23:46:45,371][flwr][INFO] - CLIENT 0 FIT ROUND 29
[2024-01-20 23:47:00,877][flwr][INFO] - CLIENT 0 END FIT ROUND 29
[2024-01-20 23:47:07,711][root][INFO] - Loss: 1.3844998223440987 | Accuracy: 0.6650660264105642
[2024-01-20 23:47:08,769][flwr][INFO] - CLIENT 0 FIT ROUND 30
[2024-01-20 23:47:24,119][flwr][INFO] - CLIENT 0 END FIT ROUND 30
[2024-01-20 23:47:31,441][root][INFO] - Loss: 1.4394195931298392 | Accuracy: 0.6698679471788715
[2024-01-20 23:47:31,518][flwr][DEBUG] - gRPC channel closed
[2024-01-20 23:47:31,519][flwr][INFO] - Disconnect and shut down
