[2024-01-20 23:11:07,908][root][INFO] - 8333 DataSamples Per Clients
[2024-01-20 23:11:08,345][flwr][INFO] - Opened insecure gRPC connection (no certificates were passed)
[2024-01-20 23:11:08,363][flwr][DEBUG] - ChannelConnectivity.IDLE
[2024-01-20 23:11:08,366][flwr][DEBUG] - ChannelConnectivity.READY
[2024-01-20 23:11:14,522][flwr][INFO] - CLIENT 5 FIT ROUND 1
[2024-01-20 23:11:44,867][flwr][INFO] - CLIENT 5 END FIT ROUND 1
[2024-01-20 23:11:56,762][root][INFO] - Loss: 2.307708603995187 | Accuracy: 0.09723889555822329
[2024-01-20 23:12:00,204][flwr][INFO] - CLIENT 5 FIT ROUND 2
[2024-01-20 23:12:21,486][flwr][INFO] - CLIENT 5 END FIT ROUND 2
[2024-01-20 23:12:33,145][root][INFO] - Loss: 1.8167776380266463 | Accuracy: 0.32533013205282113
[2024-01-20 23:12:36,054][flwr][INFO] - CLIENT 5 FIT ROUND 3
[2024-01-20 23:12:57,418][flwr][INFO] - CLIENT 5 END FIT ROUND 3
[2024-01-20 23:13:08,146][root][INFO] - Loss: 1.1552128451211112 | Accuracy: 0.5786314525810324
[2024-01-20 23:13:11,172][flwr][INFO] - CLIENT 5 FIT ROUND 4
[2024-01-20 23:13:32,903][flwr][INFO] - CLIENT 5 END FIT ROUND 4
[2024-01-20 23:13:42,163][root][INFO] - Loss: 0.9293577330453056 | Accuracy: 0.6746698679471789
[2024-01-20 23:13:46,353][flwr][INFO] - CLIENT 5 FIT ROUND 5
[2024-01-20 23:14:07,734][flwr][INFO] - CLIENT 5 END FIT ROUND 5
[2024-01-20 23:14:18,203][root][INFO] - Loss: 0.8368792704173497 | Accuracy: 0.7106842737094838
[2024-01-20 23:14:21,204][flwr][INFO] - CLIENT 5 FIT ROUND 6
[2024-01-20 23:14:42,553][flwr][INFO] - CLIENT 5 END FIT ROUND 6
[2024-01-20 23:14:53,154][root][INFO] - Loss: 0.7729019863264901 | Accuracy: 0.7563025210084033
[2024-01-20 23:14:56,215][flwr][INFO] - CLIENT 5 FIT ROUND 7
[2024-01-20 23:15:17,591][flwr][INFO] - CLIENT 5 END FIT ROUND 7
[2024-01-20 23:15:27,906][root][INFO] - Loss: 0.7468232767922538 | Accuracy: 0.773109243697479
[2024-01-20 23:15:31,242][flwr][INFO] - CLIENT 5 FIT ROUND 8
[2024-01-20 23:15:52,469][flwr][INFO] - CLIENT 5 END FIT ROUND 8
[2024-01-20 23:16:05,363][root][INFO] - Loss: 0.8232496380805969 | Accuracy: 0.7707082833133253
[2024-01-20 23:16:07,679][flwr][INFO] - CLIENT 5 FIT ROUND 9
[2024-01-20 23:16:29,059][flwr][INFO] - CLIENT 5 END FIT ROUND 9
[2024-01-20 23:16:41,538][root][INFO] - Loss: 0.8424339294433594 | Accuracy: 0.7827130852340937
[2024-01-20 23:16:45,035][flwr][INFO] - CLIENT 5 FIT ROUND 10
[2024-01-20 23:17:06,787][flwr][INFO] - CLIENT 5 END FIT ROUND 10
[2024-01-20 23:17:17,233][root][INFO] - Loss: 0.8027955634253365 | Accuracy: 0.7887154861944778
[2024-01-20 23:17:19,931][flwr][INFO] - CLIENT 5 FIT ROUND 11
[2024-01-20 23:17:41,177][flwr][INFO] - CLIENT 5 END FIT ROUND 11
[2024-01-20 23:17:51,960][root][INFO] - Loss: 0.8813609821455819 | Accuracy: 0.7791116446578632
[2024-01-20 23:17:55,632][flwr][INFO] - CLIENT 5 FIT ROUND 12
[2024-01-20 23:18:16,909][flwr][INFO] - CLIENT 5 END FIT ROUND 12
[2024-01-20 23:18:27,658][root][INFO] - Loss: 0.8842990909303937 | Accuracy: 0.8067226890756303
[2024-01-20 23:18:30,705][flwr][INFO] - CLIENT 5 FIT ROUND 13
[2024-01-20 23:18:51,947][flwr][INFO] - CLIENT 5 END FIT ROUND 13
[2024-01-20 23:19:02,528][root][INFO] - Loss: 0.8432565842356 | Accuracy: 0.7947178871548619
[2024-01-20 23:19:06,351][flwr][INFO] - CLIENT 5 FIT ROUND 14
[2024-01-20 23:19:27,650][flwr][INFO] - CLIENT 5 END FIT ROUND 14
[2024-01-20 23:19:38,583][root][INFO] - Loss: 0.884879503931318 | Accuracy: 0.787515006002401
[2024-01-20 23:19:41,095][flwr][INFO] - CLIENT 5 FIT ROUND 15
[2024-01-20 23:20:02,552][flwr][INFO] - CLIENT 5 END FIT ROUND 15
[2024-01-20 23:20:14,045][root][INFO] - Loss: 0.9213225841522217 | Accuracy: 0.7971188475390156
[2024-01-20 23:20:16,702][flwr][INFO] - CLIENT 5 FIT ROUND 16
[2024-01-20 23:20:37,989][flwr][INFO] - CLIENT 5 END FIT ROUND 16
[2024-01-20 23:20:49,037][root][INFO] - Loss: 0.9396547845431736 | Accuracy: 0.7887154861944778
[2024-01-20 23:20:52,190][flwr][INFO] - CLIENT 5 FIT ROUND 17
[2024-01-20 23:21:13,782][flwr][INFO] - CLIENT 5 END FIT ROUND 17
[2024-01-20 23:21:24,198][root][INFO] - Loss: 0.9317010300500053 | Accuracy: 0.7887154861944778
[2024-01-20 23:21:27,185][flwr][INFO] - CLIENT 5 FIT ROUND 18
[2024-01-20 23:21:48,575][flwr][INFO] - CLIENT 5 END FIT ROUND 18
[2024-01-20 23:21:58,959][root][INFO] - Loss: 1.0501768929617745 | Accuracy: 0.7899159663865546
[2024-01-20 23:22:01,705][flwr][INFO] - CLIENT 5 FIT ROUND 19
[2024-01-20 23:22:23,037][flwr][INFO] - CLIENT 5 END FIT ROUND 19
[2024-01-20 23:22:33,985][root][INFO] - Loss: 1.1252328327723913 | Accuracy: 0.7827130852340937
[2024-01-20 23:22:36,464][flwr][INFO] - CLIENT 5 FIT ROUND 20
[2024-01-20 23:22:57,960][flwr][INFO] - CLIENT 5 END FIT ROUND 20
[2024-01-20 23:23:09,297][root][INFO] - Loss: 1.020164625985282 | Accuracy: 0.7839135654261705
[2024-01-20 23:23:12,657][flwr][INFO] - CLIENT 5 FIT ROUND 21
[2024-01-20 23:23:34,704][flwr][INFO] - CLIENT 5 END FIT ROUND 21
[2024-01-20 23:23:44,456][root][INFO] - Loss: 1.27147490637643 | Accuracy: 0.7863145258103241
[2024-01-20 23:23:47,628][flwr][INFO] - CLIENT 5 FIT ROUND 22
[2024-01-20 23:24:08,950][flwr][INFO] - CLIENT 5 END FIT ROUND 22
[2024-01-20 23:24:19,201][root][INFO] - Loss: 1.1555786388260978 | Accuracy: 0.7971188475390156
[2024-01-20 23:24:22,303][flwr][INFO] - CLIENT 5 FIT ROUND 23
[2024-01-20 23:24:43,552][flwr][INFO] - CLIENT 5 END FIT ROUND 23
[2024-01-20 23:24:54,763][root][INFO] - Loss: 1.1898276124681746 | Accuracy: 0.7887154861944778
[2024-01-20 23:24:58,321][flwr][INFO] - CLIENT 5 FIT ROUND 24
[2024-01-20 23:25:19,639][flwr][INFO] - CLIENT 5 END FIT ROUND 24
[2024-01-20 23:25:30,226][root][INFO] - Loss: 1.3146048103060042 | Accuracy: 0.7815126050420168
[2024-01-20 23:25:33,563][flwr][INFO] - CLIENT 5 FIT ROUND 25
[2024-01-20 23:25:54,974][flwr][INFO] - CLIENT 5 END FIT ROUND 25
[2024-01-20 23:26:05,391][root][INFO] - Loss: 1.313014132635934 | Accuracy: 0.7791116446578632
[2024-01-20 23:26:08,412][flwr][INFO] - CLIENT 5 FIT ROUND 26
[2024-01-20 23:26:29,738][flwr][INFO] - CLIENT 5 END FIT ROUND 26
[2024-01-20 23:26:41,827][root][INFO] - Loss: 1.3067146709987096 | Accuracy: 0.7851140456182473
[2024-01-20 23:26:44,373][flwr][INFO] - CLIENT 5 FIT ROUND 27
[2024-01-20 23:27:05,681][flwr][INFO] - CLIENT 5 END FIT ROUND 27
[2024-01-20 23:27:16,377][root][INFO] - Loss: 1.5182075159890311 | Accuracy: 0.7851140456182473
[2024-01-20 23:27:19,925][flwr][INFO] - CLIENT 5 FIT ROUND 28
[2024-01-20 23:27:41,145][flwr][INFO] - CLIENT 5 END FIT ROUND 28
[2024-01-20 23:27:51,832][root][INFO] - Loss: 1.5013441613742284 | Accuracy: 0.7947178871548619
[2024-01-20 23:27:54,882][flwr][INFO] - CLIENT 5 FIT ROUND 29
[2024-01-20 23:28:16,099][flwr][INFO] - CLIENT 5 END FIT ROUND 29
[2024-01-20 23:28:28,090][root][INFO] - Loss: 1.3817338602883475 | Accuracy: 0.7815126050420168
[2024-01-20 23:28:30,576][flwr][INFO] - CLIENT 5 FIT ROUND 30
[2024-01-20 23:28:51,784][flwr][INFO] - CLIENT 5 END FIT ROUND 30
[2024-01-20 23:29:03,531][root][INFO] - Loss: 1.4466820444379533 | Accuracy: 0.7767106842737095
[2024-01-20 23:29:04,212][flwr][DEBUG] - gRPC channel closed
[2024-01-20 23:29:04,213][flwr][INFO] - Disconnect and shut down
