[2024-01-20 22:28:42,170][root][INFO] - 8333 DataSamples Per Clients
[2024-01-20 22:28:42,320][flwr][INFO] - Opened insecure gRPC connection (no certificates were passed)
[2024-01-20 22:28:42,470][flwr][DEBUG] - ChannelConnectivity.IDLE
[2024-01-20 22:28:42,473][flwr][DEBUG] - ChannelConnectivity.CONNECTING
[2024-01-20 22:28:42,477][flwr][DEBUG] - ChannelConnectivity.READY
[2024-01-20 22:28:51,058][flwr][INFO] - CLIENT 5 FIT ROUND 1
[2024-01-20 22:29:16,747][flwr][INFO] - CLIENT 5 END FIT ROUND 1
[2024-01-20 22:29:24,046][root][INFO] - Loss: 2.304296152932303 | Accuracy: 0.09723889555822329
[2024-01-20 22:29:24,784][flwr][INFO] - CLIENT 5 FIT ROUND 2
[2024-01-20 22:29:40,964][flwr][INFO] - CLIENT 5 END FIT ROUND 2
[2024-01-20 22:29:48,036][root][INFO] - Loss: 2.3159324441637312 | Accuracy: 0.08523409363745499
[2024-01-20 22:29:48,819][flwr][INFO] - CLIENT 5 FIT ROUND 3
[2024-01-20 22:30:05,586][flwr][INFO] - CLIENT 5 END FIT ROUND 3
[2024-01-20 22:30:12,262][root][INFO] - Loss: 2.1713643414633617 | Accuracy: 0.17767106842737096
[2024-01-20 22:30:12,933][flwr][INFO] - CLIENT 5 FIT ROUND 4
[2024-01-20 22:30:28,722][flwr][INFO] - CLIENT 5 END FIT ROUND 4
[2024-01-20 22:30:35,348][root][INFO] - Loss: 1.4269439833504813 | Accuracy: 0.5006002400960384
[2024-01-20 22:30:36,230][flwr][INFO] - CLIENT 5 FIT ROUND 5
[2024-01-20 22:30:51,853][flwr][INFO] - CLIENT 5 END FIT ROUND 5
[2024-01-20 22:30:59,735][root][INFO] - Loss: 1.3451166152954102 | Accuracy: 0.5222088835534213
[2024-01-20 22:31:00,114][flwr][INFO] - CLIENT 5 FIT ROUND 6
[2024-01-20 22:31:16,128][flwr][INFO] - CLIENT 5 END FIT ROUND 6
[2024-01-20 22:31:23,786][root][INFO] - Loss: 1.3929818868637085 | Accuracy: 0.5282112845138055
[2024-01-20 22:31:24,333][flwr][INFO] - CLIENT 5 FIT ROUND 7
[2024-01-20 22:31:39,787][flwr][INFO] - CLIENT 5 END FIT ROUND 7
[2024-01-20 22:31:48,292][root][INFO] - Loss: 1.4124400445393153 | Accuracy: 0.539015606242497
[2024-01-20 22:31:48,746][flwr][INFO] - CLIENT 5 FIT ROUND 8
[2024-01-20 22:32:04,151][flwr][INFO] - CLIENT 5 END FIT ROUND 8
[2024-01-20 22:32:11,277][root][INFO] - Loss: 1.3944440909794398 | Accuracy: 0.5474189675870348
[2024-01-20 22:32:11,977][flwr][INFO] - CLIENT 5 FIT ROUND 9
[2024-01-20 22:32:27,375][flwr][INFO] - CLIENT 5 END FIT ROUND 9
[2024-01-20 22:32:35,331][root][INFO] - Loss: 1.3999772753034319 | Accuracy: 0.5546218487394958
[2024-01-20 22:32:36,127][flwr][INFO] - CLIENT 5 FIT ROUND 10
[2024-01-20 22:32:51,648][flwr][INFO] - CLIENT 5 END FIT ROUND 10
[2024-01-20 22:32:59,575][root][INFO] - Loss: 1.4314832857676916 | Accuracy: 0.5594237695078031
[2024-01-20 22:33:00,060][flwr][INFO] - CLIENT 5 FIT ROUND 11
[2024-01-20 22:33:15,375][flwr][INFO] - CLIENT 5 END FIT ROUND 11
[2024-01-20 22:33:22,040][root][INFO] - Loss: 1.4314900125776018 | Accuracy: 0.5738295318127251
[2024-01-20 22:33:23,019][flwr][INFO] - CLIENT 5 FIT ROUND 12
[2024-01-20 22:33:38,403][flwr][INFO] - CLIENT 5 END FIT ROUND 12
[2024-01-20 22:33:45,246][root][INFO] - Loss: 1.4346096856253487 | Accuracy: 0.5678271308523409
[2024-01-20 22:33:45,737][flwr][INFO] - CLIENT 5 FIT ROUND 13
[2024-01-20 22:34:01,110][flwr][INFO] - CLIENT 5 END FIT ROUND 13
[2024-01-20 22:34:08,366][root][INFO] - Loss: 1.4855219977242606 | Accuracy: 0.575030012004802
[2024-01-20 22:34:09,138][flwr][INFO] - CLIENT 5 FIT ROUND 14
[2024-01-20 22:34:24,451][flwr][INFO] - CLIENT 5 END FIT ROUND 14
[2024-01-20 22:34:31,435][root][INFO] - Loss: 1.555571402822222 | Accuracy: 0.5510204081632653
[2024-01-20 22:34:31,970][flwr][INFO] - CLIENT 5 FIT ROUND 15
[2024-01-20 22:34:47,407][flwr][INFO] - CLIENT 5 END FIT ROUND 15
[2024-01-20 22:34:54,666][root][INFO] - Loss: 1.5710357768195016 | Accuracy: 0.56062424969988
[2024-01-20 22:34:55,153][flwr][INFO] - CLIENT 5 FIT ROUND 16
[2024-01-20 22:35:10,583][flwr][INFO] - CLIENT 5 END FIT ROUND 16
[2024-01-20 22:35:17,475][root][INFO] - Loss: 1.6694257940564836 | Accuracy: 0.5630252100840336
[2024-01-20 22:35:18,350][flwr][INFO] - CLIENT 5 FIT ROUND 17
[2024-01-20 22:35:33,733][flwr][INFO] - CLIENT 5 END FIT ROUND 17
[2024-01-20 22:35:41,225][root][INFO] - Loss: 1.7047794546399797 | Accuracy: 0.5666266506602641
[2024-01-20 22:35:41,886][flwr][INFO] - CLIENT 5 FIT ROUND 18
[2024-01-20 22:35:57,464][flwr][INFO] - CLIENT 5 END FIT ROUND 18
[2024-01-20 22:36:04,566][root][INFO] - Loss: 1.6959254230771745 | Accuracy: 0.5510204081632653
[2024-01-20 22:36:05,436][flwr][INFO] - CLIENT 5 FIT ROUND 19
[2024-01-20 22:36:20,811][flwr][INFO] - CLIENT 5 END FIT ROUND 19
[2024-01-20 22:36:29,121][root][INFO] - Loss: 1.8019414458956038 | Accuracy: 0.5366146458583433
[2024-01-20 22:36:29,613][flwr][INFO] - CLIENT 5 FIT ROUND 20
[2024-01-20 22:36:45,468][flwr][INFO] - CLIENT 5 END FIT ROUND 20
[2024-01-20 22:36:52,214][root][INFO] - Loss: 1.7318827765328544 | Accuracy: 0.553421368547419
[2024-01-20 22:36:52,414][flwr][DEBUG] - gRPC channel closed
[2024-01-20 22:36:52,414][flwr][INFO] - Disconnect and shut down
