[2023-12-18 17:11:23,212][flwr][WARNING] - 
Setting `min_available_clients` lower than `min_fit_clients` or
`min_evaluate_clients` can cause the server to fail when there are too few clients
connected to the server. `min_available_clients` must be set to a value larger
than or equal to the values of `min_fit_clients` and `min_evaluate_clients`.

[2023-12-18 17:11:23,212][flwr][INFO] - Starting Flower simulation, config: ServerConfig(num_rounds=50, round_timeout=None)
[2023-12-18 17:11:26,907][flwr][INFO] - Flower VCE: Ray initialized with resources: {'GPU': 2.0, 'object_store_memory': 59548483584.0, 'node:__internal_head__': 1.0, 'accelerator_type:P100': 1.0, 'CPU': 48.0, 'memory': 128946461696.0, 'node:172.16.36.6': 1.0}
[2023-12-18 17:11:26,907][flwr][INFO] - Optimize your simulation with Flower VCE: https://flower.dev/docs/framework/how-to-run-simulations.html
[2023-12-18 17:11:26,907][flwr][INFO] - Flower VCE: Resources for each Virtual Client: {'num_cpus': 2, 'num_gpus': 0.125}
[2023-12-18 17:11:26,920][flwr][INFO] - Flower VCE: Creating VirtualClientEngineActorPool with 16 actors
[2023-12-18 17:11:26,920][flwr][INFO] - Initializing global parameters
[2023-12-18 17:11:26,920][flwr][INFO] - Requesting initial parameters from one random client
[2023-12-18 17:11:30,567][flwr][INFO] - Received initial parameters from one random client
[2023-12-18 17:11:30,567][flwr][INFO] - Evaluating initial parameters
[2023-12-18 17:11:33,277][flwr][INFO] - initial parameters (loss, other metrics): 0.11523161652088165, {'accuracy': 0.1}
[2023-12-18 17:11:33,278][flwr][INFO] - FL starting
[2023-12-18 17:11:33,278][flwr][DEBUG] - fit_round 1: strategy sampled 10 clients (out of 100)
[2023-12-18 17:11:51,475][flwr][DEBUG] - fit_round 1 received 10 results and 0 failures
[2023-12-18 17:11:51,482][flwr][WARNING] - No fit_metrics_aggregation_fn provided
[2023-12-18 17:11:54,188][flwr][INFO] - fit progress: (1, 0.11508734612464905, {'accuracy': 0.1}, 20.910120832000757)
[2023-12-18 17:11:54,189][flwr][DEBUG] - evaluate_round 1: strategy sampled 25 clients (out of 100)
[2023-12-18 17:12:24,162][flwr][DEBUG] - evaluate_round 1 received 25 results and 0 failures
[2023-12-18 17:12:24,163][flwr][WARNING] - No evaluate_metrics_aggregation_fn provided
[2023-12-18 17:12:24,163][flwr][DEBUG] - fit_round 2: strategy sampled 10 clients (out of 100)
[2023-12-18 17:12:38,304][flwr][DEBUG] - fit_round 2 received 10 results and 0 failures
[2023-12-18 17:12:41,616][flwr][INFO] - fit progress: (2, 0.11492811200618744, {'accuracy': 0.1091}, 68.33770318499955)
[2023-12-18 17:12:41,617][flwr][DEBUG] - evaluate_round 2: strategy sampled 25 clients (out of 100)
[2023-12-18 17:13:10,949][flwr][DEBUG] - evaluate_round 2 received 25 results and 0 failures
[2023-12-18 17:13:10,950][flwr][DEBUG] - fit_round 3: strategy sampled 10 clients (out of 100)
