[2024-01-20 22:55:30,192][root][INFO] - 8333 DataSamples Per Clients
[2024-01-20 22:55:30,684][flwr][INFO] - Opened insecure gRPC connection (no certificates were passed)
[2024-01-20 22:55:30,702][flwr][DEBUG] - ChannelConnectivity.IDLE
[2024-01-20 22:55:30,707][flwr][DEBUG] - ChannelConnectivity.READY
[2024-01-20 22:55:51,037][flwr][INFO] - CLIENT 5 FIT ROUND 1
[2024-01-20 22:56:21,050][flwr][INFO] - CLIENT 5 END FIT ROUND 1
[2024-01-20 22:56:32,989][root][INFO] - Loss: 2.1008719376155307 | Accuracy: 0.234093637454982
[2024-01-20 22:56:36,993][flwr][INFO] - CLIENT 5 FIT ROUND 2
[2024-01-20 22:56:58,598][flwr][INFO] - CLIENT 5 END FIT ROUND 2
[2024-01-20 22:57:09,594][root][INFO] - Loss: 1.5370632580348425 | Accuracy: 0.45018007202881155
[2024-01-20 22:57:12,424][flwr][INFO] - CLIENT 5 FIT ROUND 3
[2024-01-20 22:57:33,846][flwr][INFO] - CLIENT 5 END FIT ROUND 3
[2024-01-20 22:57:45,360][root][INFO] - Loss: 1.3748675073896135 | Accuracy: 0.49939975990396157
[2024-01-20 22:57:47,919][flwr][INFO] - CLIENT 5 FIT ROUND 4
[2024-01-20 22:58:09,598][flwr][INFO] - CLIENT 5 END FIT ROUND 4
[2024-01-20 22:58:19,595][root][INFO] - Loss: 1.3105397394725256 | Accuracy: 0.539015606242497
[2024-01-20 22:58:22,715][flwr][INFO] - CLIENT 5 FIT ROUND 5
[2024-01-20 22:58:44,030][flwr][INFO] - CLIENT 5 END FIT ROUND 5
[2024-01-20 22:58:55,111][root][INFO] - Loss: 1.2857264280319214 | Accuracy: 0.56062424969988
[2024-01-20 22:58:57,951][flwr][INFO] - CLIENT 5 FIT ROUND 6
[2024-01-20 22:59:19,473][flwr][INFO] - CLIENT 5 END FIT ROUND 6
[2024-01-20 22:59:28,970][root][INFO] - Loss: 1.2882236071995325 | Accuracy: 0.5642256902761105
[2024-01-20 22:59:32,957][flwr][INFO] - CLIENT 5 FIT ROUND 7
[2024-01-20 22:59:54,181][flwr][INFO] - CLIENT 5 END FIT ROUND 7
[2024-01-20 23:00:05,745][root][INFO] - Loss: 1.2789993456431799 | Accuracy: 0.5822328931572629
[2024-01-20 23:00:08,799][flwr][INFO] - CLIENT 5 FIT ROUND 8
[2024-01-20 23:00:30,921][flwr][INFO] - CLIENT 5 END FIT ROUND 8
[2024-01-20 23:00:39,671][root][INFO] - Loss: 1.3394537823540824 | Accuracy: 0.5870348139255702
[2024-01-20 23:00:43,816][flwr][INFO] - CLIENT 5 FIT ROUND 9
[2024-01-20 23:01:05,108][flwr][INFO] - CLIENT 5 END FIT ROUND 9
[2024-01-20 23:01:14,895][root][INFO] - Loss: 1.3616631031036377 | Accuracy: 0.6014405762304922
[2024-01-20 23:01:18,777][flwr][INFO] - CLIENT 5 FIT ROUND 10
[2024-01-20 23:01:40,295][flwr][INFO] - CLIENT 5 END FIT ROUND 10
[2024-01-20 23:01:49,719][root][INFO] - Loss: 1.3321012684277125 | Accuracy: 0.6014405762304922
[2024-01-20 23:01:53,190][flwr][INFO] - CLIENT 5 FIT ROUND 11
[2024-01-20 23:02:14,439][flwr][INFO] - CLIENT 5 END FIT ROUND 11
[2024-01-20 23:02:25,194][root][INFO] - Loss: 1.4272481543677193 | Accuracy: 0.60984393757503
[2024-01-20 23:02:27,459][flwr][INFO] - CLIENT 5 FIT ROUND 12
[2024-01-20 23:02:48,687][flwr][INFO] - CLIENT 5 END FIT ROUND 12
[2024-01-20 23:02:59,091][root][INFO] - Loss: 1.495009183883667 | Accuracy: 0.6086434573829532
[2024-01-20 23:03:03,005][flwr][INFO] - CLIENT 5 FIT ROUND 13
[2024-01-20 23:03:24,550][flwr][INFO] - CLIENT 5 END FIT ROUND 13
[2024-01-20 23:03:35,146][root][INFO] - Loss: 1.511052897998265 | Accuracy: 0.6038415366146459
[2024-01-20 23:03:38,085][flwr][INFO] - CLIENT 5 FIT ROUND 14
[2024-01-20 23:03:59,428][flwr][INFO] - CLIENT 5 END FIT ROUND 14
[2024-01-20 23:04:08,731][root][INFO] - Loss: 1.5654930898121424 | Accuracy: 0.6038415366146459
[2024-01-20 23:04:13,105][flwr][INFO] - CLIENT 5 FIT ROUND 15
[2024-01-20 23:04:34,462][flwr][INFO] - CLIENT 5 END FIT ROUND 15
[2024-01-20 23:04:45,428][root][INFO] - Loss: 1.5848919664110457 | Accuracy: 0.6122448979591837
[2024-01-20 23:04:47,898][flwr][INFO] - CLIENT 5 FIT ROUND 16
[2024-01-20 23:05:09,069][flwr][INFO] - CLIENT 5 END FIT ROUND 16
[2024-01-20 23:05:19,983][root][INFO] - Loss: 1.6063855716160365 | Accuracy: 0.6074429771908764
[2024-01-20 23:05:23,619][flwr][INFO] - CLIENT 5 FIT ROUND 17
[2024-01-20 23:05:44,819][flwr][INFO] - CLIENT 5 END FIT ROUND 17
[2024-01-20 23:05:56,598][root][INFO] - Loss: 1.6779457330703735 | Accuracy: 0.60984393757503
[2024-01-20 23:05:59,169][flwr][INFO] - CLIENT 5 FIT ROUND 18
[2024-01-20 23:06:20,538][flwr][INFO] - CLIENT 5 END FIT ROUND 18
[2024-01-20 23:06:30,968][root][INFO] - Loss: 1.7229244879313879 | Accuracy: 0.5918367346938775
[2024-01-20 23:06:34,180][flwr][INFO] - CLIENT 5 FIT ROUND 19
[2024-01-20 23:06:55,512][flwr][INFO] - CLIENT 5 END FIT ROUND 19
[2024-01-20 23:07:05,844][root][INFO] - Loss: 1.7608682257788522 | Accuracy: 0.6014405762304922
[2024-01-20 23:07:08,334][flwr][INFO] - CLIENT 5 FIT ROUND 20
[2024-01-20 23:07:29,654][flwr][INFO] - CLIENT 5 END FIT ROUND 20
[2024-01-20 23:07:41,397][root][INFO] - Loss: 1.8424431255885534 | Accuracy: 0.6086434573829532
[2024-01-20 23:07:41,427][flwr][DEBUG] - gRPC channel closed
[2024-01-20 23:07:41,427][flwr][INFO] - Disconnect and shut down
