[2024-01-20 22:05:00,704][root][INFO] - 8333 DataSamples Per Clients
[2024-01-20 22:05:00,870][flwr][INFO] - Opened insecure gRPC connection (no certificates were passed)
[2024-01-20 22:05:01,031][flwr][DEBUG] - ChannelConnectivity.IDLE
[2024-01-20 22:05:01,043][flwr][DEBUG] - ChannelConnectivity.READY
[2024-01-20 22:05:05,377][flwr][INFO] - CLIENT 1 FIT ROUND 1
[2024-01-20 22:05:42,761][flwr][INFO] - CLIENT 1 END FIT ROUND 1
[2024-01-20 22:05:53,572][root][INFO] - Loss: 2.3015521935054233 | Accuracy: 0.09603841536614646
[2024-01-20 22:05:54,129][flwr][INFO] - CLIENT 1 FIT ROUND 2
[2024-01-20 22:06:16,792][flwr][INFO] - CLIENT 1 END FIT ROUND 2
[2024-01-20 22:06:25,742][root][INFO] - Loss: 2.0329971058028087 | Accuracy: 0.226890756302521
[2024-01-20 22:06:26,242][flwr][INFO] - CLIENT 1 FIT ROUND 3
[2024-01-20 22:06:48,491][flwr][INFO] - CLIENT 1 END FIT ROUND 3
[2024-01-20 22:06:57,364][root][INFO] - Loss: 1.760075100830623 | Accuracy: 0.2857142857142857
[2024-01-20 22:06:57,860][flwr][INFO] - CLIENT 1 FIT ROUND 4
[2024-01-20 22:07:20,380][flwr][INFO] - CLIENT 1 END FIT ROUND 4
[2024-01-20 22:07:28,778][root][INFO] - Loss: 1.8108202644756861 | Accuracy: 0.34933973589435774
[2024-01-20 22:07:29,248][flwr][INFO] - CLIENT 1 FIT ROUND 5
[2024-01-20 22:07:50,668][flwr][INFO] - CLIENT 1 END FIT ROUND 5
[2024-01-20 22:07:58,826][root][INFO] - Loss: 1.6393756440707616 | Accuracy: 0.4105642256902761
[2024-01-20 22:07:59,314][flwr][INFO] - CLIENT 1 FIT ROUND 6
[2024-01-20 22:08:22,037][flwr][INFO] - CLIENT 1 END FIT ROUND 6
[2024-01-20 22:08:31,292][root][INFO] - Loss: 1.5917034915515356 | Accuracy: 0.43577430972388953
[2024-01-20 22:08:32,357][flwr][INFO] - CLIENT 1 FIT ROUND 7
[2024-01-20 22:08:53,784][flwr][INFO] - CLIENT 1 END FIT ROUND 7
[2024-01-20 22:09:04,025][root][INFO] - Loss: 1.5066399574279785 | Accuracy: 0.468187274909964
[2024-01-20 22:09:04,626][flwr][INFO] - CLIENT 1 FIT ROUND 8
[2024-01-20 22:09:26,115][flwr][INFO] - CLIENT 1 END FIT ROUND 8
[2024-01-20 22:09:35,606][root][INFO] - Loss: 1.4904532943453108 | Accuracy: 0.49459783913565425
[2024-01-20 22:09:36,096][flwr][INFO] - CLIENT 1 FIT ROUND 9
[2024-01-20 22:09:57,936][flwr][INFO] - CLIENT 1 END FIT ROUND 9
[2024-01-20 22:10:07,144][root][INFO] - Loss: 1.4343090057373047 | Accuracy: 0.4885954381752701
[2024-01-20 22:10:07,823][flwr][INFO] - CLIENT 1 FIT ROUND 10
[2024-01-20 22:10:29,767][flwr][INFO] - CLIENT 1 END FIT ROUND 10
[2024-01-20 22:10:37,199][root][INFO] - Loss: 1.396055885723659 | Accuracy: 0.49819927971188477
[2024-01-20 22:10:37,720][flwr][INFO] - CLIENT 1 FIT ROUND 11
[2024-01-20 22:10:58,586][flwr][INFO] - CLIENT 1 END FIT ROUND 11
[2024-01-20 22:11:06,322][root][INFO] - Loss: 1.3129702040127345 | Accuracy: 0.503001200480192
[2024-01-20 22:11:07,254][flwr][INFO] - CLIENT 1 FIT ROUND 12
[2024-01-20 22:11:28,142][flwr][INFO] - CLIENT 1 END FIT ROUND 12
[2024-01-20 22:11:36,668][root][INFO] - Loss: 1.346751528126853 | Accuracy: 0.4921968787515006
[2024-01-20 22:11:37,154][flwr][INFO] - CLIENT 1 FIT ROUND 13
[2024-01-20 22:11:58,633][flwr][INFO] - CLIENT 1 END FIT ROUND 13
[2024-01-20 22:12:07,505][root][INFO] - Loss: 1.5226833479745048 | Accuracy: 0.5138055222088835
[2024-01-20 22:12:07,900][flwr][INFO] - CLIENT 1 FIT ROUND 14
[2024-01-20 22:12:29,555][flwr][INFO] - CLIENT 1 END FIT ROUND 14
[2024-01-20 22:12:38,290][root][INFO] - Loss: 1.306248011333602 | Accuracy: 0.5198079231692677
[2024-01-20 22:12:39,255][flwr][INFO] - CLIENT 1 FIT ROUND 15
[2024-01-20 22:13:00,915][flwr][INFO] - CLIENT 1 END FIT ROUND 15
[2024-01-20 22:13:09,330][root][INFO] - Loss: 1.3074847630092077 | Accuracy: 0.5102040816326531
[2024-01-20 22:13:10,284][flwr][INFO] - CLIENT 1 FIT ROUND 16
[2024-01-20 22:13:31,345][flwr][INFO] - CLIENT 1 END FIT ROUND 16
[2024-01-20 22:13:41,866][root][INFO] - Loss: 1.3099591306277685 | Accuracy: 0.5078031212484994
[2024-01-20 22:13:42,354][flwr][INFO] - CLIENT 1 FIT ROUND 17
[2024-01-20 22:14:03,744][flwr][INFO] - CLIENT 1 END FIT ROUND 17
[2024-01-20 22:14:12,847][root][INFO] - Loss: 1.2853331416845322 | Accuracy: 0.5198079231692677
[2024-01-20 22:14:13,297][flwr][INFO] - CLIENT 1 FIT ROUND 18
[2024-01-20 22:14:35,010][flwr][INFO] - CLIENT 1 END FIT ROUND 18
[2024-01-20 22:14:43,076][root][INFO] - Loss: 1.2850069999694824 | Accuracy: 0.5078031212484994
[2024-01-20 22:14:43,793][flwr][INFO] - CLIENT 1 FIT ROUND 19
[2024-01-20 22:15:05,652][flwr][INFO] - CLIENT 1 END FIT ROUND 19
[2024-01-20 22:15:17,267][root][INFO] - Loss: 1.3827937245368958 | Accuracy: 0.5258103241296519
[2024-01-20 22:15:18,079][flwr][INFO] - CLIENT 1 FIT ROUND 20
[2024-01-20 22:15:40,016][flwr][INFO] - CLIENT 1 END FIT ROUND 20
[2024-01-20 22:15:47,722][root][INFO] - Loss: 1.4025166971342904 | Accuracy: 0.5342136854741897
[2024-01-20 22:15:47,916][flwr][DEBUG] - gRPC channel closed
[2024-01-20 22:15:47,916][flwr][INFO] - Disconnect and shut down
