[2024-01-20 22:05:00,607][root][INFO] - 8333 DataSamples Per Clients
[2024-01-20 22:05:00,753][flwr][INFO] - Opened insecure gRPC connection (no certificates were passed)
[2024-01-20 22:05:00,911][flwr][DEBUG] - ChannelConnectivity.IDLE
[2024-01-20 22:05:00,912][flwr][DEBUG] - ChannelConnectivity.CONNECTING
[2024-01-20 22:05:00,940][flwr][DEBUG] - ChannelConnectivity.READY
[2024-01-20 22:05:05,429][flwr][INFO] - CLIENT 3 FIT ROUND 1
[2024-01-20 22:05:41,927][flwr][INFO] - CLIENT 3 END FIT ROUND 1
[2024-01-20 22:05:53,443][root][INFO] - Loss: 2.3005259888512746 | Accuracy: 0.11404561824729892
[2024-01-20 22:05:54,112][flwr][INFO] - CLIENT 3 FIT ROUND 2
[2024-01-20 22:06:17,012][flwr][INFO] - CLIENT 3 END FIT ROUND 2
[2024-01-20 22:06:25,774][root][INFO] - Loss: 2.0291406427110945 | Accuracy: 0.22569027611044418
[2024-01-20 22:06:26,261][flwr][INFO] - CLIENT 3 FIT ROUND 3
[2024-01-20 22:06:47,332][flwr][INFO] - CLIENT 3 END FIT ROUND 3
[2024-01-20 22:06:57,028][root][INFO] - Loss: 1.7099209002086095 | Accuracy: 0.33013205282112845
[2024-01-20 22:06:57,872][flwr][INFO] - CLIENT 3 FIT ROUND 4
[2024-01-20 22:07:19,824][flwr][INFO] - CLIENT 3 END FIT ROUND 4
[2024-01-20 22:07:28,657][root][INFO] - Loss: 1.5534830135958535 | Accuracy: 0.39255702280912363
[2024-01-20 22:07:29,266][flwr][INFO] - CLIENT 3 FIT ROUND 5
[2024-01-20 22:07:50,238][flwr][INFO] - CLIENT 3 END FIT ROUND 5
[2024-01-20 22:07:58,821][root][INFO] - Loss: 1.478419644492013 | Accuracy: 0.44537815126050423
[2024-01-20 22:07:59,308][flwr][INFO] - CLIENT 3 FIT ROUND 6
[2024-01-20 22:08:20,666][flwr][INFO] - CLIENT 3 END FIT ROUND 6
[2024-01-20 22:08:31,882][root][INFO] - Loss: 1.4675618410110474 | Accuracy: 0.45738295318127253
[2024-01-20 22:08:32,250][flwr][INFO] - CLIENT 3 FIT ROUND 7
[2024-01-20 22:08:53,604][flwr][INFO] - CLIENT 3 END FIT ROUND 7
[2024-01-20 22:09:03,963][root][INFO] - Loss: 1.4337735346385412 | Accuracy: 0.4801920768307323
[2024-01-20 22:09:04,493][flwr][INFO] - CLIENT 3 FIT ROUND 8
[2024-01-20 22:09:26,059][flwr][INFO] - CLIENT 3 END FIT ROUND 8
[2024-01-20 22:09:35,489][root][INFO] - Loss: 1.367449368749346 | Accuracy: 0.4969987995198079
[2024-01-20 22:09:36,070][flwr][INFO] - CLIENT 3 FIT ROUND 9
[2024-01-20 22:09:57,692][flwr][INFO] - CLIENT 3 END FIT ROUND 9
[2024-01-20 22:10:07,124][root][INFO] - Loss: 1.3756414822169714 | Accuracy: 0.49939975990396157
[2024-01-20 22:10:07,939][flwr][INFO] - CLIENT 3 FIT ROUND 10
[2024-01-20 22:10:29,004][flwr][INFO] - CLIENT 3 END FIT ROUND 10
[2024-01-20 22:10:37,242][root][INFO] - Loss: 1.2585212801183974 | Accuracy: 0.49939975990396157
[2024-01-20 22:10:37,601][flwr][INFO] - CLIENT 3 FIT ROUND 11
[2024-01-20 22:10:58,593][flwr][INFO] - CLIENT 3 END FIT ROUND 11
[2024-01-20 22:11:06,232][root][INFO] - Loss: 1.245324826666287 | Accuracy: 0.517406962785114
[2024-01-20 22:11:07,252][flwr][INFO] - CLIENT 3 FIT ROUND 12
[2024-01-20 22:11:28,846][flwr][INFO] - CLIENT 3 END FIT ROUND 12
[2024-01-20 22:11:36,226][root][INFO] - Loss: 1.3400662711688451 | Accuracy: 0.5258103241296519
[2024-01-20 22:11:37,036][flwr][INFO] - CLIENT 3 FIT ROUND 13
[2024-01-20 22:11:57,375][flwr][INFO] - CLIENT 3 END FIT ROUND 13
[2024-01-20 22:12:07,126][root][INFO] - Loss: 1.2458722463675909 | Accuracy: 0.5462184873949579
[2024-01-20 22:12:07,995][flwr][INFO] - CLIENT 3 FIT ROUND 14
[2024-01-20 22:12:29,186][flwr][INFO] - CLIENT 3 END FIT ROUND 14
[2024-01-20 22:12:38,613][root][INFO] - Loss: 1.2850218415260315 | Accuracy: 0.5474189675870348
[2024-01-20 22:12:39,161][flwr][INFO] - CLIENT 3 FIT ROUND 15
[2024-01-20 22:13:00,442][flwr][INFO] - CLIENT 3 END FIT ROUND 15
[2024-01-20 22:13:09,911][root][INFO] - Loss: 1.260296676840101 | Accuracy: 0.5474189675870348
[2024-01-20 22:13:10,398][flwr][INFO] - CLIENT 3 FIT ROUND 16
[2024-01-20 22:13:31,214][flwr][INFO] - CLIENT 3 END FIT ROUND 16
[2024-01-20 22:13:41,877][root][INFO] - Loss: 1.2947142124176025 | Accuracy: 0.553421368547419
[2024-01-20 22:13:42,332][flwr][INFO] - CLIENT 3 FIT ROUND 17
[2024-01-20 22:14:02,665][flwr][INFO] - CLIENT 3 END FIT ROUND 17
[2024-01-20 22:14:12,335][root][INFO] - Loss: 1.3812617829867773 | Accuracy: 0.5654261704681873
[2024-01-20 22:14:13,292][flwr][INFO] - CLIENT 3 FIT ROUND 18
[2024-01-20 22:14:34,288][flwr][INFO] - CLIENT 3 END FIT ROUND 18
[2024-01-20 22:14:43,313][root][INFO] - Loss: 1.3361605150359017 | Accuracy: 0.5666266506602641
[2024-01-20 22:14:43,798][flwr][INFO] - CLIENT 3 FIT ROUND 19
[2024-01-20 22:15:05,023][flwr][INFO] - CLIENT 3 END FIT ROUND 19
[2024-01-20 22:15:17,273][root][INFO] - Loss: 1.5139037540980749 | Accuracy: 0.5690276110444178
[2024-01-20 22:15:18,051][flwr][INFO] - CLIENT 3 FIT ROUND 20
[2024-01-20 22:15:38,829][flwr][INFO] - CLIENT 3 END FIT ROUND 20
[2024-01-20 22:15:47,890][root][INFO] - Loss: 1.2700268115316118 | Accuracy: 0.5498199279711885
[2024-01-20 22:15:47,922][flwr][DEBUG] - gRPC channel closed
[2024-01-20 22:15:47,923][flwr][INFO] - Disconnect and shut down
