[2024-01-20 23:11:08,393][root][INFO] - 8333 DataSamples Per Clients
[2024-01-20 23:11:08,806][flwr][INFO] - Opened insecure gRPC connection (no certificates were passed)
[2024-01-20 23:11:08,833][flwr][DEBUG] - ChannelConnectivity.IDLE
[2024-01-20 23:11:08,858][flwr][DEBUG] - ChannelConnectivity.CONNECTING
[2024-01-20 23:11:08,864][flwr][DEBUG] - ChannelConnectivity.READY
[2024-01-20 23:11:14,481][flwr][INFO] - CLIENT 1 FIT ROUND 1
[2024-01-20 23:11:44,892][flwr][INFO] - CLIENT 1 END FIT ROUND 1
[2024-01-20 23:11:55,899][root][INFO] - Loss: 2.3073664052145824 | Accuracy: 0.1056422569027611
[2024-01-20 23:12:00,102][flwr][INFO] - CLIENT 1 FIT ROUND 2
[2024-01-20 23:12:21,699][flwr][INFO] - CLIENT 1 END FIT ROUND 2
[2024-01-20 23:12:33,399][root][INFO] - Loss: 1.8458376952580042 | Accuracy: 0.34933973589435774
[2024-01-20 23:12:36,120][flwr][INFO] - CLIENT 1 FIT ROUND 3
[2024-01-20 23:12:57,705][flwr][INFO] - CLIENT 1 END FIT ROUND 3
[2024-01-20 23:13:08,318][root][INFO] - Loss: 1.2048828261239188 | Accuracy: 0.56062424969988
[2024-01-20 23:13:11,144][flwr][INFO] - CLIENT 1 FIT ROUND 4
[2024-01-20 23:13:32,570][flwr][INFO] - CLIENT 1 END FIT ROUND 4
[2024-01-20 23:13:43,700][root][INFO] - Loss: 0.9964639374188015 | Accuracy: 0.6602641056422569
[2024-01-20 23:13:46,258][flwr][INFO] - CLIENT 1 FIT ROUND 5
[2024-01-20 23:14:07,644][flwr][INFO] - CLIENT 1 END FIT ROUND 5
[2024-01-20 23:14:18,409][root][INFO] - Loss: 0.9472091794013977 | Accuracy: 0.6866746698679472
[2024-01-20 23:14:21,599][flwr][INFO] - CLIENT 1 FIT ROUND 6
[2024-01-20 23:14:42,986][flwr][INFO] - CLIENT 1 END FIT ROUND 6
[2024-01-20 23:14:52,994][root][INFO] - Loss: 0.9426511781556266 | Accuracy: 0.6986794717887155
[2024-01-20 23:14:56,400][flwr][INFO] - CLIENT 1 FIT ROUND 7
[2024-01-20 23:15:17,766][flwr][INFO] - CLIENT 1 END FIT ROUND 7
[2024-01-20 23:15:28,510][root][INFO] - Loss: 0.9610098770686558 | Accuracy: 0.7118847539015606
[2024-01-20 23:15:31,414][flwr][INFO] - CLIENT 1 FIT ROUND 8
[2024-01-20 23:15:53,015][flwr][INFO] - CLIENT 1 END FIT ROUND 8
[2024-01-20 23:16:04,499][root][INFO] - Loss: 1.047191219670432 | Accuracy: 0.7178871548619448
[2024-01-20 23:16:08,051][flwr][INFO] - CLIENT 1 FIT ROUND 9
[2024-01-20 23:16:29,995][flwr][INFO] - CLIENT 1 END FIT ROUND 9
[2024-01-20 23:16:40,999][root][INFO] - Loss: 1.0029001832008362 | Accuracy: 0.7394957983193278
[2024-01-20 23:16:45,103][flwr][INFO] - CLIENT 1 FIT ROUND 10
[2024-01-20 23:17:06,495][flwr][INFO] - CLIENT 1 END FIT ROUND 10
[2024-01-20 23:17:17,028][root][INFO] - Loss: 1.0452827981540136 | Accuracy: 0.7382953181272509
[2024-01-20 23:17:20,300][flwr][INFO] - CLIENT 1 FIT ROUND 11
[2024-01-20 23:17:41,681][flwr][INFO] - CLIENT 1 END FIT ROUND 11
[2024-01-20 23:17:52,632][root][INFO] - Loss: 1.1284795658929008 | Accuracy: 0.7322929171668667
[2024-01-20 23:17:55,286][flwr][INFO] - CLIENT 1 FIT ROUND 12
[2024-01-20 23:18:16,788][flwr][INFO] - CLIENT 1 END FIT ROUND 12
[2024-01-20 23:18:26,989][root][INFO] - Loss: 1.1174901042665755 | Accuracy: 0.7539015606242497
[2024-01-20 23:18:31,150][flwr][INFO] - CLIENT 1 FIT ROUND 13
[2024-01-20 23:18:52,527][flwr][INFO] - CLIENT 1 END FIT ROUND 13
[2024-01-20 23:19:02,849][root][INFO] - Loss: 1.111623159476689 | Accuracy: 0.7527010804321729
[2024-01-20 23:19:06,320][flwr][INFO] - CLIENT 1 FIT ROUND 14
[2024-01-20 23:19:27,700][flwr][INFO] - CLIENT 1 END FIT ROUND 14
[2024-01-20 23:19:38,795][root][INFO] - Loss: 1.0897229143551417 | Accuracy: 0.7563025210084033
[2024-01-20 23:19:41,355][flwr][INFO] - CLIENT 1 FIT ROUND 15
[2024-01-20 23:20:02,929][flwr][INFO] - CLIENT 1 END FIT ROUND 15
[2024-01-20 23:20:13,861][root][INFO] - Loss: 1.1318501234054565 | Accuracy: 0.751500600240096
[2024-01-20 23:20:16,189][flwr][INFO] - CLIENT 1 FIT ROUND 16
[2024-01-20 23:20:37,454][flwr][INFO] - CLIENT 1 END FIT ROUND 16
[2024-01-20 23:20:47,679][root][INFO] - Loss: 1.1679207852908544 | Accuracy: 0.7406962785114045
[2024-01-20 23:20:51,372][flwr][INFO] - CLIENT 1 FIT ROUND 17
[2024-01-20 23:21:12,892][flwr][INFO] - CLIENT 1 END FIT ROUND 17
[2024-01-20 23:21:24,280][root][INFO] - Loss: 1.1416653309549605 | Accuracy: 0.7539015606242497
[2024-01-20 23:21:27,123][flwr][INFO] - CLIENT 1 FIT ROUND 18
[2024-01-20 23:21:48,916][flwr][INFO] - CLIENT 1 END FIT ROUND 18
[2024-01-20 23:21:59,056][root][INFO] - Loss: 1.1894694055829729 | Accuracy: 0.758703481392557
[2024-01-20 23:22:01,590][flwr][INFO] - CLIENT 1 FIT ROUND 19
[2024-01-20 23:22:23,015][flwr][INFO] - CLIENT 1 END FIT ROUND 19
[2024-01-20 23:22:34,115][root][INFO] - Loss: 1.2911292229379927 | Accuracy: 0.7527010804321729
[2024-01-20 23:22:36,466][flwr][INFO] - CLIENT 1 FIT ROUND 20
[2024-01-20 23:22:57,914][flwr][INFO] - CLIENT 1 END FIT ROUND 20
[2024-01-20 23:23:09,211][root][INFO] - Loss: 1.2150294865880693 | Accuracy: 0.7430972388955582
[2024-01-20 23:23:12,451][flwr][INFO] - CLIENT 1 FIT ROUND 21
[2024-01-20 23:23:34,480][flwr][INFO] - CLIENT 1 END FIT ROUND 21
[2024-01-20 23:23:44,338][root][INFO] - Loss: 1.5195200443267822 | Accuracy: 0.7358943577430972
[2024-01-20 23:23:47,547][flwr][INFO] - CLIENT 1 FIT ROUND 22
[2024-01-20 23:24:08,893][flwr][INFO] - CLIENT 1 END FIT ROUND 22
[2024-01-20 23:24:19,302][root][INFO] - Loss: 1.4018726689474923 | Accuracy: 0.7382953181272509
[2024-01-20 23:24:22,495][flwr][INFO] - CLIENT 1 FIT ROUND 23
[2024-01-20 23:24:44,274][flwr][INFO] - CLIENT 1 END FIT ROUND 23
[2024-01-20 23:24:54,864][root][INFO] - Loss: 1.43213666336877 | Accuracy: 0.7539015606242497
[2024-01-20 23:24:58,471][flwr][INFO] - CLIENT 1 FIT ROUND 24
[2024-01-20 23:25:19,974][flwr][INFO] - CLIENT 1 END FIT ROUND 24
[2024-01-20 23:25:30,232][root][INFO] - Loss: 1.5708273819514684 | Accuracy: 0.7454981992797118
[2024-01-20 23:25:33,426][flwr][INFO] - CLIENT 1 FIT ROUND 25
[2024-01-20 23:25:54,792][flwr][INFO] - CLIENT 1 END FIT ROUND 25
[2024-01-20 23:26:05,940][root][INFO] - Loss: 1.609992231641497 | Accuracy: 0.7478991596638656
[2024-01-20 23:26:08,593][flwr][INFO] - CLIENT 1 FIT ROUND 26
[2024-01-20 23:26:30,659][flwr][INFO] - CLIENT 1 END FIT ROUND 26
[2024-01-20 23:26:41,120][root][INFO] - Loss: 1.5445855685642786 | Accuracy: 0.758703481392557
[2024-01-20 23:26:44,520][flwr][INFO] - CLIENT 1 FIT ROUND 27
[2024-01-20 23:27:05,926][flwr][INFO] - CLIENT 1 END FIT ROUND 27
[2024-01-20 23:27:16,390][root][INFO] - Loss: 1.6925618478230067 | Accuracy: 0.7503001200480192
[2024-01-20 23:27:19,731][flwr][INFO] - CLIENT 1 FIT ROUND 28
[2024-01-20 23:27:41,259][flwr][INFO] - CLIENT 1 END FIT ROUND 28
[2024-01-20 23:27:52,083][root][INFO] - Loss: 1.755629505429949 | Accuracy: 0.7551020408163265
[2024-01-20 23:27:54,848][flwr][INFO] - CLIENT 1 FIT ROUND 29
[2024-01-20 23:28:16,271][flwr][INFO] - CLIENT 1 END FIT ROUND 29
[2024-01-20 23:28:28,368][root][INFO] - Loss: 1.5662957259586878 | Accuracy: 0.7454981992797118
[2024-01-20 23:28:30,644][flwr][INFO] - CLIENT 1 FIT ROUND 30
[2024-01-20 23:28:52,279][flwr][INFO] - CLIENT 1 END FIT ROUND 30
[2024-01-20 23:29:03,430][root][INFO] - Loss: 1.7448781388146537 | Accuracy: 0.7466986794717887
[2024-01-20 23:29:04,217][flwr][DEBUG] - gRPC channel closed
[2024-01-20 23:29:04,217][flwr][INFO] - Disconnect and shut down
