[2024-01-20 22:55:29,829][root][INFO] - 8333 DataSamples Per Clients
[2024-01-20 22:55:30,295][flwr][INFO] - Opened insecure gRPC connection (no certificates were passed)
[2024-01-20 22:55:30,317][flwr][DEBUG] - ChannelConnectivity.IDLE
[2024-01-20 22:55:30,324][flwr][DEBUG] - ChannelConnectivity.READY
[2024-01-20 22:55:51,006][flwr][INFO] - CLIENT 2 FIT ROUND 1
[2024-01-20 22:56:20,847][flwr][INFO] - CLIENT 2 END FIT ROUND 1
[2024-01-20 22:56:33,847][root][INFO] - Loss: 2.055004835128784 | Accuracy: 0.2605042016806723
[2024-01-20 22:56:37,605][flwr][INFO] - CLIENT 2 FIT ROUND 2
[2024-01-20 22:56:58,977][flwr][INFO] - CLIENT 2 END FIT ROUND 2
[2024-01-20 22:57:09,496][root][INFO] - Loss: 1.5584988764354162 | Accuracy: 0.43577430972388953
[2024-01-20 22:57:11,649][flwr][INFO] - CLIENT 2 FIT ROUND 3
[2024-01-20 22:57:32,852][flwr][INFO] - CLIENT 2 END FIT ROUND 3
[2024-01-20 22:57:44,138][root][INFO] - Loss: 1.4097978728158134 | Accuracy: 0.4921968787515006
[2024-01-20 22:57:47,885][flwr][INFO] - CLIENT 2 FIT ROUND 4
[2024-01-20 22:58:09,108][flwr][INFO] - CLIENT 2 END FIT ROUND 4
[2024-01-20 22:58:19,216][root][INFO] - Loss: 1.3236133200781686 | Accuracy: 0.5222088835534213
[2024-01-20 22:58:22,899][flwr][INFO] - CLIENT 2 FIT ROUND 5
[2024-01-20 22:58:44,670][flwr][INFO] - CLIENT 2 END FIT ROUND 5
[2024-01-20 22:58:55,025][root][INFO] - Loss: 1.323955774307251 | Accuracy: 0.5330132052821128
[2024-01-20 22:58:58,227][flwr][INFO] - CLIENT 2 FIT ROUND 6
[2024-01-20 22:59:19,356][flwr][INFO] - CLIENT 2 END FIT ROUND 6
[2024-01-20 22:59:29,887][root][INFO] - Loss: 1.3774851560592651 | Accuracy: 0.5378151260504201
[2024-01-20 22:59:32,837][flwr][INFO] - CLIENT 2 FIT ROUND 7
[2024-01-20 22:59:54,075][flwr][INFO] - CLIENT 2 END FIT ROUND 7
[2024-01-20 23:00:05,648][root][INFO] - Loss: 1.4034381253378732 | Accuracy: 0.5594237695078031
[2024-01-20 23:00:08,319][flwr][INFO] - CLIENT 2 FIT ROUND 8
[2024-01-20 23:00:29,463][flwr][INFO] - CLIENT 2 END FIT ROUND 8
[2024-01-20 23:00:40,462][root][INFO] - Loss: 1.4464485815593175 | Accuracy: 0.5426170468187275
[2024-01-20 23:00:43,733][flwr][INFO] - CLIENT 2 FIT ROUND 9
[2024-01-20 23:01:04,872][flwr][INFO] - CLIENT 2 END FIT ROUND 9
[2024-01-20 23:01:15,494][root][INFO] - Loss: 1.5401898963110787 | Accuracy: 0.5414165666266506
[2024-01-20 23:01:18,999][flwr][INFO] - CLIENT 2 FIT ROUND 10
[2024-01-20 23:01:40,154][flwr][INFO] - CLIENT 2 END FIT ROUND 10
[2024-01-20 23:01:50,761][root][INFO] - Loss: 1.562537636075701 | Accuracy: 0.5498199279711885
[2024-01-20 23:01:53,183][flwr][INFO] - CLIENT 2 FIT ROUND 11
[2024-01-20 23:02:14,369][flwr][INFO] - CLIENT 2 END FIT ROUND 11
[2024-01-20 23:02:24,713][root][INFO] - Loss: 1.5379830598831177 | Accuracy: 0.5522208883553421
[2024-01-20 23:02:28,032][flwr][INFO] - CLIENT 2 FIT ROUND 12
[2024-01-20 23:02:49,193][flwr][INFO] - CLIENT 2 END FIT ROUND 12
[2024-01-20 23:02:59,681][root][INFO] - Loss: 1.6211307559694563 | Accuracy: 0.5714285714285714
[2024-01-20 23:03:02,983][flwr][INFO] - CLIENT 2 FIT ROUND 13
[2024-01-20 23:03:24,260][flwr][INFO] - CLIENT 2 END FIT ROUND 13
[2024-01-20 23:03:34,504][root][INFO] - Loss: 1.690392988068717 | Accuracy: 0.5570228091236494
[2024-01-20 23:03:38,074][flwr][INFO] - CLIENT 2 FIT ROUND 14
[2024-01-20 23:03:59,255][flwr][INFO] - CLIENT 2 END FIT ROUND 14
[2024-01-20 23:04:09,886][root][INFO] - Loss: 1.7124001468930925 | Accuracy: 0.5642256902761105
[2024-01-20 23:04:13,079][flwr][INFO] - CLIENT 2 FIT ROUND 15
[2024-01-20 23:04:34,265][flwr][INFO] - CLIENT 2 END FIT ROUND 15
[2024-01-20 23:04:46,443][root][INFO] - Loss: 1.735704473086766 | Accuracy: 0.5594237695078031
[2024-01-20 23:04:49,004][flwr][INFO] - CLIENT 2 FIT ROUND 16
[2024-01-20 23:05:10,073][flwr][INFO] - CLIENT 2 END FIT ROUND 16
[2024-01-20 23:05:21,120][root][INFO] - Loss: 1.751524533544268 | Accuracy: 0.5630252100840336
[2024-01-20 23:05:24,120][flwr][INFO] - CLIENT 2 FIT ROUND 17
[2024-01-20 23:05:45,452][flwr][INFO] - CLIENT 2 END FIT ROUND 17
[2024-01-20 23:05:55,613][root][INFO] - Loss: 1.840348175593785 | Accuracy: 0.5666266506602641
[2024-01-20 23:05:59,193][flwr][INFO] - CLIENT 2 FIT ROUND 18
[2024-01-20 23:06:20,612][flwr][INFO] - CLIENT 2 END FIT ROUND 18
[2024-01-20 23:06:31,684][root][INFO] - Loss: 1.8569078615733556 | Accuracy: 0.5690276110444178
[2024-01-20 23:06:33,925][flwr][INFO] - CLIENT 2 FIT ROUND 19
[2024-01-20 23:06:54,955][flwr][INFO] - CLIENT 2 END FIT ROUND 19
[2024-01-20 23:07:05,852][root][INFO] - Loss: 1.9399018457957677 | Accuracy: 0.5666266506602641
[2024-01-20 23:07:08,498][flwr][INFO] - CLIENT 2 FIT ROUND 20
[2024-01-20 23:07:29,688][flwr][INFO] - CLIENT 2 END FIT ROUND 20
[2024-01-20 23:07:41,275][root][INFO] - Loss: 1.9534061295645577 | Accuracy: 0.5618247298919568
[2024-01-20 23:07:41,430][flwr][DEBUG] - gRPC channel closed
[2024-01-20 23:07:41,431][flwr][INFO] - Disconnect and shut down
