[2024-01-05 18:06:43,925][flwr][INFO] - Starting Flower server, config: ServerConfig(num_rounds=30, round_timeout=None)
[2024-01-05 18:06:43,942][flwr][INFO] - Flower ECE: gRPC server running (30 rounds), SSL is disabled
[2024-01-05 18:06:43,942][flwr][INFO] - Initializing global parameters
[2024-01-05 18:06:43,942][flwr][INFO] - Using initial parameters provided by strategy
[2024-01-05 18:06:43,942][flwr][INFO] - Evaluating initial parameters
[2024-01-05 18:06:49,211][flwr][INFO] - initial parameters (loss, other metrics): 0.018196570062637328, {'accuracy': 0.1}
[2024-01-05 18:06:49,211][flwr][INFO] - FL starting
[2024-01-05 18:06:49,212][flwr][DEBUG] - fit_round 1: strategy sampled 2 clients (out of 2)
[2024-01-05 18:07:57,172][flwr][DEBUG] - fit_round 1 received 2 results and 0 failures
[2024-01-05 18:07:57,290][flwr][WARNING] - No fit_metrics_aggregation_fn provided
[2024-01-05 18:07:59,802][flwr][INFO] - fit progress: (1, 0.018250141978263856, {'accuracy': 0.1}, 70.59054385399986)
[2024-01-05 18:07:59,802][flwr][DEBUG] - evaluate_round 1: strategy sampled 2 clients (out of 2)
[2024-01-05 18:08:05,566][flwr][DEBUG] - evaluate_round 1 received 2 results and 0 failures
[2024-01-05 18:08:05,566][flwr][DEBUG] - fit_round 2: strategy sampled 2 clients (out of 2)
[2024-01-05 18:09:07,736][flwr][DEBUG] - fit_round 2 received 2 results and 0 failures
[2024-01-05 18:09:10,339][flwr][INFO] - fit progress: (2, 0.014842973923683167, {'accuracy': 0.35}, 141.12726006499997)
[2024-01-05 18:09:10,339][flwr][DEBUG] - evaluate_round 2: strategy sampled 2 clients (out of 2)
[2024-01-05 18:09:17,287][flwr][DEBUG] - evaluate_round 2 received 2 results and 0 failures
[2024-01-05 18:09:17,287][flwr][DEBUG] - fit_round 3: strategy sampled 2 clients (out of 2)
[2024-01-05 18:10:19,595][flwr][DEBUG] - fit_round 3 received 2 results and 0 failures
[2024-01-05 18:10:22,147][flwr][INFO] - fit progress: (3, 0.00724261491894722, {'accuracy': 0.6797}, 212.935791506)
[2024-01-05 18:10:22,147][flwr][DEBUG] - evaluate_round 3: strategy sampled 2 clients (out of 2)
[2024-01-05 18:10:27,236][flwr][DEBUG] - evaluate_round 3 received 2 results and 0 failures
[2024-01-05 18:10:27,236][flwr][DEBUG] - fit_round 4: strategy sampled 2 clients (out of 2)
[2024-01-05 18:11:29,225][flwr][DEBUG] - fit_round 4 received 2 results and 0 failures
[2024-01-05 18:11:31,774][flwr][INFO] - fit progress: (4, 0.005606653645634651, {'accuracy': 0.7615}, 282.5624362210001)
[2024-01-05 18:11:31,774][flwr][DEBUG] - evaluate_round 4: strategy sampled 2 clients (out of 2)
[2024-01-05 18:11:36,365][flwr][DEBUG] - evaluate_round 4 received 2 results and 0 failures
[2024-01-05 18:11:36,365][flwr][DEBUG] - fit_round 5: strategy sampled 2 clients (out of 2)
[2024-01-05 18:12:38,674][flwr][DEBUG] - fit_round 5 received 2 results and 0 failures
[2024-01-05 18:12:41,253][flwr][INFO] - fit progress: (5, 0.00596747835278511, {'accuracy': 0.7824}, 352.0415873860002)
[2024-01-05 18:12:41,254][flwr][DEBUG] - evaluate_round 5: strategy sampled 2 clients (out of 2)
[2024-01-05 18:12:45,805][flwr][DEBUG] - evaluate_round 5 received 2 results and 0 failures
[2024-01-05 18:12:45,806][flwr][DEBUG] - fit_round 6: strategy sampled 2 clients (out of 2)
[2024-01-05 18:13:47,794][flwr][DEBUG] - fit_round 6 received 2 results and 0 failures
[2024-01-05 18:13:50,333][flwr][INFO] - fit progress: (6, 0.006905988630652428, {'accuracy': 0.7942}, 421.1213809679998)
[2024-01-05 18:13:50,333][flwr][DEBUG] - evaluate_round 6: strategy sampled 2 clients (out of 2)
[2024-01-05 18:13:54,974][flwr][DEBUG] - evaluate_round 6 received 2 results and 0 failures
[2024-01-05 18:13:54,975][flwr][DEBUG] - fit_round 7: strategy sampled 2 clients (out of 2)
[2024-01-05 18:14:57,757][flwr][DEBUG] - fit_round 7 received 2 results and 0 failures
[2024-01-05 18:15:00,590][flwr][INFO] - fit progress: (7, 0.007451048105955124, {'accuracy': 0.8006}, 491.3788752810001)
[2024-01-05 18:15:00,591][flwr][DEBUG] - evaluate_round 7: strategy sampled 2 clients (out of 2)
[2024-01-05 18:15:05,473][flwr][DEBUG] - evaluate_round 7 received 2 results and 0 failures
[2024-01-05 18:15:05,474][flwr][DEBUG] - fit_round 8: strategy sampled 2 clients (out of 2)
[2024-01-05 18:16:12,260][flwr][DEBUG] - fit_round 8 received 2 results and 0 failures
[2024-01-05 18:16:14,817][flwr][INFO] - fit progress: (8, 0.008196700617671013, {'accuracy': 0.7967}, 565.605702893)
[2024-01-05 18:16:14,817][flwr][DEBUG] - evaluate_round 8: strategy sampled 2 clients (out of 2)
[2024-01-05 18:16:19,397][flwr][DEBUG] - evaluate_round 8 received 2 results and 0 failures
[2024-01-05 18:16:19,397][flwr][DEBUG] - fit_round 9: strategy sampled 2 clients (out of 2)
[2024-01-05 18:17:21,435][flwr][DEBUG] - fit_round 9 received 2 results and 0 failures
[2024-01-05 18:17:23,990][flwr][INFO] - fit progress: (9, 0.00848160759806633, {'accuracy': 0.7986}, 634.7784671129998)
[2024-01-05 18:17:23,991][flwr][DEBUG] - evaluate_round 9: strategy sampled 2 clients (out of 2)
[2024-01-05 18:17:28,881][flwr][DEBUG] - evaluate_round 9 received 2 results and 0 failures
[2024-01-05 18:17:28,882][flwr][DEBUG] - fit_round 10: strategy sampled 2 clients (out of 2)
[2024-01-05 18:18:33,337][flwr][DEBUG] - fit_round 10 received 2 results and 0 failures
[2024-01-05 18:18:35,882][flwr][INFO] - fit progress: (10, 0.009380956202745438, {'accuracy': 0.7926}, 706.6702052380001)
[2024-01-05 18:18:35,882][flwr][DEBUG] - evaluate_round 10: strategy sampled 2 clients (out of 2)
[2024-01-05 18:18:40,588][flwr][DEBUG] - evaluate_round 10 received 2 results and 0 failures
[2024-01-05 18:18:40,588][flwr][DEBUG] - fit_round 11: strategy sampled 2 clients (out of 2)
[2024-01-05 18:19:42,805][flwr][DEBUG] - fit_round 11 received 2 results and 0 failures
[2024-01-05 18:19:45,356][flwr][INFO] - fit progress: (11, 0.009277410680055618, {'accuracy': 0.7989}, 776.1446177080002)
[2024-01-05 18:19:45,357][flwr][DEBUG] - evaluate_round 11: strategy sampled 2 clients (out of 2)
[2024-01-05 18:19:49,897][flwr][DEBUG] - evaluate_round 11 received 2 results and 0 failures
[2024-01-05 18:19:49,897][flwr][DEBUG] - fit_round 12: strategy sampled 2 clients (out of 2)
[2024-01-05 18:20:52,403][flwr][DEBUG] - fit_round 12 received 2 results and 0 failures
[2024-01-05 18:20:54,952][flwr][INFO] - fit progress: (12, 0.008704864400625229, {'accuracy': 0.7988}, 845.7406653909998)
[2024-01-05 18:20:54,953][flwr][DEBUG] - evaluate_round 12: strategy sampled 2 clients (out of 2)
[2024-01-05 18:20:59,917][flwr][DEBUG] - evaluate_round 12 received 2 results and 0 failures
[2024-01-05 18:20:59,918][flwr][DEBUG] - fit_round 13: strategy sampled 2 clients (out of 2)
[2024-01-05 18:22:01,812][flwr][DEBUG] - fit_round 13 received 2 results and 0 failures
[2024-01-05 18:22:04,665][flwr][INFO] - fit progress: (13, 0.0098773950278759, {'accuracy': 0.7987}, 915.4535624499999)
[2024-01-05 18:22:04,666][flwr][DEBUG] - evaluate_round 13: strategy sampled 2 clients (out of 2)
[2024-01-05 18:22:09,339][flwr][DEBUG] - evaluate_round 13 received 2 results and 0 failures
[2024-01-05 18:22:09,340][flwr][DEBUG] - fit_round 14: strategy sampled 2 clients (out of 2)
[2024-01-05 18:23:15,815][flwr][DEBUG] - fit_round 14 received 2 results and 0 failures
[2024-01-05 18:23:18,357][flwr][INFO] - fit progress: (14, 0.009207011848688126, {'accuracy': 0.8036}, 989.145432496)
[2024-01-05 18:23:18,357][flwr][DEBUG] - evaluate_round 14: strategy sampled 2 clients (out of 2)
[2024-01-05 18:23:23,053][flwr][DEBUG] - evaluate_round 14 received 2 results and 0 failures
[2024-01-05 18:23:23,053][flwr][DEBUG] - fit_round 15: strategy sampled 2 clients (out of 2)
[2024-01-05 18:24:29,643][flwr][DEBUG] - fit_round 15 received 2 results and 0 failures
[2024-01-05 18:24:32,221][flwr][INFO] - fit progress: (15, 0.010724023544788361, {'accuracy': 0.795}, 1063.009399825)
[2024-01-05 18:24:32,221][flwr][DEBUG] - evaluate_round 15: strategy sampled 2 clients (out of 2)
[2024-01-05 18:24:36,369][flwr][DEBUG] - evaluate_round 15 received 2 results and 0 failures
[2024-01-05 18:24:36,369][flwr][DEBUG] - fit_round 16: strategy sampled 2 clients (out of 2)
[2024-01-05 18:25:38,174][flwr][DEBUG] - fit_round 16 received 2 results and 0 failures
[2024-01-05 18:25:40,782][flwr][INFO] - fit progress: (16, 0.010658822923898697, {'accuracy': 0.8}, 1131.5704522739998)
[2024-01-05 18:25:40,783][flwr][DEBUG] - evaluate_round 16: strategy sampled 2 clients (out of 2)
[2024-01-05 18:25:45,186][flwr][DEBUG] - evaluate_round 16 received 2 results and 0 failures
[2024-01-05 18:25:45,186][flwr][DEBUG] - fit_round 17: strategy sampled 2 clients (out of 2)
[2024-01-05 18:26:47,263][flwr][DEBUG] - fit_round 17 received 2 results and 0 failures
[2024-01-05 18:26:49,849][flwr][INFO] - fit progress: (17, 0.011171849799156188, {'accuracy': 0.7985}, 1200.6373782709998)
[2024-01-05 18:26:49,849][flwr][DEBUG] - evaluate_round 17: strategy sampled 2 clients (out of 2)
[2024-01-05 18:26:54,639][flwr][DEBUG] - evaluate_round 17 received 2 results and 0 failures
[2024-01-05 18:26:54,640][flwr][DEBUG] - fit_round 18: strategy sampled 2 clients (out of 2)
[2024-01-05 18:27:56,759][flwr][DEBUG] - fit_round 18 received 2 results and 0 failures
[2024-01-05 18:27:59,616][flwr][INFO] - fit progress: (18, 0.010630002766847611, {'accuracy': 0.8057}, 1270.4047631899998)
[2024-01-05 18:27:59,617][flwr][DEBUG] - evaluate_round 18: strategy sampled 2 clients (out of 2)
[2024-01-05 18:28:04,145][flwr][DEBUG] - evaluate_round 18 received 2 results and 0 failures
[2024-01-05 18:28:04,145][flwr][DEBUG] - fit_round 19: strategy sampled 2 clients (out of 2)
[2024-01-05 18:29:06,426][flwr][DEBUG] - fit_round 19 received 2 results and 0 failures
[2024-01-05 18:29:09,261][flwr][INFO] - fit progress: (19, 0.011039376997947693, {'accuracy': 0.8092}, 1340.04956885)
[2024-01-05 18:29:09,262][flwr][DEBUG] - evaluate_round 19: strategy sampled 2 clients (out of 2)
[2024-01-05 18:29:13,962][flwr][DEBUG] - evaluate_round 19 received 2 results and 0 failures
[2024-01-05 18:29:13,963][flwr][DEBUG] - fit_round 20: strategy sampled 2 clients (out of 2)
[2024-01-05 18:30:16,763][flwr][DEBUG] - fit_round 20 received 2 results and 0 failures
[2024-01-05 18:30:19,586][flwr][INFO] - fit progress: (20, 0.01084847856760025, {'accuracy': 0.8024}, 1410.374752187)
[2024-01-05 18:30:19,587][flwr][DEBUG] - evaluate_round 20: strategy sampled 2 clients (out of 2)
[2024-01-05 18:30:23,966][flwr][DEBUG] - evaluate_round 20 received 2 results and 0 failures
[2024-01-05 18:30:23,966][flwr][DEBUG] - fit_round 21: strategy sampled 2 clients (out of 2)
[2024-01-05 18:31:26,055][flwr][DEBUG] - fit_round 21 received 2 results and 0 failures
[2024-01-05 18:31:28,621][flwr][INFO] - fit progress: (21, 0.010740652334690093, {'accuracy': 0.8062}, 1479.409580942)
[2024-01-05 18:31:28,622][flwr][DEBUG] - evaluate_round 21: strategy sampled 2 clients (out of 2)
[2024-01-05 18:31:33,039][flwr][DEBUG] - evaluate_round 21 received 2 results and 0 failures
[2024-01-05 18:31:33,039][flwr][DEBUG] - fit_round 22: strategy sampled 2 clients (out of 2)
[2024-01-05 18:32:35,437][flwr][DEBUG] - fit_round 22 received 2 results and 0 failures
[2024-01-05 18:32:38,013][flwr][INFO] - fit progress: (22, 0.011041728329658508, {'accuracy': 0.8015}, 1548.801514763)
[2024-01-05 18:32:38,014][flwr][DEBUG] - evaluate_round 22: strategy sampled 2 clients (out of 2)
[2024-01-05 18:32:42,616][flwr][DEBUG] - evaluate_round 22 received 2 results and 0 failures
[2024-01-05 18:32:42,616][flwr][DEBUG] - fit_round 23: strategy sampled 2 clients (out of 2)
[2024-01-05 18:33:46,062][flwr][DEBUG] - fit_round 23 received 2 results and 0 failures
[2024-01-05 18:33:48,603][flwr][INFO] - fit progress: (23, 0.011367099744081496, {'accuracy': 0.803}, 1619.3921077729997)
[2024-01-05 18:33:48,604][flwr][DEBUG] - evaluate_round 23: strategy sampled 2 clients (out of 2)
[2024-01-05 18:33:53,634][flwr][DEBUG] - evaluate_round 23 received 2 results and 0 failures
[2024-01-05 18:33:53,634][flwr][DEBUG] - fit_round 24: strategy sampled 2 clients (out of 2)
[2024-01-05 18:34:55,936][flwr][DEBUG] - fit_round 24 received 2 results and 0 failures
[2024-01-05 18:34:58,498][flwr][INFO] - fit progress: (24, 0.012161874151229858, {'accuracy': 0.799}, 1689.2865117079996)
[2024-01-05 18:34:58,499][flwr][DEBUG] - evaluate_round 24: strategy sampled 2 clients (out of 2)
[2024-01-05 18:35:03,007][flwr][DEBUG] - evaluate_round 24 received 2 results and 0 failures
[2024-01-05 18:35:03,008][flwr][DEBUG] - fit_round 25: strategy sampled 2 clients (out of 2)
[2024-01-05 18:36:04,871][flwr][DEBUG] - fit_round 25 received 2 results and 0 failures
[2024-01-05 18:36:07,424][flwr][INFO] - fit progress: (25, 0.011798369878530503, {'accuracy': 0.8029}, 1758.2125029249996)
[2024-01-05 18:36:07,426][flwr][DEBUG] - evaluate_round 25: strategy sampled 2 clients (out of 2)
[2024-01-05 18:36:12,022][flwr][DEBUG] - evaluate_round 25 received 2 results and 0 failures
[2024-01-05 18:36:12,022][flwr][DEBUG] - fit_round 26: strategy sampled 2 clients (out of 2)
[2024-01-05 18:37:14,022][flwr][DEBUG] - fit_round 26 received 2 results and 0 failures
[2024-01-05 18:37:16,580][flwr][INFO] - fit progress: (26, 0.011326413363218308, {'accuracy': 0.8065}, 1827.3683707220002)
[2024-01-05 18:37:16,581][flwr][DEBUG] - evaluate_round 26: strategy sampled 2 clients (out of 2)
[2024-01-05 18:37:21,133][flwr][DEBUG] - evaluate_round 26 received 2 results and 0 failures
[2024-01-05 18:37:21,134][flwr][DEBUG] - fit_round 27: strategy sampled 2 clients (out of 2)
[2024-01-05 18:38:23,150][flwr][DEBUG] - fit_round 27 received 2 results and 0 failures
[2024-01-05 18:38:25,713][flwr][INFO] - fit progress: (27, 0.013053500866889953, {'accuracy': 0.8012}, 1896.5014997829999)
[2024-01-05 18:38:25,714][flwr][DEBUG] - evaluate_round 27: strategy sampled 2 clients (out of 2)
[2024-01-05 18:38:30,722][flwr][DEBUG] - evaluate_round 27 received 2 results and 0 failures
[2024-01-05 18:38:30,723][flwr][DEBUG] - fit_round 28: strategy sampled 2 clients (out of 2)
[2024-01-05 18:39:32,647][flwr][DEBUG] - fit_round 28 received 2 results and 0 failures
[2024-01-05 18:39:35,182][flwr][INFO] - fit progress: (28, 0.011737456810474396, {'accuracy': 0.8072}, 1965.9708254330003)
[2024-01-05 18:39:35,183][flwr][DEBUG] - evaluate_round 28: strategy sampled 2 clients (out of 2)
[2024-01-05 18:39:39,583][flwr][DEBUG] - evaluate_round 28 received 2 results and 0 failures
[2024-01-05 18:39:39,583][flwr][DEBUG] - fit_round 29: strategy sampled 2 clients (out of 2)
[2024-01-05 18:40:44,255][flwr][DEBUG] - fit_round 29 received 2 results and 0 failures
[2024-01-05 18:40:47,085][flwr][INFO] - fit progress: (29, 0.0125830013692379, {'accuracy': 0.8056}, 2037.873569121)
[2024-01-05 18:40:47,085][flwr][DEBUG] - evaluate_round 29: strategy sampled 2 clients (out of 2)
[2024-01-05 18:40:51,858][flwr][DEBUG] - evaluate_round 29 received 2 results and 0 failures
[2024-01-05 18:40:51,858][flwr][DEBUG] - fit_round 30: strategy sampled 2 clients (out of 2)
[2024-01-05 18:41:54,188][flwr][DEBUG] - fit_round 30 received 2 results and 0 failures
[2024-01-05 18:41:57,014][flwr][INFO] - fit progress: (30, 0.013633198034763335, {'accuracy': 0.7999}, 2107.802402181)
[2024-01-05 18:41:57,014][flwr][DEBUG] - evaluate_round 30: strategy sampled 2 clients (out of 2)
[2024-01-05 18:42:01,737][flwr][DEBUG] - evaluate_round 30 received 2 results and 0 failures
[2024-01-05 18:42:01,737][flwr][INFO] - FL finished in 2112.526136913
[2024-01-05 18:42:01,738][flwr][INFO] - app_fit: losses_distributed [(1, 0.018532413989305496), (2, 0.015073982533067465), (3, 0.0072760044131428), (4, 0.005508028902113438), (5, 0.005745392991229892), (6, 0.006498941453173757), (7, 0.006966151995584369), (8, 0.007505000103265047), (9, 0.007633350323885679), (10, 0.008679004851728678), (11, 0.00819414434954524), (12, 0.007884849328547716), (13, 0.008826262783259153), (14, 0.008329230826348066), (15, 0.00956871872767806), (16, 0.009809128008782864), (17, 0.010218601673841476), (18, 0.009740380570292473), (19, 0.009917195420712233), (20, 0.009441277477890253), (21, 0.009819905739277601), (22, 0.009622546378523111), (23, 0.0101676220074296), (24, 0.010931638535112143), (25, 0.010529677849262953), (26, 0.010471288114786148), (27, 0.011868956498801708), (28, 0.010538414120674133), (29, 0.011239947285503149), (30, 0.012240468990057707)]
[2024-01-05 18:42:01,738][flwr][INFO] - app_fit: metrics_distributed_fit {}
[2024-01-05 18:42:01,738][flwr][INFO] - app_fit: metrics_distributed {'accuracy': [(1, 0.0934), (2, 0.3544), (3, 0.6788), (4, 0.7632), (5, 0.787), (6, 0.7988), (7, 0.81), (8, 0.806), (9, 0.8124), (10, 0.8014), (11, 0.8084), (12, 0.81), (13, 0.8114), (14, 0.8104), (15, 0.8056), (16, 0.8144), (17, 0.8082), (18, 0.8128), (19, 0.8204), (20, 0.8192), (21, 0.8134), (22, 0.8172), (23, 0.8156), (24, 0.81), (25, 0.8188), (26, 0.8128), (27, 0.819), (28, 0.8212), (29, 0.8194), (30, 0.816)]}
[2024-01-05 18:42:01,738][flwr][INFO] - app_fit: losses_centralized [(0, 0.018196570062637328), (1, 0.018250141978263856), (2, 0.014842973923683167), (3, 0.00724261491894722), (4, 0.005606653645634651), (5, 0.00596747835278511), (6, 0.006905988630652428), (7, 0.007451048105955124), (8, 0.008196700617671013), (9, 0.00848160759806633), (10, 0.009380956202745438), (11, 0.009277410680055618), (12, 0.008704864400625229), (13, 0.0098773950278759), (14, 0.009207011848688126), (15, 0.010724023544788361), (16, 0.010658822923898697), (17, 0.011171849799156188), (18, 0.010630002766847611), (19, 0.011039376997947693), (20, 0.01084847856760025), (21, 0.010740652334690093), (22, 0.011041728329658508), (23, 0.011367099744081496), (24, 0.012161874151229858), (25, 0.011798369878530503), (26, 0.011326413363218308), (27, 0.013053500866889953), (28, 0.011737456810474396), (29, 0.0125830013692379), (30, 0.013633198034763335)]
[2024-01-05 18:42:01,738][flwr][INFO] - app_fit: metrics_centralized {'accuracy': [(0, 0.1), (1, 0.1), (2, 0.35), (3, 0.6797), (4, 0.7615), (5, 0.7824), (6, 0.7942), (7, 0.8006), (8, 0.7967), (9, 0.7986), (10, 0.7926), (11, 0.7989), (12, 0.7988), (13, 0.7987), (14, 0.8036), (15, 0.795), (16, 0.8), (17, 0.7985), (18, 0.8057), (19, 0.8092), (20, 0.8024), (21, 0.8062), (22, 0.8015), (23, 0.803), (24, 0.799), (25, 0.8029), (26, 0.8065), (27, 0.8012), (28, 0.8072), (29, 0.8056), (30, 0.7999)]}
