[2024-01-20 22:55:30,183][root][INFO] - 8333 DataSamples Per Clients
[2024-01-20 22:55:30,677][flwr][INFO] - Opened insecure gRPC connection (no certificates were passed)
[2024-01-20 22:55:30,704][flwr][DEBUG] - ChannelConnectivity.IDLE
[2024-01-20 22:55:30,729][flwr][DEBUG] - ChannelConnectivity.READY
[2024-01-20 22:55:50,818][flwr][INFO] - CLIENT 4 FIT ROUND 1
[2024-01-20 22:56:20,910][flwr][INFO] - CLIENT 4 END FIT ROUND 1
[2024-01-20 22:56:34,053][root][INFO] - Loss: 2.1369138104575023 | Accuracy: 0.25690276110444177
[2024-01-20 22:56:37,634][flwr][INFO] - CLIENT 4 FIT ROUND 2
[2024-01-20 22:56:58,925][flwr][INFO] - CLIENT 4 END FIT ROUND 2
[2024-01-20 22:57:09,386][root][INFO] - Loss: 1.6050397838865007 | Accuracy: 0.4309723889555822
[2024-01-20 22:57:12,341][flwr][INFO] - CLIENT 4 FIT ROUND 3
[2024-01-20 22:57:33,689][flwr][INFO] - CLIENT 4 END FIT ROUND 3
[2024-01-20 22:57:44,572][root][INFO] - Loss: 1.4060791049684798 | Accuracy: 0.4921968787515006
[2024-01-20 22:57:47,215][flwr][INFO] - CLIENT 4 FIT ROUND 4
[2024-01-20 22:58:08,525][flwr][INFO] - CLIENT 4 END FIT ROUND 4
[2024-01-20 22:58:20,388][root][INFO] - Loss: 1.3662401267460413 | Accuracy: 0.5294117647058824
[2024-01-20 22:58:22,937][flwr][INFO] - CLIENT 4 FIT ROUND 5
[2024-01-20 22:58:44,464][flwr][INFO] - CLIENT 4 END FIT ROUND 5
[2024-01-20 22:58:55,518][root][INFO] - Loss: 1.359154394694737 | Accuracy: 0.5330132052821128
[2024-01-20 22:58:58,244][flwr][INFO] - CLIENT 4 FIT ROUND 6
[2024-01-20 22:59:19,462][flwr][INFO] - CLIENT 4 END FIT ROUND 6
[2024-01-20 22:59:30,418][root][INFO] - Loss: 1.3399380104882377 | Accuracy: 0.5342136854741897
[2024-01-20 22:59:32,966][flwr][INFO] - CLIENT 4 FIT ROUND 7
[2024-01-20 22:59:54,425][flwr][INFO] - CLIENT 4 END FIT ROUND 7
[2024-01-20 23:00:06,203][root][INFO] - Loss: 1.3974144799368722 | Accuracy: 0.5426170468187275
[2024-01-20 23:00:08,802][flwr][INFO] - CLIENT 4 FIT ROUND 8
[2024-01-20 23:00:30,040][flwr][INFO] - CLIENT 4 END FIT ROUND 8
[2024-01-20 23:00:41,165][root][INFO] - Loss: 1.4240423781531197 | Accuracy: 0.5510204081632653
[2024-01-20 23:00:43,785][flwr][INFO] - CLIENT 4 FIT ROUND 9
[2024-01-20 23:01:05,048][flwr][INFO] - CLIENT 4 END FIT ROUND 9
[2024-01-20 23:01:15,484][root][INFO] - Loss: 1.437365974698748 | Accuracy: 0.5570228091236494
[2024-01-20 23:01:18,251][flwr][INFO] - CLIENT 4 FIT ROUND 10
[2024-01-20 23:01:39,603][flwr][INFO] - CLIENT 4 END FIT ROUND 10
[2024-01-20 23:01:50,733][root][INFO] - Loss: 1.508938125201634 | Accuracy: 0.5570228091236494
[2024-01-20 23:01:53,215][flwr][INFO] - CLIENT 4 FIT ROUND 11
[2024-01-20 23:02:14,613][flwr][INFO] - CLIENT 4 END FIT ROUND 11
[2024-01-20 23:02:24,708][root][INFO] - Loss: 1.5362233434404646 | Accuracy: 0.5522208883553421
[2024-01-20 23:02:28,049][flwr][INFO] - CLIENT 4 FIT ROUND 12
[2024-01-20 23:02:49,601][flwr][INFO] - CLIENT 4 END FIT ROUND 12
[2024-01-20 23:03:00,531][root][INFO] - Loss: 1.5476715394428797 | Accuracy: 0.5666266506602641
[2024-01-20 23:03:03,068][flwr][INFO] - CLIENT 4 FIT ROUND 13
[2024-01-20 23:03:24,331][flwr][INFO] - CLIENT 4 END FIT ROUND 13
[2024-01-20 23:03:35,470][root][INFO] - Loss: 1.604466540472848 | Accuracy: 0.5774309723889556
[2024-01-20 23:03:37,633][flwr][INFO] - CLIENT 4 FIT ROUND 14
[2024-01-20 23:03:59,076][flwr][INFO] - CLIENT 4 END FIT ROUND 14
[2024-01-20 23:04:10,564][root][INFO] - Loss: 1.6337699379239763 | Accuracy: 0.5882352941176471
[2024-01-20 23:04:13,071][flwr][INFO] - CLIENT 4 FIT ROUND 15
[2024-01-20 23:04:34,708][flwr][INFO] - CLIENT 4 END FIT ROUND 15
[2024-01-20 23:04:44,878][root][INFO] - Loss: 1.6704535314014979 | Accuracy: 0.5858343337334934
[2024-01-20 23:04:48,853][flwr][INFO] - CLIENT 4 FIT ROUND 16
[2024-01-20 23:05:10,228][flwr][INFO] - CLIENT 4 END FIT ROUND 16
[2024-01-20 23:05:20,528][root][INFO] - Loss: 1.7455040386744909 | Accuracy: 0.5786314525810324
[2024-01-20 23:05:24,141][flwr][INFO] - CLIENT 4 FIT ROUND 17
[2024-01-20 23:05:46,312][flwr][INFO] - CLIENT 4 END FIT ROUND 17
[2024-01-20 23:05:55,602][root][INFO] - Loss: 1.7991292817252023 | Accuracy: 0.5834333733493398
[2024-01-20 23:05:58,472][flwr][INFO] - CLIENT 4 FIT ROUND 18
[2024-01-20 23:06:19,762][flwr][INFO] - CLIENT 4 END FIT ROUND 18
[2024-01-20 23:06:30,759][root][INFO] - Loss: 1.8033311537333898 | Accuracy: 0.5858343337334934
[2024-01-20 23:06:34,184][flwr][INFO] - CLIENT 4 FIT ROUND 19
[2024-01-20 23:06:55,865][flwr][INFO] - CLIENT 4 END FIT ROUND 19
[2024-01-20 23:07:05,834][root][INFO] - Loss: 1.8939963238579887 | Accuracy: 0.5774309723889556
[2024-01-20 23:07:08,547][flwr][INFO] - CLIENT 4 FIT ROUND 20
[2024-01-20 23:07:29,915][flwr][INFO] - CLIENT 4 END FIT ROUND 20
[2024-01-20 23:07:40,933][root][INFO] - Loss: 1.8820133549826485 | Accuracy: 0.581032412965186
[2024-01-20 23:07:41,428][flwr][DEBUG] - gRPC channel closed
[2024-01-20 23:07:41,429][flwr][INFO] - Disconnect and shut down
